2025-04-01T00:21:12.592Z [LOG] Queue initialized successfully.
2025-04-01T00:21:12.625Z [LOG] Total URLs: 146
2025-04-01T00:21:13.045Z [LOG] Thread 2 now crawling https://weather.com/weather/today/l/27.6995,68.8673?unit=c
2025-04-01T00:21:13.085Z [LOG] Thread 1 now crawling https://weather.com/weather/today/l/24.8600,67.0100?unit=c
2025-04-01T00:21:13.107Z [LOG] Thread 3 now crawling https://weather.com/weather/today/l/28.2769,68.4514?unit=c
2025-04-01T00:21:13.111Z [LOG] Thread 8 now crawling https://weather.com/weather/today/l/33.9803,73.7747?unit=c
2025-04-01T00:21:13.126Z [LOG] Thread 9 now crawling https://weather.com/weather/today/l/24.7461,67.9243?unit=c
2025-04-01T00:21:13.153Z [LOG] Thread 5 now crawling https://weather.com/weather/today/l/30.4397,72.3544?unit=c
2025-04-01T00:21:13.151Z [LOG] Thread 4 now crawling https://weather.com/weather/today/l/30.7258,72.6447?unit=c
2025-04-01T00:21:13.165Z [LOG] Thread 7 now crawling https://weather.com/weather/today/l/27.5295,68.7592?unit=c
2025-04-01T00:21:13.184Z [LOG] Thread 10 now crawling https://weather.com/weather/today/l/25.8072,66.6219?unit=c
2025-04-01T00:21:13.239Z [LOG] Thread 6 now crawling https://weather.com/weather/today/l/30.5522,72.1278?unit=c
2025-04-01T00:21:18.438Z [INFO] Scraping completed
2025-04-01T00:21:18.592Z [LOG] Add/Update successful [object Object]
2025-04-01T00:21:18.592Z [LOG] Thread 7 processed https://weather.com/weather/today/l/27.5295,68.7592?unit=c
2025-04-01T00:21:18.593Z [LOG] Thread 7 now crawling https://weather.com/weather/today/l/30.3017,71.9321?unit=c
2025-04-01T00:21:18.617Z [INFO] Scraping completed
2025-04-01T00:21:18.761Z [LOG] Add/Update successful [object Object]
2025-04-01T00:21:18.763Z [LOG] Thread 1 processed https://weather.com/weather/today/l/24.8600,67.0100?unit=c
2025-04-01T00:21:18.764Z [LOG] Thread 1 now crawling https://weather.com/weather/today/l/31.5497,74.3436?unit=c
2025-04-01T00:21:18.821Z [INFO] Scraping completed
2025-04-01T00:21:18.982Z [LOG] Add/Update successful [object Object]
2025-04-01T00:21:18.982Z [LOG] Thread 4 processed https://weather.com/weather/today/l/30.7258,72.6447?unit=c
2025-04-01T00:21:18.983Z [LOG] Thread 4 now crawling https://weather.com/weather/today/l/30.4700,70.9644?unit=c
2025-04-01T00:21:19.287Z [INFO] Scraping completed
2025-04-01T00:21:19.541Z [INFO] Scraping completed
2025-04-01T00:21:19.551Z [LOG] Add/Update successful [object Object]
2025-04-01T00:21:19.552Z [LOG] Thread 10 processed https://weather.com/weather/today/l/25.8072,66.6219?unit=c
2025-04-01T00:21:19.552Z [LOG] Thread 10 now crawling https://weather.com/weather/today/l/27.7384,66.6434?unit=c
2025-04-01T00:21:19.751Z [INFO] Scraping completed
2025-04-01T00:21:19.767Z [INFO] Scraping completed
2025-04-01T00:21:19.772Z [LOG] Add/Update successful [object Object]
2025-04-01T00:21:19.774Z [LOG] Thread 9 processed https://weather.com/weather/today/l/24.7461,67.9243?unit=c
2025-04-01T00:21:19.774Z [LOG] Thread 9 now crawling https://weather.com/weather/today/l/28.5466,68.2231?unit=c
2025-04-01T00:21:19.822Z [INFO] Scraping completed
2025-04-01T00:21:19.979Z [INFO] Scraping completed
2025-04-01T00:21:19.993Z [INFO] Scraping completed
2025-04-01T00:21:19.995Z [LOG] Add/Update successful [object Object]
2025-04-01T00:21:19.995Z [LOG] Thread 3 processed https://weather.com/weather/today/l/28.2769,68.4514?unit=c
2025-04-01T00:21:19.998Z [LOG] Thread 3 now crawling https://weather.com/weather/today/l/28.3006,70.1302?unit=c
2025-04-01T00:21:20.054Z [LOG] Add/Update successful [object Object]
2025-04-01T00:21:20.054Z [LOG] Thread 5 processed https://weather.com/weather/today/l/30.4397,72.3544?unit=c
2025-04-01T00:21:20.055Z [LOG] Thread 5 now crawling https://weather.com/weather/today/l/25.4283,68.2822?unit=c
2025-04-01T00:21:20.091Z [LOG] Add/Update successful [object Object]
2025-04-01T00:21:20.102Z [LOG] Thread 6 processed https://weather.com/weather/today/l/30.5522,72.1278?unit=c
2025-04-01T00:21:20.102Z [LOG] Thread 6 now crawling https://weather.com/weather/today/l/33.8195,72.6890?unit=c
2025-04-01T00:21:20.321Z [LOG] Add/Update successful [object Object]
2025-04-01T00:21:20.336Z [LOG] Thread 2 processed https://weather.com/weather/today/l/27.6995,68.8673?unit=c
2025-04-01T00:21:20.337Z [LOG] Thread 2 now crawling https://weather.com/weather/today/l/27.5600,68.2264?unit=c
2025-04-01T00:21:20.324Z [LOG] Add/Update successful [object Object]
2025-04-01T00:21:20.339Z [LOG] Thread 8 processed https://weather.com/weather/today/l/33.9803,73.7747?unit=c
2025-04-01T00:21:20.339Z [LOG] Thread 8 now crawling https://weather.com/weather/today/l/34.5111,72.4844?unit=c
2025-04-01T00:21:22.944Z [INFO] Scraping completed
2025-04-01T00:21:23.064Z [LOG] Add/Update successful [object Object]
2025-04-01T00:21:23.064Z [LOG] Thread 7 processed https://weather.com/weather/today/l/30.3017,71.9321?unit=c
2025-04-01T00:21:23.064Z [LOG] Thread 7 now crawling https://weather.com/weather/today/l/32.9333,73.7333?unit=c
2025-04-01T00:21:23.696Z [INFO] Scraping completed
2025-04-01T00:21:23.811Z [LOG] Add/Update successful [object Object]
2025-04-01T00:21:23.813Z [LOG] Thread 1 processed https://weather.com/weather/today/l/31.5497,74.3436?unit=c
2025-04-01T00:21:23.813Z [LOG] Thread 1 now crawling https://weather.com/weather/today/l/32.5000,74.5333?unit=c
2025-04-01T00:21:23.873Z [INFO] Scraping completed
2025-04-01T00:21:23.907Z [INFO] Scraping completed
2025-04-01T00:21:24.010Z [LOG] Add/Update successful [object Object]
2025-04-01T00:21:24.010Z [LOG] Thread 5 processed https://weather.com/weather/today/l/25.4283,68.2822?unit=c
2025-04-01T00:21:24.010Z [LOG] Thread 5 now crawling https://weather.com/weather/today/l/31.0214,73.8528?unit=c
2025-04-01T00:21:24.024Z [LOG] Add/Update successful [object Object]
2025-04-01T00:21:24.025Z [LOG] Thread 10 processed https://weather.com/weather/today/l/27.7384,66.6434?unit=c
2025-04-01T00:21:24.025Z [LOG] Thread 10 now crawling https://weather.com/weather/today/l/35.4206,74.0967?unit=c
2025-04-01T00:21:24.136Z [INFO] Scraping completed
2025-04-01T00:21:24.281Z [LOG] Add/Update successful [object Object]
2025-04-01T00:21:24.282Z [LOG] Thread 4 processed https://weather.com/weather/today/l/30.4700,70.9644?unit=c
2025-04-01T00:21:24.282Z [LOG] Thread 4 now crawling https://weather.com/weather/today/l/34.0153,71.9747?unit=c
2025-04-01T00:21:24.311Z [INFO] Scraping completed
2025-04-01T00:21:24.493Z [LOG] Add/Update successful [object Object]
2025-04-01T00:21:24.495Z [LOG] Thread 3 processed https://weather.com/weather/today/l/28.3006,70.1302?unit=c
2025-04-01T00:21:24.495Z [LOG] Thread 3 now crawling https://weather.com/weather/today/l/33.5869,71.4414?unit=c
2025-04-01T00:21:25.132Z [INFO] Scraping completed
2025-04-01T00:21:25.185Z [INFO] Scraping completed
2025-04-01T00:21:25.287Z [LOG] Add/Update successful [object Object]
2025-04-01T00:21:25.288Z [LOG] Thread 2 processed https://weather.com/weather/today/l/27.5600,68.2264?unit=c
2025-04-01T00:21:25.288Z [LOG] Thread 2 now crawling https://weather.com/weather/today/l/31.7083,74.0000?unit=c
2025-04-01T00:21:25.296Z [LOG] Add/Update successful [object Object]
2025-04-01T00:21:25.296Z [LOG] Thread 6 processed https://weather.com/weather/today/l/33.8195,72.6890?unit=c
2025-04-01T00:21:25.296Z [LOG] Thread 6 now crawling https://weather.com/weather/today/l/32.2167,70.3833?unit=c
2025-04-01T00:21:25.343Z [INFO] Scraping completed
2025-04-01T00:21:25.364Z [INFO] Scraping completed
2025-04-01T00:21:25.478Z [LOG] Add/Update successful [object Object]
2025-04-01T00:21:25.479Z [LOG] Thread 8 processed https://weather.com/weather/today/l/34.5111,72.4844?unit=c
2025-04-01T00:21:25.479Z [LOG] Thread 8 now crawling https://weather.com/weather/today/l/29.9983,73.2527?unit=c
2025-04-01T00:21:25.521Z [LOG] Add/Update successful [object Object]
2025-04-01T00:21:25.522Z [LOG] Thread 9 processed https://weather.com/weather/today/l/28.5466,68.2231?unit=c
2025-04-01T00:21:25.522Z [LOG] Thread 9 now crawling https://weather.com/weather/today/l/29.8965,69.2532?unit=c
2025-04-01T00:21:27.283Z [INFO] Scraping completed
2025-04-01T00:21:27.328Z [LOG] Add/Update successful [object Object]
2025-04-01T00:21:27.329Z [LOG] Thread 7 processed https://weather.com/weather/today/l/32.9333,73.7333?unit=c
2025-04-01T00:21:27.329Z [LOG] Thread 7 now crawling https://weather.com/weather/today/l/33.9942,72.9333?unit=c
2025-04-01T00:21:28.127Z [INFO] Scraping completed
2025-04-01T00:21:28.295Z [LOG] Add/Update successful [object Object]
2025-04-01T00:21:28.296Z [LOG] Thread 1 processed https://weather.com/weather/today/l/32.5000,74.5333?unit=c
2025-04-01T00:21:28.296Z [LOG] Thread 1 now crawling https://weather.com/weather/today/l/31.4180,73.0790?unit=c
2025-04-01T00:21:28.638Z [INFO] Scraping completed
2025-04-01T00:21:28.767Z [LOG] Add/Update successful [object Object]
2025-04-01T00:21:28.771Z [LOG] Thread 5 processed https://weather.com/weather/today/l/31.0214,73.8528?unit=c
2025-04-01T00:21:28.771Z [LOG] Thread 5 now crawling https://weather.com/weather/today/l/29.6100,73.1361?unit=c
2025-04-01T00:21:28.990Z [INFO] Scraping completed
2025-04-01T00:21:28.994Z [INFO] Scraping completed
2025-04-01T00:21:29.126Z [LOG] Add/Update successful [object Object]
2025-04-01T00:21:29.126Z [LOG] Thread 4 processed https://weather.com/weather/today/l/34.0153,71.9747?unit=c
2025-04-01T00:21:29.127Z [LOG] Thread 4 now crawling https://weather.com/weather/today/l/34.1167,72.4667?unit=c
2025-04-01T00:21:29.129Z [LOG] Add/Update successful [object Object]
2025-04-01T00:21:29.129Z [LOG] Thread 3 processed https://weather.com/weather/today/l/33.5869,71.4414?unit=c
2025-04-01T00:21:29.129Z [LOG] Thread 3 now crawling https://weather.com/weather/today/l/31.8020,74.2550?unit=c
2025-04-01T00:21:29.206Z [INFO] Scraping completed
2025-04-01T00:21:29.363Z [LOG] Add/Update successful [object Object]
2025-04-01T00:21:29.365Z [LOG] Thread 10 processed https://weather.com/weather/today/l/35.4206,74.0967?unit=c
2025-04-01T00:21:29.365Z [LOG] Thread 10 now crawling https://weather.com/weather/today/l/29.0266,66.5936?unit=c
2025-04-01T00:21:30.028Z [INFO] Scraping completed
2025-04-01T00:21:30.135Z [LOG] Add/Update successful [object Object]
2025-04-01T00:21:30.136Z [LOG] Thread 2 processed https://weather.com/weather/today/l/31.7083,74.0000?unit=c
2025-04-01T00:21:30.136Z [LOG] Thread 2 now crawling https://weather.com/weather/today/l/31.2681,72.3181?unit=c
2025-04-01T00:21:30.287Z [INFO] Scraping completed
2025-04-01T00:21:30.382Z [LOG] Add/Update successful [object Object]
2025-04-01T00:21:30.383Z [LOG] Thread 8 processed https://weather.com/weather/today/l/29.9983,73.2527?unit=c
2025-04-01T00:21:30.383Z [LOG] Thread 8 now crawling https://weather.com/weather/today/l/30.9646,70.9444?unit=c
2025-04-01T00:21:30.385Z [INFO] Scraping completed
2025-04-01T00:21:30.423Z [INFO] Scraping completed
2025-04-01T00:21:30.489Z [LOG] Add/Update successful [object Object]
2025-04-01T00:21:30.489Z [LOG] Thread 9 processed https://weather.com/weather/today/l/29.8965,69.2532?unit=c
2025-04-01T00:21:30.489Z [LOG] Thread 9 now crawling https://weather.com/weather/today/l/29.7997,66.8455?unit=c
2025-04-01T00:21:30.564Z [LOG] Add/Update successful [object Object]
2025-04-01T00:21:30.564Z [LOG] Thread 6 processed https://weather.com/weather/today/l/32.2167,70.3833?unit=c
2025-04-01T00:21:30.566Z [LOG] Thread 6 now crawling https://weather.com/weather/today/l/33.5281,71.0572?unit=c
2025-04-01T00:21:31.448Z [INFO] Scraping completed
2025-04-01T00:21:31.507Z [LOG] Add/Update successful [object Object]
2025-04-01T00:21:31.507Z [LOG] Thread 7 processed https://weather.com/weather/today/l/33.9942,72.9333?unit=c
2025-04-01T00:21:31.507Z [LOG] Thread 7 now crawling https://weather.com/weather/today/l/27.9556,68.6382?unit=c
2025-04-01T00:21:32.410Z [INFO] Scraping completed
2025-04-01T00:21:32.537Z [LOG] Add/Update successful [object Object]
2025-04-01T00:21:32.537Z [LOG] Thread 1 processed https://weather.com/weather/today/l/31.4180,73.0790?unit=c
2025-04-01T00:21:32.537Z [LOG] Thread 1 now crawling https://weather.com/weather/today/l/33.6007,73.0679?unit=c
2025-04-01T00:21:32.874Z [INFO] Scraping completed
2025-04-01T00:21:33.008Z [LOG] Add/Update successful [object Object]
2025-04-01T00:21:33.008Z [LOG] Thread 5 processed https://weather.com/weather/today/l/29.6100,73.1361?unit=c
2025-04-01T00:21:33.008Z [LOG] Thread 5 now crawling https://weather.com/weather/today/l/30.9667,72.4833?unit=c
2025-04-01T00:21:33.332Z [INFO] Scraping completed
2025-04-01T00:21:33.478Z [INFO] Scraping completed
2025-04-01T00:21:33.498Z [LOG] Add/Update successful [object Object]
2025-04-01T00:21:33.498Z [LOG] Thread 3 processed https://weather.com/weather/today/l/31.8020,74.2550?unit=c
2025-04-01T00:21:33.498Z [LOG] Thread 3 now crawling https://weather.com/weather/today/l/30.0703,71.1933?unit=c
2025-04-01T00:21:33.591Z [LOG] Add/Update successful [object Object]
2025-04-01T00:21:33.591Z [LOG] Thread 4 processed https://weather.com/weather/today/l/34.1167,72.4667?unit=c
2025-04-01T00:21:33.591Z [LOG] Thread 4 now crawling https://weather.com/weather/today/l/31.8167,70.9167?unit=c
2025-04-01T00:21:33.866Z [INFO] Scraping completed
2025-04-01T00:21:33.983Z [LOG] Add/Update successful [object Object]
2025-04-01T00:21:33.984Z [LOG] Thread 10 processed https://weather.com/weather/today/l/29.0266,66.5936?unit=c
2025-04-01T00:21:33.984Z [LOG] Thread 10 now crawling https://weather.com/weather/today/l/26.9644,64.0903?unit=c
2025-04-01T00:21:34.007Z [INFO] Scraping completed
2025-04-01T00:21:34.106Z [LOG] Add/Update successful [object Object]
2025-04-01T00:21:34.109Z [LOG] Thread 2 processed https://weather.com/weather/today/l/31.2681,72.3181?unit=c
2025-04-01T00:21:34.110Z [LOG] Thread 2 now crawling https://weather.com/weather/today/l/28.4202,70.2952?unit=c
2025-04-01T00:21:34.435Z [INFO] Scraping completed
2025-04-01T00:21:34.506Z [LOG] Add/Update successful [object Object]
2025-04-01T00:21:34.507Z [LOG] Thread 8 processed https://weather.com/weather/today/l/30.9646,70.9444?unit=c
2025-04-01T00:21:34.507Z [LOG] Thread 8 now crawling https://weather.com/weather/today/l/25.1239,68.5389?unit=c
2025-04-01T00:21:34.545Z [INFO] Scraping completed
2025-04-01T00:21:34.610Z [LOG] Add/Update successful [object Object]
2025-04-01T00:21:34.610Z [LOG] Thread 6 processed https://weather.com/weather/today/l/33.5281,71.0572?unit=c
2025-04-01T00:21:34.610Z [LOG] Thread 6 now crawling https://weather.com/weather/today/l/34.0049,71.9989?unit=c
2025-04-01T00:21:34.778Z [INFO] Scraping completed
2025-04-01T00:21:34.895Z [LOG] Add/Update successful [object Object]
2025-04-01T00:21:34.895Z [LOG] Thread 9 processed https://weather.com/weather/today/l/29.7997,66.8455?unit=c
2025-04-01T00:21:34.895Z [LOG] Thread 9 now crawling https://weather.com/weather/today/l/35.2917,73.2906?unit=c
2025-04-01T00:21:36.087Z [INFO] Scraping completed
2025-04-01T00:21:36.215Z [LOG] Add/Update successful [object Object]
2025-04-01T00:21:36.215Z [LOG] Thread 7 processed https://weather.com/weather/today/l/27.9556,68.6382?unit=c
2025-04-01T00:21:36.216Z [LOG] Thread 7 now crawling https://weather.com/weather/today/l/33.8578,73.7604?unit=c
2025-04-01T00:21:37.044Z [INFO] Scraping completed
2025-04-01T00:21:37.107Z [LOG] Add/Update successful [object Object]
2025-04-01T00:21:37.109Z [LOG] Thread 4 processed https://weather.com/weather/today/l/31.8167,70.9167?unit=c
2025-04-01T00:21:37.109Z [LOG] Thread 4 now crawling https://weather.com/weather/today/l/30.9210,66.4597?unit=c
2025-04-01T00:21:37.123Z [INFO] Scraping completed
2025-04-01T00:21:37.204Z [INFO] Scraping completed
2025-04-01T00:21:37.210Z [LOG] Add/Update successful [object Object]
2025-04-01T00:21:37.211Z [LOG] Thread 1 processed https://weather.com/weather/today/l/33.6007,73.0679?unit=c
2025-04-01T00:21:37.211Z [LOG] Thread 1 now crawling https://weather.com/weather/today/l/34.0000,71.5000?unit=c
2025-04-01T00:21:37.284Z [LOG] Add/Update successful [object Object]
2025-04-01T00:21:37.284Z [LOG] Thread 5 processed https://weather.com/weather/today/l/30.9667,72.4833?unit=c
2025-04-01T00:21:37.285Z [LOG] Thread 5 now crawling https://weather.com/weather/today/l/32.2628,75.1583?unit=c
2025-04-01T00:21:37.659Z [INFO] Scraping completed
2025-04-01T00:21:37.855Z [LOG] Add/Update successful [object Object]
2025-04-01T00:21:37.856Z [LOG] Thread 3 processed https://weather.com/weather/today/l/30.0703,71.1933?unit=c
2025-04-01T00:21:37.856Z [LOG] Thread 3 now crawling https://weather.com/weather/today/l/28.6471,70.6620?unit=c
2025-04-01T00:21:38.005Z [INFO] Scraping completed
2025-04-01T00:21:38.129Z [INFO] Scraping completed
2025-04-01T00:21:38.165Z [LOG] Add/Update successful [object Object]
2025-04-01T00:21:38.165Z [LOG] Thread 10 processed https://weather.com/weather/today/l/26.9644,64.0903?unit=c
2025-04-01T00:21:38.166Z [LOG] Thread 10 now crawling https://weather.com/weather/today/l/36.1736,73.7667?unit=c
2025-04-01T00:21:38.242Z [LOG] Add/Update successful [object Object]
2025-04-01T00:21:38.243Z [LOG] Thread 6 processed https://weather.com/weather/today/l/34.0049,71.9989?unit=c
2025-04-01T00:21:38.243Z [LOG] Thread 6 now crawling https://weather.com/weather/today/l/33.1167,71.0833?unit=c
2025-04-01T00:21:38.400Z [INFO] Scraping completed
2025-04-01T00:21:38.516Z [LOG] Add/Update successful [object Object]
2025-04-01T00:21:38.518Z [LOG] Thread 2 processed https://weather.com/weather/today/l/28.4202,70.2952?unit=c
2025-04-01T00:21:38.518Z [LOG] Thread 2 now crawling https://weather.com/weather/today/l/32.5736,74.0789?unit=c
2025-04-01T00:21:38.653Z [INFO] Scraping completed
2025-04-01T00:21:38.754Z [LOG] Add/Update successful [object Object]
2025-04-01T00:21:38.754Z [LOG] Thread 8 processed https://weather.com/weather/today/l/25.1239,68.5389?unit=c
2025-04-01T00:21:38.755Z [LOG] Thread 8 now crawling https://weather.com/weather/today/l/32.9300,72.8500?unit=c
2025-04-01T00:21:38.842Z [INFO] Scraping completed
2025-04-01T00:21:38.946Z [LOG] Add/Update successful [object Object]
2025-04-01T00:21:38.946Z [LOG] Thread 9 processed https://weather.com/weather/today/l/35.2917,73.2906?unit=c
2025-04-01T00:21:38.946Z [LOG] Thread 9 now crawling https://weather.com/weather/today/l/34.5717,73.8972?unit=c
2025-04-01T00:21:40.075Z [INFO] Scraping completed
2025-04-01T00:21:40.171Z [LOG] Add/Update successful [object Object]
2025-04-01T00:21:40.172Z [LOG] Thread 7 processed https://weather.com/weather/today/l/33.8578,73.7604?unit=c
2025-04-01T00:21:40.172Z [LOG] Thread 7 now crawling https://weather.com/weather/today/l/32.0709,73.6880?unit=c
2025-04-01T00:21:41.074Z [INFO] Scraping completed
2025-04-01T00:21:41.213Z [LOG] Add/Update successful [object Object]
2025-04-01T00:21:41.213Z [LOG] Thread 1 processed https://weather.com/weather/today/l/34.0000,71.5000?unit=c
2025-04-01T00:21:41.213Z [LOG] Thread 1 now crawling https://weather.com/weather/today/l/34.7500,72.3572?unit=c
2025-04-01T00:21:41.253Z [INFO] Scraping completed
2025-04-01T00:21:41.394Z [LOG] Add/Update successful [object Object]
2025-04-01T00:21:41.394Z [LOG] Thread 4 processed https://weather.com/weather/today/l/30.9210,66.4597?unit=c
2025-04-01T00:21:41.394Z [LOG] Thread 4 now crawling https://weather.com/weather/today/l/34.1453,71.7308?unit=c
2025-04-01T00:21:41.608Z [INFO] Scraping completed
2025-04-01T00:21:41.752Z [INFO] Scraping completed
2025-04-01T00:21:41.776Z [LOG] Add/Update successful [object Object]
2025-04-01T00:21:41.776Z [LOG] Thread 5 processed https://weather.com/weather/today/l/32.2628,75.1583?unit=c
2025-04-01T00:21:41.777Z [LOG] Thread 5 now crawling https://weather.com/weather/today/l/30.7333,73.8167?unit=c
2025-04-01T00:21:41.893Z [LOG] Add/Update successful [object Object]
2025-04-01T00:21:41.893Z [LOG] Thread 3 processed https://weather.com/weather/today/l/28.6471,70.6620?unit=c
2025-04-01T00:21:41.893Z [LOG] Thread 3 now crawling https://weather.com/weather/today/l/31.1500,72.6833?unit=c
2025-04-01T00:21:42.112Z [INFO] Scraping completed
2025-04-01T00:21:42.261Z [LOG] Add/Update successful [object Object]
2025-04-01T00:21:42.261Z [LOG] Thread 6 processed https://weather.com/weather/today/l/33.1167,71.0833?unit=c
2025-04-01T00:21:42.261Z [LOG] Thread 6 now crawling https://weather.com/weather/today/l/32.4522,71.4718?unit=c
2025-04-01T00:21:42.422Z [INFO] Scraping completed
2025-04-01T00:21:42.493Z [INFO] Scraping completed
2025-04-01T00:21:42.554Z [LOG] Add/Update successful [object Object]
2025-04-01T00:21:42.554Z [LOG] Thread 10 processed https://weather.com/weather/today/l/36.1736,73.7667?unit=c
2025-04-01T00:21:42.555Z [LOG] Thread 10 now crawling https://weather.com/weather/today/l/30.7008,68.3598?unit=c
2025-04-01T00:21:42.609Z [LOG] Add/Update successful [object Object]
2025-04-01T00:21:42.609Z [LOG] Thread 8 processed https://weather.com/weather/today/l/32.9300,72.8500?unit=c
2025-04-01T00:21:42.610Z [LOG] Thread 8 now crawling https://weather.com/weather/today/l/32.2952,72.3502?unit=c
2025-04-01T00:21:42.863Z [INFO] Scraping completed
2025-04-01T00:21:42.929Z [INFO] Scraping completed
2025-04-01T00:21:42.979Z [LOG] Add/Update successful [object Object]
2025-04-01T00:21:42.980Z [LOG] Thread 9 processed https://weather.com/weather/today/l/34.5717,73.8972?unit=c
2025-04-01T00:21:42.981Z [LOG] Thread 9 now crawling https://weather.com/weather/today/l/30.3705,68.5979?unit=c
2025-04-01T00:21:43.056Z [LOG] Add/Update successful [object Object]
2025-04-01T00:21:43.056Z [LOG] Thread 2 processed https://weather.com/weather/today/l/32.5736,74.0789?unit=c
2025-04-01T00:21:43.056Z [LOG] Thread 2 now crawling https://weather.com/weather/today/l/31.1167,74.4500?unit=c
2025-04-01T00:21:43.869Z [INFO] Scraping completed
2025-04-01T00:21:44.003Z [LOG] Add/Update successful [object Object]
2025-04-01T00:21:44.004Z [LOG] Thread 7 processed https://weather.com/weather/today/l/32.0709,73.6880?unit=c
2025-04-01T00:21:44.004Z [LOG] Thread 7 now crawling https://weather.com/weather/today/l/29.5339,71.6324?unit=c
2025-04-01T00:21:45.247Z [INFO] Scraping completed
2025-04-01T00:21:45.312Z [LOG] Add/Update successful [object Object]
2025-04-01T00:21:45.313Z [LOG] Thread 4 processed https://weather.com/weather/today/l/34.1453,71.7308?unit=c
2025-04-01T00:21:45.313Z [LOG] Thread 4 now crawling https://weather.com/weather/today/l/28.4000,69.3000?unit=c
2025-04-01T00:21:45.349Z [INFO] Scraping completed
2025-04-01T00:21:45.396Z [LOG] Add/Update successful [object Object]
2025-04-01T00:21:45.397Z [LOG] Thread 1 processed https://weather.com/weather/today/l/34.7500,72.3572?unit=c
2025-04-01T00:21:45.397Z [LOG] Thread 1 now crawling https://weather.com/weather/today/l/30.1978,71.4711?unit=c
2025-04-01T00:21:45.567Z [INFO] Scraping completed
2025-04-01T00:21:45.676Z [LOG] Add/Update successful [object Object]
2025-04-01T00:21:45.678Z [LOG] Thread 3 processed https://weather.com/weather/today/l/31.1500,72.6833?unit=c
2025-04-01T00:21:45.678Z [LOG] Thread 3 now crawling https://weather.com/weather/today/l/32.5861,73.4917?unit=c
2025-04-01T00:21:45.851Z [INFO] Scraping completed
2025-04-01T00:21:45.961Z [INFO] Scraping completed
2025-04-01T00:21:45.985Z [LOG] Add/Update successful [object Object]
2025-04-01T00:21:45.985Z [LOG] Thread 6 processed https://weather.com/weather/today/l/32.4522,71.4718?unit=c
2025-04-01T00:21:45.985Z [LOG] Thread 6 now crawling https://weather.com/weather/today/l/25.3614,69.7361?unit=c
2025-04-01T00:21:46.048Z [LOG] Add/Update successful [object Object]
2025-04-01T00:21:46.049Z [LOG] Thread 5 processed https://weather.com/weather/today/l/30.7333,73.8167?unit=c
2025-04-01T00:21:46.049Z [LOG] Thread 5 now crawling https://weather.com/weather/today/l/30.4068,71.8667?unit=c
2025-04-01T00:21:46.334Z [INFO] Scraping completed
2025-04-01T00:21:46.493Z [LOG] Add/Update successful [object Object]
2025-04-01T00:21:46.494Z [LOG] Thread 9 processed https://weather.com/weather/today/l/30.3705,68.5979?unit=c
2025-04-01T00:21:46.494Z [LOG] Thread 9 now crawling https://weather.com/weather/today/l/29.8977,69.5256?unit=c
2025-04-01T00:21:46.738Z [INFO] Scraping completed
2025-04-01T00:21:46.800Z [INFO] Scraping completed
2025-04-01T00:21:46.873Z [LOG] Add/Update successful [object Object]
2025-04-01T00:21:46.873Z [LOG] Thread 10 processed https://weather.com/weather/today/l/30.7008,68.3598?unit=c
2025-04-01T00:21:46.875Z [LOG] Thread 10 now crawling https://weather.com/weather/today/l/28.5846,65.4150?unit=c
2025-04-01T00:21:46.970Z [LOG] Add/Update successful [object Object]
2025-04-01T00:21:46.971Z [LOG] Thread 2 processed https://weather.com/weather/today/l/31.1167,74.4500?unit=c
2025-04-01T00:21:46.976Z [LOG] Thread 2 now crawling https://weather.com/weather/today/l/34.1958,72.0447?unit=c
2025-04-01T00:21:47.168Z [INFO] Scraping completed
2025-04-01T00:21:47.322Z [LOG] Add/Update successful [object Object]
2025-04-01T00:21:47.322Z [LOG] Thread 8 processed https://weather.com/weather/today/l/32.2952,72.3502?unit=c
2025-04-01T00:21:47.323Z [LOG] Thread 8 now crawling https://weather.com/weather/today/l/24.6558,68.8383?unit=c
2025-04-01T00:21:48.239Z [INFO] Scraping completed
2025-04-01T00:21:48.375Z [LOG] Add/Update successful [object Object]
2025-04-01T00:21:48.375Z [LOG] Thread 7 processed https://weather.com/weather/today/l/29.5339,71.6324?unit=c
2025-04-01T00:21:48.376Z [LOG] Thread 7 now crawling https://weather.com/weather/today/l/34.5656,71.9304?unit=c
2025-04-01T00:21:48.930Z [INFO] Scraping completed
2025-04-01T00:21:49.042Z [LOG] Add/Update successful [object Object]
2025-04-01T00:21:49.044Z [LOG] Thread 4 processed https://weather.com/weather/today/l/28.4000,69.3000?unit=c
2025-04-01T00:21:49.044Z [LOG] Thread 4 now crawling https://weather.com/weather/today/l/29.6967,72.5542?unit=c
2025-04-01T00:21:49.246Z [INFO] Scraping completed
2025-04-01T00:21:49.376Z [LOG] Add/Update successful [object Object]
2025-04-01T00:21:49.376Z [LOG] Thread 1 processed https://weather.com/weather/today/l/30.1978,71.4711?unit=c
2025-04-01T00:21:49.377Z [LOG] Thread 1 now crawling https://weather.com/weather/today/l/32.1500,74.1833?unit=c
2025-04-01T00:21:49.754Z [INFO] Scraping completed
2025-04-01T00:21:49.828Z [LOG] Add/Update successful [object Object]
2025-04-01T00:21:49.828Z [LOG] Thread 3 processed https://weather.com/weather/today/l/32.5861,73.4917?unit=c
2025-04-01T00:21:49.829Z [LOG] Thread 3 now crawling https://weather.com/weather/today/l/34.1500,73.2167?unit=c
2025-04-01T00:21:49.949Z [INFO] Scraping completed
2025-04-01T00:21:50.042Z [INFO] Scraping completed
2025-04-01T00:21:50.062Z [INFO] Scraping completed
2025-04-01T00:21:50.082Z [LOG] Add/Update successful [object Object]
2025-04-01T00:21:50.082Z [LOG] Thread 6 processed https://weather.com/weather/today/l/25.3614,69.7361?unit=c
2025-04-01T00:21:50.083Z [LOG] Thread 6 now crawling https://weather.com/weather/today/l/35.8511,71.7889?unit=c
2025-04-01T00:21:50.167Z [LOG] Add/Update successful [object Object]
2025-04-01T00:21:50.168Z [LOG] Thread 9 processed https://weather.com/weather/today/l/29.8977,69.5256?unit=c
2025-04-01T00:21:50.168Z [LOG] Thread 9 now crawling https://weather.com/weather/today/l/30.8594,69.8221?unit=c
2025-04-01T00:21:50.220Z [LOG] Add/Update successful [object Object]
2025-04-01T00:21:50.220Z [LOG] Thread 5 processed https://weather.com/weather/today/l/30.4068,71.8667?unit=c
2025-04-01T00:21:50.221Z [LOG] Thread 5 now crawling https://weather.com/weather/today/l/34.3333,73.2000?unit=c
2025-04-01T00:21:50.903Z [INFO] Scraping completed
2025-04-01T00:21:50.976Z [INFO] Scraping completed
2025-04-01T00:21:50.985Z [LOG] Add/Update successful [object Object]
2025-04-01T00:21:50.985Z [LOG] Thread 10 processed https://weather.com/weather/today/l/28.5846,65.4150?unit=c
2025-04-01T00:21:50.985Z [LOG] Thread 10 now crawling https://weather.com/weather/today/l/36.3078,74.6178?unit=c
2025-04-01T00:21:51.079Z [LOG] Add/Update successful [object Object]
2025-04-01T00:21:51.079Z [LOG] Thread 2 processed https://weather.com/weather/today/l/34.1958,72.0447?unit=c
2025-04-01T00:21:51.079Z [LOG] Thread 2 now crawling https://weather.com/weather/today/l/34.7717,72.3600?unit=c
2025-04-01T00:21:51.324Z [INFO] Scraping completed
2025-04-01T00:21:51.487Z [LOG] Add/Update successful [object Object]
2025-04-01T00:21:51.487Z [LOG] Thread 8 processed https://weather.com/weather/today/l/24.6558,68.8383?unit=c
2025-04-01T00:21:51.487Z [LOG] Thread 8 now crawling https://weather.com/weather/today/l/32.6072,70.9123?unit=c
2025-04-01T00:21:52.063Z [INFO] Scraping completed
2025-04-01T00:21:52.114Z [LOG] Add/Update successful [object Object]
2025-04-01T00:21:52.114Z [LOG] Thread 7 processed https://weather.com/weather/today/l/34.5656,71.9304?unit=c
2025-04-01T00:21:52.114Z [LOG] Thread 7 now crawling https://weather.com/weather/today/l/33.7667,72.3598?unit=c
2025-04-01T00:21:52.720Z [INFO] Scraping completed
2025-04-01T00:21:52.858Z [LOG] Add/Update successful [object Object]
2025-04-01T00:21:52.858Z [LOG] Thread 1 processed https://weather.com/weather/today/l/32.1500,74.1833?unit=c
2025-04-01T00:21:52.858Z [LOG] Thread 1 now crawling https://weather.com/weather/today/l/33.6989,73.0369?unit=c
2025-04-01T00:21:53.282Z [INFO] Scraping completed
2025-04-01T00:21:53.464Z [LOG] Add/Update successful [object Object]
2025-04-01T00:21:53.465Z [LOG] Thread 4 processed https://weather.com/weather/today/l/29.6967,72.5542?unit=c
2025-04-01T00:21:53.465Z [LOG] Thread 4 now crawling https://weather.com/weather/today/l/34.3700,73.4711?unit=c
2025-04-01T00:21:53.724Z [INFO] Scraping completed
2025-04-01T00:21:53.850Z [LOG] Add/Update successful [object Object]
2025-04-01T00:21:53.850Z [LOG] Thread 3 processed https://weather.com/weather/today/l/34.1500,73.2167?unit=c
2025-04-01T00:21:53.850Z [LOG] Thread 3 now crawling https://weather.com/weather/today/l/26.7319,67.7750?unit=c
2025-04-01T00:21:53.931Z [INFO] Scraping completed
2025-04-01T00:21:54.011Z [INFO] Scraping completed
2025-04-01T00:21:54.065Z [LOG] Add/Update successful [object Object]
2025-04-01T00:21:54.066Z [LOG] Thread 6 processed https://weather.com/weather/today/l/35.8511,71.7889?unit=c
2025-04-01T00:21:54.066Z [LOG] Thread 6 now crawling https://weather.com/weather/today/l/35.9206,74.3783?unit=c
2025-04-01T00:21:54.125Z [LOG] Add/Update successful [object Object]
2025-04-01T00:21:54.126Z [LOG] Thread 5 processed https://weather.com/weather/today/l/34.3333,73.2000?unit=c
2025-04-01T00:21:54.126Z [LOG] Thread 5 now crawling https://weather.com/weather/today/l/32.7012,73.9605?unit=c
2025-04-01T00:21:54.595Z [INFO] Scraping completed
2025-04-01T00:21:54.669Z [LOG] Add/Update successful [object Object]
2025-04-01T00:21:54.670Z [LOG] Thread 10 processed https://weather.com/weather/today/l/36.3078,74.6178?unit=c
2025-04-01T00:21:54.670Z [LOG] Thread 10 now crawling https://weather.com/weather/today/l/26.4568,65.2314?unit=c
2025-04-01T00:21:55.013Z [INFO] Scraping completed
2025-04-01T00:21:55.109Z [LOG] Add/Update successful [object Object]
2025-04-01T00:21:55.109Z [LOG] Thread 9 processed https://weather.com/weather/today/l/30.8594,69.8221?unit=c
2025-04-01T00:21:55.109Z [LOG] Thread 9 now crawling https://weather.com/weather/today/l/30.3814,67.7258?unit=c
2025-04-01T00:21:55.168Z [INFO] Scraping completed
2025-04-01T00:21:55.175Z [INFO] Scraping completed
2025-04-01T00:21:55.284Z [LOG] Add/Update successful [object Object]
2025-04-01T00:21:55.287Z [LOG] Thread 8 processed https://weather.com/weather/today/l/32.6072,70.9123?unit=c
2025-04-01T00:21:55.287Z [LOG] Thread 8 now crawling https://weather.com/weather/today/l/29.1041,70.3297?unit=c
2025-04-01T00:21:55.292Z [LOG] Add/Update successful [object Object]
2025-04-01T00:21:55.307Z [LOG] Thread 2 processed https://weather.com/weather/today/l/34.7717,72.3600?unit=c
2025-04-01T00:21:55.308Z [LOG] Thread 2 now crawling https://weather.com/weather/today/l/30.0500,70.6333?unit=c
2025-04-01T00:21:55.778Z [INFO] Scraping completed
2025-04-01T00:21:55.901Z [LOG] Add/Update successful [object Object]
2025-04-01T00:21:55.901Z [LOG] Thread 7 processed https://weather.com/weather/today/l/33.7667,72.3598?unit=c
2025-04-01T00:21:55.902Z [LOG] Thread 7 now crawling https://weather.com/weather/today/l/34.6796,73.0263?unit=c
2025-04-01T00:21:56.170Z [INFO] Scraping completed
2025-04-01T00:21:56.207Z [LOG] Add/Update successful [object Object]
2025-04-01T00:21:56.208Z [LOG] Thread 1 processed https://weather.com/weather/today/l/33.6989,73.0369?unit=c
2025-04-01T00:21:56.208Z [LOG] Thread 1 now crawling https://weather.com/weather/today/l/30.1920,67.0070?unit=c
2025-04-01T00:21:56.847Z [INFO] Scraping completed
2025-04-01T00:21:56.888Z [LOG] Add/Update successful [object Object]
2025-04-01T00:21:56.889Z [LOG] Thread 4 processed https://weather.com/weather/today/l/34.3700,73.4711?unit=c
2025-04-01T00:21:56.889Z [LOG] Thread 4 now crawling https://weather.com/weather/today/l/32.5853,71.5436?unit=c
2025-04-01T00:21:57.781Z [INFO] Scraping completed
2025-04-01T00:21:57.891Z [LOG] Add/Update successful [object Object]
2025-04-01T00:21:57.891Z [LOG] Thread 3 processed https://weather.com/weather/today/l/26.7319,67.7750?unit=c
2025-04-01T00:21:57.892Z [LOG] Thread 3 now crawling https://weather.com/weather/today/l/27.8000,66.6167?unit=c
2025-04-01T00:21:58.051Z [INFO] Scraping completed
2025-04-01T00:21:58.195Z [LOG] Add/Update successful [object Object]
2025-04-01T00:21:58.195Z [LOG] Thread 6 processed https://weather.com/weather/today/l/35.9206,74.3783?unit=c
2025-04-01T00:21:58.196Z [LOG] Thread 6 now crawling https://weather.com/weather/today/l/31.9286,70.4592?unit=c
2025-04-01T00:21:58.853Z [INFO] Scraping completed
2025-04-01T00:21:58.919Z [LOG] Add/Update successful [object Object]
2025-04-01T00:21:58.920Z [LOG] Thread 10 processed https://weather.com/weather/today/l/26.4568,65.2314?unit=c
2025-04-01T00:21:58.920Z [LOG] Thread 10 now crawling https://weather.com/weather/today/l/28.8885,64.4062?unit=c
2025-04-01T00:21:59.322Z [INFO] Scraping completed
2025-04-01T00:21:59.416Z [INFO] Scraping completed
2025-04-01T00:21:59.424Z [LOG] Add/Update successful [object Object]
2025-04-01T00:21:59.424Z [LOG] Thread 8 processed https://weather.com/weather/today/l/29.1041,70.3297?unit=c
2025-04-01T00:21:59.424Z [LOG] Thread 8 now crawling https://weather.com/weather/today/l/28.4167,68.1667?unit=c
2025-04-01T00:21:59.467Z [INFO] Scraping completed
2025-04-01T00:21:59.525Z [LOG] Add/Update successful [object Object]
2025-04-01T00:21:59.526Z [LOG] Thread 2 processed https://weather.com/weather/today/l/30.0500,70.6333?unit=c
2025-04-01T00:21:59.526Z [LOG] Thread 2 now crawling https://weather.com/weather/today/l/26.2442,68.4100?unit=c
2025-04-01T00:21:59.579Z [LOG] Add/Update successful [object Object]
2025-04-01T00:21:59.579Z [LOG] Thread 5 processed https://weather.com/weather/today/l/32.7012,73.9605?unit=c
2025-04-01T00:21:59.579Z [LOG] Thread 5 now crawling https://weather.com/weather/today/l/31.4492,73.7124?unit=c
2025-04-01T00:21:59.922Z [INFO] Scraping completed
2025-04-01T00:22:00.113Z [LOG] Add/Update successful [object Object]
2025-04-01T00:22:00.117Z [LOG] Thread 1 processed https://weather.com/weather/today/l/30.1920,67.0070?unit=c
2025-04-01T00:22:00.117Z [LOG] Thread 1 now crawling https://weather.com/weather/today/l/29.3956,71.6722?unit=c
2025-04-01T00:22:00.245Z [INFO] Scraping completed
2025-04-01T00:22:00.295Z [INFO] Scraping completed
2025-04-01T00:22:00.347Z [LOG] Add/Update successful [object Object]
2025-04-01T00:22:00.347Z [LOG] Thread 9 processed https://weather.com/weather/today/l/30.3814,67.7258?unit=c
2025-04-01T00:22:00.349Z [LOG] Thread 9 now crawling https://weather.com/weather/today/l/28.6132,67.4856?unit=c
2025-04-01T00:22:00.394Z [LOG] Add/Update successful [object Object]
2025-04-01T00:22:00.395Z [LOG] Thread 7 processed https://weather.com/weather/today/l/34.6796,73.0263?unit=c
2025-04-01T00:22:00.395Z [LOG] Thread 7 now crawling https://weather.com/weather/today/l/25.5971,68.4467?unit=c
2025-04-01T00:22:00.602Z [INFO] Scraping completed
2025-04-01T00:22:00.675Z [LOG] Add/Update successful [object Object]
2025-04-01T00:22:00.676Z [LOG] Thread 4 processed https://weather.com/weather/today/l/32.5853,71.5436?unit=c
2025-04-01T00:22:00.676Z [LOG] Thread 4 now crawling https://weather.com/weather/today/l/32.7667,74.2167?unit=c
2025-04-01T00:22:01.884Z [INFO] Scraping completed
2025-04-01T00:22:02.059Z [LOG] Add/Update successful [object Object]
2025-04-01T00:22:02.059Z [LOG] Thread 3 processed https://weather.com/weather/today/l/27.8000,66.6167?unit=c
2025-04-01T00:22:02.060Z [LOG] Thread 3 now crawling https://weather.com/weather/today/l/30.3500,73.4000?unit=c
2025-04-01T00:22:02.849Z [INFO] Scraping completed
2025-04-01T00:22:02.892Z [LOG] Add/Update successful [object Object]
2025-04-01T00:22:02.893Z [LOG] Thread 2 processed https://weather.com/weather/today/l/26.2442,68.4100?unit=c
2025-04-01T00:22:02.893Z [LOG] Thread 2 now crawling https://weather.com/weather/today/l/30.6706,73.1064?unit=c
2025-04-01T00:22:03.229Z [INFO] Scraping completed
2025-04-01T00:22:03.276Z [INFO] Scraping completed
2025-04-01T00:22:03.279Z [LOG] Add/Update successful [object Object]
2025-04-01T00:22:03.279Z [LOG] Thread 8 processed https://weather.com/weather/today/l/28.4167,68.1667?unit=c
2025-04-01T00:22:03.279Z [LOG] Thread 8 now crawling https://weather.com/weather/today/l/27.8473,67.9068?unit=c
2025-04-01T00:22:03.312Z [INFO] Scraping completed
2025-04-01T00:22:03.341Z [LOG] Add/Update successful [object Object]
2025-04-01T00:22:03.341Z [LOG] Thread 10 processed https://weather.com/weather/today/l/28.8885,64.4062?unit=c
2025-04-01T00:22:03.342Z [LOG] Remaining URLs: 135
2025-04-01T00:22:03.377Z [LOG] Add/Update successful [object Object]
2025-04-01T00:22:03.378Z [LOG] Thread 5 processed https://weather.com/weather/today/l/31.4492,73.7124?unit=c
2025-04-01T00:22:03.378Z [LOG] Thread 5 now crawling https://weather.com/weather/today/l/32.9889,70.6056?unit=c
2025-04-01T00:22:03.797Z [INFO] Scraping completed
2025-04-01T00:22:03.822Z [INFO] Scraping completed
2025-04-01T00:22:03.901Z [LOG] Add/Update successful [object Object]
2025-04-01T00:22:03.902Z [LOG] Thread 6 processed https://weather.com/weather/today/l/31.9286,70.4592?unit=c
2025-04-01T00:22:03.902Z [LOG] Thread 6 now crawling https://weather.com/weather/today/l/33.5156,73.9019?unit=c
2025-04-01T00:22:03.945Z [LOG] Add/Update successful [object Object]
2025-04-01T00:22:03.946Z [LOG] Thread 1 processed https://weather.com/weather/today/l/29.3956,71.6722?unit=c
2025-04-01T00:22:03.946Z [LOG] Thread 1 now crawling https://weather.com/weather/today/l/32.0836,72.6711?unit=c
2025-04-01T00:22:04.051Z [INFO] Scraping completed
2025-04-01T00:22:04.152Z [INFO] Scraping completed
2025-04-01T00:22:04.192Z [LOG] Add/Update successful [object Object]
2025-04-01T00:22:04.192Z [LOG] Thread 9 processed https://weather.com/weather/today/l/28.6132,67.4856?unit=c
2025-04-01T00:22:04.192Z [LOG] Thread 9 now crawling https://weather.com/weather/today/l/29.5430,67.8773?unit=c
2025-04-01T00:22:04.320Z [LOG] Add/Update successful [object Object]
2025-04-01T00:22:04.326Z [LOG] Thread 4 processed https://weather.com/weather/today/l/32.7667,74.2167?unit=c
2025-04-01T00:22:04.326Z [LOG] Thread 4 now crawling https://weather.com/weather/today/l/31.6333,71.0667?unit=c
2025-04-01T00:22:04.855Z [INFO] Scraping completed
2025-04-01T00:22:04.969Z [LOG] Add/Update successful [object Object]
2025-04-01T00:22:04.970Z [LOG] Thread 7 processed https://weather.com/weather/today/l/25.5971,68.4467?unit=c
2025-04-01T00:22:04.970Z [LOG] Thread 7 now crawling https://weather.com/weather/today/l/28.0064,69.3150?unit=c
2025-04-01T00:22:05.754Z [INFO] Scraping completed
2025-04-01T00:22:05.794Z [LOG] Add/Update successful [object Object]
2025-04-01T00:22:05.795Z [LOG] Thread 3 processed https://weather.com/weather/today/l/30.3500,73.4000?unit=c
2025-04-01T00:22:05.795Z [LOG] Thread 3 now crawling https://weather.com/weather/today/l/25.4667,68.7167?unit=c
2025-04-01T00:22:06.151Z [INFO] Scraping completed
2025-04-01T00:22:06.234Z [LOG] Add/Update successful [object Object]
2025-04-01T00:22:06.234Z [LOG] Thread 2 processed https://weather.com/weather/today/l/30.6706,73.1064?unit=c
2025-04-01T00:22:06.234Z [LOG] Thread 2 now crawling https://weather.com/weather/today/l/25.5269,69.0111?unit=c
2025-04-01T00:22:06.562Z [INFO] Scraping completed
2025-04-01T00:22:06.640Z [LOG] Add/Update successful [object Object]
2025-04-01T00:22:06.642Z [LOG] Thread 8 processed https://weather.com/weather/today/l/27.8473,67.9068?unit=c
2025-04-01T00:22:06.642Z [LOG] Thread 8 now crawling https://weather.com/weather/today/l/30.5833,67.0000?unit=c
2025-04-01T00:22:06.827Z [INFO] Scraping completed
2025-04-01T00:22:06.954Z [LOG] Add/Update successful [object Object]
2025-04-01T00:22:06.957Z [LOG] Thread 5 processed https://weather.com/weather/today/l/32.9889,70.6056?unit=c
2025-04-01T00:22:06.957Z [LOG] Thread 5 now crawling https://weather.com/weather/today/l/34.8281,71.8408?unit=c
2025-04-01T00:22:07.134Z [INFO] Scraping completed
2025-04-01T00:22:07.226Z [LOG] Add/Update successful [object Object]
2025-04-01T00:22:07.226Z [LOG] Thread 1 processed https://weather.com/weather/today/l/32.0836,72.6711?unit=c
2025-04-01T00:22:07.226Z [LOG] Thread 1 now crawling https://weather.com/weather/today/l/33.1333,73.7500?unit=c
2025-04-01T00:22:07.768Z [INFO] Scraping completed
2025-04-01T00:22:07.814Z [LOG] Add/Update successful [object Object]
2025-04-01T00:22:07.814Z [LOG] Thread 4 processed https://weather.com/weather/today/l/31.6333,71.0667?unit=c
2025-04-01T00:22:07.814Z [LOG] Thread 4 now crawling https://weather.com/weather/today/l/31.3417,69.4486?unit=c
2025-04-01T00:22:08.189Z [INFO] Scraping completed
2025-04-01T00:22:08.303Z [LOG] Add/Update successful [object Object]
2025-04-01T00:22:08.304Z [LOG] Thread 6 processed https://weather.com/weather/today/l/33.5156,73.9019?unit=c
2025-04-01T00:22:08.304Z [LOG] Thread 6 now crawling https://weather.com/weather/today/l/35.9208,74.3144?unit=c
2025-04-01T00:22:08.592Z [INFO] Scraping completed
2025-04-01T00:22:08.685Z [LOG] Add/Update successful [object Object]
2025-04-01T00:22:08.686Z [LOG] Thread 9 processed https://weather.com/weather/today/l/29.5430,67.8773?unit=c
2025-04-01T00:22:08.690Z [LOG] Thread 9 now crawling https://weather.com/weather/today/l/29.0362,69.1585?unit=c
2025-04-01T00:22:08.938Z [INFO] Scraping completed
2025-04-01T00:22:09.060Z [LOG] Add/Update successful [object Object]
2025-04-01T00:22:09.061Z [LOG] Thread 3 processed https://weather.com/weather/today/l/25.4667,68.7167?unit=c
2025-04-01T00:22:09.061Z [LOG] Thread 3 now crawling https://weather.com/weather/today/l/30.0419,72.3528?unit=c
2025-04-01T00:22:09.308Z [INFO] Scraping completed
2025-04-01T00:22:09.378Z [LOG] Add/Update successful [object Object]
2025-04-01T00:22:09.378Z [LOG] Thread 7 processed https://weather.com/weather/today/l/28.0064,69.3150?unit=c
2025-04-01T00:22:09.378Z [LOG] Thread 7 now crawling https://weather.com/weather/today/l/26.8401,68.1227?unit=c
2025-04-01T00:22:09.886Z [INFO] Scraping completed
2025-04-01T00:22:09.952Z [LOG] Add/Update successful [object Object]
2025-04-01T00:22:09.953Z [LOG] Thread 8 processed https://weather.com/weather/today/l/30.5833,67.0000?unit=c
2025-04-01T00:22:09.953Z [LOG] Thread 8 now crawling https://weather.com/weather/today/l/26.0464,68.9481?unit=c
2025-04-01T00:22:10.010Z [INFO] Scraping completed
2025-04-01T00:22:10.092Z [LOG] Add/Update successful [object Object]
2025-04-01T00:22:10.092Z [LOG] Thread 2 processed https://weather.com/weather/today/l/25.5269,69.0111?unit=c
2025-04-01T00:22:10.092Z [LOG] Thread 2 now crawling https://weather.com/weather/today/l/30.8100,73.4597?unit=c
2025-04-01T00:22:10.372Z [INFO] Scraping completed
2025-04-01T00:22:10.414Z [LOG] Add/Update successful [object Object]
2025-04-01T00:22:10.415Z [LOG] Thread 5 processed https://weather.com/weather/today/l/34.8281,71.8408?unit=c
2025-04-01T00:22:10.415Z [LOG] Thread 5 now crawling https://weather.com/weather/today/l/33.8992,70.1008?unit=c
2025-04-01T00:22:10.733Z [INFO] Scraping completed
2025-04-01T00:22:10.799Z [LOG] Add/Update successful [object Object]
2025-04-01T00:22:10.800Z [LOG] Thread 1 processed https://weather.com/weather/today/l/33.1333,73.7500?unit=c
2025-04-01T00:22:10.800Z [LOG] Thread 1 now crawling https://weather.com/weather/today/l/31.7167,72.9833?unit=c
2025-04-01T00:22:11.421Z [INFO] Scraping completed
2025-04-01T00:22:11.509Z [LOG] Add/Update successful [object Object]
2025-04-01T00:22:11.510Z [LOG] Thread 4 processed https://weather.com/weather/today/l/31.3417,69.4486?unit=c
2025-04-01T00:22:11.510Z [LOG] Thread 4 now crawling https://weather.com/weather/today/l/32.8110,73.8650?unit=c
2025-04-01T00:22:11.747Z [INFO] Scraping completed
2025-04-01T00:22:11.899Z [LOG] Add/Update successful [object Object]
2025-04-01T00:22:11.899Z [LOG] Thread 6 processed https://weather.com/weather/today/l/35.9208,74.3144?unit=c
2025-04-01T00:22:11.900Z [LOG] Thread 6 now crawling https://weather.com/weather/today/l/25.3969,68.3772?unit=c
2025-04-01T00:22:12.573Z [INFO] Scraping completed
2025-04-01T00:22:12.657Z [LOG] Add/Update successful [object Object]
2025-04-01T00:22:12.657Z [LOG] Thread 9 processed https://weather.com/weather/today/l/29.0362,69.1585?unit=c
2025-04-01T00:22:12.657Z [LOG] Thread 9 now crawling https://weather.com/weather/today/l/35.3471,74.8563?unit=c
2025-04-01T00:22:12.730Z [INFO] Scraping completed
2025-04-01T00:22:12.833Z [INFO] Scraping completed
2025-04-01T00:22:12.837Z [LOG] Add/Update successful [object Object]
2025-04-01T00:22:12.837Z [LOG] Thread 7 processed https://weather.com/weather/today/l/26.8401,68.1227?unit=c
2025-04-01T00:22:12.837Z [LOG] Thread 7 now crawling https://weather.com/weather/today/l/34.9000,72.6556?unit=c
2025-04-01T00:22:12.905Z [LOG] Add/Update successful [object Object]
2025-04-01T00:22:12.906Z [LOG] Thread 3 processed https://weather.com/weather/today/l/30.0419,72.3528?unit=c
2025-04-01T00:22:12.906Z [LOG] Thread 3 now crawling https://weather.com/weather/today/l/31.3342,73.4194?unit=c
2025-04-01T00:22:13.393Z [INFO] Scraping completed
2025-04-01T00:22:13.473Z [LOG] Add/Update successful [object Object]
2025-04-01T00:22:13.474Z [LOG] Thread 8 processed https://weather.com/weather/today/l/26.0464,68.9481?unit=c
2025-04-01T00:22:13.474Z [LOG] Thread 8 now crawling https://weather.com/weather/today/l/35.2074,71.8768?unit=c
2025-04-01T00:22:13.530Z [INFO] Scraping completed
2025-04-01T00:22:13.619Z [LOG] Add/Update successful [object Object]
2025-04-01T00:22:13.621Z [LOG] Thread 5 processed https://weather.com/weather/today/l/33.8992,70.1008?unit=c
2025-04-01T00:22:13.621Z [LOG] Thread 5 now crawling https://weather.com/weather/today/l/25.1264,62.3225?unit=c
2025-04-01T00:22:13.915Z [INFO] Scraping completed
2025-04-01T00:22:13.973Z [LOG] Add/Update successful [object Object]
2025-04-01T00:22:13.974Z [LOG] Thread 2 processed https://weather.com/weather/today/l/30.8100,73.4597?unit=c
2025-04-01T00:22:13.974Z [LOG] Thread 2 now crawling https://weather.com/weather/today/l/30.1500,72.6833?unit=c
2025-04-01T00:22:14.489Z [INFO] Scraping completed
2025-04-01T00:22:14.571Z [LOG] Add/Update successful [object Object]
2025-04-01T00:22:14.572Z [LOG] Thread 1 processed https://weather.com/weather/today/l/31.7167,72.9833?unit=c
2025-04-01T00:22:14.573Z [LOG] Remaining URLs: 120
2025-04-01T00:22:15.000Z [INFO] Scraping completed
2025-04-01T00:22:15.085Z [LOG] Add/Update successful [object Object]
2025-04-01T00:22:15.085Z [LOG] Thread 4 processed https://weather.com/weather/today/l/32.8110,73.8650?unit=c
2025-04-01T00:22:15.086Z [LOG] Remaining URLs: 105
2025-04-01T00:22:15.521Z [INFO] Scraping completed
2025-04-01T00:22:15.574Z [LOG] Add/Update successful [object Object]
2025-04-01T00:22:15.574Z [LOG] Thread 6 processed https://weather.com/weather/today/l/25.3969,68.3772?unit=c
2025-04-01T00:22:15.574Z [LOG] Thread 6 now crawling https://weather.com/weather/today/l/32.1020,74.8730?unit=c
2025-04-01T00:22:15.891Z [INFO] Scraping completed
2025-04-01T00:22:15.938Z [LOG] Add/Update successful [object Object]
2025-04-01T00:22:15.939Z [LOG] Thread 3 processed https://weather.com/weather/today/l/31.3342,73.4194?unit=c
2025-04-01T00:22:15.939Z [LOG] Remaining URLs: 90
2025-04-01T00:22:16.000Z [INFO] Scraping completed
2025-04-01T00:22:16.037Z [LOG] Add/Update successful [object Object]
2025-04-01T00:22:16.037Z [LOG] Thread 7 processed https://weather.com/weather/today/l/34.9000,72.6556?unit=c
2025-04-01T00:22:16.037Z [LOG] Remaining URLs: 75
2025-04-01T00:22:16.189Z [INFO] Scraping completed
2025-04-01T00:22:16.228Z [LOG] Add/Update successful [object Object]
2025-04-01T00:22:16.228Z [LOG] Thread 8 processed https://weather.com/weather/today/l/35.2074,71.8768?unit=c
2025-04-01T00:22:16.229Z [LOG] Remaining URLs: 60
2025-04-01T00:22:16.506Z [INFO] Scraping completed
2025-04-01T00:22:16.552Z [LOG] Add/Update successful [object Object]
2025-04-01T00:22:16.552Z [LOG] Thread 9 processed https://weather.com/weather/today/l/35.3471,74.8563?unit=c
2025-04-01T00:22:16.552Z [LOG] Thread 9 now crawling https://weather.com/weather/today/l/26.0012,63.0485?unit=c
2025-04-01T00:22:16.595Z [INFO] Scraping completed
2025-04-01T00:22:16.643Z [LOG] Add/Update successful [object Object]
2025-04-01T00:22:16.644Z [LOG] Thread 5 processed https://weather.com/weather/today/l/25.1264,62.3225?unit=c
2025-04-01T00:22:16.644Z [LOG] Remaining URLs: 45
2025-04-01T00:22:16.892Z [INFO] Scraping completed
2025-04-01T00:22:16.929Z [LOG] Add/Update successful [object Object]
2025-04-01T00:22:16.930Z [LOG] Thread 2 processed https://weather.com/weather/today/l/30.1500,72.6833?unit=c
2025-04-01T00:22:16.930Z [LOG] Remaining URLs: 30
2025-04-01T00:22:19.399Z [INFO] Scraping completed
2025-04-01T00:22:19.442Z [LOG] Add/Update successful [object Object]
2025-04-01T00:22:19.442Z [LOG] Thread 9 processed https://weather.com/weather/today/l/26.0012,63.0485?unit=c
2025-04-01T00:22:19.443Z [LOG] Remaining URLs: 15
2025-04-01T00:22:19.582Z [INFO] Scraping completed
2025-04-01T00:22:19.628Z [LOG] Add/Update successful [object Object]
2025-04-01T00:22:19.628Z [LOG] Thread 6 processed https://weather.com/weather/today/l/32.1020,74.8730?unit=c
2025-04-01T00:22:19.629Z [LOG] Remaining URLs: 0
2025-04-01T00:22:19.629Z [LOG] All URLs processed.
