2025-02-01T00:18:08.070Z [LOG] Queue initialized successfully.
2025-02-01T00:18:08.087Z [LOG] Total URLs: 146
2025-02-01T00:18:08.526Z [LOG] Thread 5 now crawling https://weather.com/weather/today/l/30.4397,72.3544?unit=c
2025-02-01T00:18:08.550Z [LOG] Thread 6 now crawling https://weather.com/weather/today/l/30.5522,72.1278?unit=c
2025-02-01T00:18:08.580Z [LOG] Thread 2 now crawling https://weather.com/weather/today/l/27.6995,68.8673?unit=c
2025-02-01T00:18:08.588Z [LOG] Thread 7 now crawling https://weather.com/weather/today/l/27.5295,68.7592?unit=c
2025-02-01T00:18:08.611Z [LOG] Thread 1 now crawling https://weather.com/weather/today/l/24.8600,67.0100?unit=c
2025-02-01T00:18:08.607Z [LOG] Thread 4 now crawling https://weather.com/weather/today/l/30.7258,72.6447?unit=c
2025-02-01T00:18:08.626Z [LOG] Thread 10 now crawling https://weather.com/weather/today/l/25.8072,66.6219?unit=c
2025-02-01T00:18:08.642Z [LOG] Thread 3 now crawling https://weather.com/weather/today/l/28.2769,68.4514?unit=c
2025-02-01T00:18:08.653Z [LOG] Thread 8 now crawling https://weather.com/weather/today/l/33.9803,73.7747?unit=c
2025-02-01T00:18:08.669Z [LOG] Thread 9 now crawling https://weather.com/weather/today/l/24.7461,67.9243?unit=c
2025-02-01T00:18:13.012Z [INFO] Scraping completed
2025-02-01T00:18:13.347Z [LOG] Add/Update successful [object Object]
2025-02-01T00:18:13.347Z [LOG] Thread 7 processed https://weather.com/weather/today/l/27.5295,68.7592?unit=c
2025-02-01T00:18:13.348Z [LOG] Thread 7 now crawling https://weather.com/weather/today/l/30.3017,71.9321?unit=c
2025-02-01T00:18:13.635Z [INFO] Scraping completed
2025-02-01T00:18:13.907Z [INFO] Scraping completed
2025-02-01T00:18:13.912Z [INFO] Scraping completed
2025-02-01T00:18:13.963Z [LOG] Add/Update successful [object Object]
2025-02-01T00:18:13.963Z [LOG] Thread 6 processed https://weather.com/weather/today/l/30.5522,72.1278?unit=c
2025-02-01T00:18:13.963Z [LOG] Thread 6 now crawling https://weather.com/weather/today/l/33.8195,72.6890?unit=c
2025-02-01T00:18:14.174Z [INFO] Scraping completed
2025-02-01T00:18:14.301Z [LOG] Add/Update successful [object Object]
2025-02-01T00:18:14.301Z [LOG] Thread 2 processed https://weather.com/weather/today/l/27.6995,68.8673?unit=c
2025-02-01T00:18:14.302Z [LOG] Thread 2 now crawling https://weather.com/weather/today/l/27.5600,68.2264?unit=c
2025-02-01T00:18:14.319Z [LOG] Add/Update successful [object Object]
2025-02-01T00:18:14.321Z [LOG] Thread 5 processed https://weather.com/weather/today/l/30.4397,72.3544?unit=c
2025-02-01T00:18:14.321Z [LOG] Thread 5 now crawling https://weather.com/weather/today/l/25.4283,68.2822?unit=c
2025-02-01T00:18:14.605Z [LOG] Add/Update successful [object Object]
2025-02-01T00:18:14.606Z [LOG] Thread 3 processed https://weather.com/weather/today/l/28.2769,68.4514?unit=c
2025-02-01T00:18:14.606Z [LOG] Thread 3 now crawling https://weather.com/weather/today/l/28.3006,70.1302?unit=c
2025-02-01T00:18:14.687Z [INFO] Scraping completed
2025-02-01T00:18:14.724Z [INFO] Scraping completed
2025-02-01T00:18:14.755Z [INFO] Scraping completed
2025-02-01T00:18:14.847Z [INFO] Scraping completed
2025-02-01T00:18:14.939Z [INFO] Scraping completed
2025-02-01T00:18:15.062Z [LOG] Add/Update successful [object Object]
2025-02-01T00:18:15.062Z [LOG] Thread 9 processed https://weather.com/weather/today/l/24.7461,67.9243?unit=c
2025-02-01T00:18:15.062Z [LOG] Thread 9 now crawling https://weather.com/weather/today/l/28.5466,68.2231?unit=c
2025-02-01T00:18:15.148Z [LOG] Add/Update successful [object Object]
2025-02-01T00:18:15.148Z [LOG] Thread 8 processed https://weather.com/weather/today/l/33.9803,73.7747?unit=c
2025-02-01T00:18:15.151Z [LOG] Thread 8 now crawling https://weather.com/weather/today/l/34.5111,72.4844?unit=c
2025-02-01T00:18:15.178Z [LOG] Add/Update successful [object Object]
2025-02-01T00:18:15.178Z [LOG] Thread 10 processed https://weather.com/weather/today/l/25.8072,66.6219?unit=c
2025-02-01T00:18:15.179Z [LOG] Thread 10 now crawling https://weather.com/weather/today/l/27.7384,66.6434?unit=c
2025-02-01T00:18:15.206Z [LOG] Add/Update successful [object Object]
2025-02-01T00:18:15.206Z [LOG] Thread 1 processed https://weather.com/weather/today/l/24.8600,67.0100?unit=c
2025-02-01T00:18:15.212Z [LOG] Thread 1 now crawling https://weather.com/weather/today/l/31.5497,74.3436?unit=c
2025-02-01T00:18:15.273Z [LOG] Add/Update successful [object Object]
2025-02-01T00:18:15.283Z [LOG] Thread 4 processed https://weather.com/weather/today/l/30.7258,72.6447?unit=c
2025-02-01T00:18:15.283Z [LOG] Thread 4 now crawling https://weather.com/weather/today/l/30.4700,70.9644?unit=c
2025-02-01T00:18:17.097Z [INFO] Scraping completed
2025-02-01T00:18:17.321Z [LOG] Add/Update successful [object Object]
2025-02-01T00:18:17.322Z [LOG] Thread 7 processed https://weather.com/weather/today/l/30.3017,71.9321?unit=c
2025-02-01T00:18:17.322Z [LOG] Thread 7 now crawling https://weather.com/weather/today/l/32.9333,73.7333?unit=c
2025-02-01T00:18:17.440Z [INFO] Scraping completed
2025-02-01T00:18:17.627Z [LOG] Add/Update successful [object Object]
2025-02-01T00:18:17.631Z [LOG] Thread 6 processed https://weather.com/weather/today/l/33.8195,72.6890?unit=c
2025-02-01T00:18:17.632Z [LOG] Thread 6 now crawling https://weather.com/weather/today/l/32.2167,70.3833?unit=c
2025-02-01T00:18:18.058Z [INFO] Scraping completed
2025-02-01T00:18:18.059Z [INFO] Scraping completed
2025-02-01T00:18:18.180Z [INFO] Scraping completed
2025-02-01T00:18:18.203Z [LOG] Add/Update successful [object Object]
2025-02-01T00:18:18.204Z [LOG] Thread 3 processed https://weather.com/weather/today/l/28.3006,70.1302?unit=c
2025-02-01T00:18:18.204Z [LOG] Thread 3 now crawling https://weather.com/weather/today/l/33.5869,71.4414?unit=c
2025-02-01T00:18:18.217Z [LOG] Add/Update successful [object Object]
2025-02-01T00:18:18.218Z [LOG] Thread 2 processed https://weather.com/weather/today/l/27.5600,68.2264?unit=c
2025-02-01T00:18:18.218Z [LOG] Thread 2 now crawling https://weather.com/weather/today/l/31.7083,74.0000?unit=c
2025-02-01T00:18:18.316Z [LOG] Add/Update successful [object Object]
2025-02-01T00:18:18.318Z [LOG] Thread 5 processed https://weather.com/weather/today/l/25.4283,68.2822?unit=c
2025-02-01T00:18:18.319Z [LOG] Thread 5 now crawling https://weather.com/weather/today/l/31.0214,73.8528?unit=c
2025-02-01T00:18:18.521Z [INFO] Scraping completed
2025-02-01T00:18:18.659Z [LOG] Add/Update successful [object Object]
2025-02-01T00:18:18.660Z [LOG] Thread 9 processed https://weather.com/weather/today/l/28.5466,68.2231?unit=c
2025-02-01T00:18:18.660Z [LOG] Thread 9 now crawling https://weather.com/weather/today/l/29.8965,69.2532?unit=c
2025-02-01T00:18:18.677Z [INFO] Scraping completed
2025-02-01T00:18:18.802Z [LOG] Add/Update successful [object Object]
2025-02-01T00:18:18.803Z [LOG] Thread 8 processed https://weather.com/weather/today/l/34.5111,72.4844?unit=c
2025-02-01T00:18:18.806Z [LOG] Thread 8 now crawling https://weather.com/weather/today/l/29.9983,73.2527?unit=c
2025-02-01T00:18:19.075Z [INFO] Scraping completed
2025-02-01T00:18:19.246Z [LOG] Add/Update successful [object Object]
2025-02-01T00:18:19.247Z [LOG] Thread 1 processed https://weather.com/weather/today/l/31.5497,74.3436?unit=c
2025-02-01T00:18:19.247Z [LOG] Thread 1 now crawling https://weather.com/weather/today/l/32.5000,74.5333?unit=c
2025-02-01T00:18:19.322Z [INFO] Scraping completed
2025-02-01T00:18:19.506Z [LOG] Add/Update successful [object Object]
2025-02-01T00:18:19.509Z [LOG] Thread 4 processed https://weather.com/weather/today/l/30.4700,70.9644?unit=c
2025-02-01T00:18:19.509Z [LOG] Thread 4 now crawling https://weather.com/weather/today/l/34.0153,71.9747?unit=c
2025-02-01T00:18:19.767Z [INFO] Scraping completed
2025-02-01T00:18:19.947Z [LOG] Add/Update successful [object Object]
2025-02-01T00:18:19.947Z [LOG] Thread 10 processed https://weather.com/weather/today/l/27.7384,66.6434?unit=c
2025-02-01T00:18:19.948Z [LOG] Thread 10 now crawling https://weather.com/weather/today/l/35.4206,74.0967?unit=c
2025-02-01T00:18:21.271Z [INFO] Scraping completed
2025-02-01T00:18:21.411Z [LOG] Add/Update successful [object Object]
2025-02-01T00:18:21.411Z [LOG] Thread 7 processed https://weather.com/weather/today/l/32.9333,73.7333?unit=c
2025-02-01T00:18:21.412Z [LOG] Thread 7 now crawling https://weather.com/weather/today/l/33.9942,72.9333?unit=c
2025-02-01T00:18:21.537Z [INFO] Scraping completed
2025-02-01T00:18:21.704Z [LOG] Add/Update successful [object Object]
2025-02-01T00:18:21.705Z [LOG] Thread 6 processed https://weather.com/weather/today/l/32.2167,70.3833?unit=c
2025-02-01T00:18:21.705Z [LOG] Thread 6 now crawling https://weather.com/weather/today/l/33.5281,71.0572?unit=c
2025-02-01T00:18:22.096Z [INFO] Scraping completed
2025-02-01T00:18:22.230Z [LOG] Add/Update successful [object Object]
2025-02-01T00:18:22.231Z [LOG] Thread 2 processed https://weather.com/weather/today/l/31.7083,74.0000?unit=c
2025-02-01T00:18:22.231Z [LOG] Thread 2 now crawling https://weather.com/weather/today/l/31.2681,72.3181?unit=c
2025-02-01T00:18:22.252Z [INFO] Scraping completed
2025-02-01T00:18:22.281Z [INFO] Scraping completed
2025-02-01T00:18:22.399Z [LOG] Add/Update successful [object Object]
2025-02-01T00:18:22.400Z [LOG] Thread 3 processed https://weather.com/weather/today/l/33.5869,71.4414?unit=c
2025-02-01T00:18:22.400Z [LOG] Thread 3 now crawling https://weather.com/weather/today/l/31.8020,74.2550?unit=c
2025-02-01T00:18:22.437Z [LOG] Add/Update successful [object Object]
2025-02-01T00:18:22.437Z [LOG] Thread 5 processed https://weather.com/weather/today/l/31.0214,73.8528?unit=c
2025-02-01T00:18:22.438Z [LOG] Thread 5 now crawling https://weather.com/weather/today/l/29.6100,73.1361?unit=c
2025-02-01T00:18:22.725Z [INFO] Scraping completed
2025-02-01T00:18:22.919Z [LOG] Add/Update successful [object Object]
2025-02-01T00:18:22.920Z [LOG] Thread 9 processed https://weather.com/weather/today/l/29.8965,69.2532?unit=c
2025-02-01T00:18:22.920Z [LOG] Thread 9 now crawling https://weather.com/weather/today/l/29.7997,66.8455?unit=c
2025-02-01T00:18:23.049Z [INFO] Scraping completed
2025-02-01T00:18:23.114Z [INFO] Scraping completed
2025-02-01T00:18:23.252Z [LOG] Add/Update successful [object Object]
2025-02-01T00:18:23.255Z [LOG] Thread 1 processed https://weather.com/weather/today/l/32.5000,74.5333?unit=c
2025-02-01T00:18:23.255Z [LOG] Thread 1 now crawling https://weather.com/weather/today/l/31.4180,73.0790?unit=c
2025-02-01T00:18:23.330Z [LOG] Add/Update successful [object Object]
2025-02-01T00:18:23.330Z [LOG] Thread 8 processed https://weather.com/weather/today/l/29.9983,73.2527?unit=c
2025-02-01T00:18:23.331Z [LOG] Thread 8 now crawling https://weather.com/weather/today/l/30.9646,70.9444?unit=c
2025-02-01T00:18:23.588Z [INFO] Scraping completed
2025-02-01T00:18:23.830Z [LOG] Add/Update successful [object Object]
2025-02-01T00:18:23.830Z [LOG] Thread 4 processed https://weather.com/weather/today/l/34.0153,71.9747?unit=c
2025-02-01T00:18:23.830Z [LOG] Thread 4 now crawling https://weather.com/weather/today/l/34.1167,72.4667?unit=c
2025-02-01T00:18:24.076Z [INFO] Scraping completed
2025-02-01T00:18:24.285Z [LOG] Add/Update successful [object Object]
2025-02-01T00:18:24.285Z [LOG] Thread 10 processed https://weather.com/weather/today/l/35.4206,74.0967?unit=c
2025-02-01T00:18:24.287Z [LOG] Thread 10 now crawling https://weather.com/weather/today/l/29.0266,66.5936?unit=c
2025-02-01T00:18:25.099Z [INFO] Scraping completed
2025-02-01T00:18:25.246Z [LOG] Add/Update successful [object Object]
2025-02-01T00:18:25.247Z [LOG] Thread 7 processed https://weather.com/weather/today/l/33.9942,72.9333?unit=c
2025-02-01T00:18:25.247Z [LOG] Thread 7 now crawling https://weather.com/weather/today/l/27.9556,68.6382?unit=c
2025-02-01T00:18:25.564Z [INFO] Scraping completed
2025-02-01T00:18:25.691Z [LOG] Add/Update successful [object Object]
2025-02-01T00:18:25.692Z [LOG] Thread 6 processed https://weather.com/weather/today/l/33.5281,71.0572?unit=c
2025-02-01T00:18:25.692Z [LOG] Thread 6 now crawling https://weather.com/weather/today/l/34.0049,71.9989?unit=c
2025-02-01T00:18:25.718Z [INFO] Scraping completed
2025-02-01T00:18:25.898Z [LOG] Add/Update successful [object Object]
2025-02-01T00:18:25.899Z [LOG] Thread 3 processed https://weather.com/weather/today/l/31.8020,74.2550?unit=c
2025-02-01T00:18:25.899Z [LOG] Thread 3 now crawling https://weather.com/weather/today/l/30.0703,71.1933?unit=c
2025-02-01T00:18:26.007Z [INFO] Scraping completed
2025-02-01T00:18:26.203Z [LOG] Add/Update successful [object Object]
2025-02-01T00:18:26.205Z [LOG] Thread 2 processed https://weather.com/weather/today/l/31.2681,72.3181?unit=c
2025-02-01T00:18:26.205Z [LOG] Thread 2 now crawling https://weather.com/weather/today/l/28.4202,70.2952?unit=c
2025-02-01T00:18:26.576Z [INFO] Scraping completed
2025-02-01T00:18:26.584Z [INFO] Scraping completed
2025-02-01T00:18:26.748Z [LOG] Add/Update successful [object Object]
2025-02-01T00:18:26.749Z [LOG] Thread 9 processed https://weather.com/weather/today/l/29.7997,66.8455?unit=c
2025-02-01T00:18:26.749Z [LOG] Thread 9 now crawling https://weather.com/weather/today/l/35.2917,73.2906?unit=c
2025-02-01T00:18:26.775Z [LOG] Add/Update successful [object Object]
2025-02-01T00:18:26.776Z [LOG] Thread 5 processed https://weather.com/weather/today/l/29.6100,73.1361?unit=c
2025-02-01T00:18:26.776Z [LOG] Thread 5 now crawling https://weather.com/weather/today/l/30.9667,72.4833?unit=c
2025-02-01T00:18:26.940Z [INFO] Scraping completed
2025-02-01T00:18:27.163Z [LOG] Add/Update successful [object Object]
2025-02-01T00:18:27.164Z [LOG] Thread 8 processed https://weather.com/weather/today/l/30.9646,70.9444?unit=c
2025-02-01T00:18:27.164Z [LOG] Thread 8 now crawling https://weather.com/weather/today/l/25.1239,68.5389?unit=c
2025-02-01T00:18:27.228Z [INFO] Scraping completed
2025-02-01T00:18:27.352Z [LOG] Add/Update successful [object Object]
2025-02-01T00:18:27.352Z [LOG] Thread 1 processed https://weather.com/weather/today/l/31.4180,73.0790?unit=c
2025-02-01T00:18:27.353Z [LOG] Thread 1 now crawling https://weather.com/weather/today/l/33.6007,73.0679?unit=c
2025-02-01T00:18:28.107Z [INFO] Scraping completed
2025-02-01T00:18:28.251Z [LOG] Add/Update successful [object Object]
2025-02-01T00:18:28.251Z [LOG] Thread 4 processed https://weather.com/weather/today/l/34.1167,72.4667?unit=c
2025-02-01T00:18:28.251Z [LOG] Thread 4 now crawling https://weather.com/weather/today/l/31.8167,70.9167?unit=c
2025-02-01T00:18:28.270Z [INFO] Scraping completed
2025-02-01T00:18:28.380Z [LOG] Add/Update successful [object Object]
2025-02-01T00:18:28.381Z [LOG] Thread 10 processed https://weather.com/weather/today/l/29.0266,66.5936?unit=c
2025-02-01T00:18:28.381Z [LOG] Thread 10 now crawling https://weather.com/weather/today/l/26.9644,64.0903?unit=c
2025-02-01T00:18:28.897Z [INFO] Scraping completed
2025-02-01T00:18:29.012Z [LOG] Add/Update successful [object Object]
2025-02-01T00:18:29.012Z [LOG] Thread 7 processed https://weather.com/weather/today/l/27.9556,68.6382?unit=c
2025-02-01T00:18:29.012Z [LOG] Thread 7 now crawling https://weather.com/weather/today/l/33.8578,73.7604?unit=c
2025-02-01T00:18:29.348Z [INFO] Scraping completed
2025-02-01T00:18:29.423Z [INFO] Scraping completed
2025-02-01T00:18:29.458Z [LOG] Add/Update successful [object Object]
2025-02-01T00:18:29.458Z [LOG] Thread 6 processed https://weather.com/weather/today/l/34.0049,71.9989?unit=c
2025-02-01T00:18:29.459Z [LOG] Thread 6 now crawling https://weather.com/weather/today/l/33.1167,71.0833?unit=c
2025-02-01T00:18:29.570Z [LOG] Add/Update successful [object Object]
2025-02-01T00:18:29.571Z [LOG] Thread 2 processed https://weather.com/weather/today/l/28.4202,70.2952?unit=c
2025-02-01T00:18:29.571Z [LOG] Thread 2 now crawling https://weather.com/weather/today/l/32.5736,74.0789?unit=c
2025-02-01T00:18:30.147Z [INFO] Scraping completed
2025-02-01T00:18:30.264Z [LOG] Add/Update successful [object Object]
2025-02-01T00:18:30.264Z [LOG] Thread 3 processed https://weather.com/weather/today/l/30.0703,71.1933?unit=c
2025-02-01T00:18:30.264Z [LOG] Thread 3 now crawling https://weather.com/weather/today/l/28.6471,70.6620?unit=c
2025-02-01T00:18:30.493Z [INFO] Scraping completed
2025-02-01T00:18:30.624Z [LOG] Add/Update successful [object Object]
2025-02-01T00:18:30.625Z [LOG] Thread 5 processed https://weather.com/weather/today/l/30.9667,72.4833?unit=c
2025-02-01T00:18:30.625Z [LOG] Thread 5 now crawling https://weather.com/weather/today/l/32.2628,75.1583?unit=c
2025-02-01T00:18:30.939Z [INFO] Scraping completed
2025-02-01T00:18:31.037Z [INFO] Scraping completed
2025-02-01T00:18:31.065Z [LOG] Add/Update successful [object Object]
2025-02-01T00:18:31.065Z [LOG] Thread 8 processed https://weather.com/weather/today/l/25.1239,68.5389?unit=c
2025-02-01T00:18:31.065Z [LOG] Thread 8 now crawling https://weather.com/weather/today/l/32.9300,72.8500?unit=c
2025-02-01T00:18:31.225Z [LOG] Add/Update successful [object Object]
2025-02-01T00:18:31.226Z [LOG] Thread 1 processed https://weather.com/weather/today/l/33.6007,73.0679?unit=c
2025-02-01T00:18:31.226Z [LOG] Thread 1 now crawling https://weather.com/weather/today/l/34.0000,71.5000?unit=c
2025-02-01T00:18:31.822Z [INFO] Scraping completed
2025-02-01T00:18:31.865Z [INFO] Scraping completed
2025-02-01T00:18:31.999Z [LOG] Add/Update successful [object Object]
2025-02-01T00:18:32.003Z [LOG] Thread 9 processed https://weather.com/weather/today/l/35.2917,73.2906?unit=c
2025-02-01T00:18:32.003Z [LOG] Thread 9 now crawling https://weather.com/weather/today/l/34.5717,73.8972?unit=c
2025-02-01T00:18:32.055Z [LOG] Add/Update successful [object Object]
2025-02-01T00:18:32.056Z [LOG] Thread 4 processed https://weather.com/weather/today/l/31.8167,70.9167?unit=c
2025-02-01T00:18:32.056Z [LOG] Thread 4 now crawling https://weather.com/weather/today/l/30.9210,66.4597?unit=c
2025-02-01T00:18:32.449Z [INFO] Scraping completed
2025-02-01T00:18:32.586Z [INFO] Scraping completed
2025-02-01T00:18:32.602Z [LOG] Add/Update successful [object Object]
2025-02-01T00:18:32.603Z [LOG] Thread 10 processed https://weather.com/weather/today/l/26.9644,64.0903?unit=c
2025-02-01T00:18:32.603Z [LOG] Thread 10 now crawling https://weather.com/weather/today/l/36.1736,73.7667?unit=c
2025-02-01T00:18:32.774Z [LOG] Add/Update successful [object Object]
2025-02-01T00:18:32.775Z [LOG] Thread 7 processed https://weather.com/weather/today/l/33.8578,73.7604?unit=c
2025-02-01T00:18:32.775Z [LOG] Thread 7 now crawling https://weather.com/weather/today/l/32.0709,73.6880?unit=c
2025-02-01T00:18:33.285Z [INFO] Scraping completed
2025-02-01T00:18:33.321Z [INFO] Scraping completed
2025-02-01T00:18:33.427Z [LOG] Add/Update successful [object Object]
2025-02-01T00:18:33.427Z [LOG] Thread 2 processed https://weather.com/weather/today/l/32.5736,74.0789?unit=c
2025-02-01T00:18:33.427Z [LOG] Thread 2 now crawling https://weather.com/weather/today/l/31.1167,74.4500?unit=c
2025-02-01T00:18:33.441Z [LOG] Add/Update successful [object Object]
2025-02-01T00:18:33.442Z [LOG] Thread 6 processed https://weather.com/weather/today/l/33.1167,71.0833?unit=c
2025-02-01T00:18:33.442Z [LOG] Thread 6 now crawling https://weather.com/weather/today/l/32.4522,71.4718?unit=c
2025-02-01T00:18:33.957Z [INFO] Scraping completed
2025-02-01T00:18:34.133Z [LOG] Add/Update successful [object Object]
2025-02-01T00:18:34.133Z [LOG] Thread 3 processed https://weather.com/weather/today/l/28.6471,70.6620?unit=c
2025-02-01T00:18:34.134Z [LOG] Thread 3 now crawling https://weather.com/weather/today/l/31.1500,72.6833?unit=c
2025-02-01T00:18:34.272Z [INFO] Scraping completed
2025-02-01T00:18:34.452Z [LOG] Add/Update successful [object Object]
2025-02-01T00:18:34.452Z [LOG] Thread 5 processed https://weather.com/weather/today/l/32.2628,75.1583?unit=c
2025-02-01T00:18:34.452Z [LOG] Thread 5 now crawling https://weather.com/weather/today/l/30.7333,73.8167?unit=c
2025-02-01T00:18:34.751Z [INFO] Scraping completed
2025-02-01T00:18:34.904Z [LOG] Add/Update successful [object Object]
2025-02-01T00:18:34.905Z [LOG] Thread 8 processed https://weather.com/weather/today/l/32.9300,72.8500?unit=c
2025-02-01T00:18:34.905Z [LOG] Thread 8 now crawling https://weather.com/weather/today/l/32.2952,72.3502?unit=c
2025-02-01T00:18:35.162Z [INFO] Scraping completed
2025-02-01T00:18:35.435Z [LOG] Add/Update successful [object Object]
2025-02-01T00:18:35.436Z [LOG] Thread 1 processed https://weather.com/weather/today/l/34.0000,71.5000?unit=c
2025-02-01T00:18:35.436Z [LOG] Thread 1 now crawling https://weather.com/weather/today/l/34.7500,72.3572?unit=c
2025-02-01T00:18:35.649Z [INFO] Scraping completed
2025-02-01T00:18:35.731Z [INFO] Scraping completed
2025-02-01T00:18:35.855Z [LOG] Add/Update successful [object Object]
2025-02-01T00:18:35.855Z [LOG] Thread 9 processed https://weather.com/weather/today/l/34.5717,73.8972?unit=c
2025-02-01T00:18:35.855Z [LOG] Thread 9 now crawling https://weather.com/weather/today/l/30.3705,68.5979?unit=c
2025-02-01T00:18:35.905Z [LOG] Add/Update successful [object Object]
2025-02-01T00:18:35.906Z [LOG] Thread 4 processed https://weather.com/weather/today/l/30.9210,66.4597?unit=c
2025-02-01T00:18:35.906Z [LOG] Thread 4 now crawling https://weather.com/weather/today/l/34.1453,71.7308?unit=c
2025-02-01T00:18:36.484Z [INFO] Scraping completed
2025-02-01T00:18:36.498Z [INFO] Scraping completed
2025-02-01T00:18:36.600Z [LOG] Add/Update successful [object Object]
2025-02-01T00:18:36.600Z [LOG] Thread 7 processed https://weather.com/weather/today/l/32.0709,73.6880?unit=c
2025-02-01T00:18:36.601Z [LOG] Thread 7 now crawling https://weather.com/weather/today/l/29.5339,71.6324?unit=c
2025-02-01T00:18:36.623Z [LOG] Add/Update successful [object Object]
2025-02-01T00:18:36.624Z [LOG] Thread 10 processed https://weather.com/weather/today/l/36.1736,73.7667?unit=c
2025-02-01T00:18:36.624Z [LOG] Thread 10 now crawling https://weather.com/weather/today/l/30.7008,68.3598?unit=c
2025-02-01T00:18:37.372Z [INFO] Scraping completed
2025-02-01T00:18:37.512Z [INFO] Scraping completed
2025-02-01T00:18:37.542Z [LOG] Add/Update successful [object Object]
2025-02-01T00:18:37.542Z [LOG] Thread 2 processed https://weather.com/weather/today/l/31.1167,74.4500?unit=c
2025-02-01T00:18:37.543Z [LOG] Thread 2 now crawling https://weather.com/weather/today/l/34.1958,72.0447?unit=c
2025-02-01T00:18:37.641Z [LOG] Add/Update successful [object Object]
2025-02-01T00:18:37.642Z [LOG] Thread 6 processed https://weather.com/weather/today/l/32.4522,71.4718?unit=c
2025-02-01T00:18:37.642Z [LOG] Thread 6 now crawling https://weather.com/weather/today/l/25.3614,69.7361?unit=c
2025-02-01T00:18:38.084Z [INFO] Scraping completed
2025-02-01T00:18:38.131Z [INFO] Scraping completed
2025-02-01T00:18:38.221Z [LOG] Add/Update successful [object Object]
2025-02-01T00:18:38.222Z [LOG] Thread 5 processed https://weather.com/weather/today/l/30.7333,73.8167?unit=c
2025-02-01T00:18:38.222Z [LOG] Thread 5 now crawling https://weather.com/weather/today/l/30.4068,71.8667?unit=c
2025-02-01T00:18:38.259Z [LOG] Add/Update successful [object Object]
2025-02-01T00:18:38.259Z [LOG] Thread 3 processed https://weather.com/weather/today/l/31.1500,72.6833?unit=c
2025-02-01T00:18:38.260Z [LOG] Thread 3 now crawling https://weather.com/weather/today/l/32.5861,73.4917?unit=c
2025-02-01T00:18:38.800Z [INFO] Scraping completed
2025-02-01T00:18:38.825Z [INFO] Scraping completed
2025-02-01T00:18:38.948Z [LOG] Add/Update successful [object Object]
2025-02-01T00:18:38.949Z [LOG] Thread 8 processed https://weather.com/weather/today/l/32.2952,72.3502?unit=c
2025-02-01T00:18:38.949Z [LOG] Thread 8 now crawling https://weather.com/weather/today/l/24.6558,68.8383?unit=c
2025-02-01T00:18:38.953Z [LOG] Add/Update successful [object Object]
2025-02-01T00:18:38.953Z [LOG] Thread 1 processed https://weather.com/weather/today/l/34.7500,72.3572?unit=c
2025-02-01T00:18:38.953Z [LOG] Thread 1 now crawling https://weather.com/weather/today/l/30.1978,71.4711?unit=c
2025-02-01T00:18:39.359Z [INFO] Scraping completed
2025-02-01T00:18:39.514Z [LOG] Add/Update successful [object Object]
2025-02-01T00:18:39.515Z [LOG] Thread 9 processed https://weather.com/weather/today/l/30.3705,68.5979?unit=c
2025-02-01T00:18:39.515Z [LOG] Thread 9 now crawling https://weather.com/weather/today/l/29.8977,69.5256?unit=c
2025-02-01T00:18:39.576Z [INFO] Scraping completed
2025-02-01T00:18:39.729Z [LOG] Add/Update successful [object Object]
2025-02-01T00:18:39.729Z [LOG] Thread 4 processed https://weather.com/weather/today/l/34.1453,71.7308?unit=c
2025-02-01T00:18:39.730Z [LOG] Thread 4 now crawling https://weather.com/weather/today/l/28.4000,69.3000?unit=c
2025-02-01T00:18:40.089Z [INFO] Scraping completed
2025-02-01T00:18:40.238Z [LOG] Add/Update successful [object Object]
2025-02-01T00:18:40.239Z [LOG] Thread 7 processed https://weather.com/weather/today/l/29.5339,71.6324?unit=c
2025-02-01T00:18:40.239Z [LOG] Thread 7 now crawling https://weather.com/weather/today/l/34.5656,71.9304?unit=c
2025-02-01T00:18:40.457Z [INFO] Scraping completed
2025-02-01T00:18:40.573Z [LOG] Add/Update successful [object Object]
2025-02-01T00:18:40.573Z [LOG] Thread 10 processed https://weather.com/weather/today/l/30.7008,68.3598?unit=c
2025-02-01T00:18:40.574Z [LOG] Thread 10 now crawling https://weather.com/weather/today/l/28.5846,65.4150?unit=c
2025-02-01T00:18:40.838Z [INFO] Scraping completed
2025-02-01T00:18:40.942Z [LOG] Add/Update successful [object Object]
2025-02-01T00:18:40.942Z [LOG] Thread 2 processed https://weather.com/weather/today/l/34.1958,72.0447?unit=c
2025-02-01T00:18:40.942Z [LOG] Thread 2 now crawling https://weather.com/weather/today/l/34.7717,72.3600?unit=c
2025-02-01T00:18:41.436Z [INFO] Scraping completed
2025-02-01T00:18:41.631Z [LOG] Add/Update successful [object Object]
2025-02-01T00:18:41.632Z [LOG] Thread 6 processed https://weather.com/weather/today/l/25.3614,69.7361?unit=c
2025-02-01T00:18:41.632Z [LOG] Thread 6 now crawling https://weather.com/weather/today/l/35.8511,71.7889?unit=c
2025-02-01T00:18:41.962Z [INFO] Scraping completed
2025-02-01T00:18:42.175Z [LOG] Add/Update successful [object Object]
2025-02-01T00:18:42.176Z [LOG] Thread 3 processed https://weather.com/weather/today/l/32.5861,73.4917?unit=c
2025-02-01T00:18:42.176Z [LOG] Thread 3 now crawling https://weather.com/weather/today/l/34.1500,73.2167?unit=c
2025-02-01T00:18:42.619Z [INFO] Scraping completed
2025-02-01T00:18:42.652Z [INFO] Scraping completed
2025-02-01T00:18:42.768Z [LOG] Add/Update successful [object Object]
2025-02-01T00:18:42.768Z [LOG] Thread 5 processed https://weather.com/weather/today/l/30.4068,71.8667?unit=c
2025-02-01T00:18:42.768Z [LOG] Thread 5 now crawling https://weather.com/weather/today/l/34.3333,73.2000?unit=c
2025-02-01T00:18:42.781Z [LOG] Add/Update successful [object Object]
2025-02-01T00:18:42.781Z [LOG] Thread 1 processed https://weather.com/weather/today/l/30.1978,71.4711?unit=c
2025-02-01T00:18:42.782Z [LOG] Thread 1 now crawling https://weather.com/weather/today/l/32.1500,74.1833?unit=c
2025-02-01T00:18:43.152Z [INFO] Scraping completed
2025-02-01T00:18:43.284Z [INFO] Scraping completed
2025-02-01T00:18:43.286Z [LOG] Add/Update successful [object Object]
2025-02-01T00:18:43.287Z [LOG] Thread 8 processed https://weather.com/weather/today/l/24.6558,68.8383?unit=c
2025-02-01T00:18:43.289Z [LOG] Thread 8 now crawling https://weather.com/weather/today/l/32.6072,70.9123?unit=c
2025-02-01T00:18:43.409Z [LOG] Add/Update successful [object Object]
2025-02-01T00:18:43.411Z [LOG] Thread 9 processed https://weather.com/weather/today/l/29.8977,69.5256?unit=c
2025-02-01T00:18:43.412Z [LOG] Thread 9 now crawling https://weather.com/weather/today/l/30.8594,69.8221?unit=c
2025-02-01T00:18:43.697Z [INFO] Scraping completed
2025-02-01T00:18:43.716Z [INFO] Scraping completed
2025-02-01T00:18:43.839Z [LOG] Add/Update successful [object Object]
2025-02-01T00:18:43.839Z [LOG] Thread 7 processed https://weather.com/weather/today/l/34.5656,71.9304?unit=c
2025-02-01T00:18:43.839Z [LOG] Thread 7 now crawling https://weather.com/weather/today/l/33.7667,72.3598?unit=c
2025-02-01T00:18:43.853Z [LOG] Add/Update successful [object Object]
2025-02-01T00:18:43.854Z [LOG] Thread 4 processed https://weather.com/weather/today/l/28.4000,69.3000?unit=c
2025-02-01T00:18:43.854Z [LOG] Thread 4 now crawling https://weather.com/weather/today/l/29.6967,72.5542?unit=c
2025-02-01T00:18:44.396Z [INFO] Scraping completed
2025-02-01T00:18:44.456Z [INFO] Scraping completed
2025-02-01T00:18:44.589Z [LOG] Add/Update successful [object Object]
2025-02-01T00:18:44.590Z [LOG] Thread 2 processed https://weather.com/weather/today/l/34.7717,72.3600?unit=c
2025-02-01T00:18:44.590Z [LOG] Thread 2 now crawling https://weather.com/weather/today/l/30.0500,70.6333?unit=c
2025-02-01T00:18:44.620Z [LOG] Add/Update successful [object Object]
2025-02-01T00:18:44.620Z [LOG] Thread 10 processed https://weather.com/weather/today/l/28.5846,65.4150?unit=c
2025-02-01T00:18:44.620Z [LOG] Thread 10 now crawling https://weather.com/weather/today/l/36.3078,74.6178?unit=c
2025-02-01T00:18:45.332Z [INFO] Scraping completed
2025-02-01T00:18:45.494Z [LOG] Add/Update successful [object Object]
2025-02-01T00:18:45.498Z [LOG] Thread 6 processed https://weather.com/weather/today/l/35.8511,71.7889?unit=c
2025-02-01T00:18:45.498Z [LOG] Thread 6 now crawling https://weather.com/weather/today/l/35.9206,74.3783?unit=c
2025-02-01T00:18:45.750Z [INFO] Scraping completed
2025-02-01T00:18:45.897Z [LOG] Add/Update successful [object Object]
2025-02-01T00:18:45.898Z [LOG] Thread 3 processed https://weather.com/weather/today/l/34.1500,73.2167?unit=c
2025-02-01T00:18:45.898Z [LOG] Thread 3 now crawling https://weather.com/weather/today/l/26.7319,67.7750?unit=c
2025-02-01T00:18:46.221Z [INFO] Scraping completed
2025-02-01T00:18:46.372Z [LOG] Add/Update successful [object Object]
2025-02-01T00:18:46.373Z [LOG] Thread 1 processed https://weather.com/weather/today/l/32.1500,74.1833?unit=c
2025-02-01T00:18:46.373Z [LOG] Thread 1 now crawling https://weather.com/weather/today/l/33.6989,73.0369?unit=c
2025-02-01T00:18:46.514Z [INFO] Scraping completed
2025-02-01T00:18:46.688Z [LOG] Add/Update successful [object Object]
2025-02-01T00:18:46.688Z [LOG] Thread 8 processed https://weather.com/weather/today/l/32.6072,70.9123?unit=c
2025-02-01T00:18:46.688Z [LOG] Thread 8 now crawling https://weather.com/weather/today/l/29.1041,70.3297?unit=c
2025-02-01T00:18:46.739Z [INFO] Scraping completed
2025-02-01T00:18:46.855Z [LOG] Add/Update successful [object Object]
2025-02-01T00:18:46.856Z [LOG] Thread 5 processed https://weather.com/weather/today/l/34.3333,73.2000?unit=c
2025-02-01T00:18:46.856Z [LOG] Thread 5 now crawling https://weather.com/weather/today/l/32.7012,73.9605?unit=c
2025-02-01T00:18:47.132Z [INFO] Scraping completed
2025-02-01T00:18:47.261Z [INFO] Scraping completed
2025-02-01T00:18:47.278Z [LOG] Add/Update successful [object Object]
2025-02-01T00:18:47.279Z [LOG] Thread 9 processed https://weather.com/weather/today/l/30.8594,69.8221?unit=c
2025-02-01T00:18:47.279Z [LOG] Thread 9 now crawling https://weather.com/weather/today/l/30.3814,67.7258?unit=c
2025-02-01T00:18:47.421Z [LOG] Add/Update successful [object Object]
2025-02-01T00:18:47.421Z [LOG] Thread 7 processed https://weather.com/weather/today/l/33.7667,72.3598?unit=c
2025-02-01T00:18:47.421Z [LOG] Thread 7 now crawling https://weather.com/weather/today/l/34.6796,73.0263?unit=c
2025-02-01T00:18:47.974Z [INFO] Scraping completed
2025-02-01T00:18:48.129Z [INFO] Scraping completed
2025-02-01T00:18:48.137Z [LOG] Add/Update successful [object Object]
2025-02-01T00:18:48.138Z [LOG] Thread 4 processed https://weather.com/weather/today/l/29.6967,72.5542?unit=c
2025-02-01T00:18:48.138Z [LOG] Thread 4 now crawling https://weather.com/weather/today/l/34.3700,73.4711?unit=c
2025-02-01T00:18:48.248Z [INFO] Scraping completed
2025-02-01T00:18:48.318Z [LOG] Add/Update successful [object Object]
2025-02-01T00:18:48.318Z [LOG] Thread 10 processed https://weather.com/weather/today/l/36.3078,74.6178?unit=c
2025-02-01T00:18:48.319Z [LOG] Thread 10 now crawling https://weather.com/weather/today/l/26.4568,65.2314?unit=c
2025-02-01T00:18:48.432Z [LOG] Add/Update successful [object Object]
2025-02-01T00:18:48.437Z [LOG] Thread 2 processed https://weather.com/weather/today/l/30.0500,70.6333?unit=c
2025-02-01T00:18:48.438Z [LOG] Thread 2 now crawling https://weather.com/weather/today/l/26.2442,68.4100?unit=c
2025-02-01T00:18:49.227Z [INFO] Scraping completed
2025-02-01T00:18:49.253Z [INFO] Scraping completed
2025-02-01T00:18:49.372Z [LOG] Add/Update successful [object Object]
2025-02-01T00:18:49.372Z [LOG] Thread 3 processed https://weather.com/weather/today/l/26.7319,67.7750?unit=c
2025-02-01T00:18:49.372Z [LOG] Thread 3 now crawling https://weather.com/weather/today/l/27.8000,66.6167?unit=c
2025-02-01T00:18:49.397Z [LOG] Add/Update successful [object Object]
2025-02-01T00:18:49.398Z [LOG] Thread 6 processed https://weather.com/weather/today/l/35.9206,74.3783?unit=c
2025-02-01T00:18:49.398Z [LOG] Thread 6 now crawling https://weather.com/weather/today/l/31.9286,70.4592?unit=c
2025-02-01T00:18:49.713Z [INFO] Scraping completed
2025-02-01T00:18:49.883Z [LOG] Add/Update successful [object Object]
2025-02-01T00:18:49.883Z [LOG] Thread 1 processed https://weather.com/weather/today/l/33.6989,73.0369?unit=c
2025-02-01T00:18:49.883Z [LOG] Thread 1 now crawling https://weather.com/weather/today/l/30.1920,67.0070?unit=c
2025-02-01T00:18:50.295Z [INFO] Scraping completed
2025-02-01T00:18:50.370Z [INFO] Scraping completed
2025-02-01T00:18:50.453Z [LOG] Add/Update successful [object Object]
2025-02-01T00:18:50.453Z [LOG] Thread 5 processed https://weather.com/weather/today/l/32.7012,73.9605?unit=c
2025-02-01T00:18:50.453Z [LOG] Thread 5 now crawling https://weather.com/weather/today/l/31.4492,73.7124?unit=c
2025-02-01T00:18:50.510Z [LOG] Add/Update successful [object Object]
2025-02-01T00:18:50.510Z [LOG] Thread 8 processed https://weather.com/weather/today/l/29.1041,70.3297?unit=c
2025-02-01T00:18:50.511Z [LOG] Thread 8 now crawling https://weather.com/weather/today/l/28.4167,68.1667?unit=c
2025-02-01T00:18:50.848Z [INFO] Scraping completed
2025-02-01T00:18:50.934Z [INFO] Scraping completed
2025-02-01T00:18:50.975Z [LOG] Add/Update successful [object Object]
2025-02-01T00:18:50.976Z [LOG] Thread 9 processed https://weather.com/weather/today/l/30.3814,67.7258?unit=c
2025-02-01T00:18:50.976Z [LOG] Thread 9 now crawling https://weather.com/weather/today/l/28.6132,67.4856?unit=c
2025-02-01T00:18:51.083Z [LOG] Add/Update successful [object Object]
2025-02-01T00:18:51.083Z [LOG] Thread 7 processed https://weather.com/weather/today/l/34.6796,73.0263?unit=c
2025-02-01T00:18:51.083Z [LOG] Thread 7 now crawling https://weather.com/weather/today/l/25.5971,68.4467?unit=c
2025-02-01T00:18:52.005Z [INFO] Scraping completed
2025-02-01T00:18:52.183Z [INFO] Scraping completed
2025-02-01T00:18:52.198Z [LOG] Add/Update successful [object Object]
2025-02-01T00:18:52.200Z [LOG] Thread 10 processed https://weather.com/weather/today/l/26.4568,65.2314?unit=c
2025-02-01T00:18:52.200Z [LOG] Thread 10 now crawling https://weather.com/weather/today/l/28.8885,64.4062?unit=c
2025-02-01T00:18:52.328Z [INFO] Scraping completed
2025-02-01T00:18:52.356Z [LOG] Add/Update successful [object Object]
2025-02-01T00:18:52.357Z [LOG] Thread 4 processed https://weather.com/weather/today/l/34.3700,73.4711?unit=c
2025-02-01T00:18:52.359Z [LOG] Thread 4 now crawling https://weather.com/weather/today/l/32.5853,71.5436?unit=c
2025-02-01T00:18:52.488Z [LOG] Add/Update successful [object Object]
2025-02-01T00:18:52.490Z [LOG] Thread 2 processed https://weather.com/weather/today/l/26.2442,68.4100?unit=c
2025-02-01T00:18:52.490Z [LOG] Thread 2 now crawling https://weather.com/weather/today/l/30.6706,73.1064?unit=c
2025-02-01T00:18:52.977Z [INFO] Scraping completed
2025-02-01T00:18:53.021Z [INFO] Scraping completed
2025-02-01T00:18:53.107Z [LOG] Add/Update successful [object Object]
2025-02-01T00:18:53.108Z [LOG] Thread 6 processed https://weather.com/weather/today/l/31.9286,70.4592?unit=c
2025-02-01T00:18:53.108Z [LOG] Thread 6 now crawling https://weather.com/weather/today/l/33.5156,73.9019?unit=c
2025-02-01T00:18:53.138Z [LOG] Add/Update successful [object Object]
2025-02-01T00:18:53.138Z [LOG] Thread 3 processed https://weather.com/weather/today/l/27.8000,66.6167?unit=c
2025-02-01T00:18:53.139Z [LOG] Thread 3 now crawling https://weather.com/weather/today/l/30.3500,73.4000?unit=c
2025-02-01T00:18:53.591Z [INFO] Scraping completed
2025-02-01T00:18:53.736Z [LOG] Add/Update successful [object Object]
2025-02-01T00:18:53.737Z [LOG] Thread 1 processed https://weather.com/weather/today/l/30.1920,67.0070?unit=c
2025-02-01T00:18:53.737Z [LOG] Thread 1 now crawling https://weather.com/weather/today/l/29.3956,71.6722?unit=c
2025-02-01T00:18:53.846Z [INFO] Scraping completed
2025-02-01T00:18:53.995Z [INFO] Scraping completed
2025-02-01T00:18:54.001Z [LOG] Add/Update successful [object Object]
2025-02-01T00:18:54.002Z [LOG] Thread 5 processed https://weather.com/weather/today/l/31.4492,73.7124?unit=c
2025-02-01T00:18:54.002Z [LOG] Thread 5 now crawling https://weather.com/weather/today/l/32.9889,70.6056?unit=c
2025-02-01T00:18:54.180Z [LOG] Add/Update successful [object Object]
2025-02-01T00:18:54.180Z [LOG] Thread 8 processed https://weather.com/weather/today/l/28.4167,68.1667?unit=c
2025-02-01T00:18:54.180Z [LOG] Thread 8 now crawling https://weather.com/weather/today/l/27.8473,67.9068?unit=c
2025-02-01T00:18:54.679Z [INFO] Scraping completed
2025-02-01T00:18:54.854Z [LOG] Add/Update successful [object Object]
2025-02-01T00:18:54.855Z [LOG] Thread 9 processed https://weather.com/weather/today/l/28.6132,67.4856?unit=c
2025-02-01T00:18:54.855Z [LOG] Thread 9 now crawling https://weather.com/weather/today/l/29.5430,67.8773?unit=c
2025-02-01T00:18:54.985Z [INFO] Scraping completed
2025-02-01T00:18:55.172Z [LOG] Add/Update successful [object Object]
2025-02-01T00:18:55.173Z [LOG] Thread 7 processed https://weather.com/weather/today/l/25.5971,68.4467?unit=c
2025-02-01T00:18:55.173Z [LOG] Thread 7 now crawling https://weather.com/weather/today/l/28.0064,69.3150?unit=c
2025-02-01T00:18:55.456Z [INFO] Scraping completed
2025-02-01T00:18:55.589Z [LOG] Add/Update successful [object Object]
2025-02-01T00:18:55.589Z [LOG] Thread 4 processed https://weather.com/weather/today/l/32.5853,71.5436?unit=c
2025-02-01T00:18:55.589Z [LOG] Thread 4 now crawling https://weather.com/weather/today/l/32.7667,74.2167?unit=c
2025-02-01T00:18:56.134Z [INFO] Scraping completed
2025-02-01T00:18:56.147Z [INFO] Scraping completed
2025-02-01T00:18:56.264Z [LOG] Add/Update successful [object Object]
2025-02-01T00:18:56.264Z [INFO] Scraping completed
2025-02-01T00:18:56.264Z [LOG] Thread 2 processed https://weather.com/weather/today/l/30.6706,73.1064?unit=c
2025-02-01T00:18:56.264Z [LOG] Thread 2 now crawling https://weather.com/weather/today/l/25.5269,69.0111?unit=c
2025-02-01T00:18:56.282Z [LOG] Add/Update successful [object Object]
2025-02-01T00:18:56.286Z [LOG] Thread 10 processed https://weather.com/weather/today/l/28.8885,64.4062?unit=c
2025-02-01T00:18:56.287Z [LOG] Remaining URLs: 135
2025-02-01T00:18:56.397Z [LOG] Add/Update successful [object Object]
2025-02-01T00:18:56.398Z [LOG] Thread 6 processed https://weather.com/weather/today/l/33.5156,73.9019?unit=c
2025-02-01T00:18:56.398Z [LOG] Thread 6 now crawling https://weather.com/weather/today/l/35.9208,74.3144?unit=c
2025-02-01T00:18:56.972Z [INFO] Scraping completed
2025-02-01T00:18:57.134Z [INFO] Scraping completed
2025-02-01T00:18:57.157Z [LOG] Add/Update successful [object Object]
2025-02-01T00:18:57.157Z [LOG] Thread 3 processed https://weather.com/weather/today/l/30.3500,73.4000?unit=c
2025-02-01T00:18:57.157Z [LOG] Thread 3 now crawling https://weather.com/weather/today/l/25.4667,68.7167?unit=c
2025-02-01T00:18:57.264Z [LOG] Add/Update successful [object Object]
2025-02-01T00:18:57.264Z [LOG] Thread 1 processed https://weather.com/weather/today/l/29.3956,71.6722?unit=c
2025-02-01T00:18:57.265Z [LOG] Thread 1 now crawling https://weather.com/weather/today/l/32.0836,72.6711?unit=c
2025-02-01T00:18:57.369Z [INFO] Scraping completed
2025-02-01T00:18:57.500Z [LOG] Add/Update successful [object Object]
2025-02-01T00:18:57.500Z [LOG] Thread 5 processed https://weather.com/weather/today/l/32.9889,70.6056?unit=c
2025-02-01T00:18:57.501Z [LOG] Thread 5 now crawling https://weather.com/weather/today/l/34.8281,71.8408?unit=c
2025-02-01T00:18:57.705Z [INFO] Scraping completed
2025-02-01T00:18:57.827Z [LOG] Add/Update successful [object Object]
2025-02-01T00:18:57.828Z [LOG] Thread 8 processed https://weather.com/weather/today/l/27.8473,67.9068?unit=c
2025-02-01T00:18:57.828Z [LOG] Thread 8 now crawling https://weather.com/weather/today/l/30.5833,67.0000?unit=c
2025-02-01T00:18:58.239Z [INFO] Scraping completed
2025-02-01T00:18:58.292Z [INFO] Scraping completed
2025-02-01T00:18:58.349Z [LOG] Add/Update successful [object Object]
2025-02-01T00:18:58.350Z [LOG] Thread 4 processed https://weather.com/weather/today/l/32.7667,74.2167?unit=c
2025-02-01T00:18:58.350Z [LOG] Thread 4 now crawling https://weather.com/weather/today/l/31.6333,71.0667?unit=c
2025-02-01T00:18:58.393Z [LOG] Add/Update successful [object Object]
2025-02-01T00:18:58.393Z [LOG] Thread 9 processed https://weather.com/weather/today/l/29.5430,67.8773?unit=c
2025-02-01T00:18:58.394Z [LOG] Thread 9 now crawling https://weather.com/weather/today/l/29.0362,69.1585?unit=c
2025-02-01T00:18:58.889Z [INFO] Scraping completed
2025-02-01T00:18:59.066Z [LOG] Add/Update successful [object Object]
2025-02-01T00:18:59.066Z [LOG] Thread 7 processed https://weather.com/weather/today/l/28.0064,69.3150?unit=c
2025-02-01T00:18:59.067Z [LOG] Thread 7 now crawling https://weather.com/weather/today/l/26.8401,68.1227?unit=c
2025-02-01T00:18:59.455Z [INFO] Scraping completed
2025-02-01T00:18:59.557Z [LOG] Add/Update successful [object Object]
2025-02-01T00:18:59.557Z [LOG] Thread 6 processed https://weather.com/weather/today/l/35.9208,74.3144?unit=c
2025-02-01T00:18:59.558Z [LOG] Thread 6 now crawling https://weather.com/weather/today/l/25.3969,68.3772?unit=c
2025-02-01T00:19:00.276Z [INFO] Scraping completed
2025-02-01T00:19:00.390Z [LOG] Add/Update successful [object Object]
2025-02-01T00:19:00.391Z [LOG] Thread 1 processed https://weather.com/weather/today/l/32.0836,72.6711?unit=c
2025-02-01T00:19:00.391Z [LOG] Thread 1 now crawling https://weather.com/weather/today/l/33.1333,73.7500?unit=c
2025-02-01T00:19:00.738Z [INFO] Scraping completed
2025-02-01T00:19:00.893Z [LOG] Add/Update successful [object Object]
2025-02-01T00:19:00.893Z [LOG] Thread 3 processed https://weather.com/weather/today/l/25.4667,68.7167?unit=c
2025-02-01T00:19:00.893Z [LOG] Thread 3 now crawling https://weather.com/weather/today/l/30.0419,72.3528?unit=c
2025-02-01T00:19:01.066Z [INFO] Scraping completed
2025-02-01T00:19:01.220Z [INFO] Scraping completed
2025-02-01T00:19:01.245Z [LOG] Add/Update successful [object Object]
2025-02-01T00:19:01.246Z [LOG] Thread 2 processed https://weather.com/weather/today/l/25.5269,69.0111?unit=c
2025-02-01T00:19:01.246Z [LOG] Thread 2 now crawling https://weather.com/weather/today/l/30.8100,73.4597?unit=c
2025-02-01T00:19:01.330Z [LOG] Add/Update successful [object Object]
2025-02-01T00:19:01.330Z [LOG] Thread 5 processed https://weather.com/weather/today/l/34.8281,71.8408?unit=c
2025-02-01T00:19:01.331Z [LOG] Thread 5 now crawling https://weather.com/weather/today/l/33.8992,70.1008?unit=c
2025-02-01T00:19:01.584Z [INFO] Scraping completed
2025-02-01T00:19:01.691Z [LOG] Add/Update successful [object Object]
2025-02-01T00:19:01.691Z [LOG] Thread 8 processed https://weather.com/weather/today/l/30.5833,67.0000?unit=c
2025-02-01T00:19:01.691Z [LOG] Thread 8 now crawling https://weather.com/weather/today/l/26.0464,68.9481?unit=c
2025-02-01T00:19:01.742Z [INFO] Scraping completed
2025-02-01T00:19:01.891Z [LOG] Add/Update successful [object Object]
2025-02-01T00:19:01.892Z [LOG] Thread 4 processed https://weather.com/weather/today/l/31.6333,71.0667?unit=c
2025-02-01T00:19:01.892Z [LOG] Thread 4 now crawling https://weather.com/weather/today/l/31.3417,69.4486?unit=c
2025-02-01T00:19:02.144Z [INFO] Scraping completed
2025-02-01T00:19:02.249Z [LOG] Add/Update successful [object Object]
2025-02-01T00:19:02.249Z [LOG] Thread 7 processed https://weather.com/weather/today/l/26.8401,68.1227?unit=c
2025-02-01T00:19:02.249Z [LOG] Thread 7 now crawling https://weather.com/weather/today/l/34.9000,72.6556?unit=c
2025-02-01T00:19:02.622Z [INFO] Scraping completed
2025-02-01T00:19:02.757Z [LOG] Add/Update successful [object Object]
2025-02-01T00:19:02.758Z [LOG] Thread 9 processed https://weather.com/weather/today/l/29.0362,69.1585?unit=c
2025-02-01T00:19:02.758Z [LOG] Thread 9 now crawling https://weather.com/weather/today/l/35.3471,74.8563?unit=c
2025-02-01T00:19:03.047Z [INFO] Scraping completed
2025-02-01T00:19:03.241Z [LOG] Add/Update successful [object Object]
2025-02-01T00:19:03.241Z [LOG] Thread 6 processed https://weather.com/weather/today/l/25.3969,68.3772?unit=c
2025-02-01T00:19:03.241Z [LOG] Thread 6 now crawling https://weather.com/weather/today/l/32.1020,74.8730?unit=c
2025-02-01T00:19:03.499Z [INFO] Scraping completed
2025-02-01T00:19:03.599Z [LOG] Add/Update successful [object Object]
2025-02-01T00:19:03.599Z [LOG] Thread 1 processed https://weather.com/weather/today/l/33.1333,73.7500?unit=c
2025-02-01T00:19:03.599Z [LOG] Thread 1 now crawling https://weather.com/weather/today/l/31.7167,72.9833?unit=c
2025-02-01T00:19:04.064Z [INFO] Scraping completed
2025-02-01T00:19:04.210Z [LOG] Add/Update successful [object Object]
2025-02-01T00:19:04.211Z [LOG] Thread 3 processed https://weather.com/weather/today/l/30.0419,72.3528?unit=c
2025-02-01T00:19:04.211Z [LOG] Thread 3 now crawling https://weather.com/weather/today/l/31.3342,73.4194?unit=c
2025-02-01T00:19:04.605Z [INFO] Scraping completed
2025-02-01T00:19:04.663Z [INFO] Scraping completed
2025-02-01T00:19:04.737Z [LOG] Add/Update successful [object Object]
2025-02-01T00:19:04.737Z [LOG] Thread 5 processed https://weather.com/weather/today/l/33.8992,70.1008?unit=c
2025-02-01T00:19:04.737Z [LOG] Thread 5 now crawling https://weather.com/weather/today/l/25.1264,62.3225?unit=c
2025-02-01T00:19:04.776Z [LOG] Add/Update successful [object Object]
2025-02-01T00:19:04.777Z [LOG] Thread 2 processed https://weather.com/weather/today/l/30.8100,73.4597?unit=c
2025-02-01T00:19:04.777Z [LOG] Thread 2 now crawling https://weather.com/weather/today/l/30.1500,72.6833?unit=c
2025-02-01T00:19:05.152Z [INFO] Scraping completed
2025-02-01T00:19:05.273Z [LOG] Add/Update successful [object Object]
2025-02-01T00:19:05.274Z [LOG] Thread 4 processed https://weather.com/weather/today/l/31.3417,69.4486?unit=c
2025-02-01T00:19:05.274Z [LOG] Thread 4 now crawling https://weather.com/weather/today/l/32.8110,73.8650?unit=c
2025-02-01T00:19:05.539Z [INFO] Scraping completed
2025-02-01T00:19:05.638Z [LOG] Add/Update successful [object Object]
2025-02-01T00:19:05.639Z [LOG] Thread 9 processed https://weather.com/weather/today/l/35.3471,74.8563?unit=c
2025-02-01T00:19:05.639Z [LOG] Thread 9 now crawling https://weather.com/weather/today/l/26.0012,63.0485?unit=c
2025-02-01T00:19:06.130Z [INFO] Scraping completed
2025-02-01T00:19:06.263Z [INFO] Scraping completed
2025-02-01T00:19:06.265Z [LOG] Add/Update successful [object Object]
2025-02-01T00:19:06.265Z [LOG] Thread 8 processed https://weather.com/weather/today/l/26.0464,68.9481?unit=c
2025-02-01T00:19:06.265Z [LOG] Thread 8 now crawling https://weather.com/weather/today/l/35.2074,71.8768?unit=c
2025-02-01T00:19:06.429Z [LOG] Add/Update successful [object Object]
2025-02-01T00:19:06.430Z [LOG] Thread 6 processed https://weather.com/weather/today/l/32.1020,74.8730?unit=c
2025-02-01T00:19:06.434Z [LOG] Remaining URLs: 120
2025-02-01T00:19:06.918Z [INFO] Scraping completed
2025-02-01T00:19:07.049Z [LOG] Add/Update successful [object Object]
2025-02-01T00:19:07.049Z [LOG] Thread 7 processed https://weather.com/weather/today/l/34.9000,72.6556?unit=c
2025-02-01T00:19:07.049Z [LOG] Remaining URLs: 105
2025-02-01T00:19:07.470Z [INFO] Scraping completed
2025-02-01T00:19:07.626Z [LOG] Add/Update successful [object Object]
2025-02-01T00:19:07.627Z [LOG] Thread 1 processed https://weather.com/weather/today/l/31.7167,72.9833?unit=c
2025-02-01T00:19:07.627Z [LOG] Remaining URLs: 90
2025-02-01T00:19:07.652Z [INFO] Scraping completed
2025-02-01T00:19:07.752Z [LOG] Add/Update successful [object Object]
2025-02-01T00:19:07.753Z [LOG] Thread 3 processed https://weather.com/weather/today/l/31.3342,73.4194?unit=c
2025-02-01T00:19:07.753Z [LOG] Remaining URLs: 75
2025-02-01T00:19:08.184Z [INFO] Scraping completed
2025-02-01T00:19:08.208Z [INFO] Scraping completed
2025-02-01T00:19:08.252Z [INFO] Scraping completed
2025-02-01T00:19:08.311Z [LOG] Add/Update successful [object Object]
2025-02-01T00:19:08.311Z [LOG] Thread 4 processed https://weather.com/weather/today/l/32.8110,73.8650?unit=c
2025-02-01T00:19:08.312Z [LOG] Remaining URLs: 60
2025-02-01T00:19:08.326Z [LOG] Add/Update successful [object Object]
2025-02-01T00:19:08.326Z [LOG] Thread 5 processed https://weather.com/weather/today/l/25.1264,62.3225?unit=c
2025-02-01T00:19:08.327Z [LOG] Remaining URLs: 45
2025-02-01T00:19:08.356Z [LOG] Add/Update successful [object Object]
2025-02-01T00:19:08.356Z [LOG] Thread 2 processed https://weather.com/weather/today/l/30.1500,72.6833?unit=c
2025-02-01T00:19:08.356Z [LOG] Remaining URLs: 30
2025-02-01T00:19:08.646Z [INFO] Scraping completed
2025-02-01T00:19:08.745Z [LOG] Add/Update successful [object Object]
2025-02-01T00:19:08.745Z [LOG] Thread 9 processed https://weather.com/weather/today/l/26.0012,63.0485?unit=c
2025-02-01T00:19:08.746Z [LOG] Remaining URLs: 15
2025-02-01T00:19:09.075Z [INFO] Scraping completed
2025-02-01T00:19:09.177Z [LOG] Add/Update successful [object Object]
2025-02-01T00:19:09.178Z [LOG] Thread 8 processed https://weather.com/weather/today/l/35.2074,71.8768?unit=c
2025-02-01T00:19:09.178Z [LOG] Remaining URLs: 0
2025-02-01T00:19:09.178Z [LOG] All URLs processed.
