2025-01-01T00:18:59.532Z [LOG] Queue initialized successfully.
2025-01-01T00:18:59.550Z [LOG] Total URLs: 146
2025-01-01T00:18:59.927Z [LOG] Thread 8 now crawling https://weather.com/weather/today/l/33.9803,73.7747?unit=c
2025-01-01T00:18:59.967Z [LOG] Thread 2 now crawling https://weather.com/weather/today/l/27.6995,68.8673?unit=c
2025-01-01T00:18:59.998Z [LOG] Thread 6 now crawling https://weather.com/weather/today/l/30.5522,72.1278?unit=c
2025-01-01T00:19:00.032Z [LOG] Thread 1 now crawling https://weather.com/weather/today/l/24.8600,67.0100?unit=c
2025-01-01T00:19:00.043Z [LOG] Thread 4 now crawling https://weather.com/weather/today/l/30.7258,72.6447?unit=c
2025-01-01T00:19:00.123Z [LOG] Thread 3 now crawling https://weather.com/weather/today/l/28.2769,68.4514?unit=c
2025-01-01T00:19:00.126Z [LOG] Thread 9 now crawling https://weather.com/weather/today/l/24.7461,67.9243?unit=c
2025-01-01T00:19:00.127Z [LOG] Thread 5 now crawling https://weather.com/weather/today/l/30.4397,72.3544?unit=c
2025-01-01T00:19:00.125Z [LOG] Thread 10 now crawling https://weather.com/weather/today/l/25.8072,66.6219?unit=c
2025-01-01T00:19:00.139Z [LOG] Thread 7 now crawling https://weather.com/weather/today/l/27.5295,68.7592?unit=c
2025-01-01T00:19:05.337Z [INFO] Scraping completed
2025-01-01T00:19:05.614Z [LOG] Add/Update successful [object Object]
2025-01-01T00:19:05.614Z [LOG] Thread 2 processed https://weather.com/weather/today/l/27.6995,68.8673?unit=c
2025-01-01T00:19:05.615Z [LOG] Thread 2 now crawling https://weather.com/weather/today/l/27.5600,68.2264?unit=c
2025-01-01T00:19:05.879Z [INFO] Scraping completed
2025-01-01T00:19:05.977Z [INFO] Scraping completed
2025-01-01T00:19:06.057Z [INFO] Scraping completed
2025-01-01T00:19:06.165Z [LOG] Add/Update successful [object Object]
2025-01-01T00:19:06.166Z [LOG] Thread 10 processed https://weather.com/weather/today/l/25.8072,66.6219?unit=c
2025-01-01T00:19:06.168Z [LOG] Thread 10 now crawling https://weather.com/weather/today/l/27.7384,66.6434?unit=c
2025-01-01T00:19:06.243Z [LOG] Add/Update successful [object Object]
2025-01-01T00:19:06.244Z [LOG] Thread 1 processed https://weather.com/weather/today/l/24.8600,67.0100?unit=c
2025-01-01T00:19:06.244Z [LOG] Thread 1 now crawling https://weather.com/weather/today/l/31.5497,74.3436?unit=c
2025-01-01T00:19:06.336Z [LOG] Add/Update successful [object Object]
2025-01-01T00:19:06.336Z [LOG] Thread 8 processed https://weather.com/weather/today/l/33.9803,73.7747?unit=c
2025-01-01T00:19:06.339Z [LOG] Thread 8 now crawling https://weather.com/weather/today/l/34.5111,72.4844?unit=c
2025-01-01T00:19:06.501Z [INFO] Scraping completed
2025-01-01T00:19:06.664Z [INFO] Scraping completed
2025-01-01T00:19:06.894Z [INFO] Scraping completed
2025-01-01T00:19:06.914Z [LOG] Add/Update successful [object Object]
2025-01-01T00:19:06.918Z [LOG] Thread 5 processed https://weather.com/weather/today/l/30.4397,72.3544?unit=c
2025-01-01T00:19:06.918Z [LOG] Thread 5 now crawling https://weather.com/weather/today/l/25.4283,68.2822?unit=c
2025-01-01T00:19:07.059Z [LOG] Add/Update successful [object Object]
2025-01-01T00:19:07.059Z [LOG] Thread 3 processed https://weather.com/weather/today/l/28.2769,68.4514?unit=c
2025-01-01T00:19:07.060Z [LOG] Thread 3 now crawling https://weather.com/weather/today/l/28.3006,70.1302?unit=c
2025-01-01T00:19:07.231Z [INFO] Scraping completed
2025-01-01T00:19:07.268Z [LOG] Add/Update successful [object Object]
2025-01-01T00:19:07.269Z [LOG] Thread 4 processed https://weather.com/weather/today/l/30.7258,72.6447?unit=c
2025-01-01T00:19:07.270Z [LOG] Thread 4 now crawling https://weather.com/weather/today/l/30.4700,70.9644?unit=c
2025-01-01T00:19:07.336Z [INFO] Scraping completed
2025-01-01T00:19:07.372Z [INFO] Scraping completed
2025-01-01T00:19:07.587Z [LOG] Add/Update successful [object Object]
2025-01-01T00:19:07.587Z [LOG] Thread 9 processed https://weather.com/weather/today/l/24.7461,67.9243?unit=c
2025-01-01T00:19:07.587Z [LOG] Thread 9 now crawling https://weather.com/weather/today/l/28.5466,68.2231?unit=c
2025-01-01T00:19:07.745Z [LOG] Add/Update successful [object Object]
2025-01-01T00:19:07.746Z [LOG] Thread 7 processed https://weather.com/weather/today/l/27.5295,68.7592?unit=c
2025-01-01T00:19:07.746Z [LOG] Thread 7 now crawling https://weather.com/weather/today/l/30.3017,71.9321?unit=c
2025-01-01T00:19:07.766Z [LOG] Add/Update successful [object Object]
2025-01-01T00:19:07.768Z [LOG] Thread 6 processed https://weather.com/weather/today/l/30.5522,72.1278?unit=c
2025-01-01T00:19:07.769Z [LOG] Thread 6 now crawling https://weather.com/weather/today/l/33.8195,72.6890?unit=c
2025-01-01T00:19:09.501Z [INFO] Scraping completed
2025-01-01T00:19:09.708Z [LOG] Add/Update successful [object Object]
2025-01-01T00:19:09.708Z [LOG] Thread 2 processed https://weather.com/weather/today/l/27.5600,68.2264?unit=c
2025-01-01T00:19:09.708Z [LOG] Thread 2 now crawling https://weather.com/weather/today/l/31.7083,74.0000?unit=c
2025-01-01T00:19:10.088Z [INFO] Scraping completed
2025-01-01T00:19:10.237Z [INFO] Scraping completed
2025-01-01T00:19:10.400Z [INFO] Scraping completed
2025-01-01T00:19:10.456Z [LOG] Add/Update successful [object Object]
2025-01-01T00:19:10.487Z [INFO] Scraping completed
2025-01-01T00:19:10.520Z [INFO] Scraping completed
2025-01-01T00:19:10.649Z [LOG] Thread 10 processed https://weather.com/weather/today/l/27.7384,66.6434?unit=c
2025-01-01T00:19:10.649Z [LOG] Thread 10 now crawling https://weather.com/weather/today/l/35.4206,74.0967?unit=c
2025-01-01T00:19:10.719Z [LOG] Add/Update successful [object Object]
2025-01-01T00:19:10.743Z [LOG] Thread 1 processed https://weather.com/weather/today/l/31.5497,74.3436?unit=c
2025-01-01T00:19:10.744Z [LOG] Thread 1 now crawling https://weather.com/weather/today/l/32.5000,74.5333?unit=c
2025-01-01T00:19:10.963Z [LOG] Add/Update successful [object Object]
2025-01-01T00:19:10.964Z [LOG] Thread 8 processed https://weather.com/weather/today/l/34.5111,72.4844?unit=c
2025-01-01T00:19:10.964Z [LOG] Thread 8 now crawling https://weather.com/weather/today/l/29.9983,73.2527?unit=c
2025-01-01T00:19:11.034Z [LOG] Add/Update successful [object Object]
2025-01-01T00:19:11.041Z [LOG] Add/Update successful [object Object]
2025-01-01T00:19:11.193Z [LOG] Thread 5 processed https://weather.com/weather/today/l/25.4283,68.2822?unit=c
2025-01-01T00:19:11.193Z [LOG] Thread 3 processed https://weather.com/weather/today/l/28.3006,70.1302?unit=c
2025-01-01T00:19:11.194Z [LOG] Thread 3 now crawling https://weather.com/weather/today/l/33.5869,71.4414?unit=c
2025-01-01T00:19:11.194Z [LOG] Thread 5 now crawling https://weather.com/weather/today/l/31.0214,73.8528?unit=c
2025-01-01T00:19:11.204Z [INFO] Scraping completed
2025-01-01T00:19:11.523Z [INFO] Scraping completed
2025-01-01T00:19:11.530Z [INFO] Scraping completed
2025-01-01T00:19:11.556Z [INFO] Scraping completed
2025-01-01T00:19:11.785Z [LOG] Add/Update successful [object Object]
2025-01-01T00:19:11.785Z [LOG] Thread 9 processed https://weather.com/weather/today/l/28.5466,68.2231?unit=c
2025-01-01T00:19:11.785Z [LOG] Thread 9 now crawling https://weather.com/weather/today/l/29.8965,69.2532?unit=c
2025-01-01T00:19:11.803Z [LOG] Add/Update successful [object Object]
2025-01-01T00:19:11.804Z [LOG] Thread 4 processed https://weather.com/weather/today/l/30.4700,70.9644?unit=c
2025-01-01T00:19:11.804Z [LOG] Thread 4 now crawling https://weather.com/weather/today/l/34.0153,71.9747?unit=c
2025-01-01T00:19:11.852Z [LOG] Add/Update successful [object Object]
2025-01-01T00:19:11.852Z [LOG] Thread 7 processed https://weather.com/weather/today/l/30.3017,71.9321?unit=c
2025-01-01T00:19:11.853Z [LOG] Thread 7 now crawling https://weather.com/weather/today/l/32.9333,73.7333?unit=c
2025-01-01T00:19:11.887Z [LOG] Add/Update successful [object Object]
2025-01-01T00:19:11.887Z [LOG] Thread 6 processed https://weather.com/weather/today/l/33.8195,72.6890?unit=c
2025-01-01T00:19:11.888Z [LOG] Thread 6 now crawling https://weather.com/weather/today/l/32.2167,70.3833?unit=c
2025-01-01T00:19:14.339Z [INFO] Scraping completed
2025-01-01T00:19:14.510Z [LOG] Add/Update successful [object Object]
2025-01-01T00:19:14.510Z [LOG] Thread 2 processed https://weather.com/weather/today/l/31.7083,74.0000?unit=c
2025-01-01T00:19:14.511Z [LOG] Thread 2 now crawling https://weather.com/weather/today/l/31.2681,72.3181?unit=c
2025-01-01T00:19:14.598Z [INFO] Scraping completed
2025-01-01T00:19:14.790Z [LOG] Add/Update successful [object Object]
2025-01-01T00:19:14.791Z [LOG] Thread 1 processed https://weather.com/weather/today/l/32.5000,74.5333?unit=c
2025-01-01T00:19:14.791Z [LOG] Thread 1 now crawling https://weather.com/weather/today/l/31.4180,73.0790?unit=c
2025-01-01T00:19:14.972Z [INFO] Scraping completed
2025-01-01T00:19:15.062Z [LOG] Add/Update successful [object Object]
2025-01-01T00:19:15.063Z [LOG] Thread 8 processed https://weather.com/weather/today/l/29.9983,73.2527?unit=c
2025-01-01T00:19:15.063Z [LOG] Thread 8 now crawling https://weather.com/weather/today/l/30.9646,70.9444?unit=c
2025-01-01T00:19:15.187Z [INFO] Scraping completed
2025-01-01T00:19:15.307Z [LOG] Add/Update successful [object Object]
2025-01-01T00:19:15.307Z [LOG] Thread 3 processed https://weather.com/weather/today/l/33.5869,71.4414?unit=c
2025-01-01T00:19:15.308Z [LOG] Thread 3 now crawling https://weather.com/weather/today/l/31.8020,74.2550?unit=c
2025-01-01T00:19:15.569Z [INFO] Scraping completed
2025-01-01T00:19:15.579Z [INFO] Scraping completed
2025-01-01T00:19:15.655Z [INFO] Scraping completed
2025-01-01T00:19:15.696Z [LOG] Add/Update successful [object Object]
2025-01-01T00:19:15.696Z [LOG] Thread 10 processed https://weather.com/weather/today/l/35.4206,74.0967?unit=c
2025-01-01T00:19:15.697Z [LOG] Thread 10 now crawling https://weather.com/weather/today/l/29.0266,66.5936?unit=c
2025-01-01T00:19:15.698Z [LOG] Add/Update successful [object Object]
2025-01-01T00:19:15.706Z [LOG] Thread 5 processed https://weather.com/weather/today/l/31.0214,73.8528?unit=c
2025-01-01T00:19:15.706Z [LOG] Thread 5 now crawling https://weather.com/weather/today/l/29.6100,73.1361?unit=c
2025-01-01T00:19:15.743Z [LOG] Add/Update successful [object Object]
2025-01-01T00:19:15.744Z [LOG] Thread 4 processed https://weather.com/weather/today/l/34.0153,71.9747?unit=c
2025-01-01T00:19:15.744Z [LOG] Thread 4 now crawling https://weather.com/weather/today/l/34.1167,72.4667?unit=c
2025-01-01T00:19:16.031Z [INFO] Scraping completed
2025-01-01T00:19:16.164Z [LOG] Add/Update successful [object Object]
2025-01-01T00:19:16.165Z [LOG] Thread 6 processed https://weather.com/weather/today/l/32.2167,70.3833?unit=c
2025-01-01T00:19:16.165Z [LOG] Thread 6 now crawling https://weather.com/weather/today/l/33.5281,71.0572?unit=c
2025-01-01T00:19:16.366Z [INFO] Scraping completed
2025-01-01T00:19:16.377Z [INFO] Scraping completed
2025-01-01T00:19:16.461Z [LOG] Add/Update successful [object Object]
2025-01-01T00:19:16.462Z [LOG] Thread 9 processed https://weather.com/weather/today/l/29.8965,69.2532?unit=c
2025-01-01T00:19:16.462Z [LOG] Thread 9 now crawling https://weather.com/weather/today/l/29.7997,66.8455?unit=c
2025-01-01T00:19:16.473Z [LOG] Add/Update successful [object Object]
2025-01-01T00:19:16.473Z [LOG] Thread 7 processed https://weather.com/weather/today/l/32.9333,73.7333?unit=c
2025-01-01T00:19:16.474Z [LOG] Thread 7 now crawling https://weather.com/weather/today/l/33.9942,72.9333?unit=c
2025-01-01T00:19:20.834Z [INFO] Scraping completed
2025-01-01T00:19:20.918Z [LOG] Add/Update successful [object Object]
2025-01-01T00:19:20.918Z [LOG] Thread 6 processed https://weather.com/weather/today/l/33.5281,71.0572?unit=c
2025-01-01T00:19:20.918Z [LOG] Thread 6 now crawling https://weather.com/weather/today/l/34.0049,71.9989?unit=c
2025-01-01T00:19:21.301Z [INFO] Scraping completed
2025-01-01T00:19:21.381Z [INFO] Scraping completed
2025-01-01T00:19:21.438Z [LOG] Add/Update successful [object Object]
2025-01-01T00:19:21.439Z [LOG] Thread 2 processed https://weather.com/weather/today/l/31.2681,72.3181?unit=c
2025-01-01T00:19:21.439Z [LOG] Thread 2 now crawling https://weather.com/weather/today/l/28.4202,70.2952?unit=c
2025-01-01T00:19:21.445Z [INFO] Scraping completed
2025-01-01T00:19:21.528Z [LOG] Add/Update successful [object Object]
2025-01-01T00:19:21.528Z [LOG] Thread 5 processed https://weather.com/weather/today/l/29.6100,73.1361?unit=c
2025-01-01T00:19:21.528Z [LOG] Thread 5 now crawling https://weather.com/weather/today/l/30.9667,72.4833?unit=c
2025-01-01T00:19:21.647Z [INFO] Scraping completed
2025-01-01T00:19:21.650Z [LOG] Add/Update successful [object Object]
2025-01-01T00:19:21.650Z [LOG] Thread 9 processed https://weather.com/weather/today/l/29.7997,66.8455?unit=c
2025-01-01T00:19:21.650Z [LOG] Thread 9 now crawling https://weather.com/weather/today/l/35.2917,73.2906?unit=c
2025-01-01T00:19:21.848Z [LOG] Add/Update successful [object Object]
2025-01-01T00:19:21.853Z [LOG] Thread 10 processed https://weather.com/weather/today/l/29.0266,66.5936?unit=c
2025-01-01T00:19:21.854Z [LOG] Thread 10 now crawling https://weather.com/weather/today/l/26.9644,64.0903?unit=c
2025-01-01T00:19:22.137Z [INFO] Scraping completed
2025-01-01T00:19:22.244Z [INFO] Scraping completed
2025-01-01T00:19:22.308Z [LOG] Add/Update successful [object Object]
2025-01-01T00:19:22.308Z [LOG] Thread 4 processed https://weather.com/weather/today/l/34.1167,72.4667?unit=c
2025-01-01T00:19:22.310Z [LOG] Thread 4 now crawling https://weather.com/weather/today/l/31.8167,70.9167?unit=c
2025-01-01T00:19:22.409Z [INFO] Scraping completed
2025-01-01T00:19:22.417Z [LOG] Add/Update successful [object Object]
2025-01-01T00:19:22.418Z [LOG] Thread 7 processed https://weather.com/weather/today/l/33.9942,72.9333?unit=c
2025-01-01T00:19:22.418Z [LOG] Thread 7 now crawling https://weather.com/weather/today/l/27.9556,68.6382?unit=c
2025-01-01T00:19:22.516Z [INFO] Scraping completed
2025-01-01T00:19:22.516Z [INFO] Scraping completed
2025-01-01T00:19:22.573Z [LOG] Add/Update successful [object Object]
2025-01-01T00:19:22.576Z [LOG] Thread 8 processed https://weather.com/weather/today/l/30.9646,70.9444?unit=c
2025-01-01T00:19:22.576Z [LOG] Thread 8 now crawling https://weather.com/weather/today/l/25.1239,68.5389?unit=c
2025-01-01T00:19:22.717Z [LOG] Add/Update successful [object Object]
2025-01-01T00:19:22.718Z [LOG] Thread 1 processed https://weather.com/weather/today/l/31.4180,73.0790?unit=c
2025-01-01T00:19:22.718Z [LOG] Thread 1 now crawling https://weather.com/weather/today/l/33.6007,73.0679?unit=c
2025-01-01T00:19:22.735Z [LOG] Add/Update successful [object Object]
2025-01-01T00:19:22.736Z [LOG] Thread 3 processed https://weather.com/weather/today/l/31.8020,74.2550?unit=c
2025-01-01T00:19:22.736Z [LOG] Thread 3 now crawling https://weather.com/weather/today/l/30.0703,71.1933?unit=c
2025-01-01T00:19:24.715Z [INFO] Scraping completed
2025-01-01T00:19:24.886Z [LOG] Add/Update successful [object Object]
2025-01-01T00:19:24.886Z [LOG] Thread 6 processed https://weather.com/weather/today/l/34.0049,71.9989?unit=c
2025-01-01T00:19:24.887Z [LOG] Thread 6 now crawling https://weather.com/weather/today/l/33.1167,71.0833?unit=c
2025-01-01T00:19:25.458Z [INFO] Scraping completed
2025-01-01T00:19:25.550Z [LOG] Add/Update successful [object Object]
2025-01-01T00:19:25.550Z [LOG] Thread 2 processed https://weather.com/weather/today/l/28.4202,70.2952?unit=c
2025-01-01T00:19:25.550Z [LOG] Thread 2 now crawling https://weather.com/weather/today/l/32.5736,74.0789?unit=c
2025-01-01T00:19:25.807Z [INFO] Scraping completed
2025-01-01T00:19:25.841Z [INFO] Scraping completed
2025-01-01T00:19:25.877Z [INFO] Scraping completed
2025-01-01T00:19:25.906Z [LOG] Add/Update successful [object Object]
2025-01-01T00:19:25.906Z [LOG] Thread 9 processed https://weather.com/weather/today/l/35.2917,73.2906?unit=c
2025-01-01T00:19:25.906Z [LOG] Thread 9 now crawling https://weather.com/weather/today/l/34.5717,73.8972?unit=c
2025-01-01T00:19:25.940Z [LOG] Add/Update successful [object Object]
2025-01-01T00:19:25.941Z [LOG] Thread 5 processed https://weather.com/weather/today/l/30.9667,72.4833?unit=c
2025-01-01T00:19:25.941Z [LOG] Thread 5 now crawling https://weather.com/weather/today/l/32.2628,75.1583?unit=c
2025-01-01T00:19:25.963Z [LOG] Add/Update successful [object Object]
2025-01-01T00:19:25.964Z [LOG] Thread 10 processed https://weather.com/weather/today/l/26.9644,64.0903?unit=c
2025-01-01T00:19:25.964Z [LOG] Thread 10 now crawling https://weather.com/weather/today/l/36.1736,73.7667?unit=c
2025-01-01T00:19:26.483Z [INFO] Scraping completed
2025-01-01T00:19:26.533Z [INFO] Scraping completed
2025-01-01T00:19:26.614Z [LOG] Add/Update successful [object Object]
2025-01-01T00:19:26.615Z [LOG] Thread 3 processed https://weather.com/weather/today/l/30.0703,71.1933?unit=c
2025-01-01T00:19:26.615Z [LOG] Thread 3 now crawling https://weather.com/weather/today/l/28.6471,70.6620?unit=c
2025-01-01T00:19:26.653Z [LOG] Add/Update successful [object Object]
2025-01-01T00:19:26.654Z [LOG] Thread 4 processed https://weather.com/weather/today/l/31.8167,70.9167?unit=c
2025-01-01T00:19:26.654Z [LOG] Thread 4 now crawling https://weather.com/weather/today/l/30.9210,66.4597?unit=c
2025-01-01T00:19:26.733Z [INFO] Scraping completed
2025-01-01T00:19:26.878Z [LOG] Add/Update successful [object Object]
2025-01-01T00:19:26.879Z [LOG] Thread 1 processed https://weather.com/weather/today/l/33.6007,73.0679?unit=c
2025-01-01T00:19:26.879Z [LOG] Thread 1 now crawling https://weather.com/weather/today/l/34.0000,71.5000?unit=c
2025-01-01T00:19:27.131Z [INFO] Scraping completed
2025-01-01T00:19:27.163Z [INFO] Scraping completed
2025-01-01T00:19:27.263Z [LOG] Add/Update successful [object Object]
2025-01-01T00:19:27.265Z [LOG] Thread 8 processed https://weather.com/weather/today/l/25.1239,68.5389?unit=c
2025-01-01T00:19:27.265Z [LOG] Thread 8 now crawling https://weather.com/weather/today/l/32.9300,72.8500?unit=c
2025-01-01T00:19:27.287Z [LOG] Add/Update successful [object Object]
2025-01-01T00:19:27.287Z [LOG] Thread 7 processed https://weather.com/weather/today/l/27.9556,68.6382?unit=c
2025-01-01T00:19:27.288Z [LOG] Thread 7 now crawling https://weather.com/weather/today/l/33.8578,73.7604?unit=c
2025-01-01T00:19:28.547Z [INFO] Scraping completed
2025-01-01T00:19:28.690Z [LOG] Add/Update successful [object Object]
2025-01-01T00:19:28.690Z [LOG] Thread 6 processed https://weather.com/weather/today/l/33.1167,71.0833?unit=c
2025-01-01T00:19:28.690Z [LOG] Thread 6 now crawling https://weather.com/weather/today/l/32.4522,71.4718?unit=c
2025-01-01T00:19:29.402Z [INFO] Scraping completed
2025-01-01T00:19:29.506Z [INFO] Scraping completed
2025-01-01T00:19:29.519Z [LOG] Add/Update successful [object Object]
2025-01-01T00:19:29.520Z [LOG] Thread 2 processed https://weather.com/weather/today/l/32.5736,74.0789?unit=c
2025-01-01T00:19:29.520Z [LOG] Thread 2 now crawling https://weather.com/weather/today/l/31.1167,74.4500?unit=c
2025-01-01T00:19:29.630Z [LOG] Add/Update successful [object Object]
2025-01-01T00:19:29.635Z [LOG] Thread 10 processed https://weather.com/weather/today/l/36.1736,73.7667?unit=c
2025-01-01T00:19:29.635Z [LOG] Thread 10 now crawling https://weather.com/weather/today/l/30.7008,68.3598?unit=c
2025-01-01T00:19:30.003Z [INFO] Scraping completed
2025-01-01T00:19:30.138Z [LOG] Add/Update successful [object Object]
2025-01-01T00:19:30.139Z [LOG] Thread 9 processed https://weather.com/weather/today/l/34.5717,73.8972?unit=c
2025-01-01T00:19:30.139Z [LOG] Thread 9 now crawling https://weather.com/weather/today/l/30.3705,68.5979?unit=c
2025-01-01T00:19:30.214Z [INFO] Scraping completed
2025-01-01T00:19:30.342Z [INFO] Scraping completed
2025-01-01T00:19:30.363Z [LOG] Add/Update successful [object Object]
2025-01-01T00:19:30.367Z [LOG] Thread 4 processed https://weather.com/weather/today/l/30.9210,66.4597?unit=c
2025-01-01T00:19:30.367Z [LOG] Thread 4 now crawling https://weather.com/weather/today/l/34.1453,71.7308?unit=c
2025-01-01T00:19:30.473Z [INFO] Scraping completed
2025-01-01T00:19:30.508Z [LOG] Add/Update successful [object Object]
2025-01-01T00:19:30.508Z [LOG] Thread 5 processed https://weather.com/weather/today/l/32.2628,75.1583?unit=c
2025-01-01T00:19:30.508Z [LOG] Thread 5 now crawling https://weather.com/weather/today/l/30.7333,73.8167?unit=c
2025-01-01T00:19:30.657Z [LOG] Add/Update successful [object Object]
2025-01-01T00:19:30.658Z [LOG] Thread 1 processed https://weather.com/weather/today/l/34.0000,71.5000?unit=c
2025-01-01T00:19:30.658Z [LOG] Thread 1 now crawling https://weather.com/weather/today/l/34.7500,72.3572?unit=c
2025-01-01T00:19:30.808Z [INFO] Scraping completed
2025-01-01T00:19:30.939Z [LOG] Add/Update successful [object Object]
2025-01-01T00:19:30.940Z [LOG] Thread 3 processed https://weather.com/weather/today/l/28.6471,70.6620?unit=c
2025-01-01T00:19:30.940Z [LOG] Thread 3 now crawling https://weather.com/weather/today/l/31.1500,72.6833?unit=c
2025-01-01T00:19:31.020Z [INFO] Scraping completed
2025-01-01T00:19:31.130Z [LOG] Add/Update successful [object Object]
2025-01-01T00:19:31.131Z [LOG] Thread 8 processed https://weather.com/weather/today/l/32.9300,72.8500?unit=c
2025-01-01T00:19:31.131Z [LOG] Thread 8 now crawling https://weather.com/weather/today/l/32.2952,72.3502?unit=c
2025-01-01T00:19:31.381Z [INFO] Scraping completed
2025-01-01T00:19:31.464Z [LOG] Add/Update successful [object Object]
2025-01-01T00:19:31.465Z [LOG] Thread 7 processed https://weather.com/weather/today/l/33.8578,73.7604?unit=c
2025-01-01T00:19:31.465Z [LOG] Thread 7 now crawling https://weather.com/weather/today/l/32.0709,73.6880?unit=c
2025-01-01T00:19:32.609Z [INFO] Scraping completed
2025-01-01T00:19:32.831Z [LOG] Add/Update successful [object Object]
2025-01-01T00:19:32.832Z [LOG] Thread 6 processed https://weather.com/weather/today/l/32.4522,71.4718?unit=c
2025-01-01T00:19:32.832Z [LOG] Thread 6 now crawling https://weather.com/weather/today/l/25.3614,69.7361?unit=c
2025-01-01T00:19:33.567Z [INFO] Scraping completed
2025-01-01T00:19:33.663Z [LOG] Add/Update successful [object Object]
2025-01-01T00:19:33.664Z [LOG] Thread 10 processed https://weather.com/weather/today/l/30.7008,68.3598?unit=c
2025-01-01T00:19:33.664Z [LOG] Thread 10 now crawling https://weather.com/weather/today/l/28.5846,65.4150?unit=c
2025-01-01T00:19:34.252Z [INFO] Scraping completed
2025-01-01T00:19:34.306Z [INFO] Scraping completed
2025-01-01T00:19:34.364Z [LOG] Add/Update successful [object Object]
2025-01-01T00:19:34.365Z [LOG] Thread 5 processed https://weather.com/weather/today/l/30.7333,73.8167?unit=c
2025-01-01T00:19:34.365Z [LOG] Thread 5 now crawling https://weather.com/weather/today/l/30.4068,71.8667?unit=c
2025-01-01T00:19:34.405Z [LOG] Add/Update successful [object Object]
2025-01-01T00:19:34.405Z [LOG] Thread 1 processed https://weather.com/weather/today/l/34.7500,72.3572?unit=c
2025-01-01T00:19:34.405Z [LOG] Thread 1 now crawling https://weather.com/weather/today/l/30.1978,71.4711?unit=c
2025-01-01T00:19:34.594Z [INFO] Scraping completed
2025-01-01T00:19:34.785Z [LOG] Add/Update successful [object Object]
2025-01-01T00:19:34.786Z [LOG] Thread 4 processed https://weather.com/weather/today/l/34.1453,71.7308?unit=c
2025-01-01T00:19:34.786Z [LOG] Thread 4 now crawling https://weather.com/weather/today/l/28.4000,69.3000?unit=c
2025-01-01T00:19:35.096Z [INFO] Scraping completed
2025-01-01T00:19:35.222Z [INFO] Scraping completed
2025-01-01T00:19:35.268Z [LOG] Add/Update successful [object Object]
2025-01-01T00:19:35.269Z [LOG] Thread 3 processed https://weather.com/weather/today/l/31.1500,72.6833?unit=c
2025-01-01T00:19:35.269Z [LOG] Thread 3 now crawling https://weather.com/weather/today/l/32.5861,73.4917?unit=c
2025-01-01T00:19:35.373Z [LOG] Add/Update successful [object Object]
2025-01-01T00:19:35.376Z [LOG] Thread 8 processed https://weather.com/weather/today/l/32.2952,72.3502?unit=c
2025-01-01T00:19:35.376Z [LOG] Thread 8 now crawling https://weather.com/weather/today/l/24.6558,68.8383?unit=c
2025-01-01T00:19:35.508Z [INFO] Scraping completed
2025-01-01T00:19:35.636Z [LOG] Add/Update successful [object Object]
2025-01-01T00:19:35.637Z [LOG] Thread 9 processed https://weather.com/weather/today/l/30.3705,68.5979?unit=c
2025-01-01T00:19:35.637Z [LOG] Thread 9 now crawling https://weather.com/weather/today/l/29.8977,69.5256?unit=c
2025-01-01T00:19:35.731Z [INFO] Scraping completed
2025-01-01T00:19:35.894Z [LOG] Add/Update successful [object Object]
2025-01-01T00:19:35.894Z [LOG] Thread 7 processed https://weather.com/weather/today/l/32.0709,73.6880?unit=c
2025-01-01T00:19:35.894Z [LOG] Thread 7 now crawling https://weather.com/weather/today/l/29.5339,71.6324?unit=c
2025-01-01T00:19:37.023Z [INFO] Scraping completed
2025-01-01T00:19:37.042Z [INFO] Scraping completed
2025-01-01T00:19:37.199Z [LOG] Add/Update successful [object Object]
2025-01-01T00:19:37.202Z [LOG] Thread 6 processed https://weather.com/weather/today/l/25.3614,69.7361?unit=c
2025-01-01T00:19:37.202Z [LOG] Thread 6 now crawling https://weather.com/weather/today/l/35.8511,71.7889?unit=c
2025-01-01T00:19:37.218Z [LOG] Add/Update successful [object Object]
2025-01-01T00:19:37.219Z [LOG] Thread 10 processed https://weather.com/weather/today/l/28.5846,65.4150?unit=c
2025-01-01T00:19:37.219Z [LOG] Thread 10 now crawling https://weather.com/weather/today/l/36.3078,74.6178?unit=c
2025-01-01T00:19:38.106Z [INFO] Scraping completed
2025-01-01T00:19:38.245Z [LOG] Add/Update successful [object Object]
2025-01-01T00:19:38.245Z [LOG] Thread 5 processed https://weather.com/weather/today/l/30.4068,71.8667?unit=c
2025-01-01T00:19:38.246Z [LOG] Thread 5 now crawling https://weather.com/weather/today/l/34.3333,73.2000?unit=c
2025-01-01T00:19:38.288Z [INFO] Scraping completed
2025-01-01T00:19:38.303Z [INFO] Scraping completed
2025-01-01T00:19:38.411Z [LOG] Add/Update successful [object Object]
2025-01-01T00:19:38.411Z [LOG] Thread 1 processed https://weather.com/weather/today/l/30.1978,71.4711?unit=c
2025-01-01T00:19:38.411Z [LOG] Thread 1 now crawling https://weather.com/weather/today/l/32.1500,74.1833?unit=c
2025-01-01T00:19:38.422Z [LOG] Add/Update successful [object Object]
2025-01-01T00:19:38.423Z [LOG] Thread 4 processed https://weather.com/weather/today/l/28.4000,69.3000?unit=c
2025-01-01T00:19:38.423Z [LOG] Thread 4 now crawling https://weather.com/weather/today/l/29.6967,72.5542?unit=c
2025-01-01T00:19:38.731Z [INFO] Scraping completed
2025-01-01T00:19:38.849Z [LOG] Add/Update successful [object Object]
2025-01-01T00:19:38.850Z [LOG] Thread 2 processed https://weather.com/weather/today/l/31.1167,74.4500?unit=c
2025-01-01T00:19:38.850Z [LOG] Thread 2 now crawling https://weather.com/weather/today/l/34.1958,72.0447?unit=c
2025-01-01T00:19:39.423Z [INFO] Scraping completed
2025-01-01T00:19:39.484Z [INFO] Scraping completed
2025-01-01T00:19:39.507Z [INFO] Scraping completed
2025-01-01T00:19:39.534Z [LOG] Add/Update successful [object Object]
2025-01-01T00:19:39.534Z [LOG] Thread 9 processed https://weather.com/weather/today/l/29.8977,69.5256?unit=c
2025-01-01T00:19:39.535Z [LOG] Thread 9 now crawling https://weather.com/weather/today/l/30.8594,69.8221?unit=c
2025-01-01T00:19:39.588Z [LOG] Add/Update successful [object Object]
2025-01-01T00:19:39.588Z [LOG] Thread 7 processed https://weather.com/weather/today/l/29.5339,71.6324?unit=c
2025-01-01T00:19:39.588Z [LOG] Thread 7 now crawling https://weather.com/weather/today/l/34.5656,71.9304?unit=c
2025-01-01T00:19:39.633Z [LOG] Add/Update successful [object Object]
2025-01-01T00:19:39.634Z [LOG] Thread 3 processed https://weather.com/weather/today/l/32.5861,73.4917?unit=c
2025-01-01T00:19:39.634Z [LOG] Thread 3 now crawling https://weather.com/weather/today/l/34.1500,73.2167?unit=c
2025-01-01T00:19:40.351Z [INFO] Scraping completed
2025-01-01T00:19:40.497Z [LOG] Add/Update successful [object Object]
2025-01-01T00:19:40.498Z [LOG] Thread 8 processed https://weather.com/weather/today/l/24.6558,68.8383?unit=c
2025-01-01T00:19:40.498Z [LOG] Thread 8 now crawling https://weather.com/weather/today/l/32.6072,70.9123?unit=c
2025-01-01T00:19:40.674Z [INFO] Scraping completed
2025-01-01T00:19:40.765Z [LOG] Add/Update successful [object Object]
2025-01-01T00:19:40.765Z [LOG] Thread 10 processed https://weather.com/weather/today/l/36.3078,74.6178?unit=c
2025-01-01T00:19:40.765Z [LOG] Thread 10 now crawling https://weather.com/weather/today/l/26.4568,65.2314?unit=c
2025-01-01T00:19:40.935Z [INFO] Scraping completed
2025-01-01T00:19:41.051Z [LOG] Add/Update successful [object Object]
2025-01-01T00:19:41.051Z [LOG] Thread 6 processed https://weather.com/weather/today/l/35.8511,71.7889?unit=c
2025-01-01T00:19:41.052Z [LOG] Thread 6 now crawling https://weather.com/weather/today/l/35.9206,74.3783?unit=c
2025-01-01T00:19:41.813Z [INFO] Scraping completed
2025-01-01T00:19:41.963Z [LOG] Add/Update successful [object Object]
2025-01-01T00:19:41.963Z [LOG] Thread 1 processed https://weather.com/weather/today/l/32.1500,74.1833?unit=c
2025-01-01T00:19:41.964Z [LOG] Thread 1 now crawling https://weather.com/weather/today/l/33.6989,73.0369?unit=c
2025-01-01T00:19:42.311Z [INFO] Scraping completed
2025-01-01T00:19:42.383Z [INFO] Scraping completed
2025-01-01T00:19:42.428Z [LOG] Add/Update successful [object Object]
2025-01-01T00:19:42.428Z [LOG] Thread 5 processed https://weather.com/weather/today/l/34.3333,73.2000?unit=c
2025-01-01T00:19:42.428Z [LOG] Thread 5 now crawling https://weather.com/weather/today/l/32.7012,73.9605?unit=c
2025-01-01T00:19:42.477Z [LOG] Add/Update successful [object Object]
2025-01-01T00:19:42.478Z [LOG] Thread 2 processed https://weather.com/weather/today/l/34.1958,72.0447?unit=c
2025-01-01T00:19:42.478Z [LOG] Thread 2 now crawling https://weather.com/weather/today/l/34.7717,72.3600?unit=c
2025-01-01T00:19:43.024Z [INFO] Scraping completed
2025-01-01T00:19:43.165Z [LOG] Add/Update successful [object Object]
2025-01-01T00:19:43.166Z [LOG] Thread 4 processed https://weather.com/weather/today/l/29.6967,72.5542?unit=c
2025-01-01T00:19:43.166Z [LOG] Thread 4 now crawling https://weather.com/weather/today/l/34.3700,73.4711?unit=c
2025-01-01T00:19:43.285Z [INFO] Scraping completed
2025-01-01T00:19:43.398Z [INFO] Scraping completed
2025-01-01T00:19:43.406Z [LOG] Add/Update successful [object Object]
2025-01-01T00:19:43.406Z [LOG] Thread 3 processed https://weather.com/weather/today/l/34.1500,73.2167?unit=c
2025-01-01T00:19:43.406Z [LOG] Thread 3 now crawling https://weather.com/weather/today/l/26.7319,67.7750?unit=c
2025-01-01T00:19:43.505Z [LOG] Add/Update successful [object Object]
2025-01-01T00:19:43.505Z [LOG] Thread 9 processed https://weather.com/weather/today/l/30.8594,69.8221?unit=c
2025-01-01T00:19:43.505Z [LOG] Thread 9 now crawling https://weather.com/weather/today/l/30.3814,67.7258?unit=c
2025-01-01T00:19:43.929Z [INFO] Scraping completed
2025-01-01T00:19:44.075Z [LOG] Add/Update successful [object Object]
2025-01-01T00:19:44.075Z [LOG] Thread 7 processed https://weather.com/weather/today/l/34.5656,71.9304?unit=c
2025-01-01T00:19:44.076Z [LOG] Thread 7 now crawling https://weather.com/weather/today/l/33.7667,72.3598?unit=c
2025-01-01T00:19:44.195Z [INFO] Scraping completed
2025-01-01T00:19:44.346Z [LOG] Add/Update successful [object Object]
2025-01-01T00:19:44.349Z [LOG] Thread 8 processed https://weather.com/weather/today/l/32.6072,70.9123?unit=c
2025-01-01T00:19:44.351Z [LOG] Thread 8 now crawling https://weather.com/weather/today/l/29.1041,70.3297?unit=c
2025-01-01T00:19:44.873Z [INFO] Scraping completed
2025-01-01T00:19:45.031Z [INFO] Scraping completed
2025-01-01T00:19:45.033Z [LOG] Add/Update successful [object Object]
2025-01-01T00:19:45.033Z [LOG] Thread 6 processed https://weather.com/weather/today/l/35.9206,74.3783?unit=c
2025-01-01T00:19:45.038Z [LOG] Thread 6 now crawling https://weather.com/weather/today/l/31.9286,70.4592?unit=c
2025-01-01T00:19:45.152Z [LOG] Add/Update successful [object Object]
2025-01-01T00:19:45.152Z [LOG] Thread 10 processed https://weather.com/weather/today/l/26.4568,65.2314?unit=c
2025-01-01T00:19:45.153Z [LOG] Thread 10 now crawling https://weather.com/weather/today/l/28.8885,64.4062?unit=c
2025-01-01T00:19:45.781Z [INFO] Scraping completed
2025-01-01T00:19:45.947Z [LOG] Add/Update successful [object Object]
2025-01-01T00:19:45.947Z [LOG] Thread 1 processed https://weather.com/weather/today/l/33.6989,73.0369?unit=c
2025-01-01T00:19:45.947Z [LOG] Thread 1 now crawling https://weather.com/weather/today/l/30.1920,67.0070?unit=c
2025-01-01T00:19:46.357Z [INFO] Scraping completed
2025-01-01T00:19:46.518Z [LOG] Add/Update successful [object Object]
2025-01-01T00:19:46.518Z [LOG] Thread 2 processed https://weather.com/weather/today/l/34.7717,72.3600?unit=c
2025-01-01T00:19:46.523Z [LOG] Thread 2 now crawling https://weather.com/weather/today/l/30.0500,70.6333?unit=c
2025-01-01T00:19:46.617Z [INFO] Scraping completed
2025-01-01T00:19:46.777Z [LOG] Add/Update successful [object Object]
2025-01-01T00:19:46.777Z [LOG] Thread 5 processed https://weather.com/weather/today/l/32.7012,73.9605?unit=c
2025-01-01T00:19:46.777Z [LOG] Thread 5 now crawling https://weather.com/weather/today/l/31.4492,73.7124?unit=c
2025-01-01T00:19:47.103Z [INFO] Scraping completed
2025-01-01T00:19:47.241Z [INFO] Scraping completed
2025-01-01T00:19:47.257Z [LOG] Add/Update successful [object Object]
2025-01-01T00:19:47.258Z [LOG] Thread 4 processed https://weather.com/weather/today/l/34.3700,73.4711?unit=c
2025-01-01T00:19:47.258Z [LOG] Thread 4 now crawling https://weather.com/weather/today/l/32.5853,71.5436?unit=c
2025-01-01T00:19:47.336Z [LOG] Add/Update successful [object Object]
2025-01-01T00:19:47.336Z [LOG] Thread 3 processed https://weather.com/weather/today/l/26.7319,67.7750?unit=c
2025-01-01T00:19:47.336Z [LOG] Thread 3 now crawling https://weather.com/weather/today/l/27.8000,66.6167?unit=c
2025-01-01T00:19:47.721Z [INFO] Scraping completed
2025-01-01T00:19:47.826Z [LOG] Add/Update successful [object Object]
2025-01-01T00:19:47.826Z [LOG] Thread 7 processed https://weather.com/weather/today/l/33.7667,72.3598?unit=c
2025-01-01T00:19:47.826Z [LOG] Thread 7 now crawling https://weather.com/weather/today/l/34.6796,73.0263?unit=c
2025-01-01T00:19:47.856Z [INFO] Scraping completed
2025-01-01T00:19:47.954Z [LOG] Add/Update successful [object Object]
2025-01-01T00:19:47.955Z [LOG] Thread 9 processed https://weather.com/weather/today/l/30.3814,67.7258?unit=c
2025-01-01T00:19:47.955Z [LOG] Thread 9 now crawling https://weather.com/weather/today/l/28.6132,67.4856?unit=c
2025-01-01T00:19:48.147Z [INFO] Scraping completed
2025-01-01T00:19:48.237Z [LOG] Add/Update successful [object Object]
2025-01-01T00:19:48.237Z [LOG] Thread 8 processed https://weather.com/weather/today/l/29.1041,70.3297?unit=c
2025-01-01T00:19:48.238Z [LOG] Thread 8 now crawling https://weather.com/weather/today/l/28.4167,68.1667?unit=c
2025-01-01T00:19:48.433Z [INFO] Scraping completed
2025-01-01T00:19:48.533Z [LOG] Add/Update successful [object Object]
2025-01-01T00:19:48.535Z [LOG] Thread 6 processed https://weather.com/weather/today/l/31.9286,70.4592?unit=c
2025-01-01T00:19:48.535Z [LOG] Thread 6 now crawling https://weather.com/weather/today/l/33.5156,73.9019?unit=c
2025-01-01T00:19:48.816Z [INFO] Scraping completed
2025-01-01T00:19:49.011Z [LOG] Add/Update successful [object Object]
2025-01-01T00:19:49.012Z [LOG] Thread 10 processed https://weather.com/weather/today/l/28.8885,64.4062?unit=c
2025-01-01T00:19:49.012Z [LOG] Remaining URLs: 135
2025-01-01T00:19:49.711Z [INFO] Scraping completed
2025-01-01T00:19:49.887Z [LOG] Add/Update successful [object Object]
2025-01-01T00:19:49.889Z [LOG] Thread 1 processed https://weather.com/weather/today/l/30.1920,67.0070?unit=c
2025-01-01T00:19:49.889Z [LOG] Thread 1 now crawling https://weather.com/weather/today/l/29.3956,71.6722?unit=c
2025-01-01T00:19:50.408Z [INFO] Scraping completed
2025-01-01T00:19:50.509Z [LOG] Add/Update successful [object Object]
2025-01-01T00:19:50.510Z [LOG] Thread 3 processed https://weather.com/weather/today/l/27.8000,66.6167?unit=c
2025-01-01T00:19:50.510Z [LOG] Thread 3 now crawling https://weather.com/weather/today/l/30.3500,73.4000?unit=c
2025-01-01T00:19:50.788Z [INFO] Scraping completed
2025-01-01T00:19:50.911Z [LOG] Add/Update successful [object Object]
2025-01-01T00:19:50.912Z [LOG] Thread 2 processed https://weather.com/weather/today/l/30.0500,70.6333?unit=c
2025-01-01T00:19:50.912Z [LOG] Thread 2 now crawling https://weather.com/weather/today/l/26.2442,68.4100?unit=c
2025-01-01T00:19:51.361Z [INFO] Scraping completed
2025-01-01T00:19:51.401Z [INFO] Scraping completed
2025-01-01T00:19:51.462Z [LOG] Add/Update successful [object Object]
2025-01-01T00:19:51.462Z [LOG] Thread 7 processed https://weather.com/weather/today/l/34.6796,73.0263?unit=c
2025-01-01T00:19:51.463Z [LOG] Thread 7 now crawling https://weather.com/weather/today/l/25.5971,68.4467?unit=c
2025-01-01T00:19:51.505Z [LOG] Add/Update successful [object Object]
2025-01-01T00:19:51.506Z [LOG] Thread 5 processed https://weather.com/weather/today/l/31.4492,73.7124?unit=c
2025-01-01T00:19:51.506Z [LOG] Thread 5 now crawling https://weather.com/weather/today/l/32.9889,70.6056?unit=c
2025-01-01T00:19:51.531Z [INFO] Scraping completed
2025-01-01T00:19:51.607Z [INFO] Scraping completed
2025-01-01T00:19:51.650Z [LOG] Add/Update successful [object Object]
2025-01-01T00:19:51.651Z [LOG] Thread 9 processed https://weather.com/weather/today/l/28.6132,67.4856?unit=c
2025-01-01T00:19:51.651Z [LOG] Thread 9 now crawling https://weather.com/weather/today/l/29.5430,67.8773?unit=c
2025-01-01T00:19:51.772Z [LOG] Add/Update successful [object Object]
2025-01-01T00:19:51.773Z [LOG] Thread 4 processed https://weather.com/weather/today/l/32.5853,71.5436?unit=c
2025-01-01T00:19:51.773Z [LOG] Thread 4 now crawling https://weather.com/weather/today/l/32.7667,74.2167?unit=c
2025-01-01T00:19:52.148Z [INFO] Scraping completed
2025-01-01T00:19:52.211Z [INFO] Scraping completed
2025-01-01T00:19:52.258Z [LOG] Add/Update successful [object Object]
2025-01-01T00:19:52.259Z [LOG] Thread 8 processed https://weather.com/weather/today/l/28.4167,68.1667?unit=c
2025-01-01T00:19:52.259Z [LOG] Thread 8 now crawling https://weather.com/weather/today/l/27.8473,67.9068?unit=c
2025-01-01T00:19:52.307Z [LOG] Add/Update successful [object Object]
2025-01-01T00:19:52.308Z [LOG] Thread 6 processed https://weather.com/weather/today/l/33.5156,73.9019?unit=c
2025-01-01T00:19:52.308Z [LOG] Thread 6 now crawling https://weather.com/weather/today/l/35.9208,74.3144?unit=c
2025-01-01T00:19:52.871Z [INFO] Scraping completed
2025-01-01T00:19:52.958Z [LOG] Add/Update successful [object Object]
2025-01-01T00:19:52.959Z [LOG] Thread 1 processed https://weather.com/weather/today/l/29.3956,71.6722?unit=c
2025-01-01T00:19:52.959Z [LOG] Thread 1 now crawling https://weather.com/weather/today/l/32.0836,72.6711?unit=c
2025-01-01T00:19:54.248Z [INFO] Scraping completed
2025-01-01T00:19:54.417Z [LOG] Add/Update successful [object Object]
2025-01-01T00:19:54.419Z [LOG] Thread 3 processed https://weather.com/weather/today/l/30.3500,73.4000?unit=c
2025-01-01T00:19:54.419Z [LOG] Thread 3 now crawling https://weather.com/weather/today/l/25.4667,68.7167?unit=c
2025-01-01T00:19:54.647Z [INFO] Scraping completed
2025-01-01T00:19:54.753Z [LOG] Add/Update successful [object Object]
2025-01-01T00:19:54.754Z [LOG] Thread 2 processed https://weather.com/weather/today/l/26.2442,68.4100?unit=c
2025-01-01T00:19:54.754Z [LOG] Thread 2 now crawling https://weather.com/weather/today/l/30.6706,73.1064?unit=c
2025-01-01T00:19:55.005Z [INFO] Scraping completed
2025-01-01T00:19:55.092Z [LOG] Add/Update successful [object Object]
2025-01-01T00:19:55.092Z [LOG] Thread 7 processed https://weather.com/weather/today/l/25.5971,68.4467?unit=c
2025-01-01T00:19:55.093Z [LOG] Thread 7 now crawling https://weather.com/weather/today/l/28.0064,69.3150?unit=c
2025-01-01T00:19:55.300Z [INFO] Scraping completed
2025-01-01T00:19:55.389Z [LOG] Add/Update successful [object Object]
2025-01-01T00:19:55.390Z [LOG] Thread 5 processed https://weather.com/weather/today/l/32.9889,70.6056?unit=c
2025-01-01T00:19:55.390Z [LOG] Thread 5 now crawling https://weather.com/weather/today/l/34.8281,71.8408?unit=c
2025-01-01T00:19:55.514Z [INFO] Scraping completed
2025-01-01T00:19:55.622Z [LOG] Add/Update successful [object Object]
2025-01-01T00:19:55.623Z [LOG] Thread 9 processed https://weather.com/weather/today/l/29.5430,67.8773?unit=c
2025-01-01T00:19:55.623Z [LOG] Thread 9 now crawling https://weather.com/weather/today/l/29.0362,69.1585?unit=c
2025-01-01T00:19:55.706Z [INFO] Scraping completed
2025-01-01T00:19:55.844Z [LOG] Add/Update successful [object Object]
2025-01-01T00:19:55.844Z [LOG] Thread 8 processed https://weather.com/weather/today/l/27.8473,67.9068?unit=c
2025-01-01T00:19:55.845Z [LOG] Thread 8 now crawling https://weather.com/weather/today/l/30.5833,67.0000?unit=c
2025-01-01T00:19:55.963Z [INFO] Scraping completed
2025-01-01T00:19:56.160Z [LOG] Add/Update successful [object Object]
2025-01-01T00:19:56.160Z [LOG] Thread 6 processed https://weather.com/weather/today/l/35.9208,74.3144?unit=c
2025-01-01T00:19:56.161Z [LOG] Thread 6 now crawling https://weather.com/weather/today/l/25.3969,68.3772?unit=c
2025-01-01T00:19:56.627Z [INFO] Scraping completed
2025-01-01T00:19:56.705Z [INFO] Scraping completed
2025-01-01T00:19:56.735Z [LOG] Add/Update successful [object Object]
2025-01-01T00:19:56.735Z [LOG] Thread 4 processed https://weather.com/weather/today/l/32.7667,74.2167?unit=c
2025-01-01T00:19:56.736Z [LOG] Thread 4 now crawling https://weather.com/weather/today/l/31.6333,71.0667?unit=c
2025-01-01T00:19:56.834Z [LOG] Add/Update successful [object Object]
2025-01-01T00:19:56.837Z [LOG] Thread 1 processed https://weather.com/weather/today/l/32.0836,72.6711?unit=c
2025-01-01T00:19:56.838Z [LOG] Thread 1 now crawling https://weather.com/weather/today/l/33.1333,73.7500?unit=c
2025-01-01T00:19:58.194Z [INFO] Scraping completed
2025-01-01T00:19:58.295Z [INFO] Scraping completed
2025-01-01T00:19:58.353Z [LOG] Add/Update successful [object Object]
2025-01-01T00:19:58.354Z [LOG] Thread 2 processed https://weather.com/weather/today/l/30.6706,73.1064?unit=c
2025-01-01T00:19:58.354Z [LOG] Thread 2 now crawling https://weather.com/weather/today/l/25.5269,69.0111?unit=c
2025-01-01T00:19:58.461Z [LOG] Add/Update successful [object Object]
2025-01-01T00:19:58.462Z [LOG] Thread 3 processed https://weather.com/weather/today/l/25.4667,68.7167?unit=c
2025-01-01T00:19:58.462Z [LOG] Thread 3 now crawling https://weather.com/weather/today/l/30.0419,72.3528?unit=c
2025-01-01T00:19:58.838Z [INFO] Scraping completed
2025-01-01T00:19:58.965Z [LOG] Add/Update successful [object Object]
2025-01-01T00:19:58.965Z [LOG] Thread 7 processed https://weather.com/weather/today/l/28.0064,69.3150?unit=c
2025-01-01T00:19:58.966Z [LOG] Thread 7 now crawling https://weather.com/weather/today/l/26.8401,68.1227?unit=c
2025-01-01T00:19:59.079Z [INFO] Scraping completed
2025-01-01T00:19:59.219Z [LOG] Add/Update successful [object Object]
2025-01-01T00:19:59.219Z [LOG] Thread 9 processed https://weather.com/weather/today/l/29.0362,69.1585?unit=c
2025-01-01T00:19:59.219Z [LOG] Thread 9 now crawling https://weather.com/weather/today/l/35.3471,74.8563?unit=c
2025-01-01T00:19:59.279Z [INFO] Scraping completed
2025-01-01T00:19:59.379Z [LOG] Add/Update successful [object Object]
2025-01-01T00:19:59.380Z [LOG] Thread 5 processed https://weather.com/weather/today/l/34.8281,71.8408?unit=c
2025-01-01T00:19:59.380Z [LOG] Thread 5 now crawling https://weather.com/weather/today/l/33.8992,70.1008?unit=c
2025-01-01T00:19:59.549Z [INFO] Scraping completed
2025-01-01T00:19:59.633Z [LOG] Add/Update successful [object Object]
2025-01-01T00:19:59.633Z [LOG] Thread 6 processed https://weather.com/weather/today/l/25.3969,68.3772?unit=c
2025-01-01T00:19:59.633Z [LOG] Thread 6 now crawling https://weather.com/weather/today/l/32.1020,74.8730?unit=c
2025-01-01T00:20:00.234Z [INFO] Scraping completed
2025-01-01T00:20:00.260Z [INFO] Scraping completed
2025-01-01T00:20:00.359Z [LOG] Add/Update successful [object Object]
2025-01-01T00:20:00.359Z [LOG] Thread 1 processed https://weather.com/weather/today/l/33.1333,73.7500?unit=c
2025-01-01T00:20:00.359Z [LOG] Thread 1 now crawling https://weather.com/weather/today/l/31.7167,72.9833?unit=c
2025-01-01T00:20:00.366Z [LOG] Add/Update successful [object Object]
2025-01-01T00:20:00.367Z [LOG] Thread 8 processed https://weather.com/weather/today/l/30.5833,67.0000?unit=c
2025-01-01T00:20:00.367Z [LOG] Thread 8 now crawling https://weather.com/weather/today/l/26.0464,68.9481?unit=c
2025-01-01T00:20:00.821Z [INFO] Scraping completed
2025-01-01T00:20:00.946Z [LOG] Add/Update successful [object Object]
2025-01-01T00:20:00.946Z [LOG] Thread 4 processed https://weather.com/weather/today/l/31.6333,71.0667?unit=c
2025-01-01T00:20:00.946Z [LOG] Thread 4 now crawling https://weather.com/weather/today/l/31.3417,69.4486?unit=c
2025-01-01T00:20:01.823Z [INFO] Scraping completed
2025-01-01T00:20:01.886Z [INFO] Scraping completed
2025-01-01T00:20:01.932Z [LOG] Add/Update successful [object Object]
2025-01-01T00:20:01.932Z [LOG] Thread 2 processed https://weather.com/weather/today/l/25.5269,69.0111?unit=c
2025-01-01T00:20:01.933Z [LOG] Thread 2 now crawling https://weather.com/weather/today/l/30.8100,73.4597?unit=c
2025-01-01T00:20:01.987Z [LOG] Add/Update successful [object Object]
2025-01-01T00:20:01.987Z [LOG] Thread 3 processed https://weather.com/weather/today/l/30.0419,72.3528?unit=c
2025-01-01T00:20:01.987Z [LOG] Thread 3 now crawling https://weather.com/weather/today/l/31.3342,73.4194?unit=c
2025-01-01T00:20:02.610Z [INFO] Scraping completed
2025-01-01T00:20:02.728Z [LOG] Add/Update successful [object Object]
2025-01-01T00:20:02.728Z [LOG] Thread 5 processed https://weather.com/weather/today/l/33.8992,70.1008?unit=c
2025-01-01T00:20:02.728Z [LOG] Thread 5 now crawling https://weather.com/weather/today/l/25.1264,62.3225?unit=c
2025-01-01T00:20:02.776Z [INFO] Scraping completed
2025-01-01T00:20:02.909Z [LOG] Add/Update successful [object Object]
2025-01-01T00:20:02.909Z [LOG] Thread 9 processed https://weather.com/weather/today/l/35.3471,74.8563?unit=c
2025-01-01T00:20:02.909Z [LOG] Thread 9 now crawling https://weather.com/weather/today/l/26.0012,63.0485?unit=c
2025-01-01T00:20:03.173Z [INFO] Scraping completed
2025-01-01T00:20:03.269Z [LOG] Add/Update successful [object Object]
2025-01-01T00:20:03.269Z [LOG] Thread 6 processed https://weather.com/weather/today/l/32.1020,74.8730?unit=c
2025-01-01T00:20:03.270Z [LOG] Remaining URLs: 120
2025-01-01T00:20:03.277Z [INFO] Scraping completed
2025-01-01T00:20:03.374Z [LOG] Add/Update successful [object Object]
2025-01-01T00:20:03.374Z [LOG] Thread 7 processed https://weather.com/weather/today/l/26.8401,68.1227?unit=c
2025-01-01T00:20:03.374Z [LOG] Thread 7 now crawling https://weather.com/weather/today/l/34.9000,72.6556?unit=c
2025-01-01T00:20:03.857Z [INFO] Scraping completed
2025-01-01T00:20:03.943Z [LOG] Add/Update successful [object Object]
2025-01-01T00:20:03.943Z [LOG] Thread 8 processed https://weather.com/weather/today/l/26.0464,68.9481?unit=c
2025-01-01T00:20:03.944Z [LOG] Thread 8 now crawling https://weather.com/weather/today/l/35.2074,71.8768?unit=c
2025-01-01T00:20:04.190Z [INFO] Scraping completed
2025-01-01T00:20:04.316Z [LOG] Add/Update successful [object Object]
2025-01-01T00:20:04.317Z [LOG] Thread 1 processed https://weather.com/weather/today/l/31.7167,72.9833?unit=c
2025-01-01T00:20:04.317Z [LOG] Remaining URLs: 105
2025-01-01T00:20:04.525Z [INFO] Scraping completed
2025-01-01T00:20:04.604Z [LOG] Add/Update successful [object Object]
2025-01-01T00:20:04.604Z [LOG] Thread 4 processed https://weather.com/weather/today/l/31.3417,69.4486?unit=c
2025-01-01T00:20:04.604Z [LOG] Thread 4 now crawling https://weather.com/weather/today/l/32.8110,73.8650?unit=c
2025-01-01T00:20:05.360Z [INFO] Scraping completed
2025-01-01T00:20:05.488Z [LOG] Add/Update successful [object Object]
2025-01-01T00:20:05.489Z [LOG] Thread 3 processed https://weather.com/weather/today/l/31.3342,73.4194?unit=c
2025-01-01T00:20:05.489Z [LOG] Remaining URLs: 90
2025-01-01T00:20:05.509Z [INFO] Scraping completed
2025-01-01T00:20:05.595Z [LOG] Add/Update successful [object Object]
2025-01-01T00:20:05.595Z [LOG] Thread 2 processed https://weather.com/weather/today/l/30.8100,73.4597?unit=c
2025-01-01T00:20:05.596Z [LOG] Thread 2 now crawling https://weather.com/weather/today/l/30.1500,72.6833?unit=c
2025-01-01T00:20:05.989Z [INFO] Scraping completed
2025-01-01T00:20:06.069Z [LOG] Add/Update successful [object Object]
2025-01-01T00:20:06.070Z [LOG] Thread 9 processed https://weather.com/weather/today/l/26.0012,63.0485?unit=c
2025-01-01T00:20:06.070Z [LOG] Remaining URLs: 75
2025-01-01T00:20:06.614Z [INFO] Scraping completed
2025-01-01T00:20:06.677Z [INFO] Scraping completed
2025-01-01T00:20:06.720Z [LOG] Add/Update successful [object Object]
2025-01-01T00:20:06.721Z [LOG] Thread 7 processed https://weather.com/weather/today/l/34.9000,72.6556?unit=c
2025-01-01T00:20:06.721Z [LOG] Remaining URLs: 60
2025-01-01T00:20:06.767Z [LOG] Add/Update successful [object Object]
2025-01-01T00:20:06.768Z [LOG] Thread 5 processed https://weather.com/weather/today/l/25.1264,62.3225?unit=c
2025-01-01T00:20:06.768Z [LOG] Remaining URLs: 45
2025-01-01T00:20:06.927Z [INFO] Scraping completed
2025-01-01T00:20:07.010Z [LOG] Add/Update successful [object Object]
2025-01-01T00:20:07.011Z [LOG] Thread 8 processed https://weather.com/weather/today/l/35.2074,71.8768?unit=c
2025-01-01T00:20:07.011Z [LOG] Remaining URLs: 30
2025-01-01T00:20:07.794Z [INFO] Scraping completed
2025-01-01T00:20:07.878Z [LOG] Add/Update successful [object Object]
2025-01-01T00:20:07.878Z [LOG] Thread 4 processed https://weather.com/weather/today/l/32.8110,73.8650?unit=c
2025-01-01T00:20:07.878Z [LOG] Remaining URLs: 15
2025-01-01T00:20:09.725Z [INFO] Scraping completed
2025-01-01T00:20:09.815Z [LOG] Add/Update successful [object Object]
2025-01-01T00:20:09.815Z [LOG] Thread 2 processed https://weather.com/weather/today/l/30.1500,72.6833?unit=c
2025-01-01T00:20:09.815Z [LOG] Remaining URLs: 0
2025-01-01T00:20:09.816Z [LOG] All URLs processed.
