2025-07-01T00:23:34.765Z [LOG] Queue initialized successfully.
2025-07-01T00:23:34.781Z [LOG] Total URLs: 146
2025-07-01T00:23:35.187Z [LOG] Thread 10 now crawling https://weather.com/weather/today/l/25.8072,66.6219?unit=c
2025-07-01T00:23:35.201Z [LOG] Thread 1 now crawling https://weather.com/weather/today/l/24.8600,67.0100?unit=c
2025-07-01T00:23:35.234Z [LOG] Thread 2 now crawling https://weather.com/weather/today/l/27.6995,68.8673?unit=c
2025-07-01T00:23:35.249Z [LOG] Thread 6 now crawling https://weather.com/weather/today/l/30.5522,72.1278?unit=c
2025-07-01T00:23:35.301Z [LOG] Thread 5 now crawling https://weather.com/weather/today/l/30.4397,72.3544?unit=c
2025-07-01T00:23:35.296Z [LOG] Thread 8 now crawling https://weather.com/weather/today/l/33.9803,73.7747?unit=c
2025-07-01T00:23:35.325Z [LOG] Thread 9 now crawling https://weather.com/weather/today/l/24.7461,67.9243?unit=c
2025-07-01T00:23:35.340Z [LOG] Thread 4 now crawling https://weather.com/weather/today/l/30.7258,72.6447?unit=c
2025-07-01T00:23:35.357Z [LOG] Thread 7 now crawling https://weather.com/weather/today/l/27.5295,68.7592?unit=c
2025-07-01T00:23:35.386Z [LOG] Thread 3 now crawling https://weather.com/weather/today/l/28.2769,68.4514?unit=c
2025-07-01T00:23:40.353Z [INFO] Scraping completed
2025-07-01T00:23:40.487Z [INFO] Scraping completed
2025-07-01T00:23:40.629Z [INFO] Scraping completed
2025-07-01T00:23:40.641Z [INFO] Scraping completed
2025-07-01T00:23:40.769Z [LOG] Add/Update successful [object Object]
2025-07-01T00:23:40.775Z [LOG] Thread 3 processed https://weather.com/weather/today/l/28.2769,68.4514?unit=c
2025-07-01T00:23:40.775Z [LOG] Thread 3 now crawling https://weather.com/weather/today/l/28.3006,70.1302?unit=c
2025-07-01T00:23:40.800Z [LOG] Add/Update successful [object Object]
2025-07-01T00:23:40.802Z [LOG] Thread 6 processed https://weather.com/weather/today/l/30.5522,72.1278?unit=c
2025-07-01T00:23:40.802Z [LOG] Thread 6 now crawling https://weather.com/weather/today/l/33.8195,72.6890?unit=c
2025-07-01T00:23:41.027Z [LOG] Add/Update successful [object Object]
2025-07-01T00:23:41.027Z [LOG] Thread 4 processed https://weather.com/weather/today/l/30.7258,72.6447?unit=c
2025-07-01T00:23:41.028Z [LOG] Thread 4 now crawling https://weather.com/weather/today/l/30.4700,70.9644?unit=c
2025-07-01T00:23:41.028Z [LOG] Add/Update successful [object Object]
2025-07-01T00:23:41.029Z [LOG] Thread 5 processed https://weather.com/weather/today/l/30.4397,72.3544?unit=c
2025-07-01T00:23:41.029Z [LOG] Thread 5 now crawling https://weather.com/weather/today/l/25.4283,68.2822?unit=c
2025-07-01T00:23:41.237Z [INFO] Scraping completed
2025-07-01T00:23:41.384Z [INFO] Scraping completed
2025-07-01T00:23:41.593Z [INFO] Scraping completed
2025-07-01T00:23:41.678Z [INFO] Scraping completed
2025-07-01T00:23:41.705Z [INFO] Scraping completed
2025-07-01T00:23:41.705Z [LOG] Add/Update successful [object Object]
2025-07-01T00:23:41.706Z [LOG] Thread 10 processed https://weather.com/weather/today/l/25.8072,66.6219?unit=c
2025-07-01T00:23:41.706Z [LOG] Thread 10 now crawling https://weather.com/weather/today/l/27.7384,66.6434?unit=c
2025-07-01T00:23:41.819Z [INFO] Scraping completed
2025-07-01T00:23:41.841Z [LOG] Add/Update successful [object Object]
2025-07-01T00:23:41.841Z [LOG] Thread 9 processed https://weather.com/weather/today/l/24.7461,67.9243?unit=c
2025-07-01T00:23:41.847Z [LOG] Thread 9 now crawling https://weather.com/weather/today/l/28.5466,68.2231?unit=c
2025-07-01T00:23:41.940Z [LOG] Add/Update successful [object Object]
2025-07-01T00:23:41.941Z [LOG] Thread 8 processed https://weather.com/weather/today/l/33.9803,73.7747?unit=c
2025-07-01T00:23:41.942Z [LOG] Thread 8 now crawling https://weather.com/weather/today/l/34.5111,72.4844?unit=c
2025-07-01T00:23:42.117Z [LOG] Add/Update successful [object Object]
2025-07-01T00:23:42.118Z [LOG] Thread 1 processed https://weather.com/weather/today/l/24.8600,67.0100?unit=c
2025-07-01T00:23:42.119Z [LOG] Thread 1 now crawling https://weather.com/weather/today/l/31.5497,74.3436?unit=c
2025-07-01T00:23:42.129Z [LOG] Add/Update successful [object Object]
2025-07-01T00:23:42.129Z [LOG] Thread 2 processed https://weather.com/weather/today/l/27.6995,68.8673?unit=c
2025-07-01T00:23:42.130Z [LOG] Thread 2 now crawling https://weather.com/weather/today/l/27.5600,68.2264?unit=c
2025-07-01T00:23:42.167Z [LOG] Add/Update successful [object Object]
2025-07-01T00:23:42.167Z [LOG] Thread 7 processed https://weather.com/weather/today/l/27.5295,68.7592?unit=c
2025-07-01T00:23:42.168Z [LOG] Thread 7 now crawling https://weather.com/weather/today/l/30.3017,71.9321?unit=c
2025-07-01T00:23:44.226Z [INFO] Scraping completed
2025-07-01T00:23:44.392Z [LOG] Add/Update successful [object Object]
2025-07-01T00:23:44.392Z [LOG] Thread 3 processed https://weather.com/weather/today/l/28.3006,70.1302?unit=c
2025-07-01T00:23:44.392Z [LOG] Thread 3 now crawling https://weather.com/weather/today/l/33.5869,71.4414?unit=c
2025-07-01T00:23:44.790Z [INFO] Scraping completed
2025-07-01T00:23:44.944Z [INFO] Scraping completed
2025-07-01T00:23:45.051Z [LOG] Add/Update successful [object Object]
2025-07-01T00:23:45.051Z [LOG] Thread 4 processed https://weather.com/weather/today/l/30.4700,70.9644?unit=c
2025-07-01T00:23:45.052Z [LOG] Thread 4 now crawling https://weather.com/weather/today/l/34.0153,71.9747?unit=c
2025-07-01T00:23:45.172Z [LOG] Add/Update successful [object Object]
2025-07-01T00:23:45.172Z [LOG] Thread 6 processed https://weather.com/weather/today/l/33.8195,72.6890?unit=c
2025-07-01T00:23:45.174Z [LOG] Thread 6 now crawling https://weather.com/weather/today/l/32.2167,70.3833?unit=c
2025-07-01T00:23:45.193Z [INFO] Scraping completed
2025-07-01T00:23:45.385Z [LOG] Add/Update successful [object Object]
2025-07-01T00:23:45.385Z [LOG] Thread 9 processed https://weather.com/weather/today/l/28.5466,68.2231?unit=c
2025-07-01T00:23:45.385Z [LOG] Thread 9 now crawling https://weather.com/weather/today/l/29.8965,69.2532?unit=c
2025-07-01T00:23:45.501Z [INFO] Scraping completed
2025-07-01T00:23:45.528Z [INFO] Scraping completed
2025-07-01T00:23:45.706Z [LOG] Add/Update successful [object Object]
2025-07-01T00:23:45.706Z [LOG] Thread 1 processed https://weather.com/weather/today/l/31.5497,74.3436?unit=c
2025-07-01T00:23:45.706Z [LOG] Thread 1 now crawling https://weather.com/weather/today/l/32.5000,74.5333?unit=c
2025-07-01T00:23:45.732Z [LOG] Add/Update successful [object Object]
2025-07-01T00:23:45.733Z [LOG] Thread 10 processed https://weather.com/weather/today/l/27.7384,66.6434?unit=c
2025-07-01T00:23:45.733Z [LOG] Thread 10 now crawling https://weather.com/weather/today/l/35.4206,74.0967?unit=c
2025-07-01T00:23:45.967Z [INFO] Scraping completed
2025-07-01T00:23:46.133Z [LOG] Add/Update successful [object Object]
2025-07-01T00:23:46.134Z [LOG] Thread 8 processed https://weather.com/weather/today/l/34.5111,72.4844?unit=c
2025-07-01T00:23:46.134Z [LOG] Thread 8 now crawling https://weather.com/weather/today/l/29.9983,73.2527?unit=c
2025-07-01T00:23:46.321Z [INFO] Scraping completed
2025-07-01T00:23:46.497Z [LOG] Add/Update successful [object Object]
2025-07-01T00:23:46.498Z [LOG] Thread 7 processed https://weather.com/weather/today/l/30.3017,71.9321?unit=c
2025-07-01T00:23:46.498Z [LOG] Thread 7 now crawling https://weather.com/weather/today/l/32.9333,73.7333?unit=c
2025-07-01T00:23:46.656Z [INFO] Scraping completed
2025-07-01T00:23:46.825Z [INFO] Scraping completed
2025-07-01T00:23:46.900Z [LOG] Add/Update successful [object Object]
2025-07-01T00:23:46.901Z [LOG] Thread 2 processed https://weather.com/weather/today/l/27.5600,68.2264?unit=c
2025-07-01T00:23:46.901Z [LOG] Thread 2 now crawling https://weather.com/weather/today/l/31.7083,74.0000?unit=c
2025-07-01T00:23:47.045Z [LOG] Add/Update successful [object Object]
2025-07-01T00:23:47.045Z [LOG] Thread 5 processed https://weather.com/weather/today/l/25.4283,68.2822?unit=c
2025-07-01T00:23:47.045Z [LOG] Thread 5 now crawling https://weather.com/weather/today/l/31.0214,73.8528?unit=c
2025-07-01T00:23:48.072Z [INFO] Scraping completed
2025-07-01T00:23:48.276Z [LOG] Add/Update successful [object Object]
2025-07-01T00:23:48.278Z [LOG] Thread 3 processed https://weather.com/weather/today/l/33.5869,71.4414?unit=c
2025-07-01T00:23:48.279Z [LOG] Thread 3 now crawling https://weather.com/weather/today/l/31.8020,74.2550?unit=c
2025-07-01T00:23:48.772Z [INFO] Scraping completed
2025-07-01T00:23:48.952Z [LOG] Add/Update successful [object Object]
2025-07-01T00:23:48.957Z [LOG] Thread 4 processed https://weather.com/weather/today/l/34.0153,71.9747?unit=c
2025-07-01T00:23:48.957Z [LOG] Thread 4 now crawling https://weather.com/weather/today/l/34.1167,72.4667?unit=c
2025-07-01T00:23:49.253Z [INFO] Scraping completed
2025-07-01T00:23:49.402Z [INFO] Scraping completed
2025-07-01T00:23:49.442Z [LOG] Add/Update successful [object Object]
2025-07-01T00:23:49.443Z [LOG] Thread 9 processed https://weather.com/weather/today/l/29.8965,69.2532?unit=c
2025-07-01T00:23:49.443Z [LOG] Thread 9 now crawling https://weather.com/weather/today/l/29.7997,66.8455?unit=c
2025-07-01T00:23:49.556Z [LOG] Add/Update successful [object Object]
2025-07-01T00:23:49.556Z [LOG] Thread 6 processed https://weather.com/weather/today/l/32.2167,70.3833?unit=c
2025-07-01T00:23:49.557Z [LOG] Thread 6 now crawling https://weather.com/weather/today/l/33.5281,71.0572?unit=c
2025-07-01T00:23:49.886Z [INFO] Scraping completed
2025-07-01T00:23:49.998Z [INFO] Scraping completed
2025-07-01T00:23:50.057Z [INFO] Scraping completed
2025-07-01T00:23:50.100Z [LOG] Add/Update successful [object Object]
2025-07-01T00:23:50.101Z [LOG] Thread 10 processed https://weather.com/weather/today/l/35.4206,74.0967?unit=c
2025-07-01T00:23:50.101Z [LOG] Thread 10 now crawling https://weather.com/weather/today/l/29.0266,66.5936?unit=c
2025-07-01T00:23:50.169Z [LOG] Add/Update successful [object Object]
2025-07-01T00:23:50.170Z [LOG] Thread 1 processed https://weather.com/weather/today/l/32.5000,74.5333?unit=c
2025-07-01T00:23:50.170Z [LOG] Thread 1 now crawling https://weather.com/weather/today/l/31.4180,73.0790?unit=c
2025-07-01T00:23:50.251Z [LOG] Add/Update successful [object Object]
2025-07-01T00:23:50.252Z [LOG] Thread 8 processed https://weather.com/weather/today/l/29.9983,73.2527?unit=c
2025-07-01T00:23:50.252Z [LOG] Thread 8 now crawling https://weather.com/weather/today/l/30.9646,70.9444?unit=c
2025-07-01T00:23:50.692Z [INFO] Scraping completed
2025-07-01T00:23:50.866Z [LOG] Add/Update successful [object Object]
2025-07-01T00:23:50.867Z [LOG] Thread 2 processed https://weather.com/weather/today/l/31.7083,74.0000?unit=c
2025-07-01T00:23:50.867Z [LOG] Thread 2 now crawling https://weather.com/weather/today/l/31.2681,72.3181?unit=c
2025-07-01T00:23:50.908Z [INFO] Scraping completed
2025-07-01T00:23:51.094Z [LOG] Add/Update successful [object Object]
2025-07-01T00:23:51.095Z [LOG] Thread 7 processed https://weather.com/weather/today/l/32.9333,73.7333?unit=c
2025-07-01T00:23:51.095Z [LOG] Thread 7 now crawling https://weather.com/weather/today/l/33.9942,72.9333?unit=c
2025-07-01T00:23:51.157Z [INFO] Scraping completed
2025-07-01T00:23:51.348Z [LOG] Add/Update successful [object Object]
2025-07-01T00:23:51.348Z [LOG] Thread 5 processed https://weather.com/weather/today/l/31.0214,73.8528?unit=c
2025-07-01T00:23:51.348Z [LOG] Thread 5 now crawling https://weather.com/weather/today/l/29.6100,73.1361?unit=c
2025-07-01T00:23:52.141Z [INFO] Scraping completed
2025-07-01T00:23:52.339Z [LOG] Add/Update successful [object Object]
2025-07-01T00:23:52.339Z [LOG] Thread 3 processed https://weather.com/weather/today/l/31.8020,74.2550?unit=c
2025-07-01T00:23:52.340Z [LOG] Thread 3 now crawling https://weather.com/weather/today/l/30.0703,71.1933?unit=c
2025-07-01T00:23:52.642Z [INFO] Scraping completed
2025-07-01T00:23:52.879Z [LOG] Add/Update successful [object Object]
2025-07-01T00:23:52.879Z [LOG] Thread 4 processed https://weather.com/weather/today/l/34.1167,72.4667?unit=c
2025-07-01T00:23:52.880Z [LOG] Thread 4 now crawling https://weather.com/weather/today/l/31.8167,70.9167?unit=c
2025-07-01T00:23:53.350Z [INFO] Scraping completed
2025-07-01T00:23:53.518Z [LOG] Add/Update successful [object Object]
2025-07-01T00:23:53.518Z [LOG] Thread 9 processed https://weather.com/weather/today/l/29.7997,66.8455?unit=c
2025-07-01T00:23:53.518Z [LOG] Thread 9 now crawling https://weather.com/weather/today/l/35.2917,73.2906?unit=c
2025-07-01T00:23:53.552Z [INFO] Scraping completed
2025-07-01T00:23:53.684Z [LOG] Add/Update successful [object Object]
2025-07-01T00:23:53.685Z [LOG] Thread 6 processed https://weather.com/weather/today/l/33.5281,71.0572?unit=c
2025-07-01T00:23:53.685Z [LOG] Thread 6 now crawling https://weather.com/weather/today/l/34.0049,71.9989?unit=c
2025-07-01T00:23:53.733Z [INFO] Scraping completed
2025-07-01T00:23:53.790Z [INFO] Scraping completed
2025-07-01T00:23:53.904Z [LOG] Add/Update successful [object Object]
2025-07-01T00:23:53.905Z [LOG] Thread 10 processed https://weather.com/weather/today/l/29.0266,66.5936?unit=c
2025-07-01T00:23:53.905Z [LOG] Thread 10 now crawling https://weather.com/weather/today/l/26.9644,64.0903?unit=c
2025-07-01T00:23:53.964Z [LOG] Add/Update successful [object Object]
2025-07-01T00:23:53.965Z [LOG] Thread 1 processed https://weather.com/weather/today/l/31.4180,73.0790?unit=c
2025-07-01T00:23:53.965Z [LOG] Thread 1 now crawling https://weather.com/weather/today/l/33.6007,73.0679?unit=c
2025-07-01T00:23:54.747Z [INFO] Scraping completed
2025-07-01T00:23:54.779Z [INFO] Scraping completed
2025-07-01T00:23:54.860Z [INFO] Scraping completed
2025-07-01T00:23:54.930Z [LOG] Add/Update successful [object Object]
2025-07-01T00:23:54.930Z [LOG] Thread 2 processed https://weather.com/weather/today/l/31.2681,72.3181?unit=c
2025-07-01T00:23:54.930Z [LOG] Thread 2 now crawling https://weather.com/weather/today/l/28.4202,70.2952?unit=c
2025-07-01T00:23:54.956Z [INFO] Scraping completed
2025-07-01T00:23:54.961Z [LOG] Add/Update successful [object Object]
2025-07-01T00:23:54.962Z [LOG] Thread 7 processed https://weather.com/weather/today/l/33.9942,72.9333?unit=c
2025-07-01T00:23:54.962Z [LOG] Thread 7 now crawling https://weather.com/weather/today/l/27.9556,68.6382?unit=c
2025-07-01T00:23:55.000Z [LOG] Add/Update successful [object Object]
2025-07-01T00:23:55.001Z [LOG] Thread 8 processed https://weather.com/weather/today/l/30.9646,70.9444?unit=c
2025-07-01T00:23:55.001Z [LOG] Thread 8 now crawling https://weather.com/weather/today/l/25.1239,68.5389?unit=c
2025-07-01T00:23:55.136Z [LOG] Add/Update successful [object Object]
2025-07-01T00:23:55.136Z [LOG] Thread 5 processed https://weather.com/weather/today/l/29.6100,73.1361?unit=c
2025-07-01T00:23:55.137Z [LOG] Thread 5 now crawling https://weather.com/weather/today/l/30.9667,72.4833?unit=c
2025-07-01T00:23:56.156Z [INFO] Scraping completed
2025-07-01T00:23:56.264Z [LOG] Add/Update successful [object Object]
2025-07-01T00:23:56.265Z [LOG] Thread 3 processed https://weather.com/weather/today/l/30.0703,71.1933?unit=c
2025-07-01T00:23:56.265Z [LOG] Thread 3 now crawling https://weather.com/weather/today/l/28.6471,70.6620?unit=c
2025-07-01T00:23:56.287Z [INFO] Scraping completed
2025-07-01T00:23:56.403Z [LOG] Add/Update successful [object Object]
2025-07-01T00:23:56.403Z [LOG] Thread 4 processed https://weather.com/weather/today/l/31.8167,70.9167?unit=c
2025-07-01T00:23:56.404Z [LOG] Thread 4 now crawling https://weather.com/weather/today/l/30.9210,66.4597?unit=c
2025-07-01T00:23:57.103Z [INFO] Scraping completed
2025-07-01T00:23:57.286Z [LOG] Add/Update successful [object Object]
2025-07-01T00:23:57.286Z [LOG] Thread 9 processed https://weather.com/weather/today/l/35.2917,73.2906?unit=c
2025-07-01T00:23:57.286Z [LOG] Thread 9 now crawling https://weather.com/weather/today/l/34.5717,73.8972?unit=c
2025-07-01T00:23:57.354Z [INFO] Scraping completed
2025-07-01T00:23:57.523Z [LOG] Add/Update successful [object Object]
2025-07-01T00:23:57.527Z [LOG] Thread 6 processed https://weather.com/weather/today/l/34.0049,71.9989?unit=c
2025-07-01T00:23:57.527Z [LOG] Thread 6 now crawling https://weather.com/weather/today/l/33.1167,71.0833?unit=c
2025-07-01T00:23:57.750Z [INFO] Scraping completed
2025-07-01T00:23:57.751Z [INFO] Scraping completed
2025-07-01T00:23:57.929Z [LOG] Add/Update successful [object Object]
2025-07-01T00:23:57.929Z [LOG] Thread 1 processed https://weather.com/weather/today/l/33.6007,73.0679?unit=c
2025-07-01T00:23:57.929Z [LOG] Thread 1 now crawling https://weather.com/weather/today/l/34.0000,71.5000?unit=c
2025-07-01T00:23:57.964Z [LOG] Add/Update successful [object Object]
2025-07-01T00:23:57.969Z [LOG] Thread 10 processed https://weather.com/weather/today/l/26.9644,64.0903?unit=c
2025-07-01T00:23:57.969Z [LOG] Thread 10 now crawling https://weather.com/weather/today/l/36.1736,73.7667?unit=c
2025-07-01T00:23:58.683Z [INFO] Scraping completed
2025-07-01T00:23:58.753Z [INFO] Scraping completed
2025-07-01T00:23:58.803Z [INFO] Scraping completed
2025-07-01T00:23:58.806Z [LOG] Add/Update successful [object Object]
2025-07-01T00:23:58.808Z [LOG] Thread 2 processed https://weather.com/weather/today/l/28.4202,70.2952?unit=c
2025-07-01T00:23:58.809Z [LOG] Thread 2 now crawling https://weather.com/weather/today/l/32.5736,74.0789?unit=c
2025-07-01T00:23:58.861Z [LOG] Add/Update successful [object Object]
2025-07-01T00:23:58.862Z [LOG] Thread 8 processed https://weather.com/weather/today/l/25.1239,68.5389?unit=c
2025-07-01T00:23:58.862Z [LOG] Thread 8 now crawling https://weather.com/weather/today/l/32.9300,72.8500?unit=c
2025-07-01T00:23:58.913Z [LOG] Add/Update successful [object Object]
2025-07-01T00:23:58.914Z [LOG] Thread 7 processed https://weather.com/weather/today/l/27.9556,68.6382?unit=c
2025-07-01T00:23:58.914Z [LOG] Thread 7 now crawling https://weather.com/weather/today/l/33.8578,73.7604?unit=c
2025-07-01T00:23:59.558Z [INFO] Scraping completed
2025-07-01T00:23:59.671Z [LOG] Add/Update successful [object Object]
2025-07-01T00:23:59.672Z [LOG] Thread 3 processed https://weather.com/weather/today/l/28.6471,70.6620?unit=c
2025-07-01T00:23:59.672Z [LOG] Thread 3 now crawling https://weather.com/weather/today/l/31.1500,72.6833?unit=c
2025-07-01T00:23:59.976Z [INFO] Scraping completed
2025-07-01T00:23:59.982Z [INFO] Scraping completed
2025-07-01T00:24:00.216Z [LOG] Add/Update successful [object Object]
2025-07-01T00:24:00.216Z [LOG] Thread 5 processed https://weather.com/weather/today/l/30.9667,72.4833?unit=c
2025-07-01T00:24:00.216Z [LOG] Thread 5 now crawling https://weather.com/weather/today/l/32.2628,75.1583?unit=c
2025-07-01T00:24:00.269Z [LOG] Add/Update successful [object Object]
2025-07-01T00:24:00.269Z [LOG] Thread 4 processed https://weather.com/weather/today/l/30.9210,66.4597?unit=c
2025-07-01T00:24:00.270Z [LOG] Thread 4 now crawling https://weather.com/weather/today/l/34.1453,71.7308?unit=c
2025-07-01T00:24:01.278Z [INFO] Scraping completed
2025-07-01T00:24:01.334Z [INFO] Scraping completed
2025-07-01T00:24:01.429Z [LOG] Add/Update successful [object Object]
2025-07-01T00:24:01.429Z [LOG] Thread 6 processed https://weather.com/weather/today/l/33.1167,71.0833?unit=c
2025-07-01T00:24:01.429Z [LOG] Thread 6 now crawling https://weather.com/weather/today/l/32.4522,71.4718?unit=c
2025-07-01T00:24:01.482Z [LOG] Add/Update successful [object Object]
2025-07-01T00:24:01.482Z [LOG] Thread 9 processed https://weather.com/weather/today/l/34.5717,73.8972?unit=c
2025-07-01T00:24:01.482Z [LOG] Thread 9 now crawling https://weather.com/weather/today/l/30.3705,68.5979?unit=c
2025-07-01T00:24:01.830Z [INFO] Scraping completed
2025-07-01T00:24:01.961Z [LOG] Add/Update successful [object Object]
2025-07-01T00:24:01.961Z [LOG] Thread 10 processed https://weather.com/weather/today/l/36.1736,73.7667?unit=c
2025-07-01T00:24:01.961Z [LOG] Thread 10 now crawling https://weather.com/weather/today/l/30.7008,68.3598?unit=c
2025-07-01T00:24:02.036Z [INFO] Scraping completed
2025-07-01T00:24:02.174Z [LOG] Add/Update successful [object Object]
2025-07-01T00:24:02.179Z [LOG] Thread 1 processed https://weather.com/weather/today/l/34.0000,71.5000?unit=c
2025-07-01T00:24:02.180Z [LOG] Thread 1 now crawling https://weather.com/weather/today/l/34.7500,72.3572?unit=c
2025-07-01T00:24:02.310Z [INFO] Scraping completed
2025-07-01T00:24:02.477Z [LOG] Add/Update successful [object Object]
2025-07-01T00:24:02.477Z [LOG] Thread 2 processed https://weather.com/weather/today/l/32.5736,74.0789?unit=c
2025-07-01T00:24:02.477Z [LOG] Thread 2 now crawling https://weather.com/weather/today/l/31.1167,74.4500?unit=c
2025-07-01T00:24:02.693Z [INFO] Scraping completed
2025-07-01T00:24:02.829Z [INFO] Scraping completed
2025-07-01T00:24:02.888Z [LOG] Add/Update successful [object Object]
2025-07-01T00:24:02.888Z [LOG] Thread 8 processed https://weather.com/weather/today/l/32.9300,72.8500?unit=c
2025-07-01T00:24:02.888Z [LOG] Thread 8 now crawling https://weather.com/weather/today/l/32.2952,72.3502?unit=c
2025-07-01T00:24:03.022Z [LOG] Add/Update successful [object Object]
2025-07-01T00:24:03.022Z [LOG] Thread 7 processed https://weather.com/weather/today/l/33.8578,73.7604?unit=c
2025-07-01T00:24:03.022Z [LOG] Thread 7 now crawling https://weather.com/weather/today/l/32.0709,73.6880?unit=c
2025-07-01T00:24:03.780Z [INFO] Scraping completed
2025-07-01T00:24:03.946Z [LOG] Add/Update successful [object Object]
2025-07-01T00:24:03.946Z [LOG] Thread 3 processed https://weather.com/weather/today/l/31.1500,72.6833?unit=c
2025-07-01T00:24:03.947Z [LOG] Thread 3 now crawling https://weather.com/weather/today/l/32.5861,73.4917?unit=c
2025-07-01T00:24:04.287Z [INFO] Scraping completed
2025-07-01T00:24:04.453Z [LOG] Add/Update successful [object Object]
2025-07-01T00:24:04.453Z [LOG] Thread 4 processed https://weather.com/weather/today/l/34.1453,71.7308?unit=c
2025-07-01T00:24:04.453Z [LOG] Thread 4 now crawling https://weather.com/weather/today/l/28.4000,69.3000?unit=c
2025-07-01T00:24:04.890Z [INFO] Scraping completed
2025-07-01T00:24:05.027Z [LOG] Add/Update successful [object Object]
2025-07-01T00:24:05.028Z [LOG] Thread 6 processed https://weather.com/weather/today/l/32.4522,71.4718?unit=c
2025-07-01T00:24:05.028Z [LOG] Thread 6 now crawling https://weather.com/weather/today/l/25.3614,69.7361?unit=c
2025-07-01T00:24:05.180Z [INFO] Scraping completed
2025-07-01T00:24:05.420Z [LOG] Add/Update successful [object Object]
2025-07-01T00:24:05.421Z [LOG] Thread 9 processed https://weather.com/weather/today/l/30.3705,68.5979?unit=c
2025-07-01T00:24:05.421Z [LOG] Thread 9 now crawling https://weather.com/weather/today/l/29.8977,69.5256?unit=c
2025-07-01T00:24:05.586Z [INFO] Scraping completed
2025-07-01T00:24:05.825Z [LOG] Add/Update successful [object Object]
2025-07-01T00:24:05.830Z [LOG] Thread 5 processed https://weather.com/weather/today/l/32.2628,75.1583?unit=c
2025-07-01T00:24:05.830Z [LOG] Thread 5 now crawling https://weather.com/weather/today/l/30.7333,73.8167?unit=c
2025-07-01T00:24:05.909Z [INFO] Scraping completed
2025-07-01T00:24:06.111Z [LOG] Add/Update successful [object Object]
2025-07-01T00:24:06.111Z [LOG] Thread 10 processed https://weather.com/weather/today/l/30.7008,68.3598?unit=c
2025-07-01T00:24:06.111Z [LOG] Thread 10 now crawling https://weather.com/weather/today/l/28.5846,65.4150?unit=c
2025-07-01T00:24:06.222Z [INFO] Scraping completed
2025-07-01T00:24:06.266Z [INFO] Scraping completed
2025-07-01T00:24:06.436Z [LOG] Add/Update successful [object Object]
2025-07-01T00:24:06.436Z [LOG] Thread 2 processed https://weather.com/weather/today/l/31.1167,74.4500?unit=c
2025-07-01T00:24:06.436Z [LOG] Thread 2 now crawling https://weather.com/weather/today/l/34.1958,72.0447?unit=c
2025-07-01T00:24:06.496Z [LOG] Add/Update successful [object Object]
2025-07-01T00:24:06.496Z [LOG] Thread 1 processed https://weather.com/weather/today/l/34.7500,72.3572?unit=c
2025-07-01T00:24:06.497Z [LOG] Thread 1 now crawling https://weather.com/weather/today/l/30.1978,71.4711?unit=c
2025-07-01T00:24:06.769Z [INFO] Scraping completed
2025-07-01T00:24:06.927Z [LOG] Add/Update successful [object Object]
2025-07-01T00:24:06.928Z [LOG] Thread 8 processed https://weather.com/weather/today/l/32.2952,72.3502?unit=c
2025-07-01T00:24:06.928Z [LOG] Thread 8 now crawling https://weather.com/weather/today/l/24.6558,68.8383?unit=c
2025-07-01T00:24:06.978Z [INFO] Scraping completed
2025-07-01T00:24:07.100Z [LOG] Add/Update successful [object Object]
2025-07-01T00:24:07.100Z [LOG] Thread 7 processed https://weather.com/weather/today/l/32.0709,73.6880?unit=c
2025-07-01T00:24:07.100Z [LOG] Thread 7 now crawling https://weather.com/weather/today/l/29.5339,71.6324?unit=c
2025-07-01T00:24:07.792Z [INFO] Scraping completed
2025-07-01T00:24:08.002Z [LOG] Add/Update successful [object Object]
2025-07-01T00:24:08.003Z [LOG] Thread 3 processed https://weather.com/weather/today/l/32.5861,73.4917?unit=c
2025-07-01T00:24:08.003Z [LOG] Thread 3 now crawling https://weather.com/weather/today/l/34.1500,73.2167?unit=c
2025-07-01T00:24:08.232Z [INFO] Scraping completed
2025-07-01T00:24:08.451Z [LOG] Add/Update successful [object Object]
2025-07-01T00:24:08.452Z [LOG] Thread 4 processed https://weather.com/weather/today/l/28.4000,69.3000?unit=c
2025-07-01T00:24:08.452Z [LOG] Thread 4 now crawling https://weather.com/weather/today/l/29.6967,72.5542?unit=c
2025-07-01T00:24:09.008Z [INFO] Scraping completed
2025-07-01T00:24:09.143Z [LOG] Add/Update successful [object Object]
2025-07-01T00:24:09.144Z [LOG] Thread 6 processed https://weather.com/weather/today/l/25.3614,69.7361?unit=c
2025-07-01T00:24:09.144Z [LOG] Thread 6 now crawling https://weather.com/weather/today/l/35.8511,71.7889?unit=c
2025-07-01T00:24:09.280Z [INFO] Scraping completed
2025-07-01T00:24:09.476Z [LOG] Add/Update successful [object Object]
2025-07-01T00:24:09.476Z [LOG] Thread 9 processed https://weather.com/weather/today/l/29.8977,69.5256?unit=c
2025-07-01T00:24:09.476Z [LOG] Thread 9 now crawling https://weather.com/weather/today/l/30.8594,69.8221?unit=c
2025-07-01T00:24:09.666Z [INFO] Scraping completed
2025-07-01T00:24:09.873Z [LOG] Add/Update successful [object Object]
2025-07-01T00:24:09.874Z [LOG] Thread 5 processed https://weather.com/weather/today/l/30.7333,73.8167?unit=c
2025-07-01T00:24:09.878Z [LOG] Thread 5 now crawling https://weather.com/weather/today/l/30.4068,71.8667?unit=c
2025-07-01T00:24:09.887Z [INFO] Scraping completed
2025-07-01T00:24:09.928Z [INFO] Scraping completed
2025-07-01T00:24:10.070Z [LOG] Add/Update successful [object Object]
2025-07-01T00:24:10.071Z [LOG] Thread 2 processed https://weather.com/weather/today/l/34.1958,72.0447?unit=c
2025-07-01T00:24:10.071Z [LOG] Thread 2 now crawling https://weather.com/weather/today/l/34.7717,72.3600?unit=c
2025-07-01T00:24:10.076Z [LOG] Add/Update successful [object Object]
2025-07-01T00:24:10.076Z [LOG] Thread 10 processed https://weather.com/weather/today/l/28.5846,65.4150?unit=c
2025-07-01T00:24:10.076Z [LOG] Thread 10 now crawling https://weather.com/weather/today/l/36.3078,74.6178?unit=c
2025-07-01T00:24:10.368Z [INFO] Scraping completed
2025-07-01T00:24:10.439Z [INFO] Scraping completed
2025-07-01T00:24:10.486Z [INFO] Scraping completed
2025-07-01T00:24:11.006Z [INFO] Scraping completed
2025-07-01T00:24:11.150Z [LOG] Add/Update successful [object Object]
2025-07-01T00:24:11.155Z [LOG] Thread 7 processed https://weather.com/weather/today/l/29.5339,71.6324?unit=c
2025-07-01T00:24:11.156Z [LOG] Thread 7 now crawling https://weather.com/weather/today/l/34.5656,71.9304?unit=c
2025-07-01T00:24:11.186Z [LOG] Add/Update successful [object Object]
2025-07-01T00:24:11.186Z [LOG] Add/Update successful [object Object]
2025-07-01T00:24:11.264Z [LOG] Thread 1 processed https://weather.com/weather/today/l/30.1978,71.4711?unit=c
2025-07-01T00:24:11.264Z [LOG] Thread 1 now crawling https://weather.com/weather/today/l/32.1500,74.1833?unit=c
2025-07-01T00:24:11.265Z [LOG] Thread 8 processed https://weather.com/weather/today/l/24.6558,68.8383?unit=c
2025-07-01T00:24:11.266Z [LOG] Thread 8 now crawling https://weather.com/weather/today/l/32.6072,70.9123?unit=c
2025-07-01T00:24:11.243Z [LOG] Add/Update successful [object Object]
2025-07-01T00:24:11.267Z [LOG] Thread 3 processed https://weather.com/weather/today/l/34.1500,73.2167?unit=c
2025-07-01T00:24:11.280Z [LOG] Thread 3 now crawling https://weather.com/weather/today/l/26.7319,67.7750?unit=c
2025-07-01T00:24:12.383Z [INFO] Scraping completed
2025-07-01T00:24:12.482Z [LOG] Add/Update successful [object Object]
2025-07-01T00:24:12.482Z [LOG] Thread 4 processed https://weather.com/weather/today/l/29.6967,72.5542?unit=c
2025-07-01T00:24:12.482Z [LOG] Thread 4 now crawling https://weather.com/weather/today/l/34.3700,73.4711?unit=c
2025-07-01T00:24:13.119Z [INFO] Scraping completed
2025-07-01T00:24:13.345Z [LOG] Add/Update successful [object Object]
2025-07-01T00:24:13.345Z [LOG] Thread 9 processed https://weather.com/weather/today/l/30.8594,69.8221?unit=c
2025-07-01T00:24:13.345Z [LOG] Thread 9 now crawling https://weather.com/weather/today/l/30.3814,67.7258?unit=c
2025-07-01T00:24:13.810Z [INFO] Scraping completed
2025-07-01T00:24:13.912Z [INFO] Scraping completed
2025-07-01T00:24:13.981Z [INFO] Scraping completed
2025-07-01T00:24:13.997Z [LOG] Add/Update successful [object Object]
2025-07-01T00:24:13.997Z [LOG] Thread 6 processed https://weather.com/weather/today/l/35.8511,71.7889?unit=c
2025-07-01T00:24:13.997Z [LOG] Thread 6 now crawling https://weather.com/weather/today/l/35.9206,74.3783?unit=c
2025-07-01T00:24:14.032Z [LOG] Add/Update successful [object Object]
2025-07-01T00:24:14.033Z [LOG] Thread 10 processed https://weather.com/weather/today/l/36.3078,74.6178?unit=c
2025-07-01T00:24:14.033Z [LOG] Thread 10 now crawling https://weather.com/weather/today/l/26.4568,65.2314?unit=c
2025-07-01T00:24:14.094Z [LOG] Add/Update successful [object Object]
2025-07-01T00:24:14.095Z [LOG] Thread 2 processed https://weather.com/weather/today/l/34.7717,72.3600?unit=c
2025-07-01T00:24:14.095Z [LOG] Thread 2 now crawling https://weather.com/weather/today/l/30.0500,70.6333?unit=c
2025-07-01T00:24:14.470Z [INFO] Scraping completed
2025-07-01T00:24:14.584Z [LOG] Add/Update successful [object Object]
2025-07-01T00:24:14.584Z [LOG] Thread 5 processed https://weather.com/weather/today/l/30.4068,71.8667?unit=c
2025-07-01T00:24:14.585Z [LOG] Thread 5 now crawling https://weather.com/weather/today/l/34.3333,73.2000?unit=c
2025-07-01T00:24:14.677Z [INFO] Scraping completed
2025-07-01T00:24:14.830Z [INFO] Scraping completed
2025-07-01T00:24:14.835Z [LOG] Add/Update successful [object Object]
2025-07-01T00:24:14.835Z [LOG] Thread 8 processed https://weather.com/weather/today/l/32.6072,70.9123?unit=c
2025-07-01T00:24:14.835Z [LOG] Thread 8 now crawling https://weather.com/weather/today/l/29.1041,70.3297?unit=c
2025-07-01T00:24:15.005Z [LOG] Add/Update successful [object Object]
2025-07-01T00:24:15.005Z [LOG] Thread 7 processed https://weather.com/weather/today/l/34.5656,71.9304?unit=c
2025-07-01T00:24:15.006Z [LOG] Thread 7 now crawling https://weather.com/weather/today/l/33.7667,72.3598?unit=c
2025-07-01T00:24:15.324Z [INFO] Scraping completed
2025-07-01T00:24:15.469Z [INFO] Scraping completed
2025-07-01T00:24:15.474Z [LOG] Add/Update successful [object Object]
2025-07-01T00:24:15.474Z [LOG] Thread 3 processed https://weather.com/weather/today/l/26.7319,67.7750?unit=c
2025-07-01T00:24:15.474Z [LOG] Thread 3 now crawling https://weather.com/weather/today/l/27.8000,66.6167?unit=c
2025-07-01T00:24:15.598Z [LOG] Add/Update successful [object Object]
2025-07-01T00:24:15.598Z [LOG] Thread 1 processed https://weather.com/weather/today/l/32.1500,74.1833?unit=c
2025-07-01T00:24:15.598Z [LOG] Thread 1 now crawling https://weather.com/weather/today/l/33.6989,73.0369?unit=c
2025-07-01T00:24:17.153Z [INFO] Scraping completed
2025-07-01T00:24:17.362Z [LOG] Add/Update successful [object Object]
2025-07-01T00:24:17.363Z [LOG] Thread 9 processed https://weather.com/weather/today/l/30.3814,67.7258?unit=c
2025-07-01T00:24:17.363Z [LOG] Thread 9 now crawling https://weather.com/weather/today/l/28.6132,67.4856?unit=c
2025-07-01T00:24:17.486Z [INFO] Scraping completed
2025-07-01T00:24:17.664Z [LOG] Add/Update successful [object Object]
2025-07-01T00:24:17.664Z [LOG] Thread 6 processed https://weather.com/weather/today/l/35.9206,74.3783?unit=c
2025-07-01T00:24:17.664Z [LOG] Thread 6 now crawling https://weather.com/weather/today/l/31.9286,70.4592?unit=c
2025-07-01T00:24:17.743Z [INFO] Scraping completed
2025-07-01T00:24:17.925Z [LOG] Add/Update successful [object Object]
2025-07-01T00:24:17.925Z [LOG] Thread 2 processed https://weather.com/weather/today/l/30.0500,70.6333?unit=c
2025-07-01T00:24:17.926Z [LOG] Thread 2 now crawling https://weather.com/weather/today/l/26.2442,68.4100?unit=c
2025-07-01T00:24:18.304Z [INFO] Scraping completed
2025-07-01T00:24:18.328Z [INFO] Scraping completed
2025-07-01T00:24:18.435Z [LOG] Add/Update successful [object Object]
2025-07-01T00:24:18.436Z [LOG] Thread 7 processed https://weather.com/weather/today/l/33.7667,72.3598?unit=c
2025-07-01T00:24:18.436Z [LOG] Thread 7 now crawling https://weather.com/weather/today/l/34.6796,73.0263?unit=c
2025-07-01T00:24:18.446Z [LOG] Add/Update successful [object Object]
2025-07-01T00:24:18.446Z [LOG] Thread 4 processed https://weather.com/weather/today/l/34.3700,73.4711?unit=c
2025-07-01T00:24:18.446Z [LOG] Thread 4 now crawling https://weather.com/weather/today/l/32.5853,71.5436?unit=c
2025-07-01T00:24:18.518Z [INFO] Scraping completed
2025-07-01T00:24:18.716Z [LOG] Add/Update successful [object Object]
2025-07-01T00:24:18.717Z [LOG] Thread 5 processed https://weather.com/weather/today/l/34.3333,73.2000?unit=c
2025-07-01T00:24:18.717Z [LOG] Thread 5 now crawling https://weather.com/weather/today/l/32.7012,73.9605?unit=c
2025-07-01T00:24:18.899Z [INFO] Scraping completed
2025-07-01T00:24:19.047Z [INFO] Scraping completed
2025-07-01T00:24:19.054Z [LOG] Add/Update successful [object Object]
2025-07-01T00:24:19.054Z [LOG] Thread 10 processed https://weather.com/weather/today/l/26.4568,65.2314?unit=c
2025-07-01T00:24:19.055Z [LOG] Thread 10 now crawling https://weather.com/weather/today/l/28.8885,64.4062?unit=c
2025-07-01T00:24:19.109Z [INFO] Scraping completed
2025-07-01T00:24:19.172Z [LOG] Add/Update successful [object Object]
2025-07-01T00:24:19.173Z [LOG] Thread 3 processed https://weather.com/weather/today/l/27.8000,66.6167?unit=c
2025-07-01T00:24:19.173Z [LOG] Thread 3 now crawling https://weather.com/weather/today/l/30.3500,73.4000?unit=c
2025-07-01T00:24:19.226Z [LOG] Add/Update successful [object Object]
2025-07-01T00:24:19.227Z [LOG] Thread 1 processed https://weather.com/weather/today/l/33.6989,73.0369?unit=c
2025-07-01T00:24:19.230Z [LOG] Thread 1 now crawling https://weather.com/weather/today/l/30.1920,67.0070?unit=c
2025-07-01T00:24:20.126Z [INFO] Scraping completed
2025-07-01T00:24:20.380Z [LOG] Add/Update successful [object Object]
2025-07-01T00:24:20.381Z [LOG] Thread 8 processed https://weather.com/weather/today/l/29.1041,70.3297?unit=c
2025-07-01T00:24:20.381Z [LOG] Thread 8 now crawling https://weather.com/weather/today/l/28.4167,68.1667?unit=c
2025-07-01T00:24:21.300Z [INFO] Scraping completed
2025-07-01T00:24:21.430Z [LOG] Add/Update successful [object Object]
2025-07-01T00:24:21.430Z [LOG] Thread 2 processed https://weather.com/weather/today/l/26.2442,68.4100?unit=c
2025-07-01T00:24:21.430Z [LOG] Thread 2 now crawling https://weather.com/weather/today/l/30.6706,73.1064?unit=c
2025-07-01T00:24:21.448Z [INFO] Scraping completed
2025-07-01T00:24:21.571Z [LOG] Add/Update successful [object Object]
2025-07-01T00:24:21.572Z [LOG] Thread 9 processed https://weather.com/weather/today/l/28.6132,67.4856?unit=c
2025-07-01T00:24:21.572Z [LOG] Thread 9 now crawling https://weather.com/weather/today/l/29.5430,67.8773?unit=c
2025-07-01T00:24:21.671Z [INFO] Scraping completed
2025-07-01T00:24:21.801Z [LOG] Add/Update successful [object Object]
2025-07-01T00:24:21.802Z [LOG] Thread 4 processed https://weather.com/weather/today/l/32.5853,71.5436?unit=c
2025-07-01T00:24:21.802Z [LOG] Thread 4 now crawling https://weather.com/weather/today/l/32.7667,74.2167?unit=c
2025-07-01T00:24:21.923Z [INFO] Scraping completed
2025-07-01T00:24:22.111Z [LOG] Add/Update successful [object Object]
2025-07-01T00:24:22.111Z [LOG] Thread 6 processed https://weather.com/weather/today/l/31.9286,70.4592?unit=c
2025-07-01T00:24:22.112Z [LOG] Thread 6 now crawling https://weather.com/weather/today/l/33.5156,73.9019?unit=c
2025-07-01T00:24:22.241Z [INFO] Scraping completed
2025-07-01T00:24:22.271Z [INFO] Scraping completed
2025-07-01T00:24:22.468Z [LOG] Add/Update successful [object Object]
2025-07-01T00:24:22.469Z [LOG] Thread 7 processed https://weather.com/weather/today/l/34.6796,73.0263?unit=c
2025-07-01T00:24:22.469Z [LOG] Thread 7 now crawling https://weather.com/weather/today/l/25.5971,68.4467?unit=c
2025-07-01T00:24:22.479Z [LOG] Add/Update successful [object Object]
2025-07-01T00:24:22.497Z [LOG] Thread 5 processed https://weather.com/weather/today/l/32.7012,73.9605?unit=c
2025-07-01T00:24:22.497Z [LOG] Thread 5 now crawling https://weather.com/weather/today/l/31.4492,73.7124?unit=c
2025-07-01T00:24:22.571Z [INFO] Scraping completed
2025-07-01T00:24:22.730Z [LOG] Add/Update successful [object Object]
2025-07-01T00:24:22.731Z [LOG] Thread 10 processed https://weather.com/weather/today/l/28.8885,64.4062?unit=c
2025-07-01T00:24:22.732Z [LOG] Remaining URLs: 135
2025-07-01T00:24:22.795Z [INFO] Scraping completed
2025-07-01T00:24:23.043Z [LOG] Add/Update successful [object Object]
2025-07-01T00:24:23.043Z [LOG] Thread 3 processed https://weather.com/weather/today/l/30.3500,73.4000?unit=c
2025-07-01T00:24:23.043Z [LOG] Thread 3 now crawling https://weather.com/weather/today/l/25.4667,68.7167?unit=c
2025-07-01T00:24:23.182Z [INFO] Scraping completed
2025-07-01T00:24:23.355Z [LOG] Add/Update successful [object Object]
2025-07-01T00:24:23.355Z [LOG] Thread 1 processed https://weather.com/weather/today/l/30.1920,67.0070?unit=c
2025-07-01T00:24:23.356Z [LOG] Thread 1 now crawling https://weather.com/weather/today/l/29.3956,71.6722?unit=c
2025-07-01T00:24:24.057Z [INFO] Scraping completed
2025-07-01T00:24:24.156Z [LOG] Add/Update successful [object Object]
2025-07-01T00:24:24.156Z [LOG] Thread 8 processed https://weather.com/weather/today/l/28.4167,68.1667?unit=c
2025-07-01T00:24:24.157Z [LOG] Thread 8 now crawling https://weather.com/weather/today/l/27.8473,67.9068?unit=c
2025-07-01T00:24:25.127Z [INFO] Scraping completed
2025-07-01T00:24:25.129Z [INFO] Scraping completed
2025-07-01T00:24:25.179Z [INFO] Scraping completed
2025-07-01T00:24:25.309Z [LOG] Add/Update successful [object Object]
2025-07-01T00:24:25.309Z [LOG] Thread 9 processed https://weather.com/weather/today/l/29.5430,67.8773?unit=c
2025-07-01T00:24:25.309Z [LOG] Thread 9 now crawling https://weather.com/weather/today/l/29.0362,69.1585?unit=c
2025-07-01T00:24:25.312Z [LOG] Add/Update successful [object Object]
2025-07-01T00:24:25.312Z [LOG] Thread 4 processed https://weather.com/weather/today/l/32.7667,74.2167?unit=c
2025-07-01T00:24:25.312Z [LOG] Thread 4 now crawling https://weather.com/weather/today/l/31.6333,71.0667?unit=c
2025-07-01T00:24:25.340Z [LOG] Add/Update successful [object Object]
2025-07-01T00:24:25.340Z [LOG] Thread 2 processed https://weather.com/weather/today/l/30.6706,73.1064?unit=c
2025-07-01T00:24:25.341Z [LOG] Thread 2 now crawling https://weather.com/weather/today/l/25.5269,69.0111?unit=c
2025-07-01T00:24:25.852Z [INFO] Scraping completed
2025-07-01T00:24:25.956Z [LOG] Add/Update successful [object Object]
2025-07-01T00:24:25.956Z [LOG] Thread 7 processed https://weather.com/weather/today/l/25.5971,68.4467?unit=c
2025-07-01T00:24:25.956Z [LOG] Thread 7 now crawling https://weather.com/weather/today/l/28.0064,69.3150?unit=c
2025-07-01T00:24:26.299Z [INFO] Scraping completed
2025-07-01T00:24:26.365Z [INFO] Scraping completed
2025-07-01T00:24:26.431Z [LOG] Add/Update successful [object Object]
2025-07-01T00:24:26.431Z [LOG] Thread 6 processed https://weather.com/weather/today/l/33.5156,73.9019?unit=c
2025-07-01T00:24:26.431Z [LOG] Thread 6 now crawling https://weather.com/weather/today/l/35.9208,74.3144?unit=c
2025-07-01T00:24:26.486Z [LOG] Add/Update successful [object Object]
2025-07-01T00:24:26.487Z [LOG] Thread 5 processed https://weather.com/weather/today/l/31.4492,73.7124?unit=c
2025-07-01T00:24:26.487Z [LOG] Thread 5 now crawling https://weather.com/weather/today/l/32.9889,70.6056?unit=c
2025-07-01T00:24:27.061Z [INFO] Scraping completed
2025-07-01T00:24:27.216Z [LOG] Add/Update successful [object Object]
2025-07-01T00:24:27.217Z [LOG] Thread 1 processed https://weather.com/weather/today/l/29.3956,71.6722?unit=c
2025-07-01T00:24:27.217Z [LOG] Thread 1 now crawling https://weather.com/weather/today/l/32.0836,72.6711?unit=c
2025-07-01T00:24:27.378Z [INFO] Scraping completed
2025-07-01T00:24:27.565Z [LOG] Add/Update successful [object Object]
2025-07-01T00:24:27.566Z [LOG] Thread 3 processed https://weather.com/weather/today/l/25.4667,68.7167?unit=c
2025-07-01T00:24:27.566Z [LOG] Thread 3 now crawling https://weather.com/weather/today/l/30.0419,72.3528?unit=c
2025-07-01T00:24:27.863Z [INFO] Scraping completed
2025-07-01T00:24:27.964Z [LOG] Add/Update successful [object Object]
2025-07-01T00:24:27.964Z [LOG] Thread 8 processed https://weather.com/weather/today/l/27.8473,67.9068?unit=c
2025-07-01T00:24:27.965Z [LOG] Thread 8 now crawling https://weather.com/weather/today/l/30.5833,67.0000?unit=c
2025-07-01T00:24:28.467Z [INFO] Scraping completed
2025-07-01T00:24:28.620Z [LOG] Add/Update successful [object Object]
2025-07-01T00:24:28.620Z [LOG] Thread 4 processed https://weather.com/weather/today/l/31.6333,71.0667?unit=c
2025-07-01T00:24:28.620Z [LOG] Thread 4 now crawling https://weather.com/weather/today/l/31.3417,69.4486?unit=c
2025-07-01T00:24:28.804Z [INFO] Scraping completed
2025-07-01T00:24:28.888Z [INFO] Scraping completed
2025-07-01T00:24:28.951Z [LOG] Add/Update successful [object Object]
2025-07-01T00:24:28.951Z [LOG] Thread 9 processed https://weather.com/weather/today/l/29.0362,69.1585?unit=c
2025-07-01T00:24:28.952Z [LOG] Thread 9 now crawling https://weather.com/weather/today/l/35.3471,74.8563?unit=c
2025-07-01T00:24:29.068Z [LOG] Add/Update successful [object Object]
2025-07-01T00:24:29.071Z [LOG] Thread 2 processed https://weather.com/weather/today/l/25.5269,69.0111?unit=c
2025-07-01T00:24:29.072Z [LOG] Thread 2 now crawling https://weather.com/weather/today/l/30.8100,73.4597?unit=c
2025-07-01T00:24:29.261Z [INFO] Scraping completed
2025-07-01T00:24:29.440Z [LOG] Add/Update successful [object Object]
2025-07-01T00:24:29.441Z [LOG] Thread 7 processed https://weather.com/weather/today/l/28.0064,69.3150?unit=c
2025-07-01T00:24:29.441Z [LOG] Thread 7 now crawling https://weather.com/weather/today/l/26.8401,68.1227?unit=c
2025-07-01T00:24:29.711Z [INFO] Scraping completed
2025-07-01T00:24:29.859Z [LOG] Add/Update successful [object Object]
2025-07-01T00:24:29.860Z [LOG] Thread 5 processed https://weather.com/weather/today/l/32.9889,70.6056?unit=c
2025-07-01T00:24:29.860Z [LOG] Thread 5 now crawling https://weather.com/weather/today/l/34.8281,71.8408?unit=c
2025-07-01T00:24:29.911Z [INFO] Scraping completed
2025-07-01T00:24:30.067Z [LOG] Add/Update successful [object Object]
2025-07-01T00:24:30.067Z [LOG] Thread 6 processed https://weather.com/weather/today/l/35.9208,74.3144?unit=c
2025-07-01T00:24:30.068Z [LOG] Thread 6 now crawling https://weather.com/weather/today/l/25.3969,68.3772?unit=c
2025-07-01T00:24:30.446Z [INFO] Scraping completed
2025-07-01T00:24:30.626Z [LOG] Add/Update successful [object Object]
2025-07-01T00:24:30.627Z [LOG] Thread 1 processed https://weather.com/weather/today/l/32.0836,72.6711?unit=c
2025-07-01T00:24:30.627Z [LOG] Thread 1 now crawling https://weather.com/weather/today/l/33.1333,73.7500?unit=c
2025-07-01T00:24:31.153Z [INFO] Scraping completed
2025-07-01T00:24:31.259Z [LOG] Add/Update successful [object Object]
2025-07-01T00:24:31.259Z [LOG] Thread 3 processed https://weather.com/weather/today/l/30.0419,72.3528?unit=c
2025-07-01T00:24:31.259Z [LOG] Thread 3 now crawling https://weather.com/weather/today/l/31.3342,73.4194?unit=c
2025-07-01T00:24:31.281Z [INFO] Scraping completed
2025-07-01T00:24:31.388Z [LOG] Add/Update successful [object Object]
2025-07-01T00:24:31.388Z [LOG] Thread 8 processed https://weather.com/weather/today/l/30.5833,67.0000?unit=c
2025-07-01T00:24:31.389Z [LOG] Thread 8 now crawling https://weather.com/weather/today/l/26.0464,68.9481?unit=c
2025-07-01T00:24:31.989Z [INFO] Scraping completed
2025-07-01T00:24:32.139Z [LOG] Add/Update successful [object Object]
2025-07-01T00:24:32.139Z [LOG] Thread 4 processed https://weather.com/weather/today/l/31.3417,69.4486?unit=c
2025-07-01T00:24:32.139Z [LOG] Thread 4 now crawling https://weather.com/weather/today/l/32.8110,73.8650?unit=c
2025-07-01T00:24:32.219Z [INFO] Scraping completed
2025-07-01T00:24:32.357Z [LOG] Add/Update successful [object Object]
2025-07-01T00:24:32.357Z [LOG] Thread 2 processed https://weather.com/weather/today/l/30.8100,73.4597?unit=c
2025-07-01T00:24:32.357Z [LOG] Thread 2 now crawling https://weather.com/weather/today/l/30.1500,72.6833?unit=c
2025-07-01T00:24:32.399Z [INFO] Scraping completed
2025-07-01T00:24:32.527Z [LOG] Add/Update successful [object Object]
2025-07-01T00:24:32.527Z [LOG] Thread 9 processed https://weather.com/weather/today/l/35.3471,74.8563?unit=c
2025-07-01T00:24:32.527Z [LOG] Thread 9 now crawling https://weather.com/weather/today/l/26.0012,63.0485?unit=c
2025-07-01T00:24:32.529Z [INFO] Scraping completed
2025-07-01T00:24:32.721Z [LOG] Add/Update successful [object Object]
2025-07-01T00:24:32.721Z [LOG] Thread 7 processed https://weather.com/weather/today/l/26.8401,68.1227?unit=c
2025-07-01T00:24:32.722Z [LOG] Thread 7 now crawling https://weather.com/weather/today/l/34.9000,72.6556?unit=c
2025-07-01T00:24:33.597Z [INFO] Scraping completed
2025-07-01T00:24:33.635Z [INFO] Scraping completed
2025-07-01T00:24:33.763Z [LOG] Add/Update successful [object Object]
2025-07-01T00:24:33.764Z [LOG] Thread 5 processed https://weather.com/weather/today/l/34.8281,71.8408?unit=c
2025-07-01T00:24:33.764Z [LOG] Thread 5 now crawling https://weather.com/weather/today/l/33.8992,70.1008?unit=c
2025-07-01T00:24:33.804Z [LOG] Add/Update successful [object Object]
2025-07-01T00:24:33.805Z [LOG] Thread 6 processed https://weather.com/weather/today/l/25.3969,68.3772?unit=c
2025-07-01T00:24:33.805Z [LOG] Thread 6 now crawling https://weather.com/weather/today/l/32.1020,74.8730?unit=c
2025-07-01T00:24:34.566Z [INFO] Scraping completed
2025-07-01T00:24:34.586Z [INFO] Scraping completed
2025-07-01T00:24:34.677Z [LOG] Add/Update successful [object Object]
2025-07-01T00:24:34.677Z [LOG] Thread 1 processed https://weather.com/weather/today/l/33.1333,73.7500?unit=c
2025-07-01T00:24:34.677Z [LOG] Thread 1 now crawling https://weather.com/weather/today/l/31.7167,72.9833?unit=c
2025-07-01T00:24:34.692Z [LOG] Add/Update successful [object Object]
2025-07-01T00:24:34.692Z [LOG] Thread 3 processed https://weather.com/weather/today/l/31.3342,73.4194?unit=c
2025-07-01T00:24:34.693Z [LOG] Remaining URLs: 120
2025-07-01T00:24:34.941Z [INFO] Scraping completed
2025-07-01T00:24:34.956Z [INFO] Scraping completed
2025-07-01T00:24:35.055Z [LOG] Add/Update successful [object Object]
2025-07-01T00:24:35.055Z [LOG] Thread 8 processed https://weather.com/weather/today/l/26.0464,68.9481?unit=c
2025-07-01T00:24:35.055Z [LOG] Thread 8 now crawling https://weather.com/weather/today/l/35.2074,71.8768?unit=c
2025-07-01T00:24:35.065Z [LOG] Add/Update successful [object Object]
2025-07-01T00:24:35.065Z [LOG] Thread 4 processed https://weather.com/weather/today/l/32.8110,73.8650?unit=c
2025-07-01T00:24:35.066Z [LOG] Remaining URLs: 105
2025-07-01T00:24:35.401Z [INFO] Scraping completed
2025-07-01T00:24:35.532Z [LOG] Add/Update successful [object Object]
2025-07-01T00:24:35.533Z [LOG] Thread 2 processed https://weather.com/weather/today/l/30.1500,72.6833?unit=c
2025-07-01T00:24:35.534Z [LOG] Remaining URLs: 90
2025-07-01T00:24:35.678Z [INFO] Scraping completed
2025-07-01T00:24:35.783Z [LOG] Add/Update successful [object Object]
2025-07-01T00:24:35.783Z [LOG] Thread 9 processed https://weather.com/weather/today/l/26.0012,63.0485?unit=c
2025-07-01T00:24:35.784Z [LOG] Remaining URLs: 75
2025-07-01T00:24:35.821Z [INFO] Scraping completed
2025-07-01T00:24:35.922Z [LOG] Add/Update successful [object Object]
2025-07-01T00:24:35.922Z [LOG] Thread 7 processed https://weather.com/weather/today/l/34.9000,72.6556?unit=c
2025-07-01T00:24:35.922Z [LOG] Remaining URLs: 60
2025-07-01T00:24:36.799Z [INFO] Scraping completed
2025-07-01T00:24:36.831Z [INFO] Scraping completed
2025-07-01T00:24:36.905Z [LOG] Add/Update successful [object Object]
2025-07-01T00:24:36.906Z [LOG] Thread 5 processed https://weather.com/weather/today/l/33.8992,70.1008?unit=c
2025-07-01T00:24:36.906Z [LOG] Thread 5 now crawling https://weather.com/weather/today/l/25.1264,62.3225?unit=c
2025-07-01T00:24:36.934Z [LOG] Add/Update successful [object Object]
2025-07-01T00:24:36.934Z [LOG] Thread 6 processed https://weather.com/weather/today/l/32.1020,74.8730?unit=c
2025-07-01T00:24:36.934Z [LOG] Remaining URLs: 45
2025-07-01T00:24:37.917Z [INFO] Scraping completed
2025-07-01T00:24:38.014Z [LOG] Add/Update successful [object Object]
2025-07-01T00:24:38.014Z [LOG] Thread 8 processed https://weather.com/weather/today/l/35.2074,71.8768?unit=c
2025-07-01T00:24:38.015Z [LOG] Remaining URLs: 30
2025-07-01T00:24:39.669Z [INFO] Scraping completed
2025-07-01T00:24:39.768Z [LOG] Add/Update successful [object Object]
2025-07-01T00:24:39.768Z [LOG] Thread 5 processed https://weather.com/weather/today/l/25.1264,62.3225?unit=c
2025-07-01T00:24:39.769Z [LOG] Remaining URLs: 15
2025-07-01T00:24:41.935Z [INFO] Scraping completed
2025-07-01T00:24:42.040Z [LOG] Add/Update successful [object Object]
2025-07-01T00:24:42.040Z [LOG] Thread 1 processed https://weather.com/weather/today/l/31.7167,72.9833?unit=c
2025-07-01T00:24:42.041Z [LOG] Remaining URLs: 0
2025-07-01T00:24:42.041Z [LOG] All URLs processed.
