2025-05-01T00:21:42.822Z [LOG] Queue initialized successfully.
2025-05-01T00:21:42.859Z [LOG] Total URLs: 146
2025-05-01T00:21:43.267Z [LOG] Thread 4 now crawling https://weather.com/weather/today/l/30.7258,72.6447?unit=c
2025-05-01T00:21:43.336Z [LOG] Thread 3 now crawling https://weather.com/weather/today/l/28.2769,68.4514?unit=c
2025-05-01T00:21:43.339Z [LOG] Thread 1 now crawling https://weather.com/weather/today/l/24.8600,67.0100?unit=c
2025-05-01T00:21:43.340Z [LOG] Thread 7 now crawling https://weather.com/weather/today/l/27.5295,68.7592?unit=c
2025-05-01T00:21:43.379Z [LOG] Thread 2 now crawling https://weather.com/weather/today/l/27.6995,68.8673?unit=c
2025-05-01T00:21:43.399Z [LOG] Thread 5 now crawling https://weather.com/weather/today/l/30.4397,72.3544?unit=c
2025-05-01T00:21:43.405Z [LOG] Thread 9 now crawling https://weather.com/weather/today/l/24.7461,67.9243?unit=c
2025-05-01T00:21:43.406Z [LOG] Thread 6 now crawling https://weather.com/weather/today/l/30.5522,72.1278?unit=c
2025-05-01T00:21:43.418Z [LOG] Thread 8 now crawling https://weather.com/weather/today/l/33.9803,73.7747?unit=c
2025-05-01T00:21:43.458Z [LOG] Thread 10 now crawling https://weather.com/weather/today/l/25.8072,66.6219?unit=c
2025-05-01T00:21:54.687Z [INFO] Scraping completed
2025-05-01T00:21:54.800Z [INFO] Scraping completed
2025-05-01T00:21:54.966Z [INFO] Scraping completed
2025-05-01T00:21:55.505Z [LOG] Add/Update successful [object Object]
2025-05-01T00:21:55.505Z [LOG] Thread 3 processed https://weather.com/weather/today/l/28.2769,68.4514?unit=c
2025-05-01T00:21:55.505Z [LOG] Add/Update successful [object Object]
2025-05-01T00:21:55.505Z [LOG] Thread 10 processed https://weather.com/weather/today/l/25.8072,66.6219?unit=c
2025-05-01T00:21:55.505Z [LOG] Thread 10 now crawling https://weather.com/weather/today/l/27.7384,66.6434?unit=c
2025-05-01T00:21:55.505Z [LOG] Add/Update successful [object Object]
2025-05-01T00:21:55.506Z [LOG] Thread 8 processed https://weather.com/weather/today/l/33.9803,73.7747?unit=c
2025-05-01T00:21:55.506Z [LOG] Thread 8 now crawling https://weather.com/weather/today/l/34.5111,72.4844?unit=c
2025-05-01T00:21:55.505Z [LOG] Thread 3 now crawling https://weather.com/weather/today/l/28.3006,70.1302?unit=c
2025-05-01T00:21:55.587Z [INFO] Scraping completed
2025-05-01T00:21:55.676Z [INFO] Scraping completed
2025-05-01T00:21:56.137Z [INFO] Scraping completed
2025-05-01T00:21:56.142Z [LOG] Add/Update successful [object Object]
2025-05-01T00:21:56.143Z [LOG] Thread 1 processed https://weather.com/weather/today/l/24.8600,67.0100?unit=c
2025-05-01T00:21:56.143Z [LOG] Thread 1 now crawling https://weather.com/weather/today/l/31.5497,74.3436?unit=c
2025-05-01T00:21:56.222Z [LOG] Add/Update successful [object Object]
2025-05-01T00:21:56.222Z [LOG] Thread 2 processed https://weather.com/weather/today/l/27.6995,68.8673?unit=c
2025-05-01T00:21:56.223Z [LOG] Thread 2 now crawling https://weather.com/weather/today/l/27.5600,68.2264?unit=c
2025-05-01T00:21:56.353Z [INFO] Scraping completed
2025-05-01T00:21:56.359Z [INFO] Scraping completed
2025-05-01T00:21:56.451Z [INFO] Scraping completed
2025-05-01T00:21:56.622Z [INFO] Scraping completed
2025-05-01T00:21:56.647Z [LOG] Add/Update successful [object Object]
2025-05-01T00:21:56.647Z [LOG] Thread 6 processed https://weather.com/weather/today/l/30.5522,72.1278?unit=c
2025-05-01T00:21:56.652Z [LOG] Thread 6 now crawling https://weather.com/weather/today/l/33.8195,72.6890?unit=c
2025-05-01T00:21:56.819Z [LOG] Add/Update successful [object Object]
2025-05-01T00:21:56.819Z [LOG] Thread 5 processed https://weather.com/weather/today/l/30.4397,72.3544?unit=c
2025-05-01T00:21:56.819Z [LOG] Thread 5 now crawling https://weather.com/weather/today/l/25.4283,68.2822?unit=c
2025-05-01T00:21:56.841Z [LOG] Add/Update successful [object Object]
2025-05-01T00:21:56.842Z [LOG] Thread 7 processed https://weather.com/weather/today/l/27.5295,68.7592?unit=c
2025-05-01T00:21:56.842Z [LOG] Thread 7 now crawling https://weather.com/weather/today/l/30.3017,71.9321?unit=c
2025-05-01T00:21:56.897Z [LOG] Add/Update successful [object Object]
2025-05-01T00:21:56.897Z [LOG] Thread 9 processed https://weather.com/weather/today/l/24.7461,67.9243?unit=c
2025-05-01T00:21:56.898Z [LOG] Thread 9 now crawling https://weather.com/weather/today/l/28.5466,68.2231?unit=c
2025-05-01T00:21:56.973Z [LOG] Add/Update successful [object Object]
2025-05-01T00:21:56.974Z [LOG] Thread 4 processed https://weather.com/weather/today/l/30.7258,72.6447?unit=c
2025-05-01T00:21:56.975Z [LOG] Thread 4 now crawling https://weather.com/weather/today/l/30.4700,70.9644?unit=c
2025-05-01T00:21:59.241Z [INFO] Scraping completed
2025-05-01T00:21:59.382Z [LOG] Add/Update successful [object Object]
2025-05-01T00:21:59.383Z [LOG] Thread 3 processed https://weather.com/weather/today/l/28.3006,70.1302?unit=c
2025-05-01T00:21:59.384Z [LOG] Thread 3 now crawling https://weather.com/weather/today/l/33.5869,71.4414?unit=c
2025-05-01T00:21:59.468Z [INFO] Scraping completed
2025-05-01T00:21:59.499Z [INFO] Scraping completed
2025-05-01T00:21:59.648Z [LOG] Add/Update successful [object Object]
2025-05-01T00:21:59.648Z [LOG] Thread 10 processed https://weather.com/weather/today/l/27.7384,66.6434?unit=c
2025-05-01T00:21:59.649Z [LOG] Thread 10 now crawling https://weather.com/weather/today/l/35.4206,74.0967?unit=c
2025-05-01T00:21:59.657Z [LOG] Add/Update successful [object Object]
2025-05-01T00:21:59.657Z [LOG] Thread 8 processed https://weather.com/weather/today/l/34.5111,72.4844?unit=c
2025-05-01T00:21:59.658Z [LOG] Thread 8 now crawling https://weather.com/weather/today/l/29.9983,73.2527?unit=c
2025-05-01T00:21:59.861Z [INFO] Scraping completed
2025-05-01T00:22:00.056Z [LOG] Add/Update successful [object Object]
2025-05-01T00:22:00.057Z [LOG] Thread 2 processed https://weather.com/weather/today/l/27.5600,68.2264?unit=c
2025-05-01T00:22:00.057Z [LOG] Thread 2 now crawling https://weather.com/weather/today/l/31.7083,74.0000?unit=c
2025-05-01T00:22:00.088Z [INFO] Scraping completed
2025-05-01T00:22:00.217Z [LOG] Add/Update successful [object Object]
2025-05-01T00:22:00.218Z [LOG] Thread 1 processed https://weather.com/weather/today/l/31.5497,74.3436?unit=c
2025-05-01T00:22:00.219Z [LOG] Thread 1 now crawling https://weather.com/weather/today/l/32.5000,74.5333?unit=c
2025-05-01T00:22:00.387Z [INFO] Scraping completed
2025-05-01T00:22:00.532Z [LOG] Add/Update successful [object Object]
2025-05-01T00:22:00.533Z [LOG] Thread 6 processed https://weather.com/weather/today/l/33.8195,72.6890?unit=c
2025-05-01T00:22:00.533Z [LOG] Thread 6 now crawling https://weather.com/weather/today/l/32.2167,70.3833?unit=c
2025-05-01T00:22:00.636Z [INFO] Scraping completed
2025-05-01T00:22:00.740Z [INFO] Scraping completed
2025-05-01T00:22:00.820Z [LOG] Add/Update successful [object Object]
2025-05-01T00:22:00.820Z [LOG] Thread 9 processed https://weather.com/weather/today/l/28.5466,68.2231?unit=c
2025-05-01T00:22:00.821Z [LOG] Thread 9 now crawling https://weather.com/weather/today/l/29.8965,69.2532?unit=c
2025-05-01T00:22:00.958Z [LOG] Add/Update successful [object Object]
2025-05-01T00:22:00.961Z [LOG] Thread 5 processed https://weather.com/weather/today/l/25.4283,68.2822?unit=c
2025-05-01T00:22:00.962Z [LOG] Thread 5 now crawling https://weather.com/weather/today/l/31.0214,73.8528?unit=c
2025-05-01T00:22:01.122Z [INFO] Scraping completed
2025-05-01T00:22:01.260Z [INFO] Scraping completed
2025-05-01T00:22:01.393Z [LOG] Add/Update successful [object Object]
2025-05-01T00:22:01.395Z [LOG] Thread 4 processed https://weather.com/weather/today/l/30.4700,70.9644?unit=c
2025-05-01T00:22:01.395Z [LOG] Thread 4 now crawling https://weather.com/weather/today/l/34.0153,71.9747?unit=c
2025-05-01T00:22:01.543Z [LOG] Add/Update successful [object Object]
2025-05-01T00:22:01.543Z [LOG] Thread 7 processed https://weather.com/weather/today/l/30.3017,71.9321?unit=c
2025-05-01T00:22:01.543Z [LOG] Thread 7 now crawling https://weather.com/weather/today/l/32.9333,73.7333?unit=c
2025-05-01T00:22:03.980Z [INFO] Scraping completed
2025-05-01T00:22:04.003Z [INFO] Scraping completed
2025-05-01T00:22:04.210Z [INFO] Scraping completed
2025-05-01T00:22:04.224Z [LOG] Add/Update successful [object Object]
2025-05-01T00:22:04.224Z [LOG] Thread 3 processed https://weather.com/weather/today/l/33.5869,71.4414?unit=c
2025-05-01T00:22:04.224Z [LOG] Thread 3 now crawling https://weather.com/weather/today/l/31.8020,74.2550?unit=c
2025-05-01T00:22:04.247Z [LOG] Add/Update successful [object Object]
2025-05-01T00:22:04.247Z [INFO] Scraping completed
2025-05-01T00:22:04.248Z [LOG] Thread 8 processed https://weather.com/weather/today/l/29.9983,73.2527?unit=c
2025-05-01T00:22:04.249Z [LOG] Thread 8 now crawling https://weather.com/weather/today/l/30.9646,70.9444?unit=c
2025-05-01T00:22:04.286Z [INFO] Scraping completed
2025-05-01T00:22:04.382Z [LOG] Add/Update successful [object Object]
2025-05-01T00:22:04.384Z [LOG] Thread 10 processed https://weather.com/weather/today/l/35.4206,74.0967?unit=c
2025-05-01T00:22:04.384Z [LOG] Thread 10 now crawling https://weather.com/weather/today/l/29.0266,66.5936?unit=c
2025-05-01T00:22:04.406Z [LOG] Add/Update successful [object Object]
2025-05-01T00:22:04.407Z [LOG] Thread 1 processed https://weather.com/weather/today/l/32.5000,74.5333?unit=c
2025-05-01T00:22:04.407Z [LOG] Thread 1 now crawling https://weather.com/weather/today/l/31.4180,73.0790?unit=c
2025-05-01T00:22:04.432Z [LOG] Add/Update successful [object Object]
2025-05-01T00:22:04.433Z [LOG] Thread 2 processed https://weather.com/weather/today/l/31.7083,74.0000?unit=c
2025-05-01T00:22:04.433Z [LOG] Thread 2 now crawling https://weather.com/weather/today/l/31.2681,72.3181?unit=c
2025-05-01T00:22:04.984Z [INFO] Scraping completed
2025-05-01T00:22:05.143Z [INFO] Scraping completed
2025-05-01T00:22:05.146Z [LOG] Add/Update successful [object Object]
2025-05-01T00:22:05.149Z [LOG] Thread 5 processed https://weather.com/weather/today/l/31.0214,73.8528?unit=c
2025-05-01T00:22:05.149Z [LOG] Thread 5 now crawling https://weather.com/weather/today/l/29.6100,73.1361?unit=c
2025-05-01T00:22:05.260Z [LOG] Add/Update successful [object Object]
2025-05-01T00:22:05.260Z [LOG] Thread 9 processed https://weather.com/weather/today/l/29.8965,69.2532?unit=c
2025-05-01T00:22:05.261Z [LOG] Thread 9 now crawling https://weather.com/weather/today/l/29.7997,66.8455?unit=c
2025-05-01T00:22:05.310Z [INFO] Scraping completed
2025-05-01T00:22:05.482Z [LOG] Add/Update successful [object Object]
2025-05-01T00:22:05.499Z [LOG] Thread 6 processed https://weather.com/weather/today/l/32.2167,70.3833?unit=c
2025-05-01T00:22:05.500Z [LOG] Thread 6 now crawling https://weather.com/weather/today/l/33.5281,71.0572?unit=c
2025-05-01T00:22:05.642Z [INFO] Scraping completed
2025-05-01T00:22:05.787Z [LOG] Add/Update successful [object Object]
2025-05-01T00:22:05.788Z [LOG] Thread 4 processed https://weather.com/weather/today/l/34.0153,71.9747?unit=c
2025-05-01T00:22:05.788Z [LOG] Thread 4 now crawling https://weather.com/weather/today/l/34.1167,72.4667?unit=c
2025-05-01T00:22:05.836Z [INFO] Scraping completed
2025-05-01T00:22:05.960Z [LOG] Add/Update successful [object Object]
2025-05-01T00:22:05.963Z [LOG] Thread 7 processed https://weather.com/weather/today/l/32.9333,73.7333?unit=c
2025-05-01T00:22:05.963Z [LOG] Thread 7 now crawling https://weather.com/weather/today/l/33.9942,72.9333?unit=c
2025-05-01T00:22:07.973Z [INFO] Scraping completed
2025-05-01T00:22:08.080Z [LOG] Add/Update successful [object Object]
2025-05-01T00:22:08.080Z [LOG] Thread 2 processed https://weather.com/weather/today/l/31.2681,72.3181?unit=c
2025-05-01T00:22:08.080Z [LOG] Thread 2 now crawling https://weather.com/weather/today/l/28.4202,70.2952?unit=c
2025-05-01T00:22:08.353Z [INFO] Scraping completed
2025-05-01T00:22:08.484Z [LOG] Add/Update successful [object Object]
2025-05-01T00:22:08.485Z [LOG] Thread 8 processed https://weather.com/weather/today/l/30.9646,70.9444?unit=c
2025-05-01T00:22:08.485Z [LOG] Thread 8 now crawling https://weather.com/weather/today/l/25.1239,68.5389?unit=c
2025-05-01T00:22:08.521Z [INFO] Scraping completed
2025-05-01T00:22:08.669Z [LOG] Add/Update successful [object Object]
2025-05-01T00:22:08.670Z [LOG] Thread 10 processed https://weather.com/weather/today/l/29.0266,66.5936?unit=c
2025-05-01T00:22:08.670Z [LOG] Thread 10 now crawling https://weather.com/weather/today/l/26.9644,64.0903?unit=c
2025-05-01T00:22:08.696Z [INFO] Scraping completed
2025-05-01T00:22:08.888Z [LOG] Add/Update successful [object Object]
2025-05-01T00:22:08.889Z [LOG] Thread 1 processed https://weather.com/weather/today/l/31.4180,73.0790?unit=c
2025-05-01T00:22:08.889Z [LOG] Thread 1 now crawling https://weather.com/weather/today/l/33.6007,73.0679?unit=c
2025-05-01T00:22:08.962Z [INFO] Scraping completed
2025-05-01T00:22:09.131Z [INFO] Scraping completed
2025-05-01T00:22:09.188Z [LOG] Add/Update successful [object Object]
2025-05-01T00:22:09.189Z [LOG] Thread 9 processed https://weather.com/weather/today/l/29.7997,66.8455?unit=c
2025-05-01T00:22:09.189Z [LOG] Thread 9 now crawling https://weather.com/weather/today/l/35.2917,73.2906?unit=c
2025-05-01T00:22:09.348Z [INFO] Scraping completed
2025-05-01T00:22:09.371Z [LOG] Add/Update successful [object Object]
2025-05-01T00:22:09.372Z [LOG] Thread 5 processed https://weather.com/weather/today/l/29.6100,73.1361?unit=c
2025-05-01T00:22:09.373Z [LOG] Thread 5 now crawling https://weather.com/weather/today/l/30.9667,72.4833?unit=c
2025-05-01T00:22:09.547Z [LOG] Add/Update successful [object Object]
2025-05-01T00:22:09.548Z [LOG] Thread 4 processed https://weather.com/weather/today/l/34.1167,72.4667?unit=c
2025-05-01T00:22:09.549Z [LOG] Thread 4 now crawling https://weather.com/weather/today/l/31.8167,70.9167?unit=c
2025-05-01T00:22:09.824Z [INFO] Scraping completed
2025-05-01T00:22:09.894Z [INFO] Scraping completed
2025-05-01T00:22:10.070Z [LOG] Add/Update successful [object Object]
2025-05-01T00:22:10.071Z [LOG] Thread 7 processed https://weather.com/weather/today/l/33.9942,72.9333?unit=c
2025-05-01T00:22:10.071Z [LOG] Thread 7 now crawling https://weather.com/weather/today/l/27.9556,68.6382?unit=c
2025-05-01T00:22:10.101Z [LOG] Add/Update successful [object Object]
2025-05-01T00:22:10.102Z [LOG] Thread 6 processed https://weather.com/weather/today/l/33.5281,71.0572?unit=c
2025-05-01T00:22:10.102Z [LOG] Thread 6 now crawling https://weather.com/weather/today/l/34.0049,71.9989?unit=c
2025-05-01T00:22:10.456Z [INFO] Scraping completed
2025-05-01T00:22:10.674Z [LOG] Add/Update successful [object Object]
2025-05-01T00:22:10.674Z [LOG] Thread 3 processed https://weather.com/weather/today/l/31.8020,74.2550?unit=c
2025-05-01T00:22:10.674Z [LOG] Thread 3 now crawling https://weather.com/weather/today/l/30.0703,71.1933?unit=c
2025-05-01T00:22:11.904Z [INFO] Scraping completed
2025-05-01T00:22:12.067Z [LOG] Add/Update successful [object Object]
2025-05-01T00:22:12.067Z [LOG] Thread 2 processed https://weather.com/weather/today/l/28.4202,70.2952?unit=c
2025-05-01T00:22:12.068Z [LOG] Thread 2 now crawling https://weather.com/weather/today/l/32.5736,74.0789?unit=c
2025-05-01T00:22:12.279Z [INFO] Scraping completed
2025-05-01T00:22:12.426Z [LOG] Add/Update successful [object Object]
2025-05-01T00:22:12.427Z [LOG] Thread 8 processed https://weather.com/weather/today/l/25.1239,68.5389?unit=c
2025-05-01T00:22:12.427Z [LOG] Thread 8 now crawling https://weather.com/weather/today/l/32.9300,72.8500?unit=c
2025-05-01T00:22:12.705Z [INFO] Scraping completed
2025-05-01T00:22:12.744Z [INFO] Scraping completed
2025-05-01T00:22:12.839Z [LOG] Add/Update successful [object Object]
2025-05-01T00:22:12.839Z [LOG] Thread 1 processed https://weather.com/weather/today/l/33.6007,73.0679?unit=c
2025-05-01T00:22:12.839Z [LOG] Thread 1 now crawling https://weather.com/weather/today/l/34.0000,71.5000?unit=c
2025-05-01T00:22:12.865Z [LOG] Add/Update successful [object Object]
2025-05-01T00:22:12.866Z [LOG] Thread 10 processed https://weather.com/weather/today/l/26.9644,64.0903?unit=c
2025-05-01T00:22:12.866Z [LOG] Thread 10 now crawling https://weather.com/weather/today/l/36.1736,73.7667?unit=c
2025-05-01T00:22:13.093Z [INFO] Scraping completed
2025-05-01T00:22:13.310Z [INFO] Scraping completed
2025-05-01T00:22:13.321Z [LOG] Add/Update successful [object Object]
2025-05-01T00:22:13.322Z [LOG] Thread 9 processed https://weather.com/weather/today/l/35.2917,73.2906?unit=c
2025-05-01T00:22:13.322Z [LOG] Thread 9 now crawling https://weather.com/weather/today/l/34.5717,73.8972?unit=c
2025-05-01T00:22:13.462Z [LOG] Add/Update successful [object Object]
2025-05-01T00:22:13.463Z [LOG] Thread 4 processed https://weather.com/weather/today/l/31.8167,70.9167?unit=c
2025-05-01T00:22:13.464Z [LOG] Thread 4 now crawling https://weather.com/weather/today/l/30.9210,66.4597?unit=c
2025-05-01T00:22:13.542Z [INFO] Scraping completed
2025-05-01T00:22:13.751Z [LOG] Add/Update successful [object Object]
2025-05-01T00:22:13.752Z [LOG] Thread 5 processed https://weather.com/weather/today/l/30.9667,72.4833?unit=c
2025-05-01T00:22:13.752Z [LOG] Thread 5 now crawling https://weather.com/weather/today/l/32.2628,75.1583?unit=c
2025-05-01T00:22:13.916Z [INFO] Scraping completed
2025-05-01T00:22:13.957Z [INFO] Scraping completed
2025-05-01T00:22:14.115Z [LOG] Add/Update successful [object Object]
2025-05-01T00:22:14.116Z [LOG] Thread 7 processed https://weather.com/weather/today/l/27.9556,68.6382?unit=c
2025-05-01T00:22:14.116Z [LOG] Thread 7 now crawling https://weather.com/weather/today/l/33.8578,73.7604?unit=c
2025-05-01T00:22:14.153Z [LOG] Add/Update successful [object Object]
2025-05-01T00:22:14.153Z [LOG] Thread 6 processed https://weather.com/weather/today/l/34.0049,71.9989?unit=c
2025-05-01T00:22:14.153Z [LOG] Thread 6 now crawling https://weather.com/weather/today/l/33.1167,71.0833?unit=c
2025-05-01T00:22:14.661Z [INFO] Scraping completed
2025-05-01T00:22:14.834Z [LOG] Add/Update successful [object Object]
2025-05-01T00:22:14.834Z [LOG] Thread 3 processed https://weather.com/weather/today/l/30.0703,71.1933?unit=c
2025-05-01T00:22:14.834Z [LOG] Thread 3 now crawling https://weather.com/weather/today/l/28.6471,70.6620?unit=c
2025-05-01T00:22:15.213Z [INFO] Scraping completed
2025-05-01T00:22:15.316Z [LOG] Add/Update successful [object Object]
2025-05-01T00:22:15.316Z [LOG] Thread 2 processed https://weather.com/weather/today/l/32.5736,74.0789?unit=c
2025-05-01T00:22:15.317Z [LOG] Thread 2 now crawling https://weather.com/weather/today/l/31.1167,74.4500?unit=c
2025-05-01T00:22:16.151Z [INFO] Scraping completed
2025-05-01T00:22:16.267Z [LOG] Add/Update successful [object Object]
2025-05-01T00:22:16.267Z [LOG] Thread 8 processed https://weather.com/weather/today/l/32.9300,72.8500?unit=c
2025-05-01T00:22:16.267Z [LOG] Thread 8 now crawling https://weather.com/weather/today/l/32.2952,72.3502?unit=c
2025-05-01T00:22:16.290Z [INFO] Scraping completed
2025-05-01T00:22:16.481Z [LOG] Add/Update successful [object Object]
2025-05-01T00:22:16.482Z [LOG] Thread 1 processed https://weather.com/weather/today/l/34.0000,71.5000?unit=c
2025-05-01T00:22:16.482Z [LOG] Thread 1 now crawling https://weather.com/weather/today/l/34.7500,72.3572?unit=c
2025-05-01T00:22:16.846Z [INFO] Scraping completed
2025-05-01T00:22:17.119Z [LOG] Add/Update successful [object Object]
2025-05-01T00:22:17.119Z [LOG] Thread 10 processed https://weather.com/weather/today/l/36.1736,73.7667?unit=c
2025-05-01T00:22:17.119Z [LOG] Thread 10 now crawling https://weather.com/weather/today/l/30.7008,68.3598?unit=c
2025-05-01T00:22:17.727Z [INFO] Scraping completed
2025-05-01T00:22:17.839Z [LOG] Add/Update successful [object Object]
2025-05-01T00:22:17.839Z [LOG] Thread 4 processed https://weather.com/weather/today/l/30.9210,66.4597?unit=c
2025-05-01T00:22:17.839Z [LOG] Thread 4 now crawling https://weather.com/weather/today/l/34.1453,71.7308?unit=c
2025-05-01T00:22:18.809Z [INFO] Scraping completed
2025-05-01T00:22:18.826Z [INFO] Scraping completed
2025-05-01T00:22:19.009Z [LOG] Add/Update successful [object Object]
2025-05-01T00:22:19.009Z [LOG] Thread 5 processed https://weather.com/weather/today/l/32.2628,75.1583?unit=c
2025-05-01T00:22:19.010Z [LOG] Thread 5 now crawling https://weather.com/weather/today/l/30.7333,73.8167?unit=c
2025-05-01T00:22:19.011Z [LOG] Add/Update successful [object Object]
2025-05-01T00:22:19.012Z [LOG] Thread 7 processed https://weather.com/weather/today/l/33.8578,73.7604?unit=c
2025-05-01T00:22:19.012Z [LOG] Thread 7 now crawling https://weather.com/weather/today/l/32.0709,73.6880?unit=c
2025-05-01T00:22:19.569Z [INFO] Scraping completed
2025-05-01T00:22:20.058Z [LOG] Add/Update successful [object Object]
2025-05-01T00:22:20.058Z [LOG] Thread 9 processed https://weather.com/weather/today/l/34.5717,73.8972?unit=c
2025-05-01T00:22:20.058Z [LOG] Thread 9 now crawling https://weather.com/weather/today/l/30.3705,68.5979?unit=c
2025-05-01T00:22:20.312Z [INFO] Scraping completed
2025-05-01T00:22:20.554Z [LOG] Add/Update successful [object Object]
2025-05-01T00:22:20.765Z [LOG] Thread 1 processed https://weather.com/weather/today/l/34.7500,72.3572?unit=c
2025-05-01T00:22:20.766Z [LOG] Thread 1 now crawling https://weather.com/weather/today/l/30.1978,71.4711?unit=c
2025-05-01T00:22:20.598Z [INFO] Scraping completed
2025-05-01T00:22:20.692Z [INFO] Scraping completed
2025-05-01T00:22:20.720Z [INFO] Scraping completed
2025-05-01T00:22:21.006Z [LOG] Add/Update successful [object Object]
2025-05-01T00:22:21.007Z [LOG] Thread 2 processed https://weather.com/weather/today/l/31.1167,74.4500?unit=c
2025-05-01T00:22:21.007Z [LOG] Thread 2 now crawling https://weather.com/weather/today/l/34.1958,72.0447?unit=c
2025-05-01T00:22:21.046Z [LOG] Add/Update successful [object Object]
2025-05-01T00:22:21.047Z [LOG] Thread 3 processed https://weather.com/weather/today/l/28.6471,70.6620?unit=c
2025-05-01T00:22:21.047Z [LOG] Thread 3 now crawling https://weather.com/weather/today/l/31.1500,72.6833?unit=c
2025-05-01T00:22:21.055Z [LOG] Add/Update successful [object Object]
2025-05-01T00:22:21.056Z [LOG] Thread 6 processed https://weather.com/weather/today/l/33.1167,71.0833?unit=c
2025-05-01T00:22:21.056Z [LOG] Thread 6 now crawling https://weather.com/weather/today/l/32.4522,71.4718?unit=c
2025-05-01T00:22:21.744Z [INFO] Scraping completed
2025-05-01T00:22:21.873Z [LOG] Add/Update successful [object Object]
2025-05-01T00:22:21.874Z [LOG] Thread 10 processed https://weather.com/weather/today/l/30.7008,68.3598?unit=c
2025-05-01T00:22:21.874Z [LOG] Thread 10 now crawling https://weather.com/weather/today/l/28.5846,65.4150?unit=c
2025-05-01T00:22:21.905Z [INFO] Scraping completed
2025-05-01T00:22:22.052Z [LOG] Add/Update successful [object Object]
2025-05-01T00:22:22.053Z [LOG] Thread 4 processed https://weather.com/weather/today/l/34.1453,71.7308?unit=c
2025-05-01T00:22:22.053Z [LOG] Thread 4 now crawling https://weather.com/weather/today/l/28.4000,69.3000?unit=c
2025-05-01T00:22:22.389Z [INFO] Scraping completed
2025-05-01T00:22:22.567Z [LOG] Add/Update successful [object Object]
2025-05-01T00:22:22.567Z [LOG] Thread 8 processed https://weather.com/weather/today/l/32.2952,72.3502?unit=c
2025-05-01T00:22:22.568Z [LOG] Thread 8 now crawling https://weather.com/weather/today/l/24.6558,68.8383?unit=c
2025-05-01T00:22:23.148Z [INFO] Scraping completed
2025-05-01T00:22:23.295Z [LOG] Add/Update successful [object Object]
2025-05-01T00:22:23.296Z [LOG] Thread 5 processed https://weather.com/weather/today/l/30.7333,73.8167?unit=c
2025-05-01T00:22:23.296Z [LOG] Thread 5 now crawling https://weather.com/weather/today/l/30.4068,71.8667?unit=c
2025-05-01T00:22:23.663Z [INFO] Scraping completed
2025-05-01T00:22:23.848Z [LOG] Add/Update successful [object Object]
2025-05-01T00:22:23.849Z [LOG] Thread 7 processed https://weather.com/weather/today/l/32.0709,73.6880?unit=c
2025-05-01T00:22:23.849Z [LOG] Thread 7 now crawling https://weather.com/weather/today/l/29.5339,71.6324?unit=c
2025-05-01T00:22:24.081Z [INFO] Scraping completed
2025-05-01T00:22:24.252Z [LOG] Add/Update successful [object Object]
2025-05-01T00:22:24.253Z [LOG] Thread 9 processed https://weather.com/weather/today/l/30.3705,68.5979?unit=c
2025-05-01T00:22:24.253Z [LOG] Thread 9 now crawling https://weather.com/weather/today/l/29.8977,69.5256?unit=c
2025-05-01T00:22:24.358Z [INFO] Scraping completed
2025-05-01T00:22:24.540Z [LOG] Add/Update successful [object Object]
2025-05-01T00:22:24.541Z [LOG] Thread 1 processed https://weather.com/weather/today/l/30.1978,71.4711?unit=c
2025-05-01T00:22:24.541Z [LOG] Thread 1 now crawling https://weather.com/weather/today/l/32.1500,74.1833?unit=c
2025-05-01T00:22:24.903Z [INFO] Scraping completed
2025-05-01T00:22:25.080Z [LOG] Add/Update successful [object Object]
2025-05-01T00:22:25.081Z [LOG] Thread 2 processed https://weather.com/weather/today/l/34.1958,72.0447?unit=c
2025-05-01T00:22:25.081Z [LOG] Thread 2 now crawling https://weather.com/weather/today/l/34.7717,72.3600?unit=c
2025-05-01T00:22:25.184Z [INFO] Scraping completed
2025-05-01T00:22:25.283Z [INFO] Scraping completed
2025-05-01T00:22:25.367Z [LOG] Add/Update successful [object Object]
2025-05-01T00:22:25.368Z [LOG] Thread 6 processed https://weather.com/weather/today/l/32.4522,71.4718?unit=c
2025-05-01T00:22:25.368Z [LOG] Thread 6 now crawling https://weather.com/weather/today/l/25.3614,69.7361?unit=c
2025-05-01T00:22:25.493Z [LOG] Add/Update successful [object Object]
2025-05-01T00:22:25.494Z [LOG] Thread 3 processed https://weather.com/weather/today/l/31.1500,72.6833?unit=c
2025-05-01T00:22:25.494Z [LOG] Thread 3 now crawling https://weather.com/weather/today/l/32.5861,73.4917?unit=c
2025-05-01T00:22:25.590Z [INFO] Scraping completed
2025-05-01T00:22:25.820Z [LOG] Add/Update successful [object Object]
2025-05-01T00:22:25.820Z [LOG] Thread 10 processed https://weather.com/weather/today/l/28.5846,65.4150?unit=c
2025-05-01T00:22:25.820Z [LOG] Thread 10 now crawling https://weather.com/weather/today/l/36.3078,74.6178?unit=c
2025-05-01T00:22:25.984Z [INFO] Scraping completed
2025-05-01T00:22:26.151Z [LOG] Add/Update successful [object Object]
2025-05-01T00:22:26.152Z [LOG] Thread 4 processed https://weather.com/weather/today/l/28.4000,69.3000?unit=c
2025-05-01T00:22:26.152Z [LOG] Thread 4 now crawling https://weather.com/weather/today/l/29.6967,72.5542?unit=c
2025-05-01T00:22:26.524Z [INFO] Scraping completed
2025-05-01T00:22:26.733Z [LOG] Add/Update successful [object Object]
2025-05-01T00:22:26.733Z [LOG] Thread 8 processed https://weather.com/weather/today/l/24.6558,68.8383?unit=c
2025-05-01T00:22:26.734Z [LOG] Thread 8 now crawling https://weather.com/weather/today/l/32.6072,70.9123?unit=c
2025-05-01T00:22:26.886Z [INFO] Scraping completed
2025-05-01T00:22:27.025Z [LOG] Add/Update successful [object Object]
2025-05-01T00:22:27.025Z [LOG] Thread 5 processed https://weather.com/weather/today/l/30.4068,71.8667?unit=c
2025-05-01T00:22:27.025Z [LOG] Thread 5 now crawling https://weather.com/weather/today/l/34.3333,73.2000?unit=c
2025-05-01T00:22:27.253Z [INFO] Scraping completed
2025-05-01T00:22:27.412Z [LOG] Add/Update successful [object Object]
2025-05-01T00:22:27.413Z [LOG] Thread 7 processed https://weather.com/weather/today/l/29.5339,71.6324?unit=c
2025-05-01T00:22:27.413Z [LOG] Thread 7 now crawling https://weather.com/weather/today/l/34.5656,71.9304?unit=c
2025-05-01T00:22:27.922Z [INFO] Scraping completed
2025-05-01T00:22:28.039Z [INFO] Scraping completed
2025-05-01T00:22:28.040Z [LOG] Add/Update successful [object Object]
2025-05-01T00:22:28.040Z [LOG] Thread 1 processed https://weather.com/weather/today/l/32.1500,74.1833?unit=c
2025-05-01T00:22:28.040Z [LOG] Thread 1 now crawling https://weather.com/weather/today/l/33.6989,73.0369?unit=c
2025-05-01T00:22:28.202Z [LOG] Add/Update successful [object Object]
2025-05-01T00:22:28.202Z [LOG] Thread 9 processed https://weather.com/weather/today/l/29.8977,69.5256?unit=c
2025-05-01T00:22:28.208Z [LOG] Thread 9 now crawling https://weather.com/weather/today/l/30.8594,69.8221?unit=c
2025-05-01T00:22:28.796Z [INFO] Scraping completed
2025-05-01T00:22:28.926Z [LOG] Add/Update successful [object Object]
2025-05-01T00:22:28.926Z [LOG] Thread 2 processed https://weather.com/weather/today/l/34.7717,72.3600?unit=c
2025-05-01T00:22:28.926Z [LOG] Thread 2 now crawling https://weather.com/weather/today/l/30.0500,70.6333?unit=c
2025-05-01T00:22:29.272Z [INFO] Scraping completed
2025-05-01T00:22:29.331Z [INFO] Scraping completed
2025-05-01T00:22:29.416Z [LOG] Add/Update successful [object Object]
2025-05-01T00:22:29.416Z [LOG] Thread 3 processed https://weather.com/weather/today/l/32.5861,73.4917?unit=c
2025-05-01T00:22:29.417Z [LOG] Thread 3 now crawling https://weather.com/weather/today/l/34.1500,73.2167?unit=c
2025-05-01T00:22:29.451Z [LOG] Add/Update successful [object Object]
2025-05-01T00:22:29.452Z [LOG] Thread 6 processed https://weather.com/weather/today/l/25.3614,69.7361?unit=c
2025-05-01T00:22:29.452Z [LOG] Thread 6 now crawling https://weather.com/weather/today/l/35.8511,71.7889?unit=c
2025-05-01T00:22:29.509Z [INFO] Scraping completed
2025-05-01T00:22:29.706Z [LOG] Add/Update successful [object Object]
2025-05-01T00:22:29.706Z [LOG] Thread 4 processed https://weather.com/weather/today/l/29.6967,72.5542?unit=c
2025-05-01T00:22:29.708Z [LOG] Thread 4 now crawling https://weather.com/weather/today/l/34.3700,73.4711?unit=c
2025-05-01T00:22:30.297Z [INFO] Scraping completed
2025-05-01T00:22:30.399Z [INFO] Scraping completed
2025-05-01T00:22:30.493Z [LOG] Add/Update successful [object Object]
2025-05-01T00:22:30.497Z [LOG] Thread 8 processed https://weather.com/weather/today/l/32.6072,70.9123?unit=c
2025-05-01T00:22:30.497Z [LOG] Thread 8 now crawling https://weather.com/weather/today/l/29.1041,70.3297?unit=c
2025-05-01T00:22:30.648Z [INFO] Scraping completed
2025-05-01T00:22:30.685Z [LOG] Add/Update successful [object Object]
2025-05-01T00:22:30.685Z [LOG] Thread 5 processed https://weather.com/weather/today/l/34.3333,73.2000?unit=c
2025-05-01T00:22:30.685Z [LOG] Thread 5 now crawling https://weather.com/weather/today/l/32.7012,73.9605?unit=c
2025-05-01T00:22:30.890Z [LOG] Add/Update successful [object Object]
2025-05-01T00:22:30.891Z [LOG] Thread 10 processed https://weather.com/weather/today/l/36.3078,74.6178?unit=c
2025-05-01T00:22:30.891Z [LOG] Thread 10 now crawling https://weather.com/weather/today/l/26.4568,65.2314?unit=c
2025-05-01T00:22:31.445Z [INFO] Scraping completed
2025-05-01T00:22:31.727Z [LOG] Add/Update successful [object Object]
2025-05-01T00:22:31.728Z [LOG] Thread 7 processed https://weather.com/weather/today/l/34.5656,71.9304?unit=c
2025-05-01T00:22:31.728Z [LOG] Thread 7 now crawling https://weather.com/weather/today/l/33.7667,72.3598?unit=c
2025-05-01T00:22:31.843Z [INFO] Scraping completed
2025-05-01T00:22:31.976Z [LOG] Add/Update successful [object Object]
2025-05-01T00:22:31.976Z [LOG] Thread 9 processed https://weather.com/weather/today/l/30.8594,69.8221?unit=c
2025-05-01T00:22:31.977Z [LOG] Thread 9 now crawling https://weather.com/weather/today/l/30.3814,67.7258?unit=c
2025-05-01T00:22:32.240Z [INFO] Scraping completed
2025-05-01T00:22:32.346Z [LOG] Add/Update successful [object Object]
2025-05-01T00:22:32.347Z [LOG] Thread 1 processed https://weather.com/weather/today/l/33.6989,73.0369?unit=c
2025-05-01T00:22:32.347Z [LOG] Thread 1 now crawling https://weather.com/weather/today/l/30.1920,67.0070?unit=c
2025-05-01T00:22:32.688Z [INFO] Scraping completed
2025-05-01T00:22:32.822Z [LOG] Add/Update successful [object Object]
2025-05-01T00:22:32.823Z [LOG] Thread 3 processed https://weather.com/weather/today/l/34.1500,73.2167?unit=c
2025-05-01T00:22:32.823Z [LOG] Thread 3 now crawling https://weather.com/weather/today/l/26.7319,67.7750?unit=c
2025-05-01T00:22:33.388Z [INFO] Scraping completed
2025-05-01T00:22:33.407Z [INFO] Scraping completed
2025-05-01T00:22:33.630Z [LOG] Add/Update successful [object Object]
2025-05-01T00:22:33.631Z [LOG] Thread 2 processed https://weather.com/weather/today/l/30.0500,70.6333?unit=c
2025-05-01T00:22:33.631Z [LOG] Thread 2 now crawling https://weather.com/weather/today/l/26.2442,68.4100?unit=c
2025-05-01T00:22:33.632Z [LOG] Add/Update successful [object Object]
2025-05-01T00:22:33.633Z [LOG] Thread 4 processed https://weather.com/weather/today/l/34.3700,73.4711?unit=c
2025-05-01T00:22:33.633Z [LOG] Thread 4 now crawling https://weather.com/weather/today/l/32.5853,71.5436?unit=c
2025-05-01T00:22:33.777Z [INFO] Scraping completed
2025-05-01T00:22:34.007Z [LOG] Add/Update successful [object Object]
2025-05-01T00:22:34.007Z [LOG] Thread 6 processed https://weather.com/weather/today/l/35.8511,71.7889?unit=c
2025-05-01T00:22:34.007Z [LOG] Thread 6 now crawling https://weather.com/weather/today/l/35.9206,74.3783?unit=c
2025-05-01T00:22:34.497Z [INFO] Scraping completed
2025-05-01T00:22:34.612Z [LOG] Add/Update successful [object Object]
2025-05-01T00:22:34.613Z [LOG] Thread 8 processed https://weather.com/weather/today/l/29.1041,70.3297?unit=c
2025-05-01T00:22:34.613Z [LOG] Thread 8 now crawling https://weather.com/weather/today/l/28.4167,68.1667?unit=c
2025-05-01T00:22:34.996Z [INFO] Scraping completed
2025-05-01T00:22:35.104Z [LOG] Add/Update successful [object Object]
2025-05-01T00:22:35.104Z [LOG] Thread 5 processed https://weather.com/weather/today/l/32.7012,73.9605?unit=c
2025-05-01T00:22:35.104Z [LOG] Thread 5 now crawling https://weather.com/weather/today/l/31.4492,73.7124?unit=c
2025-05-01T00:22:35.234Z [INFO] Scraping completed
2025-05-01T00:22:35.428Z [LOG] Add/Update successful [object Object]
2025-05-01T00:22:35.429Z [LOG] Thread 10 processed https://weather.com/weather/today/l/26.4568,65.2314?unit=c
2025-05-01T00:22:35.430Z [LOG] Thread 10 now crawling https://weather.com/weather/today/l/28.8885,64.4062?unit=c
2025-05-01T00:22:35.923Z [INFO] Scraping completed
2025-05-01T00:22:36.031Z [INFO] Scraping completed
2025-05-01T00:22:36.131Z [INFO] Scraping completed
2025-05-01T00:22:36.199Z [LOG] Add/Update successful [object Object]
2025-05-01T00:22:36.199Z [LOG] Thread 7 processed https://weather.com/weather/today/l/33.7667,72.3598?unit=c
2025-05-01T00:22:36.199Z [LOG] Thread 7 now crawling https://weather.com/weather/today/l/34.6796,73.0263?unit=c
2025-05-01T00:22:36.215Z [LOG] Add/Update successful [object Object]
2025-05-01T00:22:36.216Z [LOG] Thread 9 processed https://weather.com/weather/today/l/30.3814,67.7258?unit=c
2025-05-01T00:22:36.223Z [LOG] Thread 9 now crawling https://weather.com/weather/today/l/28.6132,67.4856?unit=c
2025-05-01T00:22:36.315Z [LOG] Add/Update successful [object Object]
2025-05-01T00:22:36.315Z [LOG] Thread 1 processed https://weather.com/weather/today/l/30.1920,67.0070?unit=c
2025-05-01T00:22:36.316Z [LOG] Thread 1 now crawling https://weather.com/weather/today/l/29.3956,71.6722?unit=c
2025-05-01T00:22:36.896Z [INFO] Scraping completed
2025-05-01T00:22:37.047Z [LOG] Add/Update successful [object Object]
2025-05-01T00:22:37.051Z [LOG] Thread 3 processed https://weather.com/weather/today/l/26.7319,67.7750?unit=c
2025-05-01T00:22:37.051Z [LOG] Thread 3 now crawling https://weather.com/weather/today/l/27.8000,66.6167?unit=c
2025-05-01T00:22:37.246Z [INFO] Scraping completed
2025-05-01T00:22:37.423Z [LOG] Add/Update successful [object Object]
2025-05-01T00:22:37.423Z [LOG] Thread 4 processed https://weather.com/weather/today/l/32.5853,71.5436?unit=c
2025-05-01T00:22:37.424Z [LOG] Thread 4 now crawling https://weather.com/weather/today/l/32.7667,74.2167?unit=c
2025-05-01T00:22:37.656Z [INFO] Scraping completed
2025-05-01T00:22:37.760Z [LOG] Add/Update successful [object Object]
2025-05-01T00:22:37.760Z [LOG] Thread 2 processed https://weather.com/weather/today/l/26.2442,68.4100?unit=c
2025-05-01T00:22:37.760Z [LOG] Thread 2 now crawling https://weather.com/weather/today/l/30.6706,73.1064?unit=c
2025-05-01T00:22:38.337Z [INFO] Scraping completed
2025-05-01T00:22:38.549Z [LOG] Add/Update successful [object Object]
2025-05-01T00:22:38.549Z [LOG] Thread 6 processed https://weather.com/weather/today/l/35.9206,74.3783?unit=c
2025-05-01T00:22:38.549Z [LOG] Thread 6 now crawling https://weather.com/weather/today/l/31.9286,70.4592?unit=c
2025-05-01T00:22:38.692Z [INFO] Scraping completed
2025-05-01T00:22:38.915Z [LOG] Add/Update successful [object Object]
2025-05-01T00:22:38.915Z [LOG] Thread 8 processed https://weather.com/weather/today/l/28.4167,68.1667?unit=c
2025-05-01T00:22:38.915Z [LOG] Thread 8 now crawling https://weather.com/weather/today/l/27.8473,67.9068?unit=c
2025-05-01T00:22:38.969Z [INFO] Scraping completed
2025-05-01T00:22:39.147Z [LOG] Add/Update successful [object Object]
2025-05-01T00:22:39.148Z [LOG] Thread 5 processed https://weather.com/weather/today/l/31.4492,73.7124?unit=c
2025-05-01T00:22:39.148Z [LOG] Thread 5 now crawling https://weather.com/weather/today/l/32.9889,70.6056?unit=c
2025-05-01T00:22:39.467Z [INFO] Scraping completed
2025-05-01T00:22:39.644Z [LOG] Add/Update successful [object Object]
2025-05-01T00:22:39.646Z [LOG] Thread 10 processed https://weather.com/weather/today/l/28.8885,64.4062?unit=c
2025-05-01T00:22:39.648Z [LOG] Remaining URLs: 135
2025-05-01T00:22:39.720Z [INFO] Scraping completed
2025-05-01T00:22:39.824Z [LOG] Add/Update successful [object Object]
2025-05-01T00:22:39.824Z [LOG] Thread 7 processed https://weather.com/weather/today/l/34.6796,73.0263?unit=c
2025-05-01T00:22:39.824Z [LOG] Thread 7 now crawling https://weather.com/weather/today/l/25.5971,68.4467?unit=c
2025-05-01T00:22:40.151Z [INFO] Scraping completed
2025-05-01T00:22:40.288Z [INFO] Scraping completed
2025-05-01T00:22:40.294Z [LOG] Add/Update successful [object Object]
2025-05-01T00:22:40.295Z [LOG] Thread 9 processed https://weather.com/weather/today/l/28.6132,67.4856?unit=c
2025-05-01T00:22:40.295Z [LOG] Thread 9 now crawling https://weather.com/weather/today/l/29.5430,67.8773?unit=c
2025-05-01T00:22:40.428Z [LOG] Add/Update successful [object Object]
2025-05-01T00:22:40.428Z [LOG] Thread 1 processed https://weather.com/weather/today/l/29.3956,71.6722?unit=c
2025-05-01T00:22:40.428Z [LOG] Thread 1 now crawling https://weather.com/weather/today/l/32.0836,72.6711?unit=c
2025-05-01T00:22:40.840Z [INFO] Scraping completed
2025-05-01T00:22:41.003Z [LOG] Add/Update successful [object Object]
2025-05-01T00:22:41.003Z [LOG] Thread 3 processed https://weather.com/weather/today/l/27.8000,66.6167?unit=c
2025-05-01T00:22:41.003Z [LOG] Thread 3 now crawling https://weather.com/weather/today/l/30.3500,73.4000?unit=c
2025-05-01T00:22:41.147Z [INFO] Scraping completed
2025-05-01T00:22:41.301Z [LOG] Add/Update successful [object Object]
2025-05-01T00:22:41.301Z [LOG] Thread 4 processed https://weather.com/weather/today/l/32.7667,74.2167?unit=c
2025-05-01T00:22:41.301Z [LOG] Thread 4 now crawling https://weather.com/weather/today/l/31.6333,71.0667?unit=c
2025-05-01T00:22:41.350Z [INFO] Scraping completed
2025-05-01T00:22:41.486Z [LOG] Add/Update successful [object Object]
2025-05-01T00:22:41.486Z [LOG] Thread 2 processed https://weather.com/weather/today/l/30.6706,73.1064?unit=c
2025-05-01T00:22:41.493Z [LOG] Thread 2 now crawling https://weather.com/weather/today/l/25.5269,69.0111?unit=c
2025-05-01T00:22:42.152Z [INFO] Scraping completed
2025-05-01T00:22:42.262Z [LOG] Add/Update successful [object Object]
2025-05-01T00:22:42.263Z [LOG] Thread 6 processed https://weather.com/weather/today/l/31.9286,70.4592?unit=c
2025-05-01T00:22:42.263Z [LOG] Thread 6 now crawling https://weather.com/weather/today/l/33.5156,73.9019?unit=c
2025-05-01T00:22:42.577Z [INFO] Scraping completed
2025-05-01T00:22:42.772Z [LOG] Add/Update successful [object Object]
2025-05-01T00:22:42.772Z [LOG] Thread 5 processed https://weather.com/weather/today/l/32.9889,70.6056?unit=c
2025-05-01T00:22:42.772Z [LOG] Thread 5 now crawling https://weather.com/weather/today/l/34.8281,71.8408?unit=c
2025-05-01T00:22:42.829Z [INFO] Scraping completed
2025-05-01T00:22:42.984Z [LOG] Add/Update successful [object Object]
2025-05-01T00:22:42.987Z [LOG] Thread 8 processed https://weather.com/weather/today/l/27.8473,67.9068?unit=c
2025-05-01T00:22:42.988Z [LOG] Thread 8 now crawling https://weather.com/weather/today/l/30.5833,67.0000?unit=c
2025-05-01T00:22:43.470Z [INFO] Scraping completed
2025-05-01T00:22:43.563Z [INFO] Scraping completed
2025-05-01T00:22:43.611Z [LOG] Add/Update successful [object Object]
2025-05-01T00:22:43.612Z [LOG] Thread 7 processed https://weather.com/weather/today/l/25.5971,68.4467?unit=c
2025-05-01T00:22:43.612Z [LOG] Thread 7 now crawling https://weather.com/weather/today/l/28.0064,69.3150?unit=c
2025-05-01T00:22:43.688Z [LOG] Add/Update successful [object Object]
2025-05-01T00:22:43.688Z [LOG] Thread 9 processed https://weather.com/weather/today/l/29.5430,67.8773?unit=c
2025-05-01T00:22:43.689Z [LOG] Thread 9 now crawling https://weather.com/weather/today/l/29.0362,69.1585?unit=c
2025-05-01T00:22:43.833Z [INFO] Scraping completed
2025-05-01T00:22:44.033Z [LOG] Add/Update successful [object Object]
2025-05-01T00:22:44.033Z [LOG] Thread 1 processed https://weather.com/weather/today/l/32.0836,72.6711?unit=c
2025-05-01T00:22:44.033Z [LOG] Thread 1 now crawling https://weather.com/weather/today/l/33.1333,73.7500?unit=c
2025-05-01T00:22:44.583Z [INFO] Scraping completed
2025-05-01T00:22:44.719Z [INFO] Scraping completed
2025-05-01T00:22:44.728Z [LOG] Add/Update successful [object Object]
2025-05-01T00:22:44.728Z [LOG] Thread 3 processed https://weather.com/weather/today/l/30.3500,73.4000?unit=c
2025-05-01T00:22:44.729Z [LOG] Thread 3 now crawling https://weather.com/weather/today/l/25.4667,68.7167?unit=c
2025-05-01T00:22:44.828Z [LOG] Add/Update successful [object Object]
2025-05-01T00:22:44.828Z [LOG] Thread 4 processed https://weather.com/weather/today/l/31.6333,71.0667?unit=c
2025-05-01T00:22:44.829Z [LOG] Thread 4 now crawling https://weather.com/weather/today/l/31.3417,69.4486?unit=c
2025-05-01T00:22:45.331Z [INFO] Scraping completed
2025-05-01T00:22:45.460Z [INFO] Scraping completed
2025-05-01T00:22:45.483Z [LOG] Add/Update successful [object Object]
2025-05-01T00:22:45.484Z [LOG] Thread 2 processed https://weather.com/weather/today/l/25.5269,69.0111?unit=c
2025-05-01T00:22:45.484Z [LOG] Thread 2 now crawling https://weather.com/weather/today/l/30.8100,73.4597?unit=c
2025-05-01T00:22:45.592Z [LOG] Add/Update successful [object Object]
2025-05-01T00:22:45.592Z [LOG] Thread 6 processed https://weather.com/weather/today/l/33.5156,73.9019?unit=c
2025-05-01T00:22:45.593Z [LOG] Thread 6 now crawling https://weather.com/weather/today/l/35.9208,74.3144?unit=c
2025-05-01T00:22:46.046Z [INFO] Scraping completed
2025-05-01T00:22:46.214Z [LOG] Add/Update successful [object Object]
2025-05-01T00:22:46.214Z [LOG] Thread 5 processed https://weather.com/weather/today/l/34.8281,71.8408?unit=c
2025-05-01T00:22:46.214Z [LOG] Thread 5 now crawling https://weather.com/weather/today/l/33.8992,70.1008?unit=c
2025-05-01T00:22:46.411Z [INFO] Scraping completed
2025-05-01T00:22:46.559Z [LOG] Add/Update successful [object Object]
2025-05-01T00:22:46.560Z [LOG] Thread 8 processed https://weather.com/weather/today/l/30.5833,67.0000?unit=c
2025-05-01T00:22:46.560Z [LOG] Thread 8 now crawling https://weather.com/weather/today/l/26.0464,68.9481?unit=c
2025-05-01T00:22:46.979Z [INFO] Scraping completed
2025-05-01T00:22:47.144Z [LOG] Add/Update successful [object Object]
2025-05-01T00:22:47.144Z [LOG] Thread 7 processed https://weather.com/weather/today/l/28.0064,69.3150?unit=c
2025-05-01T00:22:47.145Z [LOG] Thread 7 now crawling https://weather.com/weather/today/l/26.8401,68.1227?unit=c
2025-05-01T00:22:47.350Z [INFO] Scraping completed
2025-05-01T00:22:47.543Z [LOG] Add/Update successful [object Object]
2025-05-01T00:22:47.544Z [LOG] Thread 9 processed https://weather.com/weather/today/l/29.0362,69.1585?unit=c
2025-05-01T00:22:47.544Z [LOG] Thread 9 now crawling https://weather.com/weather/today/l/35.3471,74.8563?unit=c
2025-05-01T00:22:47.828Z [INFO] Scraping completed
2025-05-01T00:22:47.958Z [LOG] Add/Update successful [object Object]
2025-05-01T00:22:47.958Z [LOG] Thread 1 processed https://weather.com/weather/today/l/33.1333,73.7500?unit=c
2025-05-01T00:22:47.959Z [LOG] Thread 1 now crawling https://weather.com/weather/today/l/31.7167,72.9833?unit=c
2025-05-01T00:22:48.032Z [INFO] Scraping completed
2025-05-01T00:22:48.199Z [LOG] Add/Update successful [object Object]
2025-05-01T00:22:48.201Z [LOG] Thread 3 processed https://weather.com/weather/today/l/25.4667,68.7167?unit=c
2025-05-01T00:22:48.201Z [LOG] Thread 3 now crawling https://weather.com/weather/today/l/30.0419,72.3528?unit=c
2025-05-01T00:22:48.354Z [INFO] Scraping completed
2025-05-01T00:22:48.485Z [LOG] Add/Update successful [object Object]
2025-05-01T00:22:48.486Z [LOG] Thread 4 processed https://weather.com/weather/today/l/31.3417,69.4486?unit=c
2025-05-01T00:22:48.486Z [LOG] Thread 4 now crawling https://weather.com/weather/today/l/32.8110,73.8650?unit=c
2025-05-01T00:22:48.672Z [INFO] Scraping completed
2025-05-01T00:22:48.784Z [LOG] Add/Update successful [object Object]
2025-05-01T00:22:48.785Z [LOG] Thread 2 processed https://weather.com/weather/today/l/30.8100,73.4597?unit=c
2025-05-01T00:22:48.785Z [LOG] Thread 2 now crawling https://weather.com/weather/today/l/30.1500,72.6833?unit=c
2025-05-01T00:22:49.153Z [INFO] Scraping completed
2025-05-01T00:22:49.297Z [LOG] Add/Update successful [object Object]
2025-05-01T00:22:49.297Z [LOG] Thread 6 processed https://weather.com/weather/today/l/35.9208,74.3144?unit=c
2025-05-01T00:22:49.297Z [LOG] Thread 6 now crawling https://weather.com/weather/today/l/25.3969,68.3772?unit=c
2025-05-01T00:22:49.363Z [INFO] Scraping completed
2025-05-01T00:22:49.489Z [LOG] Add/Update successful [object Object]
2025-05-01T00:22:49.489Z [LOG] Thread 5 processed https://weather.com/weather/today/l/33.8992,70.1008?unit=c
2025-05-01T00:22:49.489Z [LOG] Thread 5 now crawling https://weather.com/weather/today/l/25.1264,62.3225?unit=c
2025-05-01T00:22:49.972Z [INFO] Scraping completed
2025-05-01T00:22:50.090Z [LOG] Add/Update successful [object Object]
2025-05-01T00:22:50.090Z [LOG] Thread 8 processed https://weather.com/weather/today/l/26.0464,68.9481?unit=c
2025-05-01T00:22:50.090Z [LOG] Thread 8 now crawling https://weather.com/weather/today/l/35.2074,71.8768?unit=c
2025-05-01T00:22:50.737Z [INFO] Scraping completed
2025-05-01T00:22:50.923Z [LOG] Add/Update successful [object Object]
2025-05-01T00:22:50.923Z [LOG] Thread 7 processed https://weather.com/weather/today/l/26.8401,68.1227?unit=c
2025-05-01T00:22:50.923Z [LOG] Thread 7 now crawling https://weather.com/weather/today/l/34.9000,72.6556?unit=c
2025-05-01T00:22:51.086Z [INFO] Scraping completed
2025-05-01T00:22:51.209Z [LOG] Add/Update successful [object Object]
2025-05-01T00:22:51.210Z [LOG] Thread 9 processed https://weather.com/weather/today/l/35.3471,74.8563?unit=c
2025-05-01T00:22:51.210Z [LOG] Thread 9 now crawling https://weather.com/weather/today/l/26.0012,63.0485?unit=c
2025-05-01T00:22:51.661Z [INFO] Scraping completed
2025-05-01T00:22:51.734Z [INFO] Scraping completed
2025-05-01T00:22:51.856Z [LOG] Add/Update successful [object Object]
2025-05-01T00:22:51.856Z [LOG] Thread 3 processed https://weather.com/weather/today/l/30.0419,72.3528?unit=c
2025-05-01T00:22:51.856Z [LOG] Thread 3 now crawling https://weather.com/weather/today/l/31.3342,73.4194?unit=c
2025-05-01T00:22:51.918Z [LOG] Add/Update successful [object Object]
2025-05-01T00:22:51.918Z [LOG] Thread 1 processed https://weather.com/weather/today/l/31.7167,72.9833?unit=c
2025-05-01T00:22:51.919Z [LOG] Remaining URLs: 120
2025-05-01T00:22:52.442Z [INFO] Scraping completed
2025-05-01T00:22:52.562Z [LOG] Add/Update successful [object Object]
2025-05-01T00:22:52.562Z [LOG] Thread 4 processed https://weather.com/weather/today/l/32.8110,73.8650?unit=c
2025-05-01T00:22:52.562Z [LOG] Remaining URLs: 105
2025-05-01T00:22:52.573Z [INFO] Scraping completed
2025-05-01T00:22:52.603Z [INFO] Scraping completed
2025-05-01T00:22:52.684Z [LOG] Add/Update successful [object Object]
2025-05-01T00:22:52.685Z [LOG] Thread 6 processed https://weather.com/weather/today/l/25.3969,68.3772?unit=c
2025-05-01T00:22:52.685Z [LOG] Thread 6 now crawling https://weather.com/weather/today/l/32.1020,74.8730?unit=c
2025-05-01T00:22:52.706Z [LOG] Add/Update successful [object Object]
2025-05-01T00:22:52.707Z [LOG] Thread 2 processed https://weather.com/weather/today/l/30.1500,72.6833?unit=c
2025-05-01T00:22:52.707Z [LOG] Remaining URLs: 90
2025-05-01T00:22:53.490Z [INFO] Scraping completed
2025-05-01T00:22:53.594Z [INFO] Scraping completed
2025-05-01T00:22:53.631Z [LOG] Add/Update successful [object Object]
2025-05-01T00:22:53.632Z [LOG] Thread 8 processed https://weather.com/weather/today/l/35.2074,71.8768?unit=c
2025-05-01T00:22:53.632Z [LOG] Remaining URLs: 75
2025-05-01T00:22:53.650Z [INFO] Scraping completed
2025-05-01T00:22:53.706Z [LOG] Add/Update successful [object Object]
2025-05-01T00:22:53.707Z [LOG] Thread 5 processed https://weather.com/weather/today/l/25.1264,62.3225?unit=c
2025-05-01T00:22:53.707Z [LOG] Remaining URLs: 60
2025-05-01T00:22:53.755Z [LOG] Add/Update successful [object Object]
2025-05-01T00:22:53.756Z [LOG] Thread 7 processed https://weather.com/weather/today/l/34.9000,72.6556?unit=c
2025-05-01T00:22:53.756Z [LOG] Remaining URLs: 45
2025-05-01T00:22:54.351Z [INFO] Scraping completed
2025-05-01T00:22:54.455Z [LOG] Add/Update successful [object Object]
2025-05-01T00:22:54.455Z [LOG] Thread 9 processed https://weather.com/weather/today/l/26.0012,63.0485?unit=c
2025-05-01T00:22:54.456Z [LOG] Remaining URLs: 30
2025-05-01T00:22:55.002Z [INFO] Scraping completed
2025-05-01T00:22:55.104Z [LOG] Add/Update successful [object Object]
2025-05-01T00:22:55.105Z [LOG] Thread 3 processed https://weather.com/weather/today/l/31.3342,73.4194?unit=c
2025-05-01T00:22:55.105Z [LOG] Remaining URLs: 15
2025-05-01T00:22:55.647Z [INFO] Scraping completed
2025-05-01T00:22:55.751Z [LOG] Add/Update successful [object Object]
2025-05-01T00:22:55.751Z [LOG] Thread 6 processed https://weather.com/weather/today/l/32.1020,74.8730?unit=c
2025-05-01T00:22:55.751Z [LOG] Remaining URLs: 0
2025-05-01T00:22:55.752Z [LOG] All URLs processed.
