2024-08-01T00:38:02.756Z [LOG] Queue initialized successfully.
2024-08-01T00:38:02.775Z [LOG] Total URLs: 146
2024-08-01T00:38:03.206Z [LOG] Thread 1 now crawling https://weather.com/weather/today/l/24.8600,67.0100?unit=c
2024-08-01T00:38:03.223Z [LOG] Thread 4 now crawling https://weather.com/weather/today/l/30.7258,72.6447?unit=c
2024-08-01T00:38:03.270Z [LOG] Thread 8 now crawling https://weather.com/weather/today/l/33.9803,73.7747?unit=c
2024-08-01T00:38:03.295Z [LOG] Thread 6 now crawling https://weather.com/weather/today/l/30.5522,72.1278?unit=c
2024-08-01T00:38:03.323Z [LOG] Thread 3 now crawling https://weather.com/weather/today/l/28.2769,68.4514?unit=c
2024-08-01T00:38:03.338Z [LOG] Thread 5 now crawling https://weather.com/weather/today/l/30.4397,72.3544?unit=c
2024-08-01T00:38:03.334Z [LOG] Thread 9 now crawling https://weather.com/weather/today/l/24.7461,67.9243?unit=c
2024-08-01T00:38:03.342Z [LOG] Thread 2 now crawling https://weather.com/weather/today/l/27.6995,68.8673?unit=c
2024-08-01T00:38:03.376Z [LOG] Thread 7 now crawling https://weather.com/weather/today/l/27.5295,68.7592?unit=c
2024-08-01T00:38:03.386Z [LOG] Thread 10 now crawling https://weather.com/weather/today/l/25.8072,66.6219?unit=c
2024-08-01T00:38:09.076Z [INFO] Scraping completed
2024-08-01T00:38:09.273Z [INFO] Scraping completed
2024-08-01T00:38:09.349Z [INFO] Scraping completed
2024-08-01T00:38:09.455Z [LOG] Add/Update successful [object Object]
2024-08-01T00:38:09.455Z [LOG] Thread 5 processed https://weather.com/weather/today/l/30.4397,72.3544?unit=c
2024-08-01T00:38:09.455Z [LOG] Thread 5 now crawling https://weather.com/weather/today/l/25.4283,68.2822?unit=c
2024-08-01T00:38:09.490Z [INFO] Scraping completed
2024-08-01T00:38:09.594Z [LOG] Add/Update successful [object Object]
2024-08-01T00:38:09.594Z [LOG] Thread 4 processed https://weather.com/weather/today/l/30.7258,72.6447?unit=c
2024-08-01T00:38:09.595Z [LOG] Thread 4 now crawling https://weather.com/weather/today/l/30.4700,70.9644?unit=c
2024-08-01T00:38:09.671Z [LOG] Add/Update successful [object Object]
2024-08-01T00:38:09.672Z [LOG] Thread 8 processed https://weather.com/weather/today/l/33.9803,73.7747?unit=c
2024-08-01T00:38:09.672Z [LOG] Thread 8 now crawling https://weather.com/weather/today/l/34.5111,72.4844?unit=c
2024-08-01T00:38:09.799Z [LOG] Add/Update successful [object Object]
2024-08-01T00:38:09.799Z [LOG] Thread 6 processed https://weather.com/weather/today/l/30.5522,72.1278?unit=c
2024-08-01T00:38:09.800Z [LOG] Thread 6 now crawling https://weather.com/weather/today/l/33.8195,72.6890?unit=c
2024-08-01T00:38:10.350Z [INFO] Scraping completed
2024-08-01T00:38:10.437Z [INFO] Scraping completed
2024-08-01T00:38:10.465Z [INFO] Scraping completed
2024-08-01T00:38:10.607Z [INFO] Scraping completed
2024-08-01T00:38:10.657Z [INFO] Scraping completed
2024-08-01T00:38:10.709Z [LOG] Add/Update successful [object Object]
2024-08-01T00:38:10.710Z [LOG] Thread 7 processed https://weather.com/weather/today/l/27.5295,68.7592?unit=c
2024-08-01T00:38:10.710Z [LOG] Thread 7 now crawling https://weather.com/weather/today/l/30.3017,71.9321?unit=c
2024-08-01T00:38:10.738Z [INFO] Scraping completed
2024-08-01T00:38:10.794Z [LOG] Add/Update successful [object Object]
2024-08-01T00:38:10.795Z [LOG] Thread 2 processed https://weather.com/weather/today/l/27.6995,68.8673?unit=c
2024-08-01T00:38:10.795Z [LOG] Thread 2 now crawling https://weather.com/weather/today/l/27.5600,68.2264?unit=c
2024-08-01T00:38:10.841Z [LOG] Add/Update successful [object Object]
2024-08-01T00:38:10.841Z [LOG] Thread 1 processed https://weather.com/weather/today/l/24.8600,67.0100?unit=c
2024-08-01T00:38:10.842Z [LOG] Thread 1 now crawling https://weather.com/weather/today/l/31.5497,74.3436?unit=c
2024-08-01T00:38:10.923Z [LOG] Add/Update successful [object Object]
2024-08-01T00:38:10.924Z [LOG] Thread 10 processed https://weather.com/weather/today/l/25.8072,66.6219?unit=c
2024-08-01T00:38:10.924Z [LOG] Thread 10 now crawling https://weather.com/weather/today/l/27.7384,66.6434?unit=c
2024-08-01T00:38:10.967Z [LOG] Add/Update successful [object Object]
2024-08-01T00:38:10.967Z [LOG] Thread 9 processed https://weather.com/weather/today/l/24.7461,67.9243?unit=c
2024-08-01T00:38:10.968Z [LOG] Thread 9 now crawling https://weather.com/weather/today/l/28.5466,68.2231?unit=c
2024-08-01T00:38:11.034Z [LOG] Add/Update successful [object Object]
2024-08-01T00:38:11.035Z [LOG] Thread 3 processed https://weather.com/weather/today/l/28.2769,68.4514?unit=c
2024-08-01T00:38:11.035Z [LOG] Thread 3 now crawling https://weather.com/weather/today/l/28.3006,70.1302?unit=c
2024-08-01T00:38:13.596Z [INFO] Scraping completed
2024-08-01T00:38:13.648Z [INFO] Scraping completed
2024-08-01T00:38:13.806Z [LOG] Add/Update successful [object Object]
2024-08-01T00:38:13.807Z [LOG] Thread 5 processed https://weather.com/weather/today/l/25.4283,68.2822?unit=c
2024-08-01T00:38:13.807Z [LOG] Thread 5 now crawling https://weather.com/weather/today/l/31.0214,73.8528?unit=c
2024-08-01T00:38:13.808Z [LOG] Add/Update successful [object Object]
2024-08-01T00:38:13.808Z [LOG] Thread 4 processed https://weather.com/weather/today/l/30.4700,70.9644?unit=c
2024-08-01T00:38:13.809Z [LOG] Thread 4 now crawling https://weather.com/weather/today/l/34.0153,71.9747?unit=c
2024-08-01T00:38:13.978Z [INFO] Scraping completed
2024-08-01T00:38:14.113Z [LOG] Add/Update successful [object Object]
2024-08-01T00:38:14.113Z [LOG] Thread 8 processed https://weather.com/weather/today/l/34.5111,72.4844?unit=c
2024-08-01T00:38:14.113Z [LOG] Thread 8 now crawling https://weather.com/weather/today/l/29.9983,73.2527?unit=c
2024-08-01T00:38:14.662Z [INFO] Scraping completed
2024-08-01T00:38:14.777Z [LOG] Add/Update successful [object Object]
2024-08-01T00:38:14.777Z [LOG] Thread 1 processed https://weather.com/weather/today/l/31.5497,74.3436?unit=c
2024-08-01T00:38:14.778Z [LOG] Thread 1 now crawling https://weather.com/weather/today/l/32.5000,74.5333?unit=c
2024-08-01T00:38:14.809Z [INFO] Scraping completed
2024-08-01T00:38:14.931Z [LOG] Add/Update successful [object Object]
2024-08-01T00:38:14.931Z [LOG] Thread 7 processed https://weather.com/weather/today/l/30.3017,71.9321?unit=c
2024-08-01T00:38:14.931Z [LOG] Thread 7 now crawling https://weather.com/weather/today/l/32.9333,73.7333?unit=c
2024-08-01T00:38:15.065Z [INFO] Scraping completed
2024-08-01T00:38:15.237Z [LOG] Add/Update successful [object Object]
2024-08-01T00:38:15.237Z [LOG] Thread 10 processed https://weather.com/weather/today/l/27.7384,66.6434?unit=c
2024-08-01T00:38:15.238Z [LOG] Thread 10 now crawling https://weather.com/weather/today/l/35.4206,74.0967?unit=c
2024-08-01T00:38:15.392Z [INFO] Scraping completed
2024-08-01T00:38:15.448Z [INFO] Scraping completed
2024-08-01T00:38:15.521Z [LOG] Add/Update successful [object Object]
2024-08-01T00:38:15.522Z [LOG] Thread 2 processed https://weather.com/weather/today/l/27.5600,68.2264?unit=c
2024-08-01T00:38:15.522Z [LOG] Thread 2 now crawling https://weather.com/weather/today/l/31.7083,74.0000?unit=c
2024-08-01T00:38:15.603Z [LOG] Add/Update successful [object Object]
2024-08-01T00:38:15.604Z [LOG] Thread 3 processed https://weather.com/weather/today/l/28.3006,70.1302?unit=c
2024-08-01T00:38:15.604Z [LOG] Thread 3 now crawling https://weather.com/weather/today/l/33.5869,71.4414?unit=c
2024-08-01T00:38:15.802Z [INFO] Scraping completed
2024-08-01T00:38:15.949Z [LOG] Add/Update successful [object Object]
2024-08-01T00:38:15.950Z [LOG] Thread 9 processed https://weather.com/weather/today/l/28.5466,68.2231?unit=c
2024-08-01T00:38:15.950Z [LOG] Thread 9 now crawling https://weather.com/weather/today/l/29.8965,69.2532?unit=c
2024-08-01T00:38:16.069Z [INFO] Scraping completed
2024-08-01T00:38:16.207Z [LOG] Add/Update successful [object Object]
2024-08-01T00:38:16.208Z [LOG] Thread 6 processed https://weather.com/weather/today/l/33.8195,72.6890?unit=c
2024-08-01T00:38:16.208Z [LOG] Thread 6 now crawling https://weather.com/weather/today/l/32.2167,70.3833?unit=c
2024-08-01T00:38:17.497Z [INFO] Scraping completed
2024-08-01T00:38:17.620Z [LOG] Add/Update successful [object Object]
2024-08-01T00:38:17.621Z [LOG] Thread 5 processed https://weather.com/weather/today/l/31.0214,73.8528?unit=c
2024-08-01T00:38:17.621Z [LOG] Thread 5 now crawling https://weather.com/weather/today/l/29.6100,73.1361?unit=c
2024-08-01T00:38:17.946Z [INFO] Scraping completed
2024-08-01T00:38:18.068Z [LOG] Add/Update successful [object Object]
2024-08-01T00:38:18.069Z [LOG] Thread 8 processed https://weather.com/weather/today/l/29.9983,73.2527?unit=c
2024-08-01T00:38:18.069Z [LOG] Thread 8 now crawling https://weather.com/weather/today/l/30.9646,70.9444?unit=c
2024-08-01T00:38:18.096Z [INFO] Scraping completed
2024-08-01T00:38:18.232Z [LOG] Add/Update successful [object Object]
2024-08-01T00:38:18.233Z [LOG] Thread 4 processed https://weather.com/weather/today/l/34.0153,71.9747?unit=c
2024-08-01T00:38:18.233Z [LOG] Thread 4 now crawling https://weather.com/weather/today/l/34.1167,72.4667?unit=c
2024-08-01T00:38:18.849Z [INFO] Scraping completed
2024-08-01T00:38:18.860Z [INFO] Scraping completed
2024-08-01T00:38:18.942Z [INFO] Scraping completed
2024-08-01T00:38:18.981Z [LOG] Add/Update successful [object Object]
2024-08-01T00:38:18.981Z [LOG] Thread 1 processed https://weather.com/weather/today/l/32.5000,74.5333?unit=c
2024-08-01T00:38:18.982Z [LOG] Thread 1 now crawling https://weather.com/weather/today/l/31.4180,73.0790?unit=c
2024-08-01T00:38:18.991Z [LOG] Add/Update successful [object Object]
2024-08-01T00:38:18.992Z [LOG] Thread 7 processed https://weather.com/weather/today/l/32.9333,73.7333?unit=c
2024-08-01T00:38:18.992Z [LOG] Thread 7 now crawling https://weather.com/weather/today/l/33.9942,72.9333?unit=c
2024-08-01T00:38:19.086Z [LOG] Add/Update successful [object Object]
2024-08-01T00:38:19.086Z [LOG] Thread 10 processed https://weather.com/weather/today/l/35.4206,74.0967?unit=c
2024-08-01T00:38:19.087Z [LOG] Thread 10 now crawling https://weather.com/weather/today/l/29.0266,66.5936?unit=c
2024-08-01T00:38:19.629Z [INFO] Scraping completed
2024-08-01T00:38:19.732Z [LOG] Add/Update successful [object Object]
2024-08-01T00:38:19.733Z [LOG] Thread 3 processed https://weather.com/weather/today/l/33.5869,71.4414?unit=c
2024-08-01T00:38:19.733Z [LOG] Thread 3 now crawling https://weather.com/weather/today/l/31.8020,74.2550?unit=c
2024-08-01T00:38:20.273Z [INFO] Scraping completed
2024-08-01T00:38:20.377Z [LOG] Add/Update successful [object Object]
2024-08-01T00:38:20.377Z [LOG] Thread 2 processed https://weather.com/weather/today/l/31.7083,74.0000?unit=c
2024-08-01T00:38:20.378Z [LOG] Thread 2 now crawling https://weather.com/weather/today/l/31.2681,72.3181?unit=c
2024-08-01T00:38:20.958Z [INFO] Scraping completed
2024-08-01T00:38:21.105Z [LOG] Add/Update successful [object Object]
2024-08-01T00:38:21.106Z [LOG] Thread 5 processed https://weather.com/weather/today/l/29.6100,73.1361?unit=c
2024-08-01T00:38:21.106Z [LOG] Thread 5 now crawling https://weather.com/weather/today/l/30.9667,72.4833?unit=c
2024-08-01T00:38:21.114Z [INFO] Scraping completed
2024-08-01T00:38:21.241Z [LOG] Add/Update successful [object Object]
2024-08-01T00:38:21.241Z [LOG] Thread 6 processed https://weather.com/weather/today/l/32.2167,70.3833?unit=c
2024-08-01T00:38:21.241Z [LOG] Thread 6 now crawling https://weather.com/weather/today/l/33.5281,71.0572?unit=c
2024-08-01T00:38:22.025Z [INFO] Scraping completed
2024-08-01T00:38:22.138Z [LOG] Add/Update successful [object Object]
2024-08-01T00:38:22.138Z [LOG] Thread 8 processed https://weather.com/weather/today/l/30.9646,70.9444?unit=c
2024-08-01T00:38:22.139Z [LOG] Thread 8 now crawling https://weather.com/weather/today/l/25.1239,68.5389?unit=c
2024-08-01T00:38:22.632Z [INFO] Scraping completed
2024-08-01T00:38:22.743Z [LOG] Add/Update successful [object Object]
2024-08-01T00:38:22.743Z [LOG] Thread 7 processed https://weather.com/weather/today/l/33.9942,72.9333?unit=c
2024-08-01T00:38:22.743Z [LOG] Thread 7 now crawling https://weather.com/weather/today/l/27.9556,68.6382?unit=c
2024-08-01T00:38:22.844Z [INFO] Scraping completed
2024-08-01T00:38:22.986Z [LOG] Add/Update successful [object Object]
2024-08-01T00:38:22.986Z [LOG] Thread 10 processed https://weather.com/weather/today/l/29.0266,66.5936?unit=c
2024-08-01T00:38:22.986Z [LOG] Thread 10 now crawling https://weather.com/weather/today/l/26.9644,64.0903?unit=c
2024-08-01T00:38:23.386Z [INFO] Scraping completed
2024-08-01T00:38:23.430Z [INFO] Scraping completed
2024-08-01T00:38:23.554Z [LOG] Add/Update successful [object Object]
2024-08-01T00:38:23.554Z [LOG] Thread 4 processed https://weather.com/weather/today/l/34.1167,72.4667?unit=c
2024-08-01T00:38:23.555Z [LOG] Thread 4 now crawling https://weather.com/weather/today/l/31.8167,70.9167?unit=c
2024-08-01T00:38:23.557Z [LOG] Add/Update successful [object Object]
2024-08-01T00:38:23.557Z [LOG] Thread 3 processed https://weather.com/weather/today/l/31.8020,74.2550?unit=c
2024-08-01T00:38:23.557Z [LOG] Thread 3 now crawling https://weather.com/weather/today/l/30.0703,71.1933?unit=c
2024-08-01T00:38:23.707Z [INFO] Scraping completed
2024-08-01T00:38:23.852Z [LOG] Add/Update successful [object Object]
2024-08-01T00:38:23.852Z [LOG] Thread 2 processed https://weather.com/weather/today/l/31.2681,72.3181?unit=c
2024-08-01T00:38:23.852Z [LOG] Thread 2 now crawling https://weather.com/weather/today/l/28.4202,70.2952?unit=c
2024-08-01T00:38:24.976Z [INFO] Scraping completed
2024-08-01T00:38:25.093Z [LOG] Add/Update successful [object Object]
2024-08-01T00:38:25.094Z [LOG] Thread 6 processed https://weather.com/weather/today/l/33.5281,71.0572?unit=c
2024-08-01T00:38:25.094Z [LOG] Thread 6 now crawling https://weather.com/weather/today/l/34.0049,71.9989?unit=c
2024-08-01T00:38:25.727Z [INFO] Scraping completed
2024-08-01T00:38:25.924Z [LOG] Add/Update successful [object Object]
2024-08-01T00:38:25.924Z [LOG] Thread 8 processed https://weather.com/weather/today/l/25.1239,68.5389?unit=c
2024-08-01T00:38:25.925Z [LOG] Thread 8 now crawling https://weather.com/weather/today/l/32.9300,72.8500?unit=c
2024-08-01T00:38:26.232Z [INFO] Scraping completed
2024-08-01T00:38:26.328Z [INFO] Scraping completed
2024-08-01T00:38:26.368Z [LOG] Add/Update successful [object Object]
2024-08-01T00:38:26.368Z [LOG] Thread 1 processed https://weather.com/weather/today/l/31.4180,73.0790?unit=c
2024-08-01T00:38:26.368Z [LOG] Thread 1 now crawling https://weather.com/weather/today/l/33.6007,73.0679?unit=c
2024-08-01T00:38:26.475Z [LOG] Add/Update successful [object Object]
2024-08-01T00:38:26.608Z [LOG] Thread 7 processed https://weather.com/weather/today/l/27.9556,68.6382?unit=c
2024-08-01T00:38:26.608Z [LOG] Thread 7 now crawling https://weather.com/weather/today/l/33.8578,73.7604?unit=c
2024-08-01T00:38:26.497Z [INFO] Scraping completed
2024-08-01T00:38:26.928Z [INFO] Scraping completed
2024-08-01T00:38:26.958Z [LOG] Add/Update successful [object Object]
2024-08-01T00:38:26.960Z [LOG] Thread 9 processed https://weather.com/weather/today/l/29.8965,69.2532?unit=c
2024-08-01T00:38:26.961Z [LOG] Thread 9 now crawling https://weather.com/weather/today/l/29.7997,66.8455?unit=c
2024-08-01T00:38:27.087Z [LOG] Add/Update successful [object Object]
2024-08-01T00:38:27.088Z [LOG] Thread 10 processed https://weather.com/weather/today/l/26.9644,64.0903?unit=c
2024-08-01T00:38:27.088Z [LOG] Thread 10 now crawling https://weather.com/weather/today/l/36.1736,73.7667?unit=c
2024-08-01T00:38:27.203Z [INFO] Scraping completed
2024-08-01T00:38:27.326Z [LOG] Add/Update successful [object Object]
2024-08-01T00:38:27.327Z [LOG] Thread 5 processed https://weather.com/weather/today/l/30.9667,72.4833?unit=c
2024-08-01T00:38:27.327Z [LOG] Thread 5 now crawling https://weather.com/weather/today/l/32.2628,75.1583?unit=c
2024-08-01T00:38:27.784Z [INFO] Scraping completed
2024-08-01T00:38:27.794Z [INFO] Scraping completed
2024-08-01T00:38:27.917Z [LOG] Add/Update successful [object Object]
2024-08-01T00:38:27.917Z [LOG] Thread 4 processed https://weather.com/weather/today/l/31.8167,70.9167?unit=c
2024-08-01T00:38:27.917Z [LOG] Thread 4 now crawling https://weather.com/weather/today/l/30.9210,66.4597?unit=c
2024-08-01T00:38:27.932Z [LOG] Add/Update successful [object Object]
2024-08-01T00:38:27.933Z [LOG] Thread 2 processed https://weather.com/weather/today/l/28.4202,70.2952?unit=c
2024-08-01T00:38:27.933Z [LOG] Thread 2 now crawling https://weather.com/weather/today/l/32.5736,74.0789?unit=c
2024-08-01T00:38:28.099Z [INFO] Scraping completed
2024-08-01T00:38:28.237Z [LOG] Add/Update successful [object Object]
2024-08-01T00:38:28.237Z [LOG] Thread 3 processed https://weather.com/weather/today/l/30.0703,71.1933?unit=c
2024-08-01T00:38:28.238Z [LOG] Thread 3 now crawling https://weather.com/weather/today/l/28.6471,70.6620?unit=c
2024-08-01T00:38:29.985Z [INFO] Scraping completed
2024-08-01T00:38:30.110Z [LOG] Add/Update successful [object Object]
2024-08-01T00:38:30.110Z [LOG] Thread 8 processed https://weather.com/weather/today/l/32.9300,72.8500?unit=c
2024-08-01T00:38:30.110Z [LOG] Thread 8 now crawling https://weather.com/weather/today/l/32.2952,72.3502?unit=c
2024-08-01T00:38:30.315Z [INFO] Scraping completed
2024-08-01T00:38:30.440Z [LOG] Add/Update successful [object Object]
2024-08-01T00:38:30.441Z [LOG] Thread 1 processed https://weather.com/weather/today/l/33.6007,73.0679?unit=c
2024-08-01T00:38:30.441Z [LOG] Thread 1 now crawling https://weather.com/weather/today/l/34.0000,71.5000?unit=c
2024-08-01T00:38:30.623Z [INFO] Scraping completed
2024-08-01T00:38:30.698Z [INFO] Scraping completed
2024-08-01T00:38:30.758Z [LOG] Add/Update successful [object Object]
2024-08-01T00:38:30.759Z [LOG] Thread 7 processed https://weather.com/weather/today/l/33.8578,73.7604?unit=c
2024-08-01T00:38:30.759Z [LOG] Thread 7 now crawling https://weather.com/weather/today/l/32.0709,73.6880?unit=c
2024-08-01T00:38:30.835Z [LOG] Add/Update successful [object Object]
2024-08-01T00:38:30.836Z [LOG] Thread 10 processed https://weather.com/weather/today/l/36.1736,73.7667?unit=c
2024-08-01T00:38:30.836Z [LOG] Thread 10 now crawling https://weather.com/weather/today/l/30.7008,68.3598?unit=c
2024-08-01T00:38:31.062Z [INFO] Scraping completed
2024-08-01T00:38:31.192Z [LOG] Add/Update successful [object Object]
2024-08-01T00:38:31.193Z [LOG] Thread 5 processed https://weather.com/weather/today/l/32.2628,75.1583?unit=c
2024-08-01T00:38:31.193Z [LOG] Thread 5 now crawling https://weather.com/weather/today/l/30.7333,73.8167?unit=c
2024-08-01T00:38:31.779Z [INFO] Scraping completed
2024-08-01T00:38:31.881Z [LOG] Add/Update successful [object Object]
2024-08-01T00:38:31.881Z [LOG] Thread 2 processed https://weather.com/weather/today/l/32.5736,74.0789?unit=c
2024-08-01T00:38:31.881Z [LOG] Thread 2 now crawling https://weather.com/weather/today/l/31.1167,74.4500?unit=c
2024-08-01T00:38:32.122Z [INFO] Scraping completed
2024-08-01T00:38:32.355Z [LOG] Add/Update successful [object Object]
2024-08-01T00:38:32.598Z [LOG] Thread 3 processed https://weather.com/weather/today/l/28.6471,70.6620?unit=c
2024-08-01T00:38:32.601Z [LOG] Thread 3 now crawling https://weather.com/weather/today/l/31.1500,72.6833?unit=c
2024-08-01T00:38:32.562Z [INFO] Scraping completed
2024-08-01T00:38:32.946Z [LOG] Add/Update successful [object Object]
2024-08-01T00:38:32.946Z [LOG] Thread 4 processed https://weather.com/weather/today/l/30.9210,66.4597?unit=c
2024-08-01T00:38:32.946Z [LOG] Thread 4 now crawling https://weather.com/weather/today/l/34.1453,71.7308?unit=c
2024-08-01T00:38:33.070Z [INFO] Scraping completed
2024-08-01T00:38:33.205Z [LOG] Add/Update successful [object Object]
2024-08-01T00:38:33.205Z [LOG] Thread 9 processed https://weather.com/weather/today/l/29.7997,66.8455?unit=c
2024-08-01T00:38:33.206Z [LOG] Thread 9 now crawling https://weather.com/weather/today/l/35.2917,73.2906?unit=c
2024-08-01T00:38:35.214Z [INFO] Scraping completed
2024-08-01T00:38:35.350Z [LOG] Add/Update successful [object Object]
2024-08-01T00:38:35.351Z [LOG] Thread 7 processed https://weather.com/weather/today/l/32.0709,73.6880?unit=c
2024-08-01T00:38:35.351Z [LOG] Thread 7 now crawling https://weather.com/weather/today/l/29.5339,71.6324?unit=c
2024-08-01T00:38:35.529Z [INFO] Scraping completed
2024-08-01T00:38:35.652Z [LOG] Add/Update successful [object Object]
2024-08-01T00:38:35.653Z [LOG] Thread 5 processed https://weather.com/weather/today/l/30.7333,73.8167?unit=c
2024-08-01T00:38:35.653Z [LOG] Thread 5 now crawling https://weather.com/weather/today/l/30.4068,71.8667?unit=c
2024-08-01T00:38:35.851Z [INFO] Scraping completed
2024-08-01T00:38:35.864Z [INFO] Scraping completed
2024-08-01T00:38:36.003Z [LOG] Add/Update successful [object Object]
2024-08-01T00:38:36.003Z [LOG] Thread 10 processed https://weather.com/weather/today/l/30.7008,68.3598?unit=c
2024-08-01T00:38:36.004Z [LOG] Thread 10 now crawling https://weather.com/weather/today/l/28.5846,65.4150?unit=c
2024-08-01T00:38:36.019Z [INFO] Scraping completed
2024-08-01T00:38:36.024Z [LOG] Add/Update successful [object Object]
2024-08-01T00:38:36.025Z [LOG] Thread 1 processed https://weather.com/weather/today/l/34.0000,71.5000?unit=c
2024-08-01T00:38:36.025Z [LOG] Thread 1 now crawling https://weather.com/weather/today/l/34.7500,72.3572?unit=c
2024-08-01T00:38:36.146Z [LOG] Add/Update successful [object Object]
2024-08-01T00:38:36.147Z [LOG] Thread 8 processed https://weather.com/weather/today/l/32.2952,72.3502?unit=c
2024-08-01T00:38:36.147Z [LOG] Thread 8 now crawling https://weather.com/weather/today/l/24.6558,68.8383?unit=c
2024-08-01T00:38:36.167Z [INFO] Scraping completed
2024-08-01T00:38:36.303Z [LOG] Add/Update successful [object Object]
2024-08-01T00:38:36.303Z [LOG] Thread 3 processed https://weather.com/weather/today/l/31.1500,72.6833?unit=c
2024-08-01T00:38:36.303Z [LOG] Thread 3 now crawling https://weather.com/weather/today/l/32.5861,73.4917?unit=c
2024-08-01T00:38:36.377Z [INFO] Scraping completed
2024-08-01T00:38:36.525Z [LOG] Add/Update successful [object Object]
2024-08-01T00:38:36.526Z [LOG] Thread 2 processed https://weather.com/weather/today/l/31.1167,74.4500?unit=c
2024-08-01T00:38:36.526Z [LOG] Thread 2 now crawling https://weather.com/weather/today/l/34.1958,72.0447?unit=c
2024-08-01T00:38:36.557Z [INFO] Scraping completed
2024-08-01T00:38:36.685Z [LOG] Add/Update successful [object Object]
2024-08-01T00:38:36.686Z [LOG] Thread 4 processed https://weather.com/weather/today/l/34.1453,71.7308?unit=c
2024-08-01T00:38:36.686Z [LOG] Thread 4 now crawling https://weather.com/weather/today/l/28.4000,69.3000?unit=c
2024-08-01T00:38:37.562Z [INFO] Scraping completed
2024-08-01T00:38:37.675Z [LOG] Add/Update successful [object Object]
2024-08-01T00:38:37.675Z [LOG] Thread 9 processed https://weather.com/weather/today/l/35.2917,73.2906?unit=c
2024-08-01T00:38:37.676Z [LOG] Thread 9 now crawling https://weather.com/weather/today/l/34.5717,73.8972?unit=c
2024-08-01T00:38:39.080Z [INFO] Scraping completed
2024-08-01T00:38:39.195Z [LOG] Add/Update successful [object Object]
2024-08-01T00:38:39.195Z [LOG] Thread 7 processed https://weather.com/weather/today/l/29.5339,71.6324?unit=c
2024-08-01T00:38:39.195Z [LOG] Thread 7 now crawling https://weather.com/weather/today/l/34.5656,71.9304?unit=c
2024-08-01T00:38:39.776Z [INFO] Scraping completed
2024-08-01T00:38:39.912Z [INFO] Scraping completed
2024-08-01T00:38:39.921Z [LOG] Add/Update successful [object Object]
2024-08-01T00:38:39.922Z [LOG] Thread 5 processed https://weather.com/weather/today/l/30.4068,71.8667?unit=c
2024-08-01T00:38:39.922Z [LOG] Thread 5 now crawling https://weather.com/weather/today/l/34.3333,73.2000?unit=c
2024-08-01T00:38:40.055Z [LOG] Add/Update successful [object Object]
2024-08-01T00:38:40.056Z [LOG] Thread 8 processed https://weather.com/weather/today/l/24.6558,68.8383?unit=c
2024-08-01T00:38:40.056Z [LOG] Thread 8 now crawling https://weather.com/weather/today/l/32.6072,70.9123?unit=c
2024-08-01T00:38:40.378Z [INFO] Scraping completed
2024-08-01T00:38:40.454Z [INFO] Scraping completed
2024-08-01T00:38:40.488Z [INFO] Scraping completed
2024-08-01T00:38:40.525Z [LOG] Add/Update successful [object Object]
2024-08-01T00:38:40.525Z [LOG] Thread 3 processed https://weather.com/weather/today/l/32.5861,73.4917?unit=c
2024-08-01T00:38:40.526Z [LOG] Thread 3 now crawling https://weather.com/weather/today/l/34.1500,73.2167?unit=c
2024-08-01T00:38:40.631Z [LOG] Add/Update successful [object Object]
2024-08-01T00:38:40.632Z [LOG] Thread 1 processed https://weather.com/weather/today/l/34.7500,72.3572?unit=c
2024-08-01T00:38:40.632Z [LOG] Thread 1 now crawling https://weather.com/weather/today/l/30.1978,71.4711?unit=c
2024-08-01T00:38:40.630Z [LOG] Add/Update successful [object Object]
2024-08-01T00:38:40.634Z [LOG] Thread 10 processed https://weather.com/weather/today/l/28.5846,65.4150?unit=c
2024-08-01T00:38:40.634Z [LOG] Thread 10 now crawling https://weather.com/weather/today/l/36.3078,74.6178?unit=c
2024-08-01T00:38:40.681Z [INFO] Scraping completed
2024-08-01T00:38:40.783Z [INFO] Scraping completed
2024-08-01T00:38:40.832Z [LOG] Add/Update successful [object Object]
2024-08-01T00:38:40.832Z [LOG] Thread 2 processed https://weather.com/weather/today/l/34.1958,72.0447?unit=c
2024-08-01T00:38:40.833Z [LOG] Thread 2 now crawling https://weather.com/weather/today/l/34.7717,72.3600?unit=c
2024-08-01T00:38:40.902Z [LOG] Add/Update successful [object Object]
2024-08-01T00:38:40.902Z [LOG] Thread 4 processed https://weather.com/weather/today/l/28.4000,69.3000?unit=c
2024-08-01T00:38:40.903Z [LOG] Thread 4 now crawling https://weather.com/weather/today/l/29.6967,72.5542?unit=c
2024-08-01T00:38:41.311Z [INFO] Scraping completed
2024-08-01T00:38:41.436Z [LOG] Add/Update successful [object Object]
2024-08-01T00:38:41.436Z [LOG] Thread 9 processed https://weather.com/weather/today/l/34.5717,73.8972?unit=c
2024-08-01T00:38:41.436Z [LOG] Thread 9 now crawling https://weather.com/weather/today/l/30.3705,68.5979?unit=c
2024-08-01T00:38:42.887Z [INFO] Scraping completed
2024-08-01T00:38:43.023Z [LOG] Add/Update successful [object Object]
2024-08-01T00:38:43.024Z [LOG] Thread 7 processed https://weather.com/weather/today/l/34.5656,71.9304?unit=c
2024-08-01T00:38:43.025Z [LOG] Thread 7 now crawling https://weather.com/weather/today/l/33.7667,72.3598?unit=c
2024-08-01T00:38:43.573Z [INFO] Scraping completed
2024-08-01T00:38:43.723Z [LOG] Add/Update successful [object Object]
2024-08-01T00:38:43.724Z [LOG] Thread 8 processed https://weather.com/weather/today/l/32.6072,70.9123?unit=c
2024-08-01T00:38:43.724Z [LOG] Thread 8 now crawling https://weather.com/weather/today/l/29.1041,70.3297?unit=c
2024-08-01T00:38:43.739Z [INFO] Scraping completed
2024-08-01T00:38:43.870Z [LOG] Add/Update successful [object Object]
2024-08-01T00:38:43.870Z [LOG] Thread 5 processed https://weather.com/weather/today/l/34.3333,73.2000?unit=c
2024-08-01T00:38:43.870Z [LOG] Thread 5 now crawling https://weather.com/weather/today/l/32.7012,73.9605?unit=c
2024-08-01T00:38:44.205Z [INFO] Scraping completed
2024-08-01T00:38:44.321Z [LOG] Add/Update successful [object Object]
2024-08-01T00:38:44.321Z [LOG] Thread 1 processed https://weather.com/weather/today/l/30.1978,71.4711?unit=c
2024-08-01T00:38:44.321Z [LOG] Thread 1 now crawling https://weather.com/weather/today/l/32.1500,74.1833?unit=c
2024-08-01T00:38:44.359Z [INFO] Scraping completed
2024-08-01T00:38:44.475Z [LOG] Add/Update successful [object Object]
2024-08-01T00:38:44.476Z [LOG] Thread 10 processed https://weather.com/weather/today/l/36.3078,74.6178?unit=c
2024-08-01T00:38:44.476Z [LOG] Thread 10 now crawling https://weather.com/weather/today/l/26.4568,65.2314?unit=c
2024-08-01T00:38:44.965Z [INFO] Scraping completed
2024-08-01T00:38:45.059Z [INFO] Scraping completed
2024-08-01T00:38:45.076Z [LOG] Add/Update successful [object Object]
2024-08-01T00:38:45.076Z [LOG] Thread 3 processed https://weather.com/weather/today/l/34.1500,73.2167?unit=c
2024-08-01T00:38:45.076Z [LOG] Thread 3 now crawling https://weather.com/weather/today/l/26.7319,67.7750?unit=c
2024-08-01T00:38:45.219Z [LOG] Add/Update successful [object Object]
2024-08-01T00:38:45.219Z [LOG] Thread 4 processed https://weather.com/weather/today/l/29.6967,72.5542?unit=c
2024-08-01T00:38:45.219Z [LOG] Thread 4 now crawling https://weather.com/weather/today/l/34.3700,73.4711?unit=c
2024-08-01T00:38:45.603Z [INFO] Scraping completed
2024-08-01T00:38:45.765Z [INFO] Scraping completed
2024-08-01T00:38:45.767Z [LOG] Add/Update successful [object Object]
2024-08-01T00:38:45.767Z [LOG] Thread 9 processed https://weather.com/weather/today/l/30.3705,68.5979?unit=c
2024-08-01T00:38:45.768Z [LOG] Thread 9 now crawling https://weather.com/weather/today/l/29.8977,69.5256?unit=c
2024-08-01T00:38:45.891Z [LOG] Add/Update successful [object Object]
2024-08-01T00:38:45.891Z [LOG] Thread 2 processed https://weather.com/weather/today/l/34.7717,72.3600?unit=c
2024-08-01T00:38:45.891Z [LOG] Thread 2 now crawling https://weather.com/weather/today/l/30.0500,70.6333?unit=c
2024-08-01T00:38:47.023Z [INFO] Scraping completed
2024-08-01T00:38:47.149Z [LOG] Add/Update successful [object Object]
2024-08-01T00:38:47.149Z [LOG] Thread 7 processed https://weather.com/weather/today/l/33.7667,72.3598?unit=c
2024-08-01T00:38:47.150Z [LOG] Thread 7 now crawling https://weather.com/weather/today/l/34.6796,73.0263?unit=c
2024-08-01T00:38:47.321Z [INFO] Scraping completed
2024-08-01T00:38:47.446Z [LOG] Add/Update successful [object Object]
2024-08-01T00:38:47.447Z [LOG] Thread 5 processed https://weather.com/weather/today/l/32.7012,73.9605?unit=c
2024-08-01T00:38:47.447Z [LOG] Thread 5 now crawling https://weather.com/weather/today/l/31.4492,73.7124?unit=c
2024-08-01T00:38:47.644Z [INFO] Scraping completed
2024-08-01T00:38:47.829Z [LOG] Add/Update successful [object Object]
2024-08-01T00:38:47.829Z [LOG] Thread 8 processed https://weather.com/weather/today/l/29.1041,70.3297?unit=c
2024-08-01T00:38:47.830Z [LOG] Thread 8 now crawling https://weather.com/weather/today/l/28.4167,68.1667?unit=c
2024-08-01T00:38:48.020Z [INFO] Scraping completed
2024-08-01T00:38:48.156Z [LOG] Add/Update successful [object Object]
2024-08-01T00:38:48.157Z [LOG] Thread 10 processed https://weather.com/weather/today/l/26.4568,65.2314?unit=c
2024-08-01T00:38:48.157Z [LOG] Thread 10 now crawling https://weather.com/weather/today/l/28.8885,64.4062?unit=c
2024-08-01T00:38:48.291Z [INFO] Scraping completed
2024-08-01T00:38:48.430Z [LOG] Add/Update successful [object Object]
2024-08-01T00:38:48.431Z [LOG] Thread 1 processed https://weather.com/weather/today/l/32.1500,74.1833?unit=c
2024-08-01T00:38:48.431Z [LOG] Thread 1 now crawling https://weather.com/weather/today/l/33.6989,73.0369?unit=c
2024-08-01T00:38:48.691Z [INFO] Scraping completed
2024-08-01T00:38:48.805Z [LOG] Add/Update successful [object Object]
2024-08-01T00:38:48.805Z [LOG] Thread 3 processed https://weather.com/weather/today/l/26.7319,67.7750?unit=c
2024-08-01T00:38:48.805Z [LOG] Thread 3 now crawling https://weather.com/weather/today/l/27.8000,66.6167?unit=c
2024-08-01T00:38:48.855Z [INFO] Scraping completed
2024-08-01T00:38:48.979Z [LOG] Add/Update successful [object Object]
2024-08-01T00:38:48.980Z [LOG] Thread 4 processed https://weather.com/weather/today/l/34.3700,73.4711?unit=c
2024-08-01T00:38:48.980Z [LOG] Thread 4 now crawling https://weather.com/weather/today/l/32.5853,71.5436?unit=c
2024-08-01T00:38:49.753Z [INFO] Scraping completed
2024-08-01T00:38:49.861Z [INFO] Scraping completed
2024-08-01T00:38:49.897Z [LOG] Add/Update successful [object Object]
2024-08-01T00:38:49.897Z [LOG] Thread 9 processed https://weather.com/weather/today/l/29.8977,69.5256?unit=c
2024-08-01T00:38:49.897Z [LOG] Thread 9 now crawling https://weather.com/weather/today/l/30.8594,69.8221?unit=c
2024-08-01T00:38:50.000Z [LOG] Add/Update successful [object Object]
2024-08-01T00:38:50.001Z [LOG] Thread 2 processed https://weather.com/weather/today/l/30.0500,70.6333?unit=c
2024-08-01T00:38:50.001Z [LOG] Thread 2 now crawling https://weather.com/weather/today/l/26.2442,68.4100?unit=c
2024-08-01T00:38:50.651Z [INFO] Scraping completed
2024-08-01T00:38:50.712Z [INFO] Scraping completed
2024-08-01T00:38:50.777Z [LOG] Add/Update successful [object Object]
2024-08-01T00:38:50.777Z [LOG] Thread 7 processed https://weather.com/weather/today/l/34.6796,73.0263?unit=c
2024-08-01T00:38:50.778Z [LOG] Thread 7 now crawling https://weather.com/weather/today/l/25.5971,68.4467?unit=c
2024-08-01T00:38:50.840Z [LOG] Add/Update successful [object Object]
2024-08-01T00:38:50.841Z [LOG] Thread 5 processed https://weather.com/weather/today/l/31.4492,73.7124?unit=c
2024-08-01T00:38:50.841Z [LOG] Thread 5 now crawling https://weather.com/weather/today/l/32.9889,70.6056?unit=c
2024-08-01T00:38:51.348Z [INFO] Scraping completed
2024-08-01T00:38:51.451Z [LOG] Add/Update successful [object Object]
2024-08-01T00:38:51.452Z [LOG] Thread 8 processed https://weather.com/weather/today/l/28.4167,68.1667?unit=c
2024-08-01T00:38:51.452Z [LOG] Thread 8 now crawling https://weather.com/weather/today/l/27.8473,67.9068?unit=c
2024-08-01T00:38:51.678Z [INFO] Scraping completed
2024-08-01T00:38:51.801Z [LOG] Add/Update successful [object Object]
2024-08-01T00:38:51.801Z [LOG] Thread 1 processed https://weather.com/weather/today/l/33.6989,73.0369?unit=c
2024-08-01T00:38:51.802Z [LOG] Thread 1 now crawling https://weather.com/weather/today/l/30.1920,67.0070?unit=c
2024-08-01T00:38:52.074Z [INFO] Scraping completed
2024-08-01T00:38:52.188Z [LOG] Add/Update successful [object Object]
2024-08-01T00:38:52.189Z [LOG] Thread 3 processed https://weather.com/weather/today/l/27.8000,66.6167?unit=c
2024-08-01T00:38:52.189Z [LOG] Thread 3 now crawling https://weather.com/weather/today/l/30.3500,73.4000?unit=c
2024-08-01T00:38:52.546Z [INFO] Scraping completed
2024-08-01T00:38:52.701Z [LOG] Add/Update successful [object Object]
2024-08-01T00:38:52.701Z [LOG] Thread 4 processed https://weather.com/weather/today/l/32.5853,71.5436?unit=c
2024-08-01T00:38:52.701Z [LOG] Thread 4 now crawling https://weather.com/weather/today/l/32.7667,74.2167?unit=c
2024-08-01T00:38:52.773Z [INFO] Scraping completed
2024-08-01T00:38:52.916Z [LOG] Add/Update successful [object Object]
2024-08-01T00:38:52.917Z [LOG] Thread 10 processed https://weather.com/weather/today/l/28.8885,64.4062?unit=c
2024-08-01T00:38:52.917Z [LOG] Remaining URLs: 135
2024-08-01T00:38:53.160Z [INFO] Scraping completed
2024-08-01T00:38:53.281Z [LOG] Add/Update successful [object Object]
2024-08-01T00:38:53.281Z [LOG] Thread 9 processed https://weather.com/weather/today/l/30.8594,69.8221?unit=c
2024-08-01T00:38:53.281Z [LOG] Thread 9 now crawling https://weather.com/weather/today/l/30.3814,67.7258?unit=c
2024-08-01T00:38:53.547Z [INFO] Scraping completed
2024-08-01T00:38:53.664Z [LOG] Add/Update successful [object Object]
2024-08-01T00:38:53.664Z [LOG] Thread 2 processed https://weather.com/weather/today/l/26.2442,68.4100?unit=c
2024-08-01T00:38:53.664Z [LOG] Thread 2 now crawling https://weather.com/weather/today/l/30.6706,73.1064?unit=c
2024-08-01T00:38:54.050Z [INFO] Scraping completed
2024-08-01T00:38:54.171Z [INFO] Scraping completed
2024-08-01T00:38:54.180Z [LOG] Add/Update successful [object Object]
2024-08-01T00:38:54.180Z [LOG] Thread 7 processed https://weather.com/weather/today/l/25.5971,68.4467?unit=c
2024-08-01T00:38:54.181Z [LOG] Thread 7 now crawling https://weather.com/weather/today/l/28.0064,69.3150?unit=c
2024-08-01T00:38:54.288Z [LOG] Add/Update successful [object Object]
2024-08-01T00:38:54.288Z [LOG] Thread 5 processed https://weather.com/weather/today/l/32.9889,70.6056?unit=c
2024-08-01T00:38:54.288Z [LOG] Thread 5 now crawling https://weather.com/weather/today/l/34.8281,71.8408?unit=c
2024-08-01T00:38:54.612Z [INFO] Scraping completed
2024-08-01T00:38:54.715Z [LOG] Add/Update successful [object Object]
2024-08-01T00:38:54.716Z [LOG] Thread 8 processed https://weather.com/weather/today/l/27.8473,67.9068?unit=c
2024-08-01T00:38:54.716Z [LOG] Thread 8 now crawling https://weather.com/weather/today/l/30.5833,67.0000?unit=c
2024-08-01T00:38:54.891Z [INFO] Scraping completed
2024-08-01T00:38:55.012Z [LOG] Add/Update successful [object Object]
2024-08-01T00:38:55.012Z [LOG] Thread 1 processed https://weather.com/weather/today/l/30.1920,67.0070?unit=c
2024-08-01T00:38:55.013Z [LOG] Thread 1 now crawling https://weather.com/weather/today/l/29.3956,71.6722?unit=c
2024-08-01T00:38:55.516Z [INFO] Scraping completed
2024-08-01T00:38:55.629Z [LOG] Add/Update successful [object Object]
2024-08-01T00:38:55.630Z [LOG] Thread 3 processed https://weather.com/weather/today/l/30.3500,73.4000?unit=c
2024-08-01T00:38:55.630Z [LOG] Thread 3 now crawling https://weather.com/weather/today/l/25.4667,68.7167?unit=c
2024-08-01T00:38:55.700Z [INFO] Scraping completed
2024-08-01T00:38:55.800Z [LOG] Add/Update successful [object Object]
2024-08-01T00:38:55.800Z [LOG] Thread 4 processed https://weather.com/weather/today/l/32.7667,74.2167?unit=c
2024-08-01T00:38:55.800Z [LOG] Thread 4 now crawling https://weather.com/weather/today/l/31.6333,71.0667?unit=c
2024-08-01T00:38:56.750Z [INFO] Scraping completed
2024-08-01T00:38:56.888Z [LOG] Add/Update successful [object Object]
2024-08-01T00:38:56.889Z [LOG] Thread 2 processed https://weather.com/weather/today/l/30.6706,73.1064?unit=c
2024-08-01T00:38:56.889Z [LOG] Thread 2 now crawling https://weather.com/weather/today/l/25.5269,69.0111?unit=c
2024-08-01T00:38:57.001Z [INFO] Scraping completed
2024-08-01T00:38:57.120Z [LOG] Add/Update successful [object Object]
2024-08-01T00:38:57.121Z [LOG] Thread 9 processed https://weather.com/weather/today/l/30.3814,67.7258?unit=c
2024-08-01T00:38:57.121Z [LOG] Thread 9 now crawling https://weather.com/weather/today/l/28.6132,67.4856?unit=c
2024-08-01T00:38:57.649Z [INFO] Scraping completed
2024-08-01T00:38:57.685Z [INFO] Scraping completed
2024-08-01T00:38:57.749Z [LOG] Add/Update successful [object Object]
2024-08-01T00:38:57.749Z [LOG] Thread 7 processed https://weather.com/weather/today/l/28.0064,69.3150?unit=c
2024-08-01T00:38:57.750Z [LOG] Thread 7 now crawling https://weather.com/weather/today/l/26.8401,68.1227?unit=c
2024-08-01T00:38:57.784Z [LOG] Add/Update successful [object Object]
2024-08-01T00:38:57.785Z [LOG] Thread 8 processed https://weather.com/weather/today/l/30.5833,67.0000?unit=c
2024-08-01T00:38:57.785Z [LOG] Thread 8 now crawling https://weather.com/weather/today/l/26.0464,68.9481?unit=c
2024-08-01T00:38:57.814Z [ERROR] Error getting feel like temp
2024-08-01T00:38:57.814Z [ERROR] locator.innerText: Timeout 30000ms exceeded.
Call log:
  - waiting for locator('[class=TodayDetailsCard--feelsLikeTempValue--2icPt]').first()

2024-08-01T00:38:57.823Z [ERROR] Error getting sunrise
2024-08-01T00:38:57.823Z [ERROR] locator.innerText: Timeout 30000ms exceeded.
Call log:
  - waiting for locator('[data-testid="SunriseValue"]').first()

2024-08-01T00:38:57.824Z [ERROR] Error getting sunset
2024-08-01T00:38:57.825Z [ERROR] locator.innerText: Timeout 30000ms exceeded.
Call log:
  - waiting for locator('[data-testid="SunsetValue"]').first()

2024-08-01T00:38:57.825Z [ERROR] Error getting current condition
2024-08-01T00:38:57.825Z [ERROR] locator.innerText: Timeout 30000ms exceeded.
Call log:
  - waiting for locator('[class=CurrentConditions--phraseValue--mZC_p]').first()

2024-08-01T00:38:57.825Z [ERROR] Error getting day night
2024-08-01T00:38:57.826Z [ERROR] locator.innerText: Timeout 30000ms exceeded.
Call log:
  - waiting for locator('[class=CurrentConditions--tempHiLoValue--3T1DG]').first()

2024-08-01T00:38:57.826Z [ERROR] Error getting temp
2024-08-01T00:38:57.826Z [ERROR] locator.innerText: Timeout 30000ms exceeded.
Call log:
  - waiting for locator('[class=CurrentConditions--tempValue--MHmYY]').first()

2024-08-01T00:38:58.089Z [INFO] Scraping completed
2024-08-01T00:38:58.194Z [LOG] Add/Update successful [object Object]
2024-08-01T00:38:58.194Z [LOG] Thread 5 processed https://weather.com/weather/today/l/34.8281,71.8408?unit=c
2024-08-01T00:38:58.194Z [LOG] Thread 5 now crawling https://weather.com/weather/today/l/33.8992,70.1008?unit=c
2024-08-01T00:38:58.244Z [INFO] Scraping completed
2024-08-01T00:38:58.351Z [LOG] Add/Update successful [object Object]
2024-08-01T00:38:58.352Z [LOG] Thread 1 processed https://weather.com/weather/today/l/29.3956,71.6722?unit=c
2024-08-01T00:38:58.352Z [LOG] Thread 1 now crawling https://weather.com/weather/today/l/32.0836,72.6711?unit=c
2024-08-01T00:38:58.669Z [INFO] Scraping completed
2024-08-01T00:38:58.734Z [INFO] Scraping completed
2024-08-01T00:38:58.782Z [LOG] Add/Update successful [object Object]
2024-08-01T00:38:58.783Z [LOG] Thread 4 processed https://weather.com/weather/today/l/31.6333,71.0667?unit=c
2024-08-01T00:38:58.783Z [LOG] Thread 4 now crawling https://weather.com/weather/today/l/31.3417,69.4486?unit=c
2024-08-01T00:38:58.839Z [LOG] Add/Update successful [object Object]
2024-08-01T00:38:58.839Z [LOG] Thread 3 processed https://weather.com/weather/today/l/25.4667,68.7167?unit=c
2024-08-01T00:38:58.840Z [LOG] Thread 3 now crawling https://weather.com/weather/today/l/30.0419,72.3528?unit=c
2024-08-01T00:39:00.443Z [INFO] Scraping completed
2024-08-01T00:39:00.569Z [LOG] Add/Update successful [object Object]
2024-08-01T00:39:00.569Z [LOG] Thread 9 processed https://weather.com/weather/today/l/28.6132,67.4856?unit=c
2024-08-01T00:39:00.570Z [LOG] Thread 9 now crawling https://weather.com/weather/today/l/29.5430,67.8773?unit=c
2024-08-01T00:39:00.583Z [INFO] Scraping completed
2024-08-01T00:39:00.704Z [LOG] Add/Update successful [object Object]
2024-08-01T00:39:00.705Z [LOG] Thread 2 processed https://weather.com/weather/today/l/25.5269,69.0111?unit=c
2024-08-01T00:39:00.705Z [LOG] Thread 2 now crawling https://weather.com/weather/today/l/30.8100,73.4597?unit=c
2024-08-01T00:39:01.190Z [INFO] Scraping completed
2024-08-01T00:39:01.200Z [INFO] Scraping completed
2024-08-01T00:39:01.330Z [LOG] Add/Update successful [object Object]
2024-08-01T00:39:01.331Z [LOG] Thread 7 processed https://weather.com/weather/today/l/26.8401,68.1227?unit=c
2024-08-01T00:39:01.331Z [LOG] Thread 7 now crawling https://weather.com/weather/today/l/34.9000,72.6556?unit=c
2024-08-01T00:39:01.331Z [LOG] Add/Update successful [object Object]
2024-08-01T00:39:01.331Z [LOG] Thread 8 processed https://weather.com/weather/today/l/26.0464,68.9481?unit=c
2024-08-01T00:39:01.331Z [LOG] Thread 8 now crawling https://weather.com/weather/today/l/35.2074,71.8768?unit=c
2024-08-01T00:39:01.374Z [INFO] Scraping completed
2024-08-01T00:39:01.497Z [LOG] Add/Update successful [object Object]
2024-08-01T00:39:01.497Z [LOG] Thread 1 processed https://weather.com/weather/today/l/32.0836,72.6711?unit=c
2024-08-01T00:39:01.497Z [LOG] Thread 1 now crawling https://weather.com/weather/today/l/33.1333,73.7500?unit=c
2024-08-01T00:39:01.558Z [INFO] Scraping completed
2024-08-01T00:39:01.716Z [LOG] Add/Update successful [object Object]
2024-08-01T00:39:01.716Z [LOG] Thread 5 processed https://weather.com/weather/today/l/33.8992,70.1008?unit=c
2024-08-01T00:39:01.716Z [LOG] Thread 5 now crawling https://weather.com/weather/today/l/25.1264,62.3225?unit=c
2024-08-01T00:39:01.894Z [INFO] Scraping completed
2024-08-01T00:39:02.004Z [LOG] Add/Update successful [object Object]
2024-08-01T00:39:02.004Z [LOG] Thread 3 processed https://weather.com/weather/today/l/30.0419,72.3528?unit=c
2024-08-01T00:39:02.004Z [LOG] Thread 3 now crawling https://weather.com/weather/today/l/31.3342,73.4194?unit=c
2024-08-01T00:39:02.726Z [INFO] Scraping completed
2024-08-01T00:39:02.823Z [LOG] Add/Update successful [object Object]
2024-08-01T00:39:02.823Z [LOG] Thread 4 processed https://weather.com/weather/today/l/31.3417,69.4486?unit=c
2024-08-01T00:39:02.823Z [LOG] Thread 4 now crawling https://weather.com/weather/today/l/32.8110,73.8650?unit=c
2024-08-01T00:39:03.761Z [INFO] Scraping completed
2024-08-01T00:39:03.821Z [INFO] Scraping completed
2024-08-01T00:39:03.872Z [LOG] Add/Update successful [object Object]
2024-08-01T00:39:03.872Z [LOG] Thread 9 processed https://weather.com/weather/today/l/29.5430,67.8773?unit=c
2024-08-01T00:39:03.872Z [LOG] Thread 9 now crawling https://weather.com/weather/today/l/29.0362,69.1585?unit=c
2024-08-01T00:39:03.921Z [LOG] Add/Update successful [object Object]
2024-08-01T00:39:03.922Z [LOG] Thread 2 processed https://weather.com/weather/today/l/30.8100,73.4597?unit=c
2024-08-01T00:39:03.922Z [LOG] Thread 2 now crawling https://weather.com/weather/today/l/30.1500,72.6833?unit=c
2024-08-01T00:39:04.758Z [INFO] Scraping completed
2024-08-01T00:39:04.806Z [INFO] Scraping completed
2024-08-01T00:39:04.868Z [INFO] Scraping completed
2024-08-01T00:39:04.899Z [LOG] Add/Update successful [object Object]
2024-08-01T00:39:04.899Z [LOG] Thread 8 processed https://weather.com/weather/today/l/35.2074,71.8768?unit=c
2024-08-01T00:39:04.900Z [LOG] Remaining URLs: 120
2024-08-01T00:39:04.918Z [LOG] Add/Update successful [object Object]
2024-08-01T00:39:04.919Z [LOG] Thread 7 processed https://weather.com/weather/today/l/34.9000,72.6556?unit=c
2024-08-01T00:39:04.919Z [LOG] Remaining URLs: 105
2024-08-01T00:39:04.977Z [LOG] Add/Update successful [object Object]
2024-08-01T00:39:04.977Z [LOG] Thread 5 processed https://weather.com/weather/today/l/25.1264,62.3225?unit=c
2024-08-01T00:39:04.978Z [LOG] Remaining URLs: 90
2024-08-01T00:39:05.815Z [INFO] Scraping completed
2024-08-01T00:39:05.913Z [INFO] Scraping completed
2024-08-01T00:39:05.924Z [LOG] Add/Update successful [object Object]
2024-08-01T00:39:05.925Z [LOG] Thread 4 processed https://weather.com/weather/today/l/32.8110,73.8650?unit=c
2024-08-01T00:39:05.925Z [LOG] Remaining URLs: 75
2024-08-01T00:39:06.019Z [LOG] Add/Update successful [object Object]
2024-08-01T00:39:06.019Z [LOG] Thread 1 processed https://weather.com/weather/today/l/33.1333,73.7500?unit=c
2024-08-01T00:39:06.019Z [LOG] Thread 1 now crawling https://weather.com/weather/today/l/31.7167,72.9833?unit=c
2024-08-01T00:39:06.257Z [INFO] Scraping completed
2024-08-01T00:39:06.353Z [LOG] Add/Update successful [object Object]
2024-08-01T00:39:06.353Z [LOG] Thread 3 processed https://weather.com/weather/today/l/31.3342,73.4194?unit=c
2024-08-01T00:39:06.353Z [LOG] Remaining URLs: 60
2024-08-01T00:39:06.564Z [INFO] Scraping completed
2024-08-01T00:39:06.665Z [LOG] Add/Update successful [object Object]
2024-08-01T00:39:06.665Z [LOG] Thread 9 processed https://weather.com/weather/today/l/29.0362,69.1585?unit=c
2024-08-01T00:39:06.666Z [LOG] Thread 9 now crawling https://weather.com/weather/today/l/35.3471,74.8563?unit=c
2024-08-01T00:39:06.848Z [INFO] Scraping completed
2024-08-01T00:39:06.949Z [LOG] Add/Update successful [object Object]
2024-08-01T00:39:06.949Z [LOG] Thread 2 processed https://weather.com/weather/today/l/30.1500,72.6833?unit=c
2024-08-01T00:39:06.950Z [LOG] Remaining URLs: 45
2024-08-01T00:39:08.592Z [INFO] Scraping completed
2024-08-01T00:39:08.691Z [LOG] Add/Update successful [object Object]
2024-08-01T00:39:08.691Z [LOG] Thread 1 processed https://weather.com/weather/today/l/31.7167,72.9833?unit=c
2024-08-01T00:39:08.691Z [LOG] Remaining URLs: 30
2024-08-01T00:39:09.474Z [INFO] Scraping completed
2024-08-01T00:39:09.572Z [LOG] Add/Update successful [object Object]
2024-08-01T00:39:09.572Z [LOG] Thread 9 processed https://weather.com/weather/today/l/35.3471,74.8563?unit=c
2024-08-01T00:39:09.573Z [LOG] Thread 9 now crawling https://weather.com/weather/today/l/26.0012,63.0485?unit=c
2024-08-01T00:39:12.737Z [INFO] Scraping completed
2024-08-01T00:39:12.835Z [LOG] Add/Update successful [object Object]
2024-08-01T00:39:12.835Z [LOG] Thread 9 processed https://weather.com/weather/today/l/26.0012,63.0485?unit=c
2024-08-01T00:39:12.835Z [LOG] Remaining URLs: 15
2024-08-01T00:39:27.826Z [ERROR] Error getting air quality data: locator.textContent: Timeout 30000ms exceeded.
Call log:
  - waiting for locator('[class=AirQuality--AirQualityCard--EONAt]').first().locator('text').first()

2024-08-01T00:39:57.831Z [ERROR] Error getting high/low temperature: locator.innerText: Timeout 30000ms exceeded.
Call log:
  - waiting for locator('//*[@id="todayDetails"]/section/div/div[2]/div[1]/div[2]').first()

2024-08-01T00:40:27.831Z [ERROR] Error getting wind direction
2024-08-01T00:40:27.832Z [ERROR] locator.innerHTML: Timeout 30000ms exceeded.
Call log:
  - waiting for locator('//*[@id="todayDetails"]/section/div/div[2]/div[2]/div[2]/span/span[1]').first()

2024-08-01T00:40:27.832Z [INFO] Scraping completed
2024-08-01T00:40:28.103Z [LOG] Add/Update successful [object Object]
2024-08-01T00:40:28.103Z [LOG] Thread 6 processed https://weather.com/weather/today/l/34.0049,71.9989?unit=c
2024-08-01T00:40:28.103Z [LOG] Thread 6 now crawling https://weather.com/weather/today/l/33.1167,71.0833?unit=c
2024-08-01T00:40:30.951Z [INFO] Scraping completed
2024-08-01T00:40:31.062Z [LOG] Add/Update successful [object Object]
2024-08-01T00:40:31.063Z [LOG] Thread 6 processed https://weather.com/weather/today/l/33.1167,71.0833?unit=c
2024-08-01T00:40:31.063Z [LOG] Thread 6 now crawling https://weather.com/weather/today/l/32.4522,71.4718?unit=c
2024-08-01T00:40:33.680Z [INFO] Scraping completed
2024-08-01T00:40:33.798Z [LOG] Add/Update successful [object Object]
2024-08-01T00:40:33.799Z [LOG] Thread 6 processed https://weather.com/weather/today/l/32.4522,71.4718?unit=c
2024-08-01T00:40:33.799Z [LOG] Thread 6 now crawling https://weather.com/weather/today/l/25.3614,69.7361?unit=c
2024-08-01T00:40:36.896Z [INFO] Scraping completed
2024-08-01T00:40:37.007Z [LOG] Add/Update successful [object Object]
2024-08-01T00:40:37.008Z [LOG] Thread 6 processed https://weather.com/weather/today/l/25.3614,69.7361?unit=c
2024-08-01T00:40:37.008Z [LOG] Thread 6 now crawling https://weather.com/weather/today/l/35.8511,71.7889?unit=c
2024-08-01T00:40:40.271Z [INFO] Scraping completed
2024-08-01T00:40:40.369Z [LOG] Add/Update successful [object Object]
2024-08-01T00:40:40.369Z [LOG] Thread 6 processed https://weather.com/weather/today/l/35.8511,71.7889?unit=c
2024-08-01T00:40:40.370Z [LOG] Thread 6 now crawling https://weather.com/weather/today/l/35.9206,74.3783?unit=c
2024-08-01T00:40:43.846Z [INFO] Scraping completed
2024-08-01T00:40:43.954Z [LOG] Add/Update successful [object Object]
2024-08-01T00:40:43.954Z [LOG] Thread 6 processed https://weather.com/weather/today/l/35.9206,74.3783?unit=c
2024-08-01T00:40:43.954Z [LOG] Thread 6 now crawling https://weather.com/weather/today/l/31.9286,70.4592?unit=c
2024-08-01T00:40:46.778Z [INFO] Scraping completed
2024-08-01T00:40:46.896Z [LOG] Add/Update successful [object Object]
2024-08-01T00:40:46.896Z [LOG] Thread 6 processed https://weather.com/weather/today/l/31.9286,70.4592?unit=c
2024-08-01T00:40:46.897Z [LOG] Thread 6 now crawling https://weather.com/weather/today/l/33.5156,73.9019?unit=c
2024-08-01T00:40:49.472Z [INFO] Scraping completed
2024-08-01T00:40:49.589Z [LOG] Add/Update successful [object Object]
2024-08-01T00:40:49.590Z [LOG] Thread 6 processed https://weather.com/weather/today/l/33.5156,73.9019?unit=c
2024-08-01T00:40:49.590Z [LOG] Thread 6 now crawling https://weather.com/weather/today/l/35.9208,74.3144?unit=c
2024-08-01T00:40:52.518Z [INFO] Scraping completed
2024-08-01T00:40:52.631Z [LOG] Add/Update successful [object Object]
2024-08-01T00:40:52.632Z [LOG] Thread 6 processed https://weather.com/weather/today/l/35.9208,74.3144?unit=c
2024-08-01T00:40:52.632Z [LOG] Thread 6 now crawling https://weather.com/weather/today/l/25.3969,68.3772?unit=c
2024-08-01T00:40:55.446Z [INFO] Scraping completed
2024-08-01T00:40:55.560Z [LOG] Add/Update successful [object Object]
2024-08-01T00:40:55.561Z [LOG] Thread 6 processed https://weather.com/weather/today/l/25.3969,68.3772?unit=c
2024-08-01T00:40:55.561Z [LOG] Thread 6 now crawling https://weather.com/weather/today/l/32.1020,74.8730?unit=c
2024-08-01T00:40:58.130Z [INFO] Scraping completed
2024-08-01T00:40:58.241Z [LOG] Add/Update successful [object Object]
2024-08-01T00:40:58.242Z [LOG] Thread 6 processed https://weather.com/weather/today/l/32.1020,74.8730?unit=c
2024-08-01T00:40:58.242Z [LOG] Remaining URLs: 0
2024-08-01T00:40:58.242Z [LOG] All URLs processed.
