2024-12-01T00:21:39.950Z [LOG] Queue initialized successfully.
2024-12-01T00:21:39.966Z [LOG] Total URLs: 146
2024-12-01T00:21:40.390Z [LOG] Thread 6 now crawling https://weather.com/weather/today/l/30.5522,72.1278?unit=c
2024-12-01T00:21:40.386Z [LOG] Thread 7 now crawling https://weather.com/weather/today/l/27.5295,68.7592?unit=c
2024-12-01T00:21:40.402Z [LOG] Thread 5 now crawling https://weather.com/weather/today/l/30.4397,72.3544?unit=c
2024-12-01T00:21:40.416Z [LOG] Thread 9 now crawling https://weather.com/weather/today/l/24.7461,67.9243?unit=c
2024-12-01T00:21:40.445Z [LOG] Thread 8 now crawling https://weather.com/weather/today/l/33.9803,73.7747?unit=c
2024-12-01T00:21:40.471Z [LOG] Thread 4 now crawling https://weather.com/weather/today/l/30.7258,72.6447?unit=c
2024-12-01T00:21:40.524Z [LOG] Thread 10 now crawling https://weather.com/weather/today/l/25.8072,66.6219?unit=c
2024-12-01T00:21:40.521Z [LOG] Thread 3 now crawling https://weather.com/weather/today/l/28.2769,68.4514?unit=c
2024-12-01T00:21:40.532Z [LOG] Thread 2 now crawling https://weather.com/weather/today/l/27.6995,68.8673?unit=c
2024-12-01T00:21:40.540Z [LOG] Thread 1 now crawling https://weather.com/weather/today/l/24.8600,67.0100?unit=c
2024-12-01T00:21:45.383Z [INFO] Scraping completed
2024-12-01T00:21:45.454Z [INFO] Scraping completed
2024-12-01T00:21:45.756Z [INFO] Scraping completed
2024-12-01T00:21:45.982Z [INFO] Scraping completed
2024-12-01T00:21:45.987Z [LOG] Add/Update successful [object Object]
2024-12-01T00:21:45.988Z [LOG] Thread 5 processed https://weather.com/weather/today/l/30.4397,72.3544?unit=c
2024-12-01T00:21:45.988Z [LOG] Thread 5 now crawling https://weather.com/weather/today/l/25.4283,68.2822?unit=c
2024-12-01T00:21:46.018Z [LOG] Add/Update successful [object Object]
2024-12-01T00:21:46.019Z [LOG] Thread 6 processed https://weather.com/weather/today/l/30.5522,72.1278?unit=c
2024-12-01T00:21:46.019Z [LOG] Thread 6 now crawling https://weather.com/weather/today/l/33.8195,72.6890?unit=c
2024-12-01T00:21:46.098Z [LOG] Add/Update successful [object Object]
2024-12-01T00:21:46.099Z [LOG] Thread 2 processed https://weather.com/weather/today/l/27.6995,68.8673?unit=c
2024-12-01T00:21:46.099Z [LOG] Thread 2 now crawling https://weather.com/weather/today/l/27.5600,68.2264?unit=c
2024-12-01T00:21:46.279Z [LOG] Add/Update successful [object Object]
2024-12-01T00:21:46.279Z [LOG] Thread 8 processed https://weather.com/weather/today/l/33.9803,73.7747?unit=c
2024-12-01T00:21:46.280Z [LOG] Thread 8 now crawling https://weather.com/weather/today/l/34.5111,72.4844?unit=c
2024-12-01T00:21:46.517Z [INFO] Scraping completed
2024-12-01T00:21:46.561Z [INFO] Scraping completed
2024-12-01T00:21:46.854Z [LOG] Add/Update successful [object Object]
2024-12-01T00:21:46.855Z [LOG] Thread 9 processed https://weather.com/weather/today/l/24.7461,67.9243?unit=c
2024-12-01T00:21:46.855Z [LOG] Thread 9 now crawling https://weather.com/weather/today/l/28.5466,68.2231?unit=c
2024-12-01T00:21:46.870Z [LOG] Add/Update successful [object Object]
2024-12-01T00:21:46.874Z [LOG] Thread 4 processed https://weather.com/weather/today/l/30.7258,72.6447?unit=c
2024-12-01T00:21:46.874Z [LOG] Thread 4 now crawling https://weather.com/weather/today/l/30.4700,70.9644?unit=c
2024-12-01T00:21:46.960Z [INFO] Scraping completed
2024-12-01T00:21:47.093Z [INFO] Scraping completed
2024-12-01T00:21:47.366Z [LOG] Add/Update successful [object Object]
2024-12-01T00:21:47.368Z [LOG] Thread 10 processed https://weather.com/weather/today/l/25.8072,66.6219?unit=c
2024-12-01T00:21:47.368Z [LOG] Thread 10 now crawling https://weather.com/weather/today/l/27.7384,66.6434?unit=c
2024-12-01T00:21:47.392Z [INFO] Scraping completed
2024-12-01T00:21:47.415Z [LOG] Add/Update successful [object Object]
2024-12-01T00:21:47.416Z [LOG] Thread 7 processed https://weather.com/weather/today/l/27.5295,68.7592?unit=c
2024-12-01T00:21:47.416Z [LOG] Thread 7 now crawling https://weather.com/weather/today/l/30.3017,71.9321?unit=c
2024-12-01T00:21:47.576Z [INFO] Scraping completed
2024-12-01T00:21:47.750Z [LOG] Add/Update successful [object Object]
2024-12-01T00:21:47.750Z [LOG] Thread 3 processed https://weather.com/weather/today/l/28.2769,68.4514?unit=c
2024-12-01T00:21:47.750Z [LOG] Thread 3 now crawling https://weather.com/weather/today/l/28.3006,70.1302?unit=c
2024-12-01T00:21:47.878Z [LOG] Add/Update successful [object Object]
2024-12-01T00:21:47.878Z [LOG] Thread 1 processed https://weather.com/weather/today/l/24.8600,67.0100?unit=c
2024-12-01T00:21:47.878Z [LOG] Thread 1 now crawling https://weather.com/weather/today/l/31.5497,74.3436?unit=c
2024-12-01T00:21:49.703Z [INFO] Scraping completed
2024-12-01T00:21:49.844Z [LOG] Add/Update successful [object Object]
2024-12-01T00:21:49.844Z [LOG] Thread 8 processed https://weather.com/weather/today/l/34.5111,72.4844?unit=c
2024-12-01T00:21:49.845Z [LOG] Thread 8 now crawling https://weather.com/weather/today/l/29.9983,73.2527?unit=c
2024-12-01T00:21:50.083Z [INFO] Scraping completed
2024-12-01T00:21:50.203Z [LOG] Add/Update successful [object Object]
2024-12-01T00:21:50.204Z [LOG] Thread 5 processed https://weather.com/weather/today/l/25.4283,68.2822?unit=c
2024-12-01T00:21:50.204Z [LOG] Thread 5 now crawling https://weather.com/weather/today/l/31.0214,73.8528?unit=c
2024-12-01T00:21:50.238Z [INFO] Scraping completed
2024-12-01T00:21:50.353Z [LOG] Add/Update successful [object Object]
2024-12-01T00:21:50.353Z [LOG] Thread 2 processed https://weather.com/weather/today/l/27.5600,68.2264?unit=c
2024-12-01T00:21:50.353Z [LOG] Thread 2 now crawling https://weather.com/weather/today/l/31.7083,74.0000?unit=c
2024-12-01T00:21:50.644Z [INFO] Scraping completed
2024-12-01T00:21:50.730Z [INFO] Scraping completed
2024-12-01T00:21:50.775Z [LOG] Add/Update successful [object Object]
2024-12-01T00:21:50.776Z [LOG] Thread 6 processed https://weather.com/weather/today/l/33.8195,72.6890?unit=c
2024-12-01T00:21:50.776Z [LOG] Thread 6 now crawling https://weather.com/weather/today/l/32.2167,70.3833?unit=c
2024-12-01T00:21:50.854Z [LOG] Add/Update successful [object Object]
2024-12-01T00:21:50.855Z [LOG] Thread 9 processed https://weather.com/weather/today/l/28.5466,68.2231?unit=c
2024-12-01T00:21:50.855Z [LOG] Thread 9 now crawling https://weather.com/weather/today/l/29.8965,69.2532?unit=c
2024-12-01T00:21:50.953Z [INFO] Scraping completed
2024-12-01T00:21:51.064Z [INFO] Scraping completed
2024-12-01T00:21:51.085Z [LOG] Add/Update successful [object Object]
2024-12-01T00:21:51.086Z [LOG] Thread 4 processed https://weather.com/weather/today/l/30.4700,70.9644?unit=c
2024-12-01T00:21:51.086Z [LOG] Thread 4 now crawling https://weather.com/weather/today/l/34.0153,71.9747?unit=c
2024-12-01T00:21:51.177Z [INFO] Scraping completed
2024-12-01T00:21:51.202Z [LOG] Add/Update successful [object Object]
2024-12-01T00:21:51.202Z [LOG] Thread 10 processed https://weather.com/weather/today/l/27.7384,66.6434?unit=c
2024-12-01T00:21:51.203Z [LOG] Thread 10 now crawling https://weather.com/weather/today/l/35.4206,74.0967?unit=c
2024-12-01T00:21:51.301Z [LOG] Add/Update successful [object Object]
2024-12-01T00:21:51.302Z [LOG] Thread 7 processed https://weather.com/weather/today/l/30.3017,71.9321?unit=c
2024-12-01T00:21:51.302Z [LOG] Thread 7 now crawling https://weather.com/weather/today/l/32.9333,73.7333?unit=c
2024-12-01T00:21:51.622Z [INFO] Scraping completed
2024-12-01T00:21:51.654Z [INFO] Scraping completed
2024-12-01T00:21:51.752Z [LOG] Add/Update successful [object Object]
2024-12-01T00:21:51.752Z [LOG] Thread 1 processed https://weather.com/weather/today/l/31.5497,74.3436?unit=c
2024-12-01T00:21:51.753Z [LOG] Thread 1 now crawling https://weather.com/weather/today/l/32.5000,74.5333?unit=c
2024-12-01T00:21:51.767Z [LOG] Add/Update successful [object Object]
2024-12-01T00:21:51.767Z [LOG] Thread 3 processed https://weather.com/weather/today/l/28.3006,70.1302?unit=c
2024-12-01T00:21:51.767Z [LOG] Thread 3 now crawling https://weather.com/weather/today/l/33.5869,71.4414?unit=c
2024-12-01T00:21:53.802Z [INFO] Scraping completed
2024-12-01T00:21:53.959Z [LOG] Add/Update successful [object Object]
2024-12-01T00:21:53.960Z [LOG] Thread 5 processed https://weather.com/weather/today/l/31.0214,73.8528?unit=c
2024-12-01T00:21:53.960Z [LOG] Thread 5 now crawling https://weather.com/weather/today/l/29.6100,73.1361?unit=c
2024-12-01T00:21:54.008Z [INFO] Scraping completed
2024-12-01T00:21:54.163Z [LOG] Add/Update successful [object Object]
2024-12-01T00:21:54.164Z [LOG] Thread 2 processed https://weather.com/weather/today/l/31.7083,74.0000?unit=c
2024-12-01T00:21:54.164Z [LOG] Thread 2 now crawling https://weather.com/weather/today/l/31.2681,72.3181?unit=c
2024-12-01T00:21:54.275Z [INFO] Scraping completed
2024-12-01T00:21:54.398Z [LOG] Add/Update successful [object Object]
2024-12-01T00:21:54.398Z [LOG] Thread 8 processed https://weather.com/weather/today/l/29.9983,73.2527?unit=c
2024-12-01T00:21:54.398Z [LOG] Thread 8 now crawling https://weather.com/weather/today/l/30.9646,70.9444?unit=c
2024-12-01T00:21:54.514Z [INFO] Scraping completed
2024-12-01T00:21:54.647Z [LOG] Add/Update successful [object Object]
2024-12-01T00:21:54.648Z [LOG] Thread 6 processed https://weather.com/weather/today/l/32.2167,70.3833?unit=c
2024-12-01T00:21:54.648Z [LOG] Thread 6 now crawling https://weather.com/weather/today/l/33.5281,71.0572?unit=c
2024-12-01T00:21:54.823Z [INFO] Scraping completed
2024-12-01T00:21:54.837Z [INFO] Scraping completed
2024-12-01T00:21:54.966Z [LOG] Add/Update successful [object Object]
2024-12-01T00:21:54.967Z [LOG] Thread 7 processed https://weather.com/weather/today/l/32.9333,73.7333?unit=c
2024-12-01T00:21:54.967Z [LOG] Thread 7 now crawling https://weather.com/weather/today/l/33.9942,72.9333?unit=c
2024-12-01T00:21:54.973Z [LOG] Add/Update successful [object Object]
2024-12-01T00:21:54.973Z [LOG] Thread 9 processed https://weather.com/weather/today/l/29.8965,69.2532?unit=c
2024-12-01T00:21:54.974Z [LOG] Thread 9 now crawling https://weather.com/weather/today/l/29.7997,66.8455?unit=c
2024-12-01T00:21:55.051Z [INFO] Scraping completed
2024-12-01T00:21:55.197Z [LOG] Add/Update successful [object Object]
2024-12-01T00:21:55.198Z [LOG] Thread 4 processed https://weather.com/weather/today/l/34.0153,71.9747?unit=c
2024-12-01T00:21:55.198Z [LOG] Thread 4 now crawling https://weather.com/weather/today/l/34.1167,72.4667?unit=c
2024-12-01T00:21:55.330Z [INFO] Scraping completed
2024-12-01T00:21:55.479Z [LOG] Add/Update successful [object Object]
2024-12-01T00:21:55.479Z [LOG] Thread 10 processed https://weather.com/weather/today/l/35.4206,74.0967?unit=c
2024-12-01T00:21:55.479Z [LOG] Thread 10 now crawling https://weather.com/weather/today/l/29.0266,66.5936?unit=c
2024-12-01T00:21:55.529Z [INFO] Scraping completed
2024-12-01T00:21:55.645Z [LOG] Add/Update successful [object Object]
2024-12-01T00:21:55.645Z [LOG] Thread 3 processed https://weather.com/weather/today/l/33.5869,71.4414?unit=c
2024-12-01T00:21:55.646Z [LOG] Thread 3 now crawling https://weather.com/weather/today/l/31.8020,74.2550?unit=c
2024-12-01T00:21:55.842Z [INFO] Scraping completed
2024-12-01T00:21:55.952Z [LOG] Add/Update successful [object Object]
2024-12-01T00:21:55.952Z [LOG] Thread 1 processed https://weather.com/weather/today/l/32.5000,74.5333?unit=c
2024-12-01T00:21:55.952Z [LOG] Thread 1 now crawling https://weather.com/weather/today/l/31.4180,73.0790?unit=c
2024-12-01T00:21:58.161Z [INFO] Scraping completed
2024-12-01T00:21:58.194Z [INFO] Scraping completed
2024-12-01T00:21:58.260Z [INFO] Scraping completed
2024-12-01T00:21:58.293Z [LOG] Add/Update successful [object Object]
2024-12-01T00:21:58.293Z [LOG] Thread 2 processed https://weather.com/weather/today/l/31.2681,72.3181?unit=c
2024-12-01T00:21:58.293Z [LOG] Thread 2 now crawling https://weather.com/weather/today/l/28.4202,70.2952?unit=c
2024-12-01T00:21:58.321Z [LOG] Add/Update successful [object Object]
2024-12-01T00:21:58.321Z [LOG] Thread 8 processed https://weather.com/weather/today/l/30.9646,70.9444?unit=c
2024-12-01T00:21:58.321Z [LOG] Thread 8 now crawling https://weather.com/weather/today/l/25.1239,68.5389?unit=c
2024-12-01T00:21:58.387Z [LOG] Add/Update successful [object Object]
2024-12-01T00:21:58.388Z [LOG] Thread 5 processed https://weather.com/weather/today/l/29.6100,73.1361?unit=c
2024-12-01T00:21:58.388Z [LOG] Thread 5 now crawling https://weather.com/weather/today/l/30.9667,72.4833?unit=c
2024-12-01T00:21:58.441Z [INFO] Scraping completed
2024-12-01T00:21:58.569Z [LOG] Add/Update successful [object Object]
2024-12-01T00:21:58.569Z [LOG] Thread 7 processed https://weather.com/weather/today/l/33.9942,72.9333?unit=c
2024-12-01T00:21:58.570Z [LOG] Thread 7 now crawling https://weather.com/weather/today/l/27.9556,68.6382?unit=c
2024-12-01T00:21:58.671Z [INFO] Scraping completed
2024-12-01T00:21:58.817Z [LOG] Add/Update successful [object Object]
2024-12-01T00:21:58.818Z [LOG] Thread 4 processed https://weather.com/weather/today/l/34.1167,72.4667?unit=c
2024-12-01T00:21:58.818Z [LOG] Thread 4 now crawling https://weather.com/weather/today/l/31.8167,70.9167?unit=c
2024-12-01T00:21:58.985Z [INFO] Scraping completed
2024-12-01T00:21:59.098Z [INFO] Scraping completed
2024-12-01T00:21:59.107Z [LOG] Add/Update successful [object Object]
2024-12-01T00:21:59.107Z [LOG] Thread 6 processed https://weather.com/weather/today/l/33.5281,71.0572?unit=c
2024-12-01T00:21:59.108Z [LOG] Thread 6 now crawling https://weather.com/weather/today/l/34.0049,71.9989?unit=c
2024-12-01T00:21:59.237Z [LOG] Add/Update successful [object Object]
2024-12-01T00:21:59.237Z [LOG] Thread 10 processed https://weather.com/weather/today/l/29.0266,66.5936?unit=c
2024-12-01T00:21:59.237Z [LOG] Thread 10 now crawling https://weather.com/weather/today/l/26.9644,64.0903?unit=c
2024-12-01T00:21:59.507Z [INFO] Scraping completed
2024-12-01T00:21:59.514Z [INFO] Scraping completed
2024-12-01T00:21:59.626Z [INFO] Scraping completed
2024-12-01T00:21:59.633Z [LOG] Add/Update successful [object Object]
2024-12-01T00:21:59.633Z [LOG] Thread 9 processed https://weather.com/weather/today/l/29.7997,66.8455?unit=c
2024-12-01T00:21:59.633Z [LOG] Thread 9 now crawling https://weather.com/weather/today/l/35.2917,73.2906?unit=c
2024-12-01T00:21:59.638Z [LOG] Add/Update successful [object Object]
2024-12-01T00:21:59.639Z [LOG] Thread 3 processed https://weather.com/weather/today/l/31.8020,74.2550?unit=c
2024-12-01T00:21:59.639Z [LOG] Thread 3 now crawling https://weather.com/weather/today/l/30.0703,71.1933?unit=c
2024-12-01T00:21:59.730Z [LOG] Add/Update successful [object Object]
2024-12-01T00:21:59.731Z [LOG] Thread 1 processed https://weather.com/weather/today/l/31.4180,73.0790?unit=c
2024-12-01T00:21:59.732Z [LOG] Thread 1 now crawling https://weather.com/weather/today/l/33.6007,73.0679?unit=c
2024-12-01T00:22:01.862Z [INFO] Scraping completed
2024-12-01T00:22:01.981Z [LOG] Add/Update successful [object Object]
2024-12-01T00:22:01.982Z [LOG] Thread 2 processed https://weather.com/weather/today/l/28.4202,70.2952?unit=c
2024-12-01T00:22:01.982Z [LOG] Thread 2 now crawling https://weather.com/weather/today/l/32.5736,74.0789?unit=c
2024-12-01T00:22:02.009Z [INFO] Scraping completed
2024-12-01T00:22:02.151Z [LOG] Add/Update successful [object Object]
2024-12-01T00:22:02.151Z [LOG] Thread 4 processed https://weather.com/weather/today/l/31.8167,70.9167?unit=c
2024-12-01T00:22:02.151Z [LOG] Thread 4 now crawling https://weather.com/weather/today/l/30.9210,66.4597?unit=c
2024-12-01T00:22:02.295Z [INFO] Scraping completed
2024-12-01T00:22:02.469Z [LOG] Add/Update successful [object Object]
2024-12-01T00:22:02.469Z [LOG] Thread 8 processed https://weather.com/weather/today/l/25.1239,68.5389?unit=c
2024-12-01T00:22:02.470Z [LOG] Thread 8 now crawling https://weather.com/weather/today/l/32.9300,72.8500?unit=c
2024-12-01T00:22:02.492Z [INFO] Scraping completed
2024-12-01T00:22:02.541Z [INFO] Scraping completed
2024-12-01T00:22:02.631Z [LOG] Add/Update successful [object Object]
2024-12-01T00:22:02.631Z [LOG] Thread 5 processed https://weather.com/weather/today/l/30.9667,72.4833?unit=c
2024-12-01T00:22:02.632Z [LOG] Thread 5 now crawling https://weather.com/weather/today/l/32.2628,75.1583?unit=c
2024-12-01T00:22:02.668Z [LOG] Add/Update successful [object Object]
2024-12-01T00:22:02.668Z [LOG] Thread 7 processed https://weather.com/weather/today/l/27.9556,68.6382?unit=c
2024-12-01T00:22:02.669Z [LOG] Thread 7 now crawling https://weather.com/weather/today/l/33.8578,73.7604?unit=c
2024-12-01T00:22:02.863Z [INFO] Scraping completed
2024-12-01T00:22:02.980Z [LOG] Add/Update successful [object Object]
2024-12-01T00:22:02.980Z [LOG] Thread 6 processed https://weather.com/weather/today/l/34.0049,71.9989?unit=c
2024-12-01T00:22:02.980Z [LOG] Thread 6 now crawling https://weather.com/weather/today/l/33.1167,71.0833?unit=c
2024-12-01T00:22:03.099Z [INFO] Scraping completed
2024-12-01T00:22:03.234Z [LOG] Add/Update successful [object Object]
2024-12-01T00:22:03.234Z [LOG] Thread 10 processed https://weather.com/weather/today/l/26.9644,64.0903?unit=c
2024-12-01T00:22:03.235Z [LOG] Thread 10 now crawling https://weather.com/weather/today/l/36.1736,73.7667?unit=c
2024-12-01T00:22:03.254Z [INFO] Scraping completed
2024-12-01T00:22:03.280Z [INFO] Scraping completed
2024-12-01T00:22:03.387Z [LOG] Add/Update successful [object Object]
2024-12-01T00:22:03.387Z [LOG] Thread 9 processed https://weather.com/weather/today/l/35.2917,73.2906?unit=c
2024-12-01T00:22:03.387Z [LOG] Thread 9 now crawling https://weather.com/weather/today/l/34.5717,73.8972?unit=c
2024-12-01T00:22:03.410Z [LOG] Add/Update successful [object Object]
2024-12-01T00:22:03.410Z [LOG] Thread 1 processed https://weather.com/weather/today/l/33.6007,73.0679?unit=c
2024-12-01T00:22:03.411Z [LOG] Thread 1 now crawling https://weather.com/weather/today/l/34.0000,71.5000?unit=c
2024-12-01T00:22:03.470Z [INFO] Scraping completed
2024-12-01T00:22:03.589Z [LOG] Add/Update successful [object Object]
2024-12-01T00:22:03.590Z [LOG] Thread 3 processed https://weather.com/weather/today/l/30.0703,71.1933?unit=c
2024-12-01T00:22:03.590Z [LOG] Thread 3 now crawling https://weather.com/weather/today/l/28.6471,70.6620?unit=c
2024-12-01T00:22:05.692Z [INFO] Scraping completed
2024-12-01T00:22:05.721Z [INFO] Scraping completed
2024-12-01T00:22:05.852Z [LOG] Add/Update successful [object Object]
2024-12-01T00:22:05.852Z [LOG] Thread 2 processed https://weather.com/weather/today/l/32.5736,74.0789?unit=c
2024-12-01T00:22:05.852Z [LOG] Thread 2 now crawling https://weather.com/weather/today/l/31.1167,74.4500?unit=c
2024-12-01T00:22:05.871Z [LOG] Add/Update successful [object Object]
2024-12-01T00:22:05.871Z [LOG] Thread 4 processed https://weather.com/weather/today/l/30.9210,66.4597?unit=c
2024-12-01T00:22:05.872Z [LOG] Thread 4 now crawling https://weather.com/weather/today/l/34.1453,71.7308?unit=c
2024-12-01T00:22:06.112Z [INFO] Scraping completed
2024-12-01T00:22:06.129Z [INFO] Scraping completed
2024-12-01T00:22:06.162Z [INFO] Scraping completed
2024-12-01T00:22:06.226Z [LOG] Add/Update successful [object Object]
2024-12-01T00:22:06.226Z [LOG] Thread 7 processed https://weather.com/weather/today/l/33.8578,73.7604?unit=c
2024-12-01T00:22:06.226Z [LOG] Thread 7 now crawling https://weather.com/weather/today/l/32.0709,73.6880?unit=c
2024-12-01T00:22:06.297Z [LOG] Add/Update successful [object Object]
2024-12-01T00:22:06.298Z [LOG] Thread 8 processed https://weather.com/weather/today/l/32.9300,72.8500?unit=c
2024-12-01T00:22:06.298Z [LOG] Thread 8 now crawling https://weather.com/weather/today/l/32.2952,72.3502?unit=c
2024-12-01T00:22:06.304Z [LOG] Add/Update successful [object Object]
2024-12-01T00:22:06.305Z [LOG] Thread 5 processed https://weather.com/weather/today/l/32.2628,75.1583?unit=c
2024-12-01T00:22:06.306Z [LOG] Thread 5 now crawling https://weather.com/weather/today/l/30.7333,73.8167?unit=c
2024-12-01T00:22:06.873Z [INFO] Scraping completed
2024-12-01T00:22:06.985Z [LOG] Add/Update successful [object Object]
2024-12-01T00:22:06.985Z [LOG] Thread 1 processed https://weather.com/weather/today/l/34.0000,71.5000?unit=c
2024-12-01T00:22:06.985Z [LOG] Thread 1 now crawling https://weather.com/weather/today/l/34.7500,72.3572?unit=c
2024-12-01T00:22:07.009Z [INFO] Scraping completed
2024-12-01T00:22:07.033Z [INFO] Scraping completed
2024-12-01T00:22:07.146Z [LOG] Add/Update successful [object Object]
2024-12-01T00:22:07.146Z [LOG] Thread 10 processed https://weather.com/weather/today/l/36.1736,73.7667?unit=c
2024-12-01T00:22:07.146Z [LOG] Thread 10 now crawling https://weather.com/weather/today/l/30.7008,68.3598?unit=c
2024-12-01T00:22:07.159Z [LOG] Add/Update successful [object Object]
2024-12-01T00:22:07.159Z [LOG] Thread 3 processed https://weather.com/weather/today/l/28.6471,70.6620?unit=c
2024-12-01T00:22:07.159Z [LOG] Thread 3 now crawling https://weather.com/weather/today/l/31.1500,72.6833?unit=c
2024-12-01T00:22:07.204Z [INFO] Scraping completed
2024-12-01T00:22:07.347Z [LOG] Add/Update successful [object Object]
2024-12-01T00:22:07.347Z [LOG] Thread 6 processed https://weather.com/weather/today/l/33.1167,71.0833?unit=c
2024-12-01T00:22:07.347Z [LOG] Thread 6 now crawling https://weather.com/weather/today/l/32.4522,71.4718?unit=c
2024-12-01T00:22:08.335Z [INFO] Scraping completed
2024-12-01T00:22:08.470Z [LOG] Add/Update successful [object Object]
2024-12-01T00:22:08.470Z [LOG] Thread 9 processed https://weather.com/weather/today/l/34.5717,73.8972?unit=c
2024-12-01T00:22:08.471Z [LOG] Thread 9 now crawling https://weather.com/weather/today/l/30.3705,68.5979?unit=c
2024-12-01T00:22:09.146Z [INFO] Scraping completed
2024-12-01T00:22:09.253Z [LOG] Add/Update successful [object Object]
2024-12-01T00:22:09.254Z [LOG] Thread 2 processed https://weather.com/weather/today/l/31.1167,74.4500?unit=c
2024-12-01T00:22:09.254Z [LOG] Thread 2 now crawling https://weather.com/weather/today/l/34.1958,72.0447?unit=c
2024-12-01T00:22:09.927Z [INFO] Scraping completed
2024-12-01T00:22:09.958Z [INFO] Scraping completed
2024-12-01T00:22:10.066Z [LOG] Add/Update successful [object Object]
2024-12-01T00:22:10.067Z [LOG] Thread 4 processed https://weather.com/weather/today/l/34.1453,71.7308?unit=c
2024-12-01T00:22:10.067Z [LOG] Thread 4 now crawling https://weather.com/weather/today/l/28.4000,69.3000?unit=c
2024-12-01T00:22:10.120Z [LOG] Add/Update successful [object Object]
2024-12-01T00:22:10.120Z [LOG] Thread 7 processed https://weather.com/weather/today/l/32.0709,73.6880?unit=c
2024-12-01T00:22:10.120Z [LOG] Thread 7 now crawling https://weather.com/weather/today/l/29.5339,71.6324?unit=c
2024-12-01T00:22:10.336Z [INFO] Scraping completed
2024-12-01T00:22:10.394Z [INFO] Scraping completed
2024-12-01T00:22:10.712Z [LOG] Add/Update successful [object Object]
2024-12-01T00:22:10.713Z [LOG] Thread 1 processed https://weather.com/weather/today/l/34.7500,72.3572?unit=c
2024-12-01T00:22:10.713Z [LOG] Thread 1 now crawling https://weather.com/weather/today/l/30.1978,71.4711?unit=c
2024-12-01T00:22:10.762Z [LOG] Add/Update successful [object Object]
2024-12-01T00:22:10.762Z [LOG] Thread 5 processed https://weather.com/weather/today/l/30.7333,73.8167?unit=c
2024-12-01T00:22:10.762Z [LOG] Thread 5 now crawling https://weather.com/weather/today/l/30.4068,71.8667?unit=c
2024-12-01T00:22:11.069Z [INFO] Scraping completed
2024-12-01T00:22:11.095Z [INFO] Scraping completed
2024-12-01T00:22:11.190Z [LOG] Add/Update successful [object Object]
2024-12-01T00:22:11.191Z [LOG] Thread 6 processed https://weather.com/weather/today/l/32.4522,71.4718?unit=c
2024-12-01T00:22:11.191Z [LOG] Thread 6 now crawling https://weather.com/weather/today/l/25.3614,69.7361?unit=c
2024-12-01T00:22:11.206Z [LOG] Add/Update successful [object Object]
2024-12-01T00:22:11.206Z [LOG] Thread 10 processed https://weather.com/weather/today/l/30.7008,68.3598?unit=c
2024-12-01T00:22:11.207Z [LOG] Thread 10 now crawling https://weather.com/weather/today/l/28.5846,65.4150?unit=c
2024-12-01T00:22:11.223Z [INFO] Scraping completed
2024-12-01T00:22:11.339Z [LOG] Add/Update successful [object Object]
2024-12-01T00:22:11.339Z [LOG] Thread 8 processed https://weather.com/weather/today/l/32.2952,72.3502?unit=c
2024-12-01T00:22:11.339Z [LOG] Thread 8 now crawling https://weather.com/weather/today/l/24.6558,68.8383?unit=c
2024-12-01T00:22:11.939Z [INFO] Scraping completed
2024-12-01T00:22:12.071Z [LOG] Add/Update successful [object Object]
2024-12-01T00:22:12.071Z [LOG] Thread 9 processed https://weather.com/weather/today/l/30.3705,68.5979?unit=c
2024-12-01T00:22:12.071Z [LOG] Thread 9 now crawling https://weather.com/weather/today/l/29.8977,69.5256?unit=c
2024-12-01T00:22:12.147Z [INFO] Scraping completed
2024-12-01T00:22:12.280Z [LOG] Add/Update successful [object Object]
2024-12-01T00:22:12.281Z [LOG] Thread 3 processed https://weather.com/weather/today/l/31.1500,72.6833?unit=c
2024-12-01T00:22:12.281Z [LOG] Thread 3 now crawling https://weather.com/weather/today/l/32.5861,73.4917?unit=c
2024-12-01T00:22:13.302Z [INFO] Scraping completed
2024-12-01T00:22:13.423Z [LOG] Add/Update successful [object Object]
2024-12-01T00:22:13.423Z [LOG] Thread 2 processed https://weather.com/weather/today/l/34.1958,72.0447?unit=c
2024-12-01T00:22:13.423Z [LOG] Thread 2 now crawling https://weather.com/weather/today/l/34.7717,72.3600?unit=c
2024-12-01T00:22:14.032Z [INFO] Scraping completed
2024-12-01T00:22:14.138Z [LOG] Add/Update successful [object Object]
2024-12-01T00:22:14.139Z [LOG] Thread 1 processed https://weather.com/weather/today/l/30.1978,71.4711?unit=c
2024-12-01T00:22:14.139Z [LOG] Thread 1 now crawling https://weather.com/weather/today/l/32.1500,74.1833?unit=c
2024-12-01T00:22:14.227Z [INFO] Scraping completed
2024-12-01T00:22:14.354Z [LOG] Add/Update successful [object Object]
2024-12-01T00:22:14.354Z [LOG] Thread 7 processed https://weather.com/weather/today/l/29.5339,71.6324?unit=c
2024-12-01T00:22:14.354Z [LOG] Thread 7 now crawling https://weather.com/weather/today/l/34.5656,71.9304?unit=c
2024-12-01T00:22:14.428Z [INFO] Scraping completed
2024-12-01T00:22:14.563Z [LOG] Add/Update successful [object Object]
2024-12-01T00:22:14.563Z [LOG] Thread 4 processed https://weather.com/weather/today/l/28.4000,69.3000?unit=c
2024-12-01T00:22:14.564Z [LOG] Thread 4 now crawling https://weather.com/weather/today/l/29.6967,72.5542?unit=c
2024-12-01T00:22:14.719Z [INFO] Scraping completed
2024-12-01T00:22:14.852Z [LOG] Add/Update successful [object Object]
2024-12-01T00:22:14.852Z [LOG] Thread 6 processed https://weather.com/weather/today/l/25.3614,69.7361?unit=c
2024-12-01T00:22:14.853Z [LOG] Thread 6 now crawling https://weather.com/weather/today/l/35.8511,71.7889?unit=c
2024-12-01T00:22:14.982Z [INFO] Scraping completed
2024-12-01T00:22:15.089Z [INFO] Scraping completed
2024-12-01T00:22:15.154Z [LOG] Add/Update successful [object Object]
2024-12-01T00:22:15.155Z [LOG] Thread 5 processed https://weather.com/weather/today/l/30.4068,71.8667?unit=c
2024-12-01T00:22:15.155Z [LOG] Thread 5 now crawling https://weather.com/weather/today/l/34.3333,73.2000?unit=c
2024-12-01T00:22:15.228Z [LOG] Add/Update successful [object Object]
2024-12-01T00:22:15.228Z [LOG] Thread 8 processed https://weather.com/weather/today/l/24.6558,68.8383?unit=c
2024-12-01T00:22:15.228Z [LOG] Thread 8 now crawling https://weather.com/weather/today/l/32.6072,70.9123?unit=c
2024-12-01T00:22:15.583Z [INFO] Scraping completed
2024-12-01T00:22:15.682Z [INFO] Scraping completed
2024-12-01T00:22:15.731Z [LOG] Add/Update successful [object Object]
2024-12-01T00:22:15.731Z [LOG] Thread 9 processed https://weather.com/weather/today/l/29.8977,69.5256?unit=c
2024-12-01T00:22:15.732Z [LOG] Thread 9 now crawling https://weather.com/weather/today/l/30.8594,69.8221?unit=c
2024-12-01T00:22:15.824Z [LOG] Add/Update successful [object Object]
2024-12-01T00:22:15.825Z [LOG] Thread 3 processed https://weather.com/weather/today/l/32.5861,73.4917?unit=c
2024-12-01T00:22:15.825Z [LOG] Thread 3 now crawling https://weather.com/weather/today/l/34.1500,73.2167?unit=c
2024-12-01T00:22:16.792Z [INFO] Scraping completed
2024-12-01T00:22:16.902Z [LOG] Add/Update successful [object Object]
2024-12-01T00:22:16.903Z [LOG] Thread 2 processed https://weather.com/weather/today/l/34.7717,72.3600?unit=c
2024-12-01T00:22:16.903Z [LOG] Thread 2 now crawling https://weather.com/weather/today/l/30.0500,70.6333?unit=c
2024-12-01T00:22:17.670Z [INFO] Scraping completed
2024-12-01T00:22:17.819Z [LOG] Add/Update successful [object Object]
2024-12-01T00:22:17.820Z [LOG] Thread 10 processed https://weather.com/weather/today/l/28.5846,65.4150?unit=c
2024-12-01T00:22:17.820Z [LOG] Thread 10 now crawling https://weather.com/weather/today/l/36.3078,74.6178?unit=c
2024-12-01T00:22:17.868Z [INFO] Scraping completed
2024-12-01T00:22:18.023Z [LOG] Add/Update successful [object Object]
2024-12-01T00:22:18.024Z [LOG] Thread 1 processed https://weather.com/weather/today/l/32.1500,74.1833?unit=c
2024-12-01T00:22:18.024Z [LOG] Thread 1 now crawling https://weather.com/weather/today/l/33.6989,73.0369?unit=c
2024-12-01T00:22:18.185Z [INFO] Scraping completed
2024-12-01T00:22:18.308Z [LOG] Add/Update successful [object Object]
2024-12-01T00:22:18.308Z [LOG] Thread 4 processed https://weather.com/weather/today/l/29.6967,72.5542?unit=c
2024-12-01T00:22:18.309Z [LOG] Thread 4 now crawling https://weather.com/weather/today/l/34.3700,73.4711?unit=c
2024-12-01T00:22:18.319Z [INFO] Scraping completed
2024-12-01T00:22:18.348Z [INFO] Scraping completed
2024-12-01T00:22:18.434Z [LOG] Add/Update successful [object Object]
2024-12-01T00:22:18.434Z [LOG] Thread 7 processed https://weather.com/weather/today/l/34.5656,71.9304?unit=c
2024-12-01T00:22:18.434Z [LOG] Thread 7 now crawling https://weather.com/weather/today/l/33.7667,72.3598?unit=c
2024-12-01T00:22:18.459Z [LOG] Add/Update successful [object Object]
2024-12-01T00:22:18.460Z [LOG] Thread 6 processed https://weather.com/weather/today/l/35.8511,71.7889?unit=c
2024-12-01T00:22:18.460Z [LOG] Thread 6 now crawling https://weather.com/weather/today/l/35.9206,74.3783?unit=c
2024-12-01T00:22:18.697Z [INFO] Scraping completed
2024-12-01T00:22:18.805Z [LOG] Add/Update successful [object Object]
2024-12-01T00:22:18.805Z [LOG] Thread 5 processed https://weather.com/weather/today/l/34.3333,73.2000?unit=c
2024-12-01T00:22:18.805Z [LOG] Thread 5 now crawling https://weather.com/weather/today/l/32.7012,73.9605?unit=c
2024-12-01T00:22:19.085Z [INFO] Scraping completed
2024-12-01T00:22:19.202Z [LOG] Add/Update successful [object Object]
2024-12-01T00:22:19.202Z [LOG] Thread 9 processed https://weather.com/weather/today/l/30.8594,69.8221?unit=c
2024-12-01T00:22:19.202Z [LOG] Thread 9 now crawling https://weather.com/weather/today/l/30.3814,67.7258?unit=c
2024-12-01T00:22:19.263Z [INFO] Scraping completed
2024-12-01T00:22:19.424Z [LOG] Add/Update successful [object Object]
2024-12-01T00:22:19.428Z [LOG] Thread 3 processed https://weather.com/weather/today/l/34.1500,73.2167?unit=c
2024-12-01T00:22:19.429Z [LOG] Thread 3 now crawling https://weather.com/weather/today/l/26.7319,67.7750?unit=c
2024-12-01T00:22:19.618Z [INFO] Scraping completed
2024-12-01T00:22:19.790Z [LOG] Add/Update successful [object Object]
2024-12-01T00:22:19.790Z [LOG] Thread 8 processed https://weather.com/weather/today/l/32.6072,70.9123?unit=c
2024-12-01T00:22:19.790Z [LOG] Thread 8 now crawling https://weather.com/weather/today/l/29.1041,70.3297?unit=c
2024-12-01T00:22:20.818Z [INFO] Scraping completed
2024-12-01T00:22:20.948Z [LOG] Add/Update successful [object Object]
2024-12-01T00:22:20.948Z [LOG] Thread 2 processed https://weather.com/weather/today/l/30.0500,70.6333?unit=c
2024-12-01T00:22:20.948Z [LOG] Thread 2 now crawling https://weather.com/weather/today/l/26.2442,68.4100?unit=c
2024-12-01T00:22:21.407Z [INFO] Scraping completed
2024-12-01T00:22:21.540Z [LOG] Add/Update successful [object Object]
2024-12-01T00:22:21.540Z [LOG] Thread 10 processed https://weather.com/weather/today/l/36.3078,74.6178?unit=c
2024-12-01T00:22:21.540Z [LOG] Thread 10 now crawling https://weather.com/weather/today/l/26.4568,65.2314?unit=c
2024-12-01T00:22:22.003Z [INFO] Scraping completed
2024-12-01T00:22:22.103Z [INFO] Scraping completed
2024-12-01T00:22:22.137Z [LOG] Add/Update successful [object Object]
2024-12-01T00:22:22.137Z [LOG] Thread 4 processed https://weather.com/weather/today/l/34.3700,73.4711?unit=c
2024-12-01T00:22:22.137Z [LOG] Thread 4 now crawling https://weather.com/weather/today/l/32.5853,71.5436?unit=c
2024-12-01T00:22:22.191Z [INFO] Scraping completed
2024-12-01T00:22:22.218Z [LOG] Add/Update successful [object Object]
2024-12-01T00:22:22.219Z [LOG] Thread 1 processed https://weather.com/weather/today/l/33.6989,73.0369?unit=c
2024-12-01T00:22:22.219Z [LOG] Thread 1 now crawling https://weather.com/weather/today/l/30.1920,67.0070?unit=c
2024-12-01T00:22:22.320Z [LOG] Add/Update successful [object Object]
2024-12-01T00:22:22.320Z [LOG] Thread 6 processed https://weather.com/weather/today/l/35.9206,74.3783?unit=c
2024-12-01T00:22:22.321Z [LOG] Thread 6 now crawling https://weather.com/weather/today/l/31.9286,70.4592?unit=c
2024-12-01T00:22:22.616Z [INFO] Scraping completed
2024-12-01T00:22:22.715Z [INFO] Scraping completed
2024-12-01T00:22:22.751Z [LOG] Add/Update successful [object Object]
2024-12-01T00:22:22.751Z [LOG] Thread 7 processed https://weather.com/weather/today/l/33.7667,72.3598?unit=c
2024-12-01T00:22:22.752Z [LOG] Thread 7 now crawling https://weather.com/weather/today/l/34.6796,73.0263?unit=c
2024-12-01T00:22:22.854Z [LOG] Add/Update successful [object Object]
2024-12-01T00:22:22.854Z [LOG] Thread 9 processed https://weather.com/weather/today/l/30.3814,67.7258?unit=c
2024-12-01T00:22:22.855Z [LOG] Thread 9 now crawling https://weather.com/weather/today/l/28.6132,67.4856?unit=c
2024-12-01T00:22:22.936Z [INFO] Scraping completed
2024-12-01T00:22:23.065Z [LOG] Add/Update successful [object Object]
2024-12-01T00:22:23.065Z [LOG] Thread 5 processed https://weather.com/weather/today/l/32.7012,73.9605?unit=c
2024-12-01T00:22:23.065Z [LOG] Thread 5 now crawling https://weather.com/weather/today/l/31.4492,73.7124?unit=c
2024-12-01T00:22:23.305Z [INFO] Scraping completed
2024-12-01T00:22:23.422Z [LOG] Add/Update successful [object Object]
2024-12-01T00:22:23.422Z [LOG] Thread 8 processed https://weather.com/weather/today/l/29.1041,70.3297?unit=c
2024-12-01T00:22:23.423Z [LOG] Thread 8 now crawling https://weather.com/weather/today/l/28.4167,68.1667?unit=c
2024-12-01T00:22:23.770Z [INFO] Scraping completed
2024-12-01T00:22:23.906Z [LOG] Add/Update successful [object Object]
2024-12-01T00:22:23.907Z [LOG] Thread 3 processed https://weather.com/weather/today/l/26.7319,67.7750?unit=c
2024-12-01T00:22:23.907Z [LOG] Thread 3 now crawling https://weather.com/weather/today/l/27.8000,66.6167?unit=c
2024-12-01T00:22:24.693Z [INFO] Scraping completed
2024-12-01T00:22:24.831Z [LOG] Add/Update successful [object Object]
2024-12-01T00:22:24.831Z [LOG] Thread 2 processed https://weather.com/weather/today/l/26.2442,68.4100?unit=c
2024-12-01T00:22:24.831Z [LOG] Thread 2 now crawling https://weather.com/weather/today/l/30.6706,73.1064?unit=c
2024-12-01T00:22:25.398Z [INFO] Scraping completed
2024-12-01T00:22:25.568Z [LOG] Add/Update successful [object Object]
2024-12-01T00:22:25.568Z [LOG] Thread 10 processed https://weather.com/weather/today/l/26.4568,65.2314?unit=c
2024-12-01T00:22:25.568Z [LOG] Thread 10 now crawling https://weather.com/weather/today/l/28.8885,64.4062?unit=c
2024-12-01T00:22:25.901Z [INFO] Scraping completed
2024-12-01T00:22:25.903Z [INFO] Scraping completed
2024-12-01T00:22:25.987Z [INFO] Scraping completed
2024-12-01T00:22:26.022Z [LOG] Add/Update successful [object Object]
2024-12-01T00:22:26.022Z [LOG] Thread 1 processed https://weather.com/weather/today/l/30.1920,67.0070?unit=c
2024-12-01T00:22:26.022Z [LOG] Thread 1 now crawling https://weather.com/weather/today/l/29.3956,71.6722?unit=c
2024-12-01T00:22:26.027Z [LOG] Add/Update successful [object Object]
2024-12-01T00:22:26.028Z [LOG] Thread 4 processed https://weather.com/weather/today/l/32.5853,71.5436?unit=c
2024-12-01T00:22:26.028Z [LOG] Thread 4 now crawling https://weather.com/weather/today/l/32.7667,74.2167?unit=c
2024-12-01T00:22:26.083Z [LOG] Add/Update successful [object Object]
2024-12-01T00:22:26.084Z [LOG] Thread 7 processed https://weather.com/weather/today/l/34.6796,73.0263?unit=c
2024-12-01T00:22:26.084Z [LOG] Thread 7 now crawling https://weather.com/weather/today/l/25.5971,68.4467?unit=c
2024-12-01T00:22:26.430Z [INFO] Scraping completed
2024-12-01T00:22:26.541Z [LOG] Add/Update successful [object Object]
2024-12-01T00:22:26.542Z [LOG] Thread 6 processed https://weather.com/weather/today/l/31.9286,70.4592?unit=c
2024-12-01T00:22:26.542Z [LOG] Thread 6 now crawling https://weather.com/weather/today/l/33.5156,73.9019?unit=c
2024-12-01T00:22:26.574Z [INFO] Scraping completed
2024-12-01T00:22:26.699Z [LOG] Add/Update successful [object Object]
2024-12-01T00:22:26.700Z [LOG] Thread 9 processed https://weather.com/weather/today/l/28.6132,67.4856?unit=c
2024-12-01T00:22:26.700Z [LOG] Thread 9 now crawling https://weather.com/weather/today/l/29.5430,67.8773?unit=c
2024-12-01T00:22:26.846Z [INFO] Scraping completed
2024-12-01T00:22:26.977Z [LOG] Add/Update successful [object Object]
2024-12-01T00:22:26.978Z [LOG] Thread 5 processed https://weather.com/weather/today/l/31.4492,73.7124?unit=c
2024-12-01T00:22:26.978Z [LOG] Thread 5 now crawling https://weather.com/weather/today/l/32.9889,70.6056?unit=c
2024-12-01T00:22:27.019Z [INFO] Scraping completed
2024-12-01T00:22:27.159Z [LOG] Add/Update successful [object Object]
2024-12-01T00:22:27.159Z [LOG] Thread 8 processed https://weather.com/weather/today/l/28.4167,68.1667?unit=c
2024-12-01T00:22:27.160Z [LOG] Thread 8 now crawling https://weather.com/weather/today/l/27.8473,67.9068?unit=c
2024-12-01T00:22:27.340Z [INFO] Scraping completed
2024-12-01T00:22:27.550Z [LOG] Add/Update successful [object Object]
2024-12-01T00:22:27.551Z [LOG] Thread 3 processed https://weather.com/weather/today/l/27.8000,66.6167?unit=c
2024-12-01T00:22:27.551Z [LOG] Thread 3 now crawling https://weather.com/weather/today/l/30.3500,73.4000?unit=c
2024-12-01T00:22:28.336Z [INFO] Scraping completed
2024-12-01T00:22:28.449Z [LOG] Add/Update successful [object Object]
2024-12-01T00:22:28.449Z [LOG] Thread 2 processed https://weather.com/weather/today/l/30.6706,73.1064?unit=c
2024-12-01T00:22:28.449Z [LOG] Thread 2 now crawling https://weather.com/weather/today/l/25.5269,69.0111?unit=c
2024-12-01T00:22:29.489Z [INFO] Scraping completed
2024-12-01T00:22:29.503Z [INFO] Scraping completed
2024-12-01T00:22:29.591Z [INFO] Scraping completed
2024-12-01T00:22:29.640Z [LOG] Add/Update successful [object Object]
2024-12-01T00:22:29.640Z [LOG] Thread 4 processed https://weather.com/weather/today/l/32.7667,74.2167?unit=c
2024-12-01T00:22:29.640Z [LOG] Thread 4 now crawling https://weather.com/weather/today/l/31.6333,71.0667?unit=c
2024-12-01T00:22:29.649Z [LOG] Add/Update successful [object Object]
2024-12-01T00:22:29.650Z [LOG] Thread 10 processed https://weather.com/weather/today/l/28.8885,64.4062?unit=c
2024-12-01T00:22:29.651Z [LOG] Remaining URLs: 135
2024-12-01T00:22:29.681Z [INFO] Scraping completed
2024-12-01T00:22:29.701Z [LOG] Add/Update successful [object Object]
2024-12-01T00:22:29.702Z [LOG] Thread 1 processed https://weather.com/weather/today/l/29.3956,71.6722?unit=c
2024-12-01T00:22:29.702Z [LOG] Thread 1 now crawling https://weather.com/weather/today/l/32.0836,72.6711?unit=c
2024-12-01T00:22:29.804Z [LOG] Add/Update successful [object Object]
2024-12-01T00:22:29.805Z [LOG] Thread 7 processed https://weather.com/weather/today/l/25.5971,68.4467?unit=c
2024-12-01T00:22:29.805Z [LOG] Thread 7 now crawling https://weather.com/weather/today/l/28.0064,69.3150?unit=c
2024-12-01T00:22:30.234Z [INFO] Scraping completed
2024-12-01T00:22:30.364Z [LOG] Add/Update successful [object Object]
2024-12-01T00:22:30.364Z [LOG] Thread 6 processed https://weather.com/weather/today/l/33.5156,73.9019?unit=c
2024-12-01T00:22:30.364Z [LOG] Thread 6 now crawling https://weather.com/weather/today/l/35.9208,74.3144?unit=c
2024-12-01T00:22:30.379Z [INFO] Scraping completed
2024-12-01T00:22:30.490Z [LOG] Add/Update successful [object Object]
2024-12-01T00:22:30.491Z [LOG] Thread 5 processed https://weather.com/weather/today/l/32.9889,70.6056?unit=c
2024-12-01T00:22:30.491Z [LOG] Thread 5 now crawling https://weather.com/weather/today/l/34.8281,71.8408?unit=c
2024-12-01T00:22:30.719Z [INFO] Scraping completed
2024-12-01T00:22:30.765Z [INFO] Scraping completed
2024-12-01T00:22:30.830Z [LOG] Add/Update successful [object Object]
2024-12-01T00:22:30.830Z [LOG] Thread 9 processed https://weather.com/weather/today/l/29.5430,67.8773?unit=c
2024-12-01T00:22:30.831Z [LOG] Thread 9 now crawling https://weather.com/weather/today/l/29.0362,69.1585?unit=c
2024-12-01T00:22:30.864Z [LOG] Add/Update successful [object Object]
2024-12-01T00:22:30.866Z [LOG] Thread 8 processed https://weather.com/weather/today/l/27.8473,67.9068?unit=c
2024-12-01T00:22:30.866Z [LOG] Thread 8 now crawling https://weather.com/weather/today/l/30.5833,67.0000?unit=c
2024-12-01T00:22:31.531Z [INFO] Scraping completed
2024-12-01T00:22:31.704Z [LOG] Add/Update successful [object Object]
2024-12-01T00:22:31.704Z [LOG] Thread 3 processed https://weather.com/weather/today/l/30.3500,73.4000?unit=c
2024-12-01T00:22:31.705Z [LOG] Thread 3 now crawling https://weather.com/weather/today/l/25.4667,68.7167?unit=c
2024-12-01T00:22:32.030Z [INFO] Scraping completed
2024-12-01T00:22:32.164Z [LOG] Add/Update successful [object Object]
2024-12-01T00:22:32.165Z [LOG] Thread 2 processed https://weather.com/weather/today/l/25.5269,69.0111?unit=c
2024-12-01T00:22:32.165Z [LOG] Thread 2 now crawling https://weather.com/weather/today/l/30.8100,73.4597?unit=c
2024-12-01T00:22:32.930Z [INFO] Scraping completed
2024-12-01T00:22:33.036Z [LOG] Add/Update successful [object Object]
2024-12-01T00:22:33.036Z [LOG] Thread 1 processed https://weather.com/weather/today/l/32.0836,72.6711?unit=c
2024-12-01T00:22:33.036Z [LOG] Thread 1 now crawling https://weather.com/weather/today/l/33.1333,73.7500?unit=c
2024-12-01T00:22:33.038Z [INFO] Scraping completed
2024-12-01T00:22:33.165Z [LOG] Add/Update successful [object Object]
2024-12-01T00:22:33.170Z [LOG] Thread 4 processed https://weather.com/weather/today/l/31.6333,71.0667?unit=c
2024-12-01T00:22:33.170Z [LOG] Thread 4 now crawling https://weather.com/weather/today/l/31.3417,69.4486?unit=c
2024-12-01T00:22:33.346Z [INFO] Scraping completed
2024-12-01T00:22:33.504Z [LOG] Add/Update successful [object Object]
2024-12-01T00:22:33.505Z [LOG] Thread 7 processed https://weather.com/weather/today/l/28.0064,69.3150?unit=c
2024-12-01T00:22:33.505Z [LOG] Thread 7 now crawling https://weather.com/weather/today/l/26.8401,68.1227?unit=c
2024-12-01T00:22:33.712Z [INFO] Scraping completed
2024-12-01T00:22:33.773Z [INFO] Scraping completed
2024-12-01T00:22:33.842Z [LOG] Add/Update successful [object Object]
2024-12-01T00:22:33.842Z [LOG] Thread 6 processed https://weather.com/weather/today/l/35.9208,74.3144?unit=c
2024-12-01T00:22:33.842Z [LOG] Thread 6 now crawling https://weather.com/weather/today/l/25.3969,68.3772?unit=c
2024-12-01T00:22:33.913Z [LOG] Add/Update successful [object Object]
2024-12-01T00:22:33.914Z [LOG] Thread 5 processed https://weather.com/weather/today/l/34.8281,71.8408?unit=c
2024-12-01T00:22:33.914Z [LOG] Thread 5 now crawling https://weather.com/weather/today/l/33.8992,70.1008?unit=c
2024-12-01T00:22:34.262Z [INFO] Scraping completed
2024-12-01T00:22:34.352Z [INFO] Scraping completed
2024-12-01T00:22:34.370Z [LOG] Add/Update successful [object Object]
2024-12-01T00:22:34.370Z [LOG] Thread 9 processed https://weather.com/weather/today/l/29.0362,69.1585?unit=c
2024-12-01T00:22:34.370Z [LOG] Thread 9 now crawling https://weather.com/weather/today/l/35.3471,74.8563?unit=c
2024-12-01T00:22:34.456Z [LOG] Add/Update successful [object Object]
2024-12-01T00:22:34.458Z [LOG] Thread 8 processed https://weather.com/weather/today/l/30.5833,67.0000?unit=c
2024-12-01T00:22:34.458Z [LOG] Thread 8 now crawling https://weather.com/weather/today/l/26.0464,68.9481?unit=c
2024-12-01T00:22:35.310Z [INFO] Scraping completed
2024-12-01T00:22:35.460Z [LOG] Add/Update successful [object Object]
2024-12-01T00:22:35.460Z [LOG] Thread 3 processed https://weather.com/weather/today/l/25.4667,68.7167?unit=c
2024-12-01T00:22:35.460Z [LOG] Thread 3 now crawling https://weather.com/weather/today/l/30.0419,72.3528?unit=c
2024-12-01T00:22:35.874Z [INFO] Scraping completed
2024-12-01T00:22:35.983Z [LOG] Add/Update successful [object Object]
2024-12-01T00:22:35.983Z [LOG] Thread 2 processed https://weather.com/weather/today/l/30.8100,73.4597?unit=c
2024-12-01T00:22:35.983Z [LOG] Thread 2 now crawling https://weather.com/weather/today/l/30.1500,72.6833?unit=c
2024-12-01T00:22:36.334Z [INFO] Scraping completed
2024-12-01T00:22:36.470Z [LOG] Add/Update successful [object Object]
2024-12-01T00:22:36.471Z [LOG] Thread 1 processed https://weather.com/weather/today/l/33.1333,73.7500?unit=c
2024-12-01T00:22:36.471Z [LOG] Thread 1 now crawling https://weather.com/weather/today/l/31.7167,72.9833?unit=c
2024-12-01T00:22:37.081Z [INFO] Scraping completed
2024-12-01T00:22:37.108Z [INFO] Scraping completed
2024-12-01T00:22:37.228Z [LOG] Add/Update successful [object Object]
2024-12-01T00:22:37.229Z [LOG] Thread 4 processed https://weather.com/weather/today/l/31.3417,69.4486?unit=c
2024-12-01T00:22:37.229Z [LOG] Thread 4 now crawling https://weather.com/weather/today/l/32.8110,73.8650?unit=c
2024-12-01T00:22:37.240Z [LOG] Add/Update successful [object Object]
2024-12-01T00:22:37.241Z [LOG] Thread 7 processed https://weather.com/weather/today/l/26.8401,68.1227?unit=c
2024-12-01T00:22:37.241Z [LOG] Thread 7 now crawling https://weather.com/weather/today/l/34.9000,72.6556?unit=c
2024-12-01T00:22:37.463Z [INFO] Scraping completed
2024-12-01T00:22:37.599Z [LOG] Add/Update successful [object Object]
2024-12-01T00:22:37.600Z [LOG] Thread 5 processed https://weather.com/weather/today/l/33.8992,70.1008?unit=c
2024-12-01T00:22:37.600Z [LOG] Thread 5 now crawling https://weather.com/weather/today/l/25.1264,62.3225?unit=c
2024-12-01T00:22:37.623Z [INFO] Scraping completed
2024-12-01T00:22:37.728Z [LOG] Add/Update successful [object Object]
2024-12-01T00:22:37.728Z [LOG] Thread 6 processed https://weather.com/weather/today/l/25.3969,68.3772?unit=c
2024-12-01T00:22:37.728Z [LOG] Thread 6 now crawling https://weather.com/weather/today/l/32.1020,74.8730?unit=c
2024-12-01T00:22:37.971Z [INFO] Scraping completed
2024-12-01T00:22:38.074Z [LOG] Add/Update successful [object Object]
2024-12-01T00:22:38.074Z [LOG] Thread 8 processed https://weather.com/weather/today/l/26.0464,68.9481?unit=c
2024-12-01T00:22:38.075Z [LOG] Thread 8 now crawling https://weather.com/weather/today/l/35.2074,71.8768?unit=c
2024-12-01T00:22:38.444Z [INFO] Scraping completed
2024-12-01T00:22:38.569Z [LOG] Add/Update successful [object Object]
2024-12-01T00:22:38.570Z [LOG] Thread 9 processed https://weather.com/weather/today/l/35.3471,74.8563?unit=c
2024-12-01T00:22:38.570Z [LOG] Thread 9 now crawling https://weather.com/weather/today/l/26.0012,63.0485?unit=c
2024-12-01T00:22:38.869Z [INFO] Scraping completed
2024-12-01T00:22:38.992Z [LOG] Add/Update successful [object Object]
2024-12-01T00:22:38.992Z [LOG] Thread 3 processed https://weather.com/weather/today/l/30.0419,72.3528?unit=c
2024-12-01T00:22:38.992Z [LOG] Thread 3 now crawling https://weather.com/weather/today/l/31.3342,73.4194?unit=c
2024-12-01T00:22:39.712Z [INFO] Scraping completed
2024-12-01T00:22:39.818Z [LOG] Add/Update successful [object Object]
2024-12-01T00:22:39.819Z [LOG] Thread 2 processed https://weather.com/weather/today/l/30.1500,72.6833?unit=c
2024-12-01T00:22:39.820Z [LOG] Remaining URLs: 120
2024-12-01T00:22:39.987Z [INFO] Scraping completed
2024-12-01T00:22:40.092Z [LOG] Add/Update successful [object Object]
2024-12-01T00:22:40.092Z [LOG] Thread 1 processed https://weather.com/weather/today/l/31.7167,72.9833?unit=c
2024-12-01T00:22:40.093Z [LOG] Remaining URLs: 105
2024-12-01T00:22:40.548Z [INFO] Scraping completed
2024-12-01T00:22:40.707Z [LOG] Add/Update successful [object Object]
2024-12-01T00:22:40.707Z [LOG] Thread 4 processed https://weather.com/weather/today/l/32.8110,73.8650?unit=c
2024-12-01T00:22:40.708Z [LOG] Remaining URLs: 90
2024-12-01T00:22:40.915Z [INFO] Scraping completed
2024-12-01T00:22:40.939Z [INFO] Scraping completed
2024-12-01T00:22:41.050Z [LOG] Add/Update successful [object Object]
2024-12-01T00:22:41.051Z [LOG] Thread 5 processed https://weather.com/weather/today/l/25.1264,62.3225?unit=c
2024-12-01T00:22:41.051Z [LOG] Remaining URLs: 75
2024-12-01T00:22:41.055Z [LOG] Add/Update successful [object Object]
2024-12-01T00:22:41.055Z [LOG] Thread 7 processed https://weather.com/weather/today/l/34.9000,72.6556?unit=c
2024-12-01T00:22:41.056Z [LOG] Remaining URLs: 60
2024-12-01T00:22:41.106Z [INFO] Scraping completed
2024-12-01T00:22:41.206Z [LOG] Add/Update successful [object Object]
2024-12-01T00:22:41.207Z [LOG] Thread 8 processed https://weather.com/weather/today/l/35.2074,71.8768?unit=c
2024-12-01T00:22:41.207Z [LOG] Remaining URLs: 45
2024-12-01T00:22:41.791Z [INFO] Scraping completed
2024-12-01T00:22:41.891Z [LOG] Add/Update successful [object Object]
2024-12-01T00:22:41.891Z [LOG] Thread 6 processed https://weather.com/weather/today/l/32.1020,74.8730?unit=c
2024-12-01T00:22:41.892Z [LOG] Remaining URLs: 30
2024-12-01T00:22:42.214Z [INFO] Scraping completed
2024-12-01T00:22:42.321Z [LOG] Add/Update successful [object Object]
2024-12-01T00:22:42.321Z [LOG] Thread 9 processed https://weather.com/weather/today/l/26.0012,63.0485?unit=c
2024-12-01T00:22:42.322Z [LOG] Remaining URLs: 15
2024-12-01T00:22:42.330Z [INFO] Scraping completed
2024-12-01T00:22:42.453Z [LOG] Add/Update successful [object Object]
2024-12-01T00:22:42.453Z [LOG] Thread 3 processed https://weather.com/weather/today/l/31.3342,73.4194?unit=c
2024-12-01T00:22:42.454Z [LOG] Remaining URLs: 0
2024-12-01T00:22:42.454Z [LOG] All URLs processed.
