2024-06-01T00:34:27.092Z [LOG] Queue initialized successfully.
2024-06-01T00:34:28.111Z [LOG] Total URLs: 146
2024-06-01T00:34:28.543Z [LOG] Thread 10 now crawling https://weather.com/weather/today/l/25.8072,66.6219?unit=c
2024-06-01T00:34:28.562Z [LOG] Thread 3 now crawling https://weather.com/weather/today/l/28.2769,68.4514?unit=c
2024-06-01T00:34:28.571Z [LOG] Thread 4 now crawling https://weather.com/weather/today/l/30.7258,72.6447?unit=c
2024-06-01T00:34:28.574Z [LOG] Thread 7 now crawling https://weather.com/weather/today/l/27.5295,68.7592?unit=c
2024-06-01T00:34:28.599Z [LOG] Thread 2 now crawling https://weather.com/weather/today/l/27.6995,68.8673?unit=c
2024-06-01T00:34:28.622Z [LOG] Thread 5 now crawling https://weather.com/weather/today/l/30.4397,72.3544?unit=c
2024-06-01T00:34:28.618Z [LOG] Thread 6 now crawling https://weather.com/weather/today/l/30.5522,72.1278?unit=c
2024-06-01T00:34:28.647Z [LOG] Thread 9 now crawling https://weather.com/weather/today/l/24.7461,67.9243?unit=c
2024-06-01T00:34:28.674Z [LOG] Thread 1 now crawling https://weather.com/weather/today/l/24.8600,67.0100?unit=c
2024-06-01T00:34:28.695Z [LOG] Thread 8 now crawling https://weather.com/weather/today/l/33.9803,73.7747?unit=c
2024-06-01T00:34:34.749Z [INFO] Scraping completed
2024-06-01T00:34:35.065Z [LOG] Add/Update successful [object Object]
2024-06-01T00:34:35.065Z [LOG] Thread 10 processed https://weather.com/weather/today/l/25.8072,66.6219?unit=c
2024-06-01T00:34:35.065Z [LOG] Thread 10 now crawling https://weather.com/weather/today/l/27.7384,66.6434?unit=c
2024-06-01T00:34:35.141Z [INFO] Scraping completed
2024-06-01T00:34:35.395Z [INFO] Scraping completed
2024-06-01T00:34:35.477Z [INFO] Scraping completed
2024-06-01T00:34:35.516Z [LOG] Add/Update successful [object Object]
2024-06-01T00:34:35.516Z [LOG] Thread 2 processed https://weather.com/weather/today/l/27.6995,68.8673?unit=c
2024-06-01T00:34:35.516Z [LOG] Thread 2 now crawling https://weather.com/weather/today/l/27.5600,68.2264?unit=c
2024-06-01T00:34:35.702Z [LOG] Add/Update successful [object Object]
2024-06-01T00:34:35.702Z [LOG] Thread 7 processed https://weather.com/weather/today/l/27.5295,68.7592?unit=c
2024-06-01T00:34:35.703Z [LOG] Thread 7 now crawling https://weather.com/weather/today/l/30.3017,71.9321?unit=c
2024-06-01T00:34:35.803Z [LOG] Add/Update successful [object Object]
2024-06-01T00:34:35.804Z [LOG] Thread 8 processed https://weather.com/weather/today/l/33.9803,73.7747?unit=c
2024-06-01T00:34:35.804Z [LOG] Thread 8 now crawling https://weather.com/weather/today/l/34.5111,72.4844?unit=c
2024-06-01T00:34:35.896Z [INFO] Scraping completed
2024-06-01T00:34:36.197Z [INFO] Scraping completed
2024-06-01T00:34:36.309Z [INFO] Scraping completed
2024-06-01T00:34:36.357Z [LOG] Add/Update successful [object Object]
2024-06-01T00:34:36.358Z [LOG] Thread 4 processed https://weather.com/weather/today/l/30.7258,72.6447?unit=c
2024-06-01T00:34:36.358Z [LOG] Thread 4 now crawling https://weather.com/weather/today/l/30.4700,70.9644?unit=c
2024-06-01T00:34:36.424Z [INFO] Scraping completed
2024-06-01T00:34:36.464Z [INFO] Scraping completed
2024-06-01T00:34:36.474Z [INFO] Scraping completed
2024-06-01T00:34:36.663Z [LOG] Add/Update successful [object Object]
2024-06-01T00:34:36.663Z [LOG] Thread 1 processed https://weather.com/weather/today/l/24.8600,67.0100?unit=c
2024-06-01T00:34:36.664Z [LOG] Thread 1 now crawling https://weather.com/weather/today/l/31.5497,74.3436?unit=c
2024-06-01T00:34:36.805Z [LOG] Add/Update successful [object Object]
2024-06-01T00:34:36.805Z [LOG] Thread 5 processed https://weather.com/weather/today/l/30.4397,72.3544?unit=c
2024-06-01T00:34:36.806Z [LOG] Thread 5 now crawling https://weather.com/weather/today/l/25.4283,68.2822?unit=c
2024-06-01T00:34:36.821Z [LOG] Add/Update successful [object Object]
2024-06-01T00:34:36.822Z [LOG] Thread 3 processed https://weather.com/weather/today/l/28.2769,68.4514?unit=c
2024-06-01T00:34:36.822Z [LOG] Thread 3 now crawling https://weather.com/weather/today/l/28.3006,70.1302?unit=c
2024-06-01T00:34:36.824Z [LOG] Add/Update successful [object Object]
2024-06-01T00:34:36.824Z [LOG] Thread 9 processed https://weather.com/weather/today/l/24.7461,67.9243?unit=c
2024-06-01T00:34:36.824Z [LOG] Thread 9 now crawling https://weather.com/weather/today/l/28.5466,68.2231?unit=c
2024-06-01T00:34:36.895Z [LOG] Add/Update successful [object Object]
2024-06-01T00:34:36.896Z [LOG] Thread 6 processed https://weather.com/weather/today/l/30.5522,72.1278?unit=c
2024-06-01T00:34:36.897Z [LOG] Thread 6 now crawling https://weather.com/weather/today/l/33.8195,72.6890?unit=c
2024-06-01T00:34:38.756Z [INFO] Scraping completed
2024-06-01T00:34:38.895Z [LOG] Add/Update successful [object Object]
2024-06-01T00:34:38.896Z [LOG] Thread 10 processed https://weather.com/weather/today/l/27.7384,66.6434?unit=c
2024-06-01T00:34:38.896Z [LOG] Thread 10 now crawling https://weather.com/weather/today/l/35.4206,74.0967?unit=c
2024-06-01T00:34:38.979Z [INFO] Scraping completed
2024-06-01T00:34:39.108Z [LOG] Add/Update successful [object Object]
2024-06-01T00:34:39.108Z [LOG] Thread 2 processed https://weather.com/weather/today/l/27.5600,68.2264?unit=c
2024-06-01T00:34:39.109Z [LOG] Thread 2 now crawling https://weather.com/weather/today/l/31.7083,74.0000?unit=c
2024-06-01T00:34:39.412Z [INFO] Scraping completed
2024-06-01T00:34:39.477Z [INFO] Scraping completed
2024-06-01T00:34:39.545Z [LOG] Add/Update successful [object Object]
2024-06-01T00:34:39.546Z [LOG] Thread 8 processed https://weather.com/weather/today/l/34.5111,72.4844?unit=c
2024-06-01T00:34:39.546Z [LOG] Thread 8 now crawling https://weather.com/weather/today/l/29.9983,73.2527?unit=c
2024-06-01T00:34:39.596Z [LOG] Add/Update successful [object Object]
2024-06-01T00:34:39.597Z [LOG] Thread 4 processed https://weather.com/weather/today/l/30.4700,70.9644?unit=c
2024-06-01T00:34:39.597Z [LOG] Thread 4 now crawling https://weather.com/weather/today/l/34.0153,71.9747?unit=c
2024-06-01T00:34:39.634Z [INFO] Scraping completed
2024-06-01T00:34:39.765Z [LOG] Add/Update successful [object Object]
2024-06-01T00:34:39.766Z [LOG] Thread 1 processed https://weather.com/weather/today/l/31.5497,74.3436?unit=c
2024-06-01T00:34:39.766Z [LOG] Thread 1 now crawling https://weather.com/weather/today/l/32.5000,74.5333?unit=c
2024-06-01T00:34:40.153Z [INFO] Scraping completed
2024-06-01T00:34:40.179Z [INFO] Scraping completed
2024-06-01T00:34:40.281Z [LOG] Add/Update successful [object Object]
2024-06-01T00:34:40.281Z [LOG] Thread 9 processed https://weather.com/weather/today/l/28.5466,68.2231?unit=c
2024-06-01T00:34:40.282Z [LOG] Thread 9 now crawling https://weather.com/weather/today/l/29.8965,69.2532?unit=c
2024-06-01T00:34:40.308Z [LOG] Add/Update successful [object Object]
2024-06-01T00:34:40.309Z [LOG] Thread 7 processed https://weather.com/weather/today/l/30.3017,71.9321?unit=c
2024-06-01T00:34:40.310Z [LOG] Thread 7 now crawling https://weather.com/weather/today/l/32.9333,73.7333?unit=c
2024-06-01T00:34:40.348Z [INFO] Scraping completed
2024-06-01T00:34:40.467Z [LOG] Add/Update successful [object Object]
2024-06-01T00:34:40.467Z [LOG] Thread 3 processed https://weather.com/weather/today/l/28.3006,70.1302?unit=c
2024-06-01T00:34:40.467Z [LOG] Thread 3 now crawling https://weather.com/weather/today/l/33.5869,71.4414?unit=c
2024-06-01T00:34:40.541Z [INFO] Scraping completed
2024-06-01T00:34:40.665Z [LOG] Add/Update successful [object Object]
2024-06-01T00:34:40.665Z [LOG] Thread 5 processed https://weather.com/weather/today/l/25.4283,68.2822?unit=c
2024-06-01T00:34:40.665Z [LOG] Thread 5 now crawling https://weather.com/weather/today/l/31.0214,73.8528?unit=c
2024-06-01T00:34:41.414Z [INFO] Scraping completed
2024-06-01T00:34:41.554Z [LOG] Add/Update successful [object Object]
2024-06-01T00:34:41.554Z [LOG] Thread 6 processed https://weather.com/weather/today/l/33.8195,72.6890?unit=c
2024-06-01T00:34:41.555Z [LOG] Thread 6 now crawling https://weather.com/weather/today/l/32.2167,70.3833?unit=c
2024-06-01T00:34:42.712Z [INFO] Scraping completed
2024-06-01T00:34:42.798Z [INFO] Scraping completed
2024-06-01T00:34:42.843Z [LOG] Add/Update successful [object Object]
2024-06-01T00:34:42.844Z [LOG] Thread 10 processed https://weather.com/weather/today/l/35.4206,74.0967?unit=c
2024-06-01T00:34:42.844Z [LOG] Thread 10 now crawling https://weather.com/weather/today/l/29.0266,66.5936?unit=c
2024-06-01T00:34:42.928Z [INFO] Scraping completed
2024-06-01T00:34:42.946Z [LOG] Add/Update successful [object Object]
2024-06-01T00:34:42.946Z [LOG] Thread 4 processed https://weather.com/weather/today/l/34.0153,71.9747?unit=c
2024-06-01T00:34:42.947Z [LOG] Thread 4 now crawling https://weather.com/weather/today/l/34.1167,72.4667?unit=c
2024-06-01T00:34:43.168Z [LOG] Add/Update successful [object Object]
2024-06-01T00:34:43.169Z [LOG] Thread 2 processed https://weather.com/weather/today/l/31.7083,74.0000?unit=c
2024-06-01T00:34:43.169Z [LOG] Thread 2 now crawling https://weather.com/weather/today/l/31.2681,72.3181?unit=c
2024-06-01T00:34:43.290Z [INFO] Scraping completed
2024-06-01T00:34:43.392Z [INFO] Scraping completed
2024-06-01T00:34:43.466Z [LOG] Add/Update successful [object Object]
2024-06-01T00:34:43.467Z [LOG] Thread 1 processed https://weather.com/weather/today/l/32.5000,74.5333?unit=c
2024-06-01T00:34:43.467Z [LOG] Thread 1 now crawling https://weather.com/weather/today/l/31.4180,73.0790?unit=c
2024-06-01T00:34:43.577Z [LOG] Add/Update successful [object Object]
2024-06-01T00:34:43.578Z [LOG] Thread 8 processed https://weather.com/weather/today/l/29.9983,73.2527?unit=c
2024-06-01T00:34:43.578Z [LOG] Thread 8 now crawling https://weather.com/weather/today/l/30.9646,70.9444?unit=c
2024-06-01T00:34:43.751Z [INFO] Scraping completed
2024-06-01T00:34:43.889Z [LOG] Add/Update successful [object Object]
2024-06-01T00:34:43.889Z [LOG] Thread 7 processed https://weather.com/weather/today/l/32.9333,73.7333?unit=c
2024-06-01T00:34:43.890Z [LOG] Thread 7 now crawling https://weather.com/weather/today/l/33.9942,72.9333?unit=c
2024-06-01T00:34:43.935Z [INFO] Scraping completed
2024-06-01T00:34:44.086Z [LOG] Add/Update successful [object Object]
2024-06-01T00:34:44.087Z [LOG] Thread 9 processed https://weather.com/weather/today/l/29.8965,69.2532?unit=c
2024-06-01T00:34:44.087Z [LOG] Thread 9 now crawling https://weather.com/weather/today/l/29.7997,66.8455?unit=c
2024-06-01T00:34:44.292Z [INFO] Scraping completed
2024-06-01T00:34:44.412Z [LOG] Add/Update successful [object Object]
2024-06-01T00:34:44.413Z [LOG] Thread 5 processed https://weather.com/weather/today/l/31.0214,73.8528?unit=c
2024-06-01T00:34:44.413Z [LOG] Thread 5 now crawling https://weather.com/weather/today/l/29.6100,73.1361?unit=c
2024-06-01T00:34:45.061Z [INFO] Scraping completed
2024-06-01T00:34:45.215Z [LOG] Add/Update successful [object Object]
2024-06-01T00:34:45.216Z [LOG] Thread 6 processed https://weather.com/weather/today/l/32.2167,70.3833?unit=c
2024-06-01T00:34:45.216Z [LOG] Thread 6 now crawling https://weather.com/weather/today/l/33.5281,71.0572?unit=c
2024-06-01T00:34:45.671Z [INFO] Scraping completed
2024-06-01T00:34:45.796Z [LOG] Add/Update successful [object Object]
2024-06-01T00:34:45.796Z [LOG] Thread 3 processed https://weather.com/weather/today/l/33.5869,71.4414?unit=c
2024-06-01T00:34:45.797Z [LOG] Thread 3 now crawling https://weather.com/weather/today/l/31.8020,74.2550?unit=c
2024-06-01T00:34:46.279Z [INFO] Scraping completed
2024-06-01T00:34:46.405Z [LOG] Add/Update successful [object Object]
2024-06-01T00:34:46.405Z [LOG] Thread 4 processed https://weather.com/weather/today/l/34.1167,72.4667?unit=c
2024-06-01T00:34:46.406Z [LOG] Thread 4 now crawling https://weather.com/weather/today/l/31.8167,70.9167?unit=c
2024-06-01T00:34:46.436Z [INFO] Scraping completed
2024-06-01T00:34:46.556Z [LOG] Add/Update successful [object Object]
2024-06-01T00:34:46.558Z [LOG] Thread 10 processed https://weather.com/weather/today/l/29.0266,66.5936?unit=c
2024-06-01T00:34:46.558Z [LOG] Thread 10 now crawling https://weather.com/weather/today/l/26.9644,64.0903?unit=c
2024-06-01T00:34:46.942Z [INFO] Scraping completed
2024-06-01T00:34:46.944Z [INFO] Scraping completed
2024-06-01T00:34:47.065Z [LOG] Add/Update successful [object Object]
2024-06-01T00:34:47.066Z [LOG] Thread 1 processed https://weather.com/weather/today/l/31.4180,73.0790?unit=c
2024-06-01T00:34:47.066Z [LOG] Thread 1 now crawling https://weather.com/weather/today/l/33.6007,73.0679?unit=c
2024-06-01T00:34:47.076Z [LOG] Add/Update successful [object Object]
2024-06-01T00:34:47.076Z [LOG] Thread 8 processed https://weather.com/weather/today/l/30.9646,70.9444?unit=c
2024-06-01T00:34:47.076Z [LOG] Thread 8 now crawling https://weather.com/weather/today/l/25.1239,68.5389?unit=c
2024-06-01T00:34:47.280Z [INFO] Scraping completed
2024-06-01T00:34:47.413Z [LOG] Add/Update successful [object Object]
2024-06-01T00:34:47.413Z [LOG] Thread 2 processed https://weather.com/weather/today/l/31.2681,72.3181?unit=c
2024-06-01T00:34:47.414Z [LOG] Thread 2 now crawling https://weather.com/weather/today/l/28.4202,70.2952?unit=c
2024-06-01T00:34:47.520Z [INFO] Scraping completed
2024-06-01T00:34:47.637Z [INFO] Scraping completed
2024-06-01T00:34:47.656Z [LOG] Add/Update successful [object Object]
2024-06-01T00:34:47.657Z [LOG] Thread 9 processed https://weather.com/weather/today/l/29.7997,66.8455?unit=c
2024-06-01T00:34:47.657Z [LOG] Thread 9 now crawling https://weather.com/weather/today/l/35.2917,73.2906?unit=c
2024-06-01T00:34:47.754Z [LOG] Add/Update successful [object Object]
2024-06-01T00:34:47.754Z [LOG] Thread 7 processed https://weather.com/weather/today/l/33.9942,72.9333?unit=c
2024-06-01T00:34:47.754Z [LOG] Thread 7 now crawling https://weather.com/weather/today/l/27.9556,68.6382?unit=c
2024-06-01T00:34:47.852Z [INFO] Scraping completed
2024-06-01T00:34:47.955Z [LOG] Add/Update successful [object Object]
2024-06-01T00:34:47.955Z [LOG] Thread 5 processed https://weather.com/weather/today/l/29.6100,73.1361?unit=c
2024-06-01T00:34:47.955Z [LOG] Thread 5 now crawling https://weather.com/weather/today/l/30.9667,72.4833?unit=c
2024-06-01T00:34:48.556Z [INFO] Scraping completed
2024-06-01T00:34:48.692Z [LOG] Add/Update successful [object Object]
2024-06-01T00:34:48.692Z [LOG] Thread 6 processed https://weather.com/weather/today/l/33.5281,71.0572?unit=c
2024-06-01T00:34:48.692Z [LOG] Thread 6 now crawling https://weather.com/weather/today/l/34.0049,71.9989?unit=c
2024-06-01T00:34:50.081Z [INFO] Scraping completed
2024-06-01T00:34:50.266Z [LOG] Add/Update successful [object Object]
2024-06-01T00:34:50.267Z [LOG] Thread 3 processed https://weather.com/weather/today/l/31.8020,74.2550?unit=c
2024-06-01T00:34:50.267Z [LOG] Thread 3 now crawling https://weather.com/weather/today/l/30.0703,71.1933?unit=c
2024-06-01T00:34:50.434Z [INFO] Scraping completed
2024-06-01T00:34:50.553Z [INFO] Scraping completed
2024-06-01T00:34:50.579Z [LOG] Add/Update successful [object Object]
2024-06-01T00:34:50.579Z [LOG] Thread 4 processed https://weather.com/weather/today/l/31.8167,70.9167?unit=c
2024-06-01T00:34:50.579Z [LOG] Thread 4 now crawling https://weather.com/weather/today/l/30.9210,66.4597?unit=c
2024-06-01T00:34:50.649Z [INFO] Scraping completed
2024-06-01T00:34:50.698Z [LOG] Add/Update successful [object Object]
2024-06-01T00:34:50.698Z [LOG] Thread 8 processed https://weather.com/weather/today/l/25.1239,68.5389?unit=c
2024-06-01T00:34:50.698Z [LOG] Thread 8 now crawling https://weather.com/weather/today/l/32.9300,72.8500?unit=c
2024-06-01T00:34:50.796Z [LOG] Add/Update successful [object Object]
2024-06-01T00:34:50.796Z [LOG] Thread 1 processed https://weather.com/weather/today/l/33.6007,73.0679?unit=c
2024-06-01T00:34:50.797Z [LOG] Thread 1 now crawling https://weather.com/weather/today/l/34.0000,71.5000?unit=c
2024-06-01T00:34:50.928Z [INFO] Scraping completed
2024-06-01T00:34:51.047Z [LOG] Add/Update successful [object Object]
2024-06-01T00:34:51.048Z [LOG] Thread 2 processed https://weather.com/weather/today/l/28.4202,70.2952?unit=c
2024-06-01T00:34:51.048Z [LOG] Thread 2 now crawling https://weather.com/weather/today/l/32.5736,74.0789?unit=c
2024-06-01T00:34:51.748Z [INFO] Scraping completed
2024-06-01T00:34:51.853Z [LOG] Add/Update successful [object Object]
2024-06-01T00:34:51.854Z [LOG] Thread 9 processed https://weather.com/weather/today/l/35.2917,73.2906?unit=c
2024-06-01T00:34:51.854Z [LOG] Thread 9 now crawling https://weather.com/weather/today/l/34.5717,73.8972?unit=c
2024-06-01T00:34:51.905Z [INFO] Scraping completed
2024-06-01T00:34:52.014Z [LOG] Add/Update successful [object Object]
2024-06-01T00:34:52.014Z [LOG] Thread 10 processed https://weather.com/weather/today/l/26.9644,64.0903?unit=c
2024-06-01T00:34:52.014Z [LOG] Thread 10 now crawling https://weather.com/weather/today/l/36.1736,73.7667?unit=c
2024-06-01T00:34:52.200Z [INFO] Scraping completed
2024-06-01T00:34:52.303Z [LOG] Add/Update successful [object Object]
2024-06-01T00:34:52.303Z [LOG] Thread 7 processed https://weather.com/weather/today/l/27.9556,68.6382?unit=c
2024-06-01T00:34:52.303Z [LOG] Thread 7 now crawling https://weather.com/weather/today/l/33.8578,73.7604?unit=c
2024-06-01T00:34:53.630Z [INFO] Scraping completed
2024-06-01T00:34:53.754Z [LOG] Add/Update successful [object Object]
2024-06-01T00:34:53.755Z [LOG] Thread 6 processed https://weather.com/weather/today/l/34.0049,71.9989?unit=c
2024-06-01T00:34:53.755Z [LOG] Thread 6 now crawling https://weather.com/weather/today/l/33.1167,71.0833?unit=c
2024-06-01T00:34:54.630Z [INFO] Scraping completed
2024-06-01T00:34:54.634Z [INFO] Scraping completed
2024-06-01T00:34:54.726Z [INFO] Scraping completed
2024-06-01T00:34:54.754Z [LOG] Add/Update successful [object Object]
2024-06-01T00:34:54.755Z [LOG] Thread 2 processed https://weather.com/weather/today/l/32.5736,74.0789?unit=c
2024-06-01T00:34:54.755Z [LOG] Thread 2 now crawling https://weather.com/weather/today/l/31.1167,74.4500?unit=c
2024-06-01T00:34:54.759Z [LOG] Add/Update successful [object Object]
2024-06-01T00:34:54.760Z [LOG] Thread 1 processed https://weather.com/weather/today/l/34.0000,71.5000?unit=c
2024-06-01T00:34:54.760Z [LOG] Thread 1 now crawling https://weather.com/weather/today/l/34.7500,72.3572?unit=c
2024-06-01T00:34:54.825Z [LOG] Add/Update successful [object Object]
2024-06-01T00:34:54.825Z [LOG] Thread 3 processed https://weather.com/weather/today/l/30.0703,71.1933?unit=c
2024-06-01T00:34:54.825Z [LOG] Thread 3 now crawling https://weather.com/weather/today/l/28.6471,70.6620?unit=c
2024-06-01T00:34:55.347Z [INFO] Scraping completed
2024-06-01T00:34:55.365Z [INFO] Scraping completed
2024-06-01T00:34:55.458Z [LOG] Add/Update successful [object Object]
2024-06-01T00:34:55.458Z [LOG] Thread 9 processed https://weather.com/weather/today/l/34.5717,73.8972?unit=c
2024-06-01T00:34:55.458Z [LOG] Thread 9 now crawling https://weather.com/weather/today/l/30.3705,68.5979?unit=c
2024-06-01T00:34:55.485Z [LOG] Add/Update successful [object Object]
2024-06-01T00:34:55.485Z [LOG] Thread 10 processed https://weather.com/weather/today/l/36.1736,73.7667?unit=c
2024-06-01T00:34:55.485Z [LOG] Thread 10 now crawling https://weather.com/weather/today/l/30.7008,68.3598?unit=c
2024-06-01T00:34:56.683Z [INFO] Scraping completed
2024-06-01T00:34:56.783Z [LOG] Add/Update successful [object Object]
2024-06-01T00:34:56.783Z [LOG] Thread 5 processed https://weather.com/weather/today/l/30.9667,72.4833?unit=c
2024-06-01T00:34:56.783Z [LOG] Thread 5 now crawling https://weather.com/weather/today/l/32.2628,75.1583?unit=c
2024-06-01T00:34:56.977Z [INFO] Scraping completed
2024-06-01T00:34:56.993Z [INFO] Scraping completed
2024-06-01T00:34:57.097Z [LOG] Add/Update successful [object Object]
2024-06-01T00:34:57.098Z [LOG] Thread 4 processed https://weather.com/weather/today/l/30.9210,66.4597?unit=c
2024-06-01T00:34:57.098Z [LOG] Thread 4 now crawling https://weather.com/weather/today/l/34.1453,71.7308?unit=c
2024-06-01T00:34:57.127Z [LOG] Add/Update successful [object Object]
2024-06-01T00:34:57.128Z [LOG] Thread 8 processed https://weather.com/weather/today/l/32.9300,72.8500?unit=c
2024-06-01T00:34:57.128Z [LOG] Thread 8 now crawling https://weather.com/weather/today/l/32.2952,72.3502?unit=c
2024-06-01T00:34:58.453Z [INFO] Scraping completed
2024-06-01T00:34:58.456Z [INFO] Scraping completed
2024-06-01T00:34:58.578Z [LOG] Add/Update successful [object Object]
2024-06-01T00:34:58.578Z [LOG] Thread 3 processed https://weather.com/weather/today/l/28.6471,70.6620?unit=c
2024-06-01T00:34:58.578Z [LOG] Thread 3 now crawling https://weather.com/weather/today/l/31.1500,72.6833?unit=c
2024-06-01T00:34:58.606Z [LOG] Add/Update successful [object Object]
2024-06-01T00:34:58.607Z [LOG] Thread 7 processed https://weather.com/weather/today/l/33.8578,73.7604?unit=c
2024-06-01T00:34:58.607Z [LOG] Thread 7 now crawling https://weather.com/weather/today/l/32.0709,73.6880?unit=c
2024-06-01T00:34:58.759Z [INFO] Scraping completed
2024-06-01T00:34:58.915Z [LOG] Add/Update successful [object Object]
2024-06-01T00:34:58.916Z [LOG] Thread 2 processed https://weather.com/weather/today/l/31.1167,74.4500?unit=c
2024-06-01T00:34:58.916Z [LOG] Thread 2 now crawling https://weather.com/weather/today/l/34.1958,72.0447?unit=c
2024-06-01T00:34:59.317Z [INFO] Scraping completed
2024-06-01T00:34:59.465Z [LOG] Add/Update successful [object Object]
2024-06-01T00:34:59.465Z [LOG] Thread 6 processed https://weather.com/weather/today/l/33.1167,71.0833?unit=c
2024-06-01T00:34:59.465Z [LOG] Thread 6 now crawling https://weather.com/weather/today/l/32.4522,71.4718?unit=c
2024-06-01T00:34:59.524Z [INFO] Scraping completed
2024-06-01T00:34:59.663Z [LOG] Add/Update successful [object Object]
2024-06-01T00:34:59.664Z [LOG] Thread 9 processed https://weather.com/weather/today/l/30.3705,68.5979?unit=c
2024-06-01T00:34:59.664Z [LOG] Thread 9 now crawling https://weather.com/weather/today/l/29.8977,69.5256?unit=c
2024-06-01T00:34:59.830Z [INFO] Scraping completed
2024-06-01T00:34:59.916Z [INFO] Scraping completed
2024-06-01T00:34:59.963Z [LOG] Add/Update successful [object Object]
2024-06-01T00:34:59.963Z [LOG] Thread 1 processed https://weather.com/weather/today/l/34.7500,72.3572?unit=c
2024-06-01T00:34:59.963Z [LOG] Thread 1 now crawling https://weather.com/weather/today/l/30.1978,71.4711?unit=c
2024-06-01T00:35:00.016Z [LOG] Add/Update successful [object Object]
2024-06-01T00:35:00.016Z [LOG] Thread 5 processed https://weather.com/weather/today/l/32.2628,75.1583?unit=c
2024-06-01T00:35:00.016Z [LOG] Thread 5 now crawling https://weather.com/weather/today/l/30.7333,73.8167?unit=c
2024-06-01T00:35:00.704Z [INFO] Scraping completed
2024-06-01T00:35:00.877Z [LOG] Add/Update successful [object Object]
2024-06-01T00:35:00.878Z [LOG] Thread 8 processed https://weather.com/weather/today/l/32.2952,72.3502?unit=c
2024-06-01T00:35:00.878Z [LOG] Thread 8 now crawling https://weather.com/weather/today/l/24.6558,68.8383?unit=c
2024-06-01T00:35:01.035Z [INFO] Scraping completed
2024-06-01T00:35:01.155Z [INFO] Scraping completed
2024-06-01T00:35:01.185Z [LOG] Add/Update successful [object Object]
2024-06-01T00:35:01.186Z [LOG] Thread 10 processed https://weather.com/weather/today/l/30.7008,68.3598?unit=c
2024-06-01T00:35:01.186Z [LOG] Thread 10 now crawling https://weather.com/weather/today/l/28.5846,65.4150?unit=c
2024-06-01T00:35:01.313Z [LOG] Add/Update successful [object Object]
2024-06-01T00:35:01.313Z [LOG] Thread 4 processed https://weather.com/weather/today/l/34.1453,71.7308?unit=c
2024-06-01T00:35:01.313Z [LOG] Thread 4 now crawling https://weather.com/weather/today/l/28.4000,69.3000?unit=c
2024-06-01T00:35:01.925Z [INFO] Scraping completed
2024-06-01T00:35:02.040Z [LOG] Add/Update successful [object Object]
2024-06-01T00:35:02.040Z [LOG] Thread 3 processed https://weather.com/weather/today/l/31.1500,72.6833?unit=c
2024-06-01T00:35:02.040Z [LOG] Thread 3 now crawling https://weather.com/weather/today/l/32.5861,73.4917?unit=c
2024-06-01T00:35:02.262Z [INFO] Scraping completed
2024-06-01T00:35:02.361Z [LOG] Add/Update successful [object Object]
2024-06-01T00:35:02.361Z [LOG] Thread 7 processed https://weather.com/weather/today/l/32.0709,73.6880?unit=c
2024-06-01T00:35:02.362Z [LOG] Thread 7 now crawling https://weather.com/weather/today/l/29.5339,71.6324?unit=c
2024-06-01T00:35:02.595Z [INFO] Scraping completed
2024-06-01T00:35:02.691Z [LOG] Add/Update successful [object Object]
2024-06-01T00:35:02.692Z [LOG] Thread 2 processed https://weather.com/weather/today/l/34.1958,72.0447?unit=c
2024-06-01T00:35:02.692Z [LOG] Thread 2 now crawling https://weather.com/weather/today/l/34.7717,72.3600?unit=c
2024-06-01T00:35:03.062Z [INFO] Scraping completed
2024-06-01T00:35:03.181Z [LOG] Add/Update successful [object Object]
2024-06-01T00:35:03.182Z [LOG] Thread 6 processed https://weather.com/weather/today/l/32.4522,71.4718?unit=c
2024-06-01T00:35:03.182Z [LOG] Thread 6 now crawling https://weather.com/weather/today/l/25.3614,69.7361?unit=c
2024-06-01T00:35:03.231Z [INFO] Scraping completed
2024-06-01T00:35:03.364Z [LOG] Add/Update successful [object Object]
2024-06-01T00:35:03.364Z [LOG] Thread 1 processed https://weather.com/weather/today/l/30.1978,71.4711?unit=c
2024-06-01T00:35:03.364Z [LOG] Thread 1 now crawling https://weather.com/weather/today/l/32.1500,74.1833?unit=c
2024-06-01T00:35:03.483Z [INFO] Scraping completed
2024-06-01T00:35:03.627Z [LOG] Add/Update successful [object Object]
2024-06-01T00:35:03.628Z [LOG] Thread 5 processed https://weather.com/weather/today/l/30.7333,73.8167?unit=c
2024-06-01T00:35:03.628Z [LOG] Thread 5 now crawling https://weather.com/weather/today/l/30.4068,71.8667?unit=c
2024-06-01T00:35:03.655Z [INFO] Scraping completed
2024-06-01T00:35:03.775Z [LOG] Add/Update successful [object Object]
2024-06-01T00:35:03.776Z [LOG] Thread 9 processed https://weather.com/weather/today/l/29.8977,69.5256?unit=c
2024-06-01T00:35:03.776Z [LOG] Thread 9 now crawling https://weather.com/weather/today/l/30.8594,69.8221?unit=c
2024-06-01T00:35:04.554Z [INFO] Scraping completed
2024-06-01T00:35:04.689Z [LOG] Add/Update successful [object Object]
2024-06-01T00:35:04.690Z [LOG] Thread 8 processed https://weather.com/weather/today/l/24.6558,68.8383?unit=c
2024-06-01T00:35:04.690Z [LOG] Thread 8 now crawling https://weather.com/weather/today/l/32.6072,70.9123?unit=c
2024-06-01T00:35:05.535Z [INFO] Scraping completed
2024-06-01T00:35:05.630Z [INFO] Scraping completed
2024-06-01T00:35:05.642Z [LOG] Add/Update successful [object Object]
2024-06-01T00:35:05.646Z [LOG] Thread 4 processed https://weather.com/weather/today/l/28.4000,69.3000?unit=c
2024-06-01T00:35:05.646Z [LOG] Thread 4 now crawling https://weather.com/weather/today/l/29.6967,72.5542?unit=c
2024-06-01T00:35:05.763Z [LOG] Add/Update successful [object Object]
2024-06-01T00:35:05.763Z [LOG] Thread 3 processed https://weather.com/weather/today/l/32.5861,73.4917?unit=c
2024-06-01T00:35:05.764Z [LOG] Thread 3 now crawling https://weather.com/weather/today/l/34.1500,73.2167?unit=c
2024-06-01T00:35:05.966Z [INFO] Scraping completed
2024-06-01T00:35:06.093Z [INFO] Scraping completed
2024-06-01T00:35:06.121Z [LOG] Add/Update successful [object Object]
2024-06-01T00:35:06.121Z [LOG] Thread 10 processed https://weather.com/weather/today/l/28.5846,65.4150?unit=c
2024-06-01T00:35:06.122Z [LOG] Thread 10 now crawling https://weather.com/weather/today/l/36.3078,74.6178?unit=c
2024-06-01T00:35:06.184Z [INFO] Scraping completed
2024-06-01T00:35:06.252Z [LOG] Add/Update successful [object Object]
2024-06-01T00:35:06.252Z [LOG] Thread 7 processed https://weather.com/weather/today/l/29.5339,71.6324?unit=c
2024-06-01T00:35:06.252Z [LOG] Thread 7 now crawling https://weather.com/weather/today/l/34.5656,71.9304?unit=c
2024-06-01T00:35:06.320Z [LOG] Add/Update successful [object Object]
2024-06-01T00:35:06.321Z [LOG] Thread 2 processed https://weather.com/weather/today/l/34.7717,72.3600?unit=c
2024-06-01T00:35:06.321Z [LOG] Thread 2 now crawling https://weather.com/weather/today/l/30.0500,70.6333?unit=c
2024-06-01T00:35:06.867Z [INFO] Scraping completed
2024-06-01T00:35:06.879Z [INFO] Scraping completed
2024-06-01T00:35:07.000Z [LOG] Add/Update successful [object Object]
2024-06-01T00:35:07.000Z [LOG] Thread 6 processed https://weather.com/weather/today/l/25.3614,69.7361?unit=c
2024-06-01T00:35:07.000Z [LOG] Thread 6 now crawling https://weather.com/weather/today/l/35.8511,71.7889?unit=c
2024-06-01T00:35:07.009Z [LOG] Add/Update successful [object Object]
2024-06-01T00:35:07.010Z [LOG] Thread 1 processed https://weather.com/weather/today/l/32.1500,74.1833?unit=c
2024-06-01T00:35:07.010Z [LOG] Thread 1 now crawling https://weather.com/weather/today/l/33.6989,73.0369?unit=c
2024-06-01T00:35:07.590Z [INFO] Scraping completed
2024-06-01T00:35:07.688Z [LOG] Add/Update successful [object Object]
2024-06-01T00:35:07.688Z [LOG] Thread 9 processed https://weather.com/weather/today/l/30.8594,69.8221?unit=c
2024-06-01T00:35:07.688Z [LOG] Thread 9 now crawling https://weather.com/weather/today/l/30.3814,67.7258?unit=c
2024-06-01T00:35:08.051Z [INFO] Scraping completed
2024-06-01T00:35:08.162Z [LOG] Add/Update successful [object Object]
2024-06-01T00:35:08.162Z [LOG] Thread 5 processed https://weather.com/weather/today/l/30.4068,71.8667?unit=c
2024-06-01T00:35:08.162Z [LOG] Thread 5 now crawling https://weather.com/weather/today/l/34.3333,73.2000?unit=c
2024-06-01T00:35:08.376Z [INFO] Scraping completed
2024-06-01T00:35:08.486Z [LOG] Add/Update successful [object Object]
2024-06-01T00:35:08.486Z [LOG] Thread 8 processed https://weather.com/weather/today/l/32.6072,70.9123?unit=c
2024-06-01T00:35:08.486Z [LOG] Thread 8 now crawling https://weather.com/weather/today/l/29.1041,70.3297?unit=c
2024-06-01T00:35:08.609Z [INFO] Scraping completed
2024-06-01T00:35:08.748Z [LOG] Add/Update successful [object Object]
2024-06-01T00:35:08.748Z [LOG] Thread 4 processed https://weather.com/weather/today/l/29.6967,72.5542?unit=c
2024-06-01T00:35:08.748Z [LOG] Thread 4 now crawling https://weather.com/weather/today/l/34.3700,73.4711?unit=c
2024-06-01T00:35:09.006Z [INFO] Scraping completed
2024-06-01T00:35:09.181Z [LOG] Add/Update successful [object Object]
2024-06-01T00:35:09.181Z [LOG] Thread 3 processed https://weather.com/weather/today/l/34.1500,73.2167?unit=c
2024-06-01T00:35:09.181Z [LOG] Thread 3 now crawling https://weather.com/weather/today/l/26.7319,67.7750?unit=c
2024-06-01T00:35:09.586Z [INFO] Scraping completed
2024-06-01T00:35:09.728Z [LOG] Add/Update successful [object Object]
2024-06-01T00:35:09.728Z [LOG] Thread 7 processed https://weather.com/weather/today/l/34.5656,71.9304?unit=c
2024-06-01T00:35:09.729Z [LOG] Thread 7 now crawling https://weather.com/weather/today/l/33.7667,72.3598?unit=c
2024-06-01T00:35:09.735Z [INFO] Scraping completed
2024-06-01T00:35:09.847Z [LOG] Add/Update successful [object Object]
2024-06-01T00:35:09.847Z [LOG] Thread 2 processed https://weather.com/weather/today/l/30.0500,70.6333?unit=c
2024-06-01T00:35:09.847Z [LOG] Thread 2 now crawling https://weather.com/weather/today/l/26.2442,68.4100?unit=c
2024-06-01T00:35:10.316Z [INFO] Scraping completed
2024-06-01T00:35:10.443Z [LOG] Add/Update successful [object Object]
2024-06-01T00:35:10.444Z [LOG] Thread 1 processed https://weather.com/weather/today/l/33.6989,73.0369?unit=c
2024-06-01T00:35:10.444Z [LOG] Thread 1 now crawling https://weather.com/weather/today/l/30.1920,67.0070?unit=c
2024-06-01T00:35:10.635Z [INFO] Scraping completed
2024-06-01T00:35:10.782Z [LOG] Add/Update successful [object Object]
2024-06-01T00:35:10.782Z [LOG] Thread 10 processed https://weather.com/weather/today/l/36.3078,74.6178?unit=c
2024-06-01T00:35:10.782Z [LOG] Thread 10 now crawling https://weather.com/weather/today/l/26.4568,65.2314?unit=c
2024-06-01T00:35:11.129Z [INFO] Scraping completed
2024-06-01T00:35:11.257Z [LOG] Add/Update successful [object Object]
2024-06-01T00:35:11.258Z [LOG] Thread 6 processed https://weather.com/weather/today/l/35.8511,71.7889?unit=c
2024-06-01T00:35:11.258Z [LOG] Thread 6 now crawling https://weather.com/weather/today/l/35.9206,74.3783?unit=c
2024-06-01T00:35:11.350Z [INFO] Scraping completed
2024-06-01T00:35:11.468Z [INFO] Scraping completed
2024-06-01T00:35:11.492Z [LOG] Add/Update successful [object Object]
2024-06-01T00:35:11.493Z [LOG] Thread 9 processed https://weather.com/weather/today/l/30.3814,67.7258?unit=c
2024-06-01T00:35:11.493Z [LOG] Thread 9 now crawling https://weather.com/weather/today/l/28.6132,67.4856?unit=c
2024-06-01T00:35:11.564Z [INFO] Scraping completed
2024-06-01T00:35:11.605Z [LOG] Add/Update successful [object Object]
2024-06-01T00:35:11.611Z [LOG] Thread 5 processed https://weather.com/weather/today/l/34.3333,73.2000?unit=c
2024-06-01T00:35:11.612Z [LOG] Thread 5 now crawling https://weather.com/weather/today/l/32.7012,73.9605?unit=c
2024-06-01T00:35:11.705Z [LOG] Add/Update successful [object Object]
2024-06-01T00:35:11.705Z [LOG] Thread 8 processed https://weather.com/weather/today/l/29.1041,70.3297?unit=c
2024-06-01T00:35:11.705Z [LOG] Thread 8 now crawling https://weather.com/weather/today/l/28.4167,68.1667?unit=c
2024-06-01T00:35:12.089Z [INFO] Scraping completed
2024-06-01T00:35:12.090Z [INFO] Scraping completed
2024-06-01T00:35:12.211Z [LOG] Add/Update successful [object Object]
2024-06-01T00:35:12.211Z [LOG] Thread 4 processed https://weather.com/weather/today/l/34.3700,73.4711?unit=c
2024-06-01T00:35:12.211Z [LOG] Thread 4 now crawling https://weather.com/weather/today/l/32.5853,71.5436?unit=c
2024-06-01T00:35:12.217Z [LOG] Add/Update successful [object Object]
2024-06-01T00:35:12.218Z [LOG] Thread 3 processed https://weather.com/weather/today/l/26.7319,67.7750?unit=c
2024-06-01T00:35:12.218Z [LOG] Thread 3 now crawling https://weather.com/weather/today/l/27.8000,66.6167?unit=c
2024-06-01T00:35:12.881Z [INFO] Scraping completed
2024-06-01T00:35:12.911Z [INFO] Scraping completed
2024-06-01T00:35:12.994Z [LOG] Add/Update successful [object Object]
2024-06-01T00:35:12.995Z [LOG] Thread 2 processed https://weather.com/weather/today/l/26.2442,68.4100?unit=c
2024-06-01T00:35:12.995Z [LOG] Thread 2 now crawling https://weather.com/weather/today/l/30.6706,73.1064?unit=c
2024-06-01T00:35:13.028Z [LOG] Add/Update successful [object Object]
2024-06-01T00:35:13.028Z [LOG] Thread 7 processed https://weather.com/weather/today/l/33.7667,72.3598?unit=c
2024-06-01T00:35:13.028Z [LOG] Thread 7 now crawling https://weather.com/weather/today/l/34.6796,73.0263?unit=c
2024-06-01T00:35:13.793Z [INFO] Scraping completed
2024-06-01T00:35:13.925Z [LOG] Add/Update successful [object Object]
2024-06-01T00:35:13.926Z [LOG] Thread 1 processed https://weather.com/weather/today/l/30.1920,67.0070?unit=c
2024-06-01T00:35:13.926Z [LOG] Thread 1 now crawling https://weather.com/weather/today/l/29.3956,71.6722?unit=c
2024-06-01T00:35:14.000Z [INFO] Scraping completed
2024-06-01T00:35:14.132Z [LOG] Add/Update successful [object Object]
2024-06-01T00:35:14.133Z [LOG] Thread 10 processed https://weather.com/weather/today/l/26.4568,65.2314?unit=c
2024-06-01T00:35:14.133Z [LOG] Thread 10 now crawling https://weather.com/weather/today/l/28.8885,64.4062?unit=c
2024-06-01T00:35:14.609Z [INFO] Scraping completed
2024-06-01T00:35:14.741Z [LOG] Add/Update successful [object Object]
2024-06-01T00:35:14.742Z [LOG] Thread 6 processed https://weather.com/weather/today/l/35.9206,74.3783?unit=c
2024-06-01T00:35:14.742Z [LOG] Thread 6 now crawling https://weather.com/weather/today/l/31.9286,70.4592?unit=c
2024-06-01T00:35:14.823Z [INFO] Scraping completed
2024-06-01T00:35:14.930Z [INFO] Scraping completed
2024-06-01T00:35:14.981Z [LOG] Add/Update successful [object Object]
2024-06-01T00:35:14.981Z [LOG] Thread 8 processed https://weather.com/weather/today/l/28.4167,68.1667?unit=c
2024-06-01T00:35:14.982Z [LOG] Thread 8 now crawling https://weather.com/weather/today/l/27.8473,67.9068?unit=c
2024-06-01T00:35:15.052Z [LOG] Add/Update successful [object Object]
2024-06-01T00:35:15.053Z [LOG] Thread 5 processed https://weather.com/weather/today/l/32.7012,73.9605?unit=c
2024-06-01T00:35:15.053Z [LOG] Thread 5 now crawling https://weather.com/weather/today/l/31.4492,73.7124?unit=c
2024-06-01T00:35:15.130Z [INFO] Scraping completed
2024-06-01T00:35:15.258Z [LOG] Add/Update successful [object Object]
2024-06-01T00:35:15.259Z [LOG] Thread 4 processed https://weather.com/weather/today/l/32.5853,71.5436?unit=c
2024-06-01T00:35:15.259Z [LOG] Thread 4 now crawling https://weather.com/weather/today/l/32.7667,74.2167?unit=c
2024-06-01T00:35:15.701Z [INFO] Scraping completed
2024-06-01T00:35:15.817Z [INFO] Scraping completed
2024-06-01T00:35:15.833Z [LOG] Add/Update successful [object Object]
2024-06-01T00:35:15.833Z [LOG] Thread 9 processed https://weather.com/weather/today/l/28.6132,67.4856?unit=c
2024-06-01T00:35:15.834Z [LOG] Thread 9 now crawling https://weather.com/weather/today/l/29.5430,67.8773?unit=c
2024-06-01T00:35:15.961Z [LOG] Add/Update successful [object Object]
2024-06-01T00:35:15.962Z [LOG] Thread 3 processed https://weather.com/weather/today/l/27.8000,66.6167?unit=c
2024-06-01T00:35:15.962Z [LOG] Thread 3 now crawling https://weather.com/weather/today/l/30.3500,73.4000?unit=c
2024-06-01T00:35:16.171Z [INFO] Scraping completed
2024-06-01T00:35:16.292Z [LOG] Add/Update successful [object Object]
2024-06-01T00:35:16.293Z [LOG] Thread 2 processed https://weather.com/weather/today/l/30.6706,73.1064?unit=c
2024-06-01T00:35:16.293Z [LOG] Thread 2 now crawling https://weather.com/weather/today/l/25.5269,69.0111?unit=c
2024-06-01T00:35:16.756Z [INFO] Scraping completed
2024-06-01T00:35:16.883Z [LOG] Add/Update successful [object Object]
2024-06-01T00:35:16.883Z [LOG] Thread 7 processed https://weather.com/weather/today/l/34.6796,73.0263?unit=c
2024-06-01T00:35:16.884Z [LOG] Thread 7 now crawling https://weather.com/weather/today/l/25.5971,68.4467?unit=c
2024-06-01T00:35:17.183Z [INFO] Scraping completed
2024-06-01T00:35:17.301Z [LOG] Add/Update successful [object Object]
2024-06-01T00:35:17.302Z [LOG] Thread 10 processed https://weather.com/weather/today/l/28.8885,64.4062?unit=c
2024-06-01T00:35:17.302Z [LOG] Remaining URLs: 135
2024-06-01T00:35:17.431Z [INFO] Scraping completed
2024-06-01T00:35:17.558Z [LOG] Add/Update successful [object Object]
2024-06-01T00:35:17.559Z [LOG] Thread 1 processed https://weather.com/weather/today/l/29.3956,71.6722?unit=c
2024-06-01T00:35:17.559Z [LOG] Thread 1 now crawling https://weather.com/weather/today/l/32.0836,72.6711?unit=c
2024-06-01T00:35:17.911Z [INFO] Scraping completed
2024-06-01T00:35:18.027Z [LOG] Add/Update successful [object Object]
2024-06-01T00:35:18.028Z [LOG] Thread 6 processed https://weather.com/weather/today/l/31.9286,70.4592?unit=c
2024-06-01T00:35:18.028Z [LOG] Thread 6 now crawling https://weather.com/weather/today/l/33.5156,73.9019?unit=c
2024-06-01T00:35:18.128Z [INFO] Scraping completed
2024-06-01T00:35:18.255Z [LOG] Add/Update successful [object Object]
2024-06-01T00:35:18.255Z [LOG] Thread 8 processed https://weather.com/weather/today/l/27.8473,67.9068?unit=c
2024-06-01T00:35:18.255Z [LOG] Thread 8 now crawling https://weather.com/weather/today/l/30.5833,67.0000?unit=c
2024-06-01T00:35:18.342Z [INFO] Scraping completed
2024-06-01T00:35:18.471Z [LOG] Add/Update successful [object Object]
2024-06-01T00:35:18.471Z [LOG] Thread 4 processed https://weather.com/weather/today/l/32.7667,74.2167?unit=c
2024-06-01T00:35:18.471Z [LOG] Thread 4 now crawling https://weather.com/weather/today/l/31.6333,71.0667?unit=c
2024-06-01T00:35:18.486Z [INFO] Scraping completed
2024-06-01T00:35:18.617Z [LOG] Add/Update successful [object Object]
2024-06-01T00:35:18.618Z [LOG] Thread 5 processed https://weather.com/weather/today/l/31.4492,73.7124?unit=c
2024-06-01T00:35:18.618Z [LOG] Thread 5 now crawling https://weather.com/weather/today/l/32.9889,70.6056?unit=c
2024-06-01T00:35:18.932Z [INFO] Scraping completed
2024-06-01T00:35:18.968Z [INFO] Scraping completed
2024-06-01T00:35:19.043Z [LOG] Add/Update successful [object Object]
2024-06-01T00:35:19.043Z [LOG] Thread 3 processed https://weather.com/weather/today/l/30.3500,73.4000?unit=c
2024-06-01T00:35:19.043Z [LOG] Thread 3 now crawling https://weather.com/weather/today/l/25.4667,68.7167?unit=c
2024-06-01T00:35:19.070Z [LOG] Add/Update successful [object Object]
2024-06-01T00:35:19.070Z [LOG] Thread 9 processed https://weather.com/weather/today/l/29.5430,67.8773?unit=c
2024-06-01T00:35:19.071Z [LOG] Thread 9 now crawling https://weather.com/weather/today/l/29.0362,69.1585?unit=c
2024-06-01T00:35:19.389Z [INFO] Scraping completed
2024-06-01T00:35:19.483Z [LOG] Add/Update successful [object Object]
2024-06-01T00:35:19.484Z [LOG] Thread 2 processed https://weather.com/weather/today/l/25.5269,69.0111?unit=c
2024-06-01T00:35:19.484Z [LOG] Thread 2 now crawling https://weather.com/weather/today/l/30.8100,73.4597?unit=c
2024-06-01T00:35:20.442Z [INFO] Scraping completed
2024-06-01T00:35:20.552Z [LOG] Add/Update successful [object Object]
2024-06-01T00:35:20.553Z [LOG] Thread 1 processed https://weather.com/weather/today/l/32.0836,72.6711?unit=c
2024-06-01T00:35:20.553Z [LOG] Thread 1 now crawling https://weather.com/weather/today/l/33.1333,73.7500?unit=c
2024-06-01T00:35:20.581Z [INFO] Scraping completed
2024-06-01T00:35:20.702Z [LOG] Add/Update successful [object Object]
2024-06-01T00:35:20.702Z [LOG] Thread 7 processed https://weather.com/weather/today/l/25.5971,68.4467?unit=c
2024-06-01T00:35:20.702Z [LOG] Thread 7 now crawling https://weather.com/weather/today/l/28.0064,69.3150?unit=c
2024-06-01T00:35:23.462Z [INFO] Scraping completed
2024-06-01T00:35:23.548Z [INFO] Scraping completed
2024-06-01T00:35:23.573Z [LOG] Add/Update successful [object Object]
2024-06-01T00:35:23.573Z [LOG] Thread 6 processed https://weather.com/weather/today/l/33.5156,73.9019?unit=c
2024-06-01T00:35:23.574Z [LOG] Thread 6 now crawling https://weather.com/weather/today/l/35.9208,74.3144?unit=c
2024-06-01T00:35:23.667Z [LOG] Add/Update successful [object Object]
2024-06-01T00:35:23.668Z [LOG] Thread 8 processed https://weather.com/weather/today/l/30.5833,67.0000?unit=c
2024-06-01T00:35:23.668Z [LOG] Thread 8 now crawling https://weather.com/weather/today/l/26.0464,68.9481?unit=c
2024-06-01T00:35:24.154Z [INFO] Scraping completed
2024-06-01T00:35:24.254Z [LOG] Add/Update successful [object Object]
2024-06-01T00:35:24.254Z [LOG] Thread 4 processed https://weather.com/weather/today/l/31.6333,71.0667?unit=c
2024-06-01T00:35:24.254Z [LOG] Thread 4 now crawling https://weather.com/weather/today/l/31.3417,69.4486?unit=c
2024-06-01T00:35:24.777Z [INFO] Scraping completed
2024-06-01T00:35:24.815Z [INFO] Scraping completed
2024-06-01T00:35:24.892Z [LOG] Add/Update successful [object Object]
2024-06-01T00:35:24.892Z [LOG] Thread 2 processed https://weather.com/weather/today/l/30.8100,73.4597?unit=c
2024-06-01T00:35:24.892Z [LOG] Thread 2 now crawling https://weather.com/weather/today/l/30.1500,72.6833?unit=c
2024-06-01T00:35:24.915Z [LOG] Add/Update successful [object Object]
2024-06-01T00:35:24.915Z [LOG] Thread 3 processed https://weather.com/weather/today/l/25.4667,68.7167?unit=c
2024-06-01T00:35:24.915Z [LOG] Thread 3 now crawling https://weather.com/weather/today/l/30.0419,72.3528?unit=c
2024-06-01T00:35:24.997Z [INFO] Scraping completed
2024-06-01T00:35:25.129Z [LOG] Add/Update successful [object Object]
2024-06-01T00:35:25.129Z [LOG] Thread 9 processed https://weather.com/weather/today/l/29.0362,69.1585?unit=c
2024-06-01T00:35:25.130Z [LOG] Thread 9 now crawling https://weather.com/weather/today/l/35.3471,74.8563?unit=c
2024-06-01T00:35:25.533Z [INFO] Scraping completed
2024-06-01T00:35:25.622Z [INFO] Scraping completed
2024-06-01T00:35:25.663Z [LOG] Add/Update successful [object Object]
2024-06-01T00:35:25.663Z [LOG] Thread 7 processed https://weather.com/weather/today/l/28.0064,69.3150?unit=c
2024-06-01T00:35:25.663Z [LOG] Thread 7 now crawling https://weather.com/weather/today/l/26.8401,68.1227?unit=c
2024-06-01T00:35:25.746Z [LOG] Add/Update successful [object Object]
2024-06-01T00:35:25.747Z [LOG] Thread 1 processed https://weather.com/weather/today/l/33.1333,73.7500?unit=c
2024-06-01T00:35:25.747Z [LOG] Thread 1 now crawling https://weather.com/weather/today/l/31.7167,72.9833?unit=c
2024-06-01T00:35:25.809Z [INFO] Scraping completed
2024-06-01T00:35:25.922Z [LOG] Add/Update successful [object Object]
2024-06-01T00:35:25.922Z [LOG] Thread 5 processed https://weather.com/weather/today/l/32.9889,70.6056?unit=c
2024-06-01T00:35:25.922Z [LOG] Thread 5 now crawling https://weather.com/weather/today/l/34.8281,71.8408?unit=c
2024-06-01T00:35:26.993Z [INFO] Scraping completed
2024-06-01T00:35:27.148Z [LOG] Add/Update successful [object Object]
2024-06-01T00:35:27.148Z [LOG] Thread 6 processed https://weather.com/weather/today/l/35.9208,74.3144?unit=c
2024-06-01T00:35:27.149Z [LOG] Thread 6 now crawling https://weather.com/weather/today/l/25.3969,68.3772?unit=c
2024-06-01T00:35:27.185Z [INFO] Scraping completed
2024-06-01T00:35:27.309Z [LOG] Add/Update successful [object Object]
2024-06-01T00:35:27.309Z [LOG] Thread 8 processed https://weather.com/weather/today/l/26.0464,68.9481?unit=c
2024-06-01T00:35:27.310Z [LOG] Thread 8 now crawling https://weather.com/weather/today/l/35.2074,71.8768?unit=c
2024-06-01T00:35:27.844Z [INFO] Scraping completed
2024-06-01T00:35:27.963Z [LOG] Add/Update successful [object Object]
2024-06-01T00:35:27.963Z [LOG] Thread 4 processed https://weather.com/weather/today/l/31.3417,69.4486?unit=c
2024-06-01T00:35:27.963Z [LOG] Thread 4 now crawling https://weather.com/weather/today/l/32.8110,73.8650?unit=c
2024-06-01T00:35:28.134Z [INFO] Scraping completed
2024-06-01T00:35:28.264Z [LOG] Add/Update successful [object Object]
2024-06-01T00:35:28.265Z [LOG] Thread 9 processed https://weather.com/weather/today/l/35.3471,74.8563?unit=c
2024-06-01T00:35:28.265Z [LOG] Thread 9 now crawling https://weather.com/weather/today/l/26.0012,63.0485?unit=c
2024-06-01T00:35:28.476Z [INFO] Scraping completed
2024-06-01T00:35:28.582Z [LOG] Add/Update successful [object Object]
2024-06-01T00:35:28.582Z [LOG] Thread 3 processed https://weather.com/weather/today/l/30.0419,72.3528?unit=c
2024-06-01T00:35:28.582Z [LOG] Thread 3 now crawling https://weather.com/weather/today/l/31.3342,73.4194?unit=c
2024-06-01T00:35:28.582Z [INFO] Scraping completed
2024-06-01T00:35:28.699Z [LOG] Add/Update successful [object Object]
2024-06-01T00:35:28.699Z [LOG] Thread 1 processed https://weather.com/weather/today/l/31.7167,72.9833?unit=c
2024-06-01T00:35:28.699Z [LOG] Remaining URLs: 120
2024-06-01T00:35:28.963Z [INFO] Scraping completed
2024-06-01T00:35:29.059Z [LOG] Add/Update successful [object Object]
2024-06-01T00:35:29.059Z [LOG] Thread 2 processed https://weather.com/weather/today/l/30.1500,72.6833?unit=c
2024-06-01T00:35:29.060Z [LOG] Remaining URLs: 105
2024-06-01T00:35:29.380Z [INFO] Scraping completed
2024-06-01T00:35:29.486Z [INFO] Scraping completed
2024-06-01T00:35:29.507Z [LOG] Add/Update successful [object Object]
2024-06-01T00:35:29.507Z [LOG] Thread 7 processed https://weather.com/weather/today/l/26.8401,68.1227?unit=c
2024-06-01T00:35:29.507Z [LOG] Thread 7 now crawling https://weather.com/weather/today/l/34.9000,72.6556?unit=c
2024-06-01T00:35:29.613Z [LOG] Add/Update successful [object Object]
2024-06-01T00:35:29.613Z [LOG] Thread 5 processed https://weather.com/weather/today/l/34.8281,71.8408?unit=c
2024-06-01T00:35:29.613Z [LOG] Thread 5 now crawling https://weather.com/weather/today/l/33.8992,70.1008?unit=c
2024-06-01T00:35:30.033Z [INFO] Scraping completed
2024-06-01T00:35:30.133Z [LOG] Add/Update successful [object Object]
2024-06-01T00:35:30.134Z [LOG] Thread 6 processed https://weather.com/weather/today/l/25.3969,68.3772?unit=c
2024-06-01T00:35:30.134Z [LOG] Thread 6 now crawling https://weather.com/weather/today/l/32.1020,74.8730?unit=c
2024-06-01T00:35:30.701Z [INFO] Scraping completed
2024-06-01T00:35:30.799Z [LOG] Add/Update successful [object Object]
2024-06-01T00:35:30.799Z [LOG] Thread 4 processed https://weather.com/weather/today/l/32.8110,73.8650?unit=c
2024-06-01T00:35:30.800Z [LOG] Remaining URLs: 90
2024-06-01T00:35:30.876Z [INFO] Scraping completed
2024-06-01T00:35:30.976Z [LOG] Add/Update successful [object Object]
2024-06-01T00:35:30.976Z [LOG] Thread 8 processed https://weather.com/weather/today/l/35.2074,71.8768?unit=c
2024-06-01T00:35:30.977Z [LOG] Remaining URLs: 75
2024-06-01T00:35:31.199Z [INFO] Scraping completed
2024-06-01T00:35:31.314Z [LOG] Add/Update successful [object Object]
2024-06-01T00:35:31.314Z [LOG] Thread 9 processed https://weather.com/weather/today/l/26.0012,63.0485?unit=c
2024-06-01T00:35:31.314Z [LOG] Remaining URLs: 60
2024-06-01T00:35:32.349Z [INFO] Scraping completed
2024-06-01T00:35:32.445Z [LOG] Add/Update successful [object Object]
2024-06-01T00:35:32.445Z [LOG] Thread 5 processed https://weather.com/weather/today/l/33.8992,70.1008?unit=c
2024-06-01T00:35:32.446Z [LOG] Thread 5 now crawling https://weather.com/weather/today/l/25.1264,62.3225?unit=c
2024-06-01T00:35:32.688Z [INFO] Scraping completed
2024-06-01T00:35:32.804Z [LOG] Add/Update successful [object Object]
2024-06-01T00:35:32.805Z [LOG] Thread 7 processed https://weather.com/weather/today/l/34.9000,72.6556?unit=c
2024-06-01T00:35:32.805Z [LOG] Remaining URLs: 45
2024-06-01T00:35:33.278Z [INFO] Scraping completed
2024-06-01T00:35:33.373Z [LOG] Add/Update successful [object Object]
2024-06-01T00:35:33.374Z [LOG] Thread 3 processed https://weather.com/weather/today/l/31.3342,73.4194?unit=c
2024-06-01T00:35:33.374Z [LOG] Remaining URLs: 30
2024-06-01T00:35:33.976Z [INFO] Scraping completed
2024-06-01T00:35:34.076Z [LOG] Add/Update successful [object Object]
2024-06-01T00:35:34.076Z [LOG] Thread 6 processed https://weather.com/weather/today/l/32.1020,74.8730?unit=c
2024-06-01T00:35:34.076Z [LOG] Remaining URLs: 15
2024-06-01T00:35:35.874Z [INFO] Scraping completed
2024-06-01T00:35:35.975Z [LOG] Add/Update successful [object Object]
2024-06-01T00:35:35.976Z [LOG] Thread 5 processed https://weather.com/weather/today/l/25.1264,62.3225?unit=c
2024-06-01T00:35:35.976Z [LOG] Remaining URLs: 0
2024-06-01T00:35:35.976Z [LOG] All URLs processed.
