2024-05-04T12:16:41.485Z [LOG] Queue initialized successfully.
2024-05-04T12:16:42.209Z [LOG] Total URLs: 146
2024-05-04T12:16:42.591Z [LOG] Thread 2 now crawling https://weather.com/weather/today/l/27.6995,68.8673?unit=c
2024-05-04T12:16:42.627Z [LOG] Thread 8 now crawling https://weather.com/weather/today/l/33.9803,73.7747?unit=c
2024-05-04T12:16:42.661Z [LOG] Thread 1 now crawling https://weather.com/weather/today/l/24.8600,67.0100?unit=c
2024-05-04T12:16:42.711Z [LOG] Thread 9 now crawling https://weather.com/weather/today/l/24.7461,67.9243?unit=c
2024-05-04T12:16:42.762Z [LOG] Thread 3 now crawling https://weather.com/weather/today/l/28.2769,68.4514?unit=c
2024-05-04T12:16:42.771Z [LOG] Thread 7 now crawling https://weather.com/weather/today/l/27.5295,68.7592?unit=c
2024-05-04T12:16:42.780Z [LOG] Thread 4 now crawling https://weather.com/weather/today/l/30.7258,72.6447?unit=c
2024-05-04T12:16:42.793Z [LOG] Thread 6 now crawling https://weather.com/weather/today/l/30.5522,72.1278?unit=c
2024-05-04T12:16:42.802Z [LOG] Thread 10 now crawling https://weather.com/weather/today/l/25.8072,66.6219?unit=c
2024-05-04T12:16:42.797Z [LOG] Thread 5 now crawling https://weather.com/weather/today/l/30.4397,72.3544?unit=c
2024-05-04T12:16:49.001Z [INFO] Scraping completed
2024-05-04T12:16:49.317Z [INFO] Scraping completed
2024-05-04T12:16:49.323Z [LOG] Add/Update successful [object Object]
2024-05-04T12:16:49.324Z [LOG] Thread 7 processed https://weather.com/weather/today/l/27.5295,68.7592?unit=c
2024-05-04T12:16:49.324Z [LOG] Thread 7 now crawling https://weather.com/weather/today/l/30.3017,71.9321?unit=c
2024-05-04T12:16:49.365Z [INFO] Scraping completed
2024-05-04T12:16:49.615Z [LOG] Add/Update successful [object Object]
2024-05-04T12:16:49.616Z [LOG] Thread 5 processed https://weather.com/weather/today/l/30.4397,72.3544?unit=c
2024-05-04T12:16:49.616Z [LOG] Thread 5 now crawling https://weather.com/weather/today/l/25.4283,68.2822?unit=c
2024-05-04T12:16:49.618Z [LOG] Add/Update successful [object Object]
2024-05-04T12:16:49.618Z [LOG] Thread 3 processed https://weather.com/weather/today/l/28.2769,68.4514?unit=c
2024-05-04T12:16:49.619Z [LOG] Thread 3 now crawling https://weather.com/weather/today/l/28.3006,70.1302?unit=c
2024-05-04T12:16:50.063Z [INFO] Scraping completed
2024-05-04T12:16:50.134Z [INFO] Scraping completed
2024-05-04T12:16:50.324Z [INFO] Scraping completed
2024-05-04T12:16:50.355Z [INFO] Scraping completed
2024-05-04T12:16:50.449Z [INFO] Scraping completed
2024-05-04T12:16:50.465Z [INFO] Scraping completed
2024-05-04T12:16:50.527Z [INFO] Scraping completed
2024-05-04T12:16:50.536Z [LOG] Add/Update successful [object Object]
2024-05-04T12:16:50.536Z [LOG] Thread 9 processed https://weather.com/weather/today/l/24.7461,67.9243?unit=c
2024-05-04T12:16:50.536Z [LOG] Thread 9 now crawling https://weather.com/weather/today/l/28.5466,68.2231?unit=c
2024-05-04T12:16:50.549Z [LOG] Add/Update successful [object Object]
2024-05-04T12:16:50.553Z [LOG] Thread 2 processed https://weather.com/weather/today/l/27.6995,68.8673?unit=c
2024-05-04T12:16:50.553Z [LOG] Thread 2 now crawling https://weather.com/weather/today/l/27.5600,68.2264?unit=c
2024-05-04T12:16:50.694Z [LOG] Add/Update successful [object Object]
2024-05-04T12:16:50.694Z [LOG] Thread 6 processed https://weather.com/weather/today/l/30.5522,72.1278?unit=c
2024-05-04T12:16:50.694Z [LOG] Thread 6 now crawling https://weather.com/weather/today/l/33.8195,72.6890?unit=c
2024-05-04T12:16:50.731Z [LOG] Add/Update successful [object Object]
2024-05-04T12:16:50.731Z [LOG] Thread 10 processed https://weather.com/weather/today/l/25.8072,66.6219?unit=c
2024-05-04T12:16:50.732Z [LOG] Thread 10 now crawling https://weather.com/weather/today/l/27.7384,66.6434?unit=c
2024-05-04T12:16:50.828Z [LOG] Add/Update successful [object Object]
2024-05-04T12:16:50.827Z [LOG] Add/Update successful [object Object]
2024-05-04T12:16:50.830Z [LOG] Thread 8 processed https://weather.com/weather/today/l/33.9803,73.7747?unit=c
2024-05-04T12:16:50.829Z [LOG] Thread 1 processed https://weather.com/weather/today/l/24.8600,67.0100?unit=c
2024-05-04T12:16:50.830Z [LOG] Thread 8 now crawling https://weather.com/weather/today/l/34.5111,72.4844?unit=c
2024-05-04T12:16:50.830Z [LOG] Thread 1 now crawling https://weather.com/weather/today/l/31.5497,74.3436?unit=c
2024-05-04T12:16:50.852Z [LOG] Add/Update successful [object Object]
2024-05-04T12:16:50.856Z [LOG] Thread 4 processed https://weather.com/weather/today/l/30.7258,72.6447?unit=c
2024-05-04T12:16:50.856Z [LOG] Thread 4 now crawling https://weather.com/weather/today/l/30.4700,70.9644?unit=c
2024-05-04T12:16:52.875Z [INFO] Scraping completed
2024-05-04T12:16:53.025Z [LOG] Add/Update successful [object Object]
2024-05-04T12:16:53.025Z [LOG] Thread 7 processed https://weather.com/weather/today/l/30.3017,71.9321?unit=c
2024-05-04T12:16:53.026Z [LOG] Thread 7 now crawling https://weather.com/weather/today/l/32.9333,73.7333?unit=c
2024-05-04T12:16:53.171Z [INFO] Scraping completed
2024-05-04T12:16:53.174Z [INFO] Scraping completed
2024-05-04T12:16:53.312Z [LOG] Add/Update successful [object Object]
2024-05-04T12:16:53.312Z [LOG] Thread 5 processed https://weather.com/weather/today/l/25.4283,68.2822?unit=c
2024-05-04T12:16:53.313Z [LOG] Thread 5 now crawling https://weather.com/weather/today/l/31.0214,73.8528?unit=c
2024-05-04T12:16:53.315Z [LOG] Add/Update successful [object Object]
2024-05-04T12:16:53.316Z [LOG] Thread 3 processed https://weather.com/weather/today/l/28.3006,70.1302?unit=c
2024-05-04T12:16:53.316Z [LOG] Thread 3 now crawling https://weather.com/weather/today/l/33.5869,71.4414?unit=c
2024-05-04T12:16:53.673Z [INFO] Scraping completed
2024-05-04T12:16:53.761Z [LOG] Add/Update successful [object Object]
2024-05-04T12:16:53.761Z [LOG] Thread 2 processed https://weather.com/weather/today/l/27.5600,68.2264?unit=c
2024-05-04T12:16:53.761Z [LOG] Thread 2 now crawling https://weather.com/weather/today/l/31.7083,74.0000?unit=c
2024-05-04T12:16:53.976Z [INFO] Scraping completed
2024-05-04T12:16:54.078Z [INFO] Scraping completed
2024-05-04T12:16:54.089Z [LOG] Add/Update successful [object Object]
2024-05-04T12:16:54.090Z [LOG] Thread 9 processed https://weather.com/weather/today/l/28.5466,68.2231?unit=c
2024-05-04T12:16:54.090Z [LOG] Thread 9 now crawling https://weather.com/weather/today/l/29.8965,69.2532?unit=c
2024-05-04T12:16:54.117Z [INFO] Scraping completed
2024-05-04T12:16:54.193Z [LOG] Add/Update successful [object Object]
2024-05-04T12:16:54.194Z [LOG] Thread 6 processed https://weather.com/weather/today/l/33.8195,72.6890?unit=c
2024-05-04T12:16:54.194Z [LOG] Thread 6 now crawling https://weather.com/weather/today/l/32.2167,70.3833?unit=c
2024-05-04T12:16:54.233Z [LOG] Add/Update successful [object Object]
2024-05-04T12:16:54.235Z [LOG] Thread 10 processed https://weather.com/weather/today/l/27.7384,66.6434?unit=c
2024-05-04T12:16:54.235Z [LOG] Thread 10 now crawling https://weather.com/weather/today/l/35.4206,74.0967?unit=c
2024-05-04T12:16:54.707Z [INFO] Scraping completed
2024-05-04T12:16:54.861Z [LOG] Add/Update successful [object Object]
2024-05-04T12:16:54.861Z [LOG] Thread 1 processed https://weather.com/weather/today/l/31.5497,74.3436?unit=c
2024-05-04T12:16:54.861Z [LOG] Thread 1 now crawling https://weather.com/weather/today/l/32.5000,74.5333?unit=c
2024-05-04T12:16:55.037Z [INFO] Scraping completed
2024-05-04T12:16:55.142Z [LOG] Add/Update successful [object Object]
2024-05-04T12:16:55.143Z [LOG] Thread 4 processed https://weather.com/weather/today/l/30.4700,70.9644?unit=c
2024-05-04T12:16:55.143Z [LOG] Thread 4 now crawling https://weather.com/weather/today/l/34.0153,71.9747?unit=c
2024-05-04T12:16:55.318Z [INFO] Scraping completed
2024-05-04T12:16:55.438Z [LOG] Add/Update successful [object Object]
2024-05-04T12:16:55.439Z [LOG] Thread 8 processed https://weather.com/weather/today/l/34.5111,72.4844?unit=c
2024-05-04T12:16:55.439Z [LOG] Thread 8 now crawling https://weather.com/weather/today/l/29.9983,73.2527?unit=c
2024-05-04T12:16:57.180Z [INFO] Scraping completed
2024-05-04T12:16:57.278Z [INFO] Scraping completed
2024-05-04T12:16:57.301Z [INFO] Scraping completed
2024-05-04T12:16:57.304Z [LOG] Add/Update successful [object Object]
2024-05-04T12:16:57.304Z [LOG] Thread 2 processed https://weather.com/weather/today/l/31.7083,74.0000?unit=c
2024-05-04T12:16:57.305Z [LOG] Thread 2 now crawling https://weather.com/weather/today/l/31.2681,72.3181?unit=c
2024-05-04T12:16:57.373Z [INFO] Scraping completed
2024-05-04T12:16:57.439Z [LOG] Add/Update successful [object Object]
2024-05-04T12:16:57.440Z [LOG] Thread 5 processed https://weather.com/weather/today/l/31.0214,73.8528?unit=c
2024-05-04T12:16:57.440Z [LOG] Thread 5 now crawling https://weather.com/weather/today/l/29.6100,73.1361?unit=c
2024-05-04T12:16:57.449Z [LOG] Add/Update successful [object Object]
2024-05-04T12:16:57.450Z [LOG] Thread 3 processed https://weather.com/weather/today/l/33.5869,71.4414?unit=c
2024-05-04T12:16:57.451Z [LOG] Thread 3 now crawling https://weather.com/weather/today/l/31.8020,74.2550?unit=c
2024-05-04T12:16:57.482Z [LOG] Add/Update successful [object Object]
2024-05-04T12:16:57.483Z [LOG] Thread 7 processed https://weather.com/weather/today/l/32.9333,73.7333?unit=c
2024-05-04T12:16:57.483Z [LOG] Thread 7 now crawling https://weather.com/weather/today/l/33.9942,72.9333?unit=c
2024-05-04T12:16:57.767Z [INFO] Scraping completed
2024-05-04T12:16:57.856Z [INFO] Scraping completed
2024-05-04T12:16:57.932Z [LOG] Add/Update successful [object Object]
2024-05-04T12:16:57.934Z [LOG] Thread 6 processed https://weather.com/weather/today/l/32.2167,70.3833?unit=c
2024-05-04T12:16:57.934Z [LOG] Thread 6 now crawling https://weather.com/weather/today/l/33.5281,71.0572?unit=c
2024-05-04T12:16:58.026Z [LOG] Add/Update successful [object Object]
2024-05-04T12:16:58.027Z [LOG] Thread 10 processed https://weather.com/weather/today/l/35.4206,74.0967?unit=c
2024-05-04T12:16:58.027Z [LOG] Thread 10 now crawling https://weather.com/weather/today/l/29.0266,66.5936?unit=c
2024-05-04T12:16:58.396Z [INFO] Scraping completed
2024-05-04T12:16:58.475Z [INFO] Scraping completed
2024-05-04T12:16:58.496Z [LOG] Add/Update successful [object Object]
2024-05-04T12:16:58.496Z [LOG] Thread 8 processed https://weather.com/weather/today/l/29.9983,73.2527?unit=c
2024-05-04T12:16:58.496Z [LOG] Thread 8 now crawling https://weather.com/weather/today/l/30.9646,70.9444?unit=c
2024-05-04T12:16:58.582Z [LOG] Add/Update successful [object Object]
2024-05-04T12:16:58.583Z [LOG] Thread 4 processed https://weather.com/weather/today/l/34.0153,71.9747?unit=c
2024-05-04T12:16:58.583Z [LOG] Thread 4 now crawling https://weather.com/weather/today/l/34.1167,72.4667?unit=c
2024-05-04T12:16:58.792Z [INFO] Scraping completed
2024-05-04T12:16:58.893Z [LOG] Add/Update successful [object Object]
2024-05-04T12:16:58.894Z [LOG] Thread 1 processed https://weather.com/weather/today/l/32.5000,74.5333?unit=c
2024-05-04T12:16:58.894Z [LOG] Thread 1 now crawling https://weather.com/weather/today/l/31.4180,73.0790?unit=c
2024-05-04T12:17:00.147Z [INFO] Scraping completed
2024-05-04T12:17:00.257Z [LOG] Add/Update successful [object Object]
2024-05-04T12:17:00.257Z [LOG] Thread 9 processed https://weather.com/weather/today/l/29.8965,69.2532?unit=c
2024-05-04T12:17:00.258Z [LOG] Thread 9 now crawling https://weather.com/weather/today/l/29.7997,66.8455?unit=c
2024-05-04T12:17:00.786Z [INFO] Scraping completed
2024-05-04T12:17:00.880Z [LOG] Add/Update successful [object Object]
2024-05-04T12:17:00.880Z [LOG] Thread 3 processed https://weather.com/weather/today/l/31.8020,74.2550?unit=c
2024-05-04T12:17:00.880Z [LOG] Thread 3 now crawling https://weather.com/weather/today/l/30.0703,71.1933?unit=c
2024-05-04T12:17:01.068Z [INFO] Scraping completed
2024-05-04T12:17:01.151Z [LOG] Add/Update successful [object Object]
2024-05-04T12:17:01.152Z [LOG] Thread 5 processed https://weather.com/weather/today/l/29.6100,73.1361?unit=c
2024-05-04T12:17:01.152Z [LOG] Thread 5 now crawling https://weather.com/weather/today/l/30.9667,72.4833?unit=c
2024-05-04T12:17:01.340Z [INFO] Scraping completed
2024-05-04T12:17:01.386Z [INFO] Scraping completed
2024-05-04T12:17:01.430Z [LOG] Add/Update successful [object Object]
2024-05-04T12:17:01.431Z [LOG] Thread 10 processed https://weather.com/weather/today/l/29.0266,66.5936?unit=c
2024-05-04T12:17:01.431Z [LOG] Thread 10 now crawling https://weather.com/weather/today/l/26.9644,64.0903?unit=c
2024-05-04T12:17:01.487Z [LOG] Add/Update successful [object Object]
2024-05-04T12:17:01.488Z [LOG] Thread 2 processed https://weather.com/weather/today/l/31.2681,72.3181?unit=c
2024-05-04T12:17:01.488Z [LOG] Thread 2 now crawling https://weather.com/weather/today/l/28.4202,70.2952?unit=c
2024-05-04T12:17:01.738Z [INFO] Scraping completed
2024-05-04T12:17:01.890Z [LOG] Add/Update successful [object Object]
2024-05-04T12:17:01.891Z [LOG] Thread 7 processed https://weather.com/weather/today/l/33.9942,72.9333?unit=c
2024-05-04T12:17:01.891Z [LOG] Thread 7 now crawling https://weather.com/weather/today/l/27.9556,68.6382?unit=c
2024-05-04T12:17:02.223Z [INFO] Scraping completed
2024-05-04T12:17:02.281Z [INFO] Scraping completed
2024-05-04T12:17:02.362Z [LOG] Add/Update successful [object Object]
2024-05-04T12:17:02.363Z [LOG] Thread 4 processed https://weather.com/weather/today/l/34.1167,72.4667?unit=c
2024-05-04T12:17:02.363Z [LOG] Thread 4 now crawling https://weather.com/weather/today/l/31.8167,70.9167?unit=c
2024-05-04T12:17:02.423Z [LOG] Add/Update successful [object Object]
2024-05-04T12:17:02.423Z [LOG] Thread 6 processed https://weather.com/weather/today/l/33.5281,71.0572?unit=c
2024-05-04T12:17:02.424Z [LOG] Thread 6 now crawling https://weather.com/weather/today/l/34.0049,71.9989?unit=c
2024-05-04T12:17:02.465Z [INFO] Scraping completed
2024-05-04T12:17:02.497Z [INFO] Scraping completed
2024-05-04T12:17:02.605Z [LOG] Add/Update successful [object Object]
2024-05-04T12:17:02.606Z [LOG] Thread 8 processed https://weather.com/weather/today/l/30.9646,70.9444?unit=c
2024-05-04T12:17:02.606Z [LOG] Thread 8 now crawling https://weather.com/weather/today/l/25.1239,68.5389?unit=c
2024-05-04T12:17:02.657Z [LOG] Add/Update successful [object Object]
2024-05-04T12:17:02.657Z [LOG] Thread 1 processed https://weather.com/weather/today/l/31.4180,73.0790?unit=c
2024-05-04T12:17:02.657Z [LOG] Thread 1 now crawling https://weather.com/weather/today/l/33.6007,73.0679?unit=c
2024-05-04T12:17:03.626Z [INFO] Scraping completed
2024-05-04T12:17:03.720Z [LOG] Add/Update successful [object Object]
2024-05-04T12:17:03.721Z [LOG] Thread 9 processed https://weather.com/weather/today/l/29.7997,66.8455?unit=c
2024-05-04T12:17:03.721Z [LOG] Thread 9 now crawling https://weather.com/weather/today/l/35.2917,73.2906?unit=c
2024-05-04T12:17:04.518Z [INFO] Scraping completed
2024-05-04T12:17:04.646Z [LOG] Add/Update successful [object Object]
2024-05-04T12:17:04.646Z [LOG] Thread 3 processed https://weather.com/weather/today/l/30.0703,71.1933?unit=c
2024-05-04T12:17:04.646Z [LOG] Thread 3 now crawling https://weather.com/weather/today/l/28.6471,70.6620?unit=c
2024-05-04T12:17:04.865Z [INFO] Scraping completed
2024-05-04T12:17:04.961Z [INFO] Scraping completed
2024-05-04T12:17:04.986Z [LOG] Add/Update successful [object Object]
2024-05-04T12:17:04.986Z [LOG] Thread 5 processed https://weather.com/weather/today/l/30.9667,72.4833?unit=c
2024-05-04T12:17:04.987Z [LOG] Thread 5 now crawling https://weather.com/weather/today/l/32.2628,75.1583?unit=c
2024-05-04T12:17:05.069Z [INFO] Scraping completed
2024-05-04T12:17:05.104Z [LOG] Add/Update successful [object Object]
2024-05-04T12:17:05.105Z [LOG] Thread 2 processed https://weather.com/weather/today/l/28.4202,70.2952?unit=c
2024-05-04T12:17:05.105Z [LOG] Thread 2 now crawling https://weather.com/weather/today/l/32.5736,74.0789?unit=c
2024-05-04T12:17:05.207Z [LOG] Add/Update successful [object Object]
2024-05-04T12:17:05.207Z [LOG] Thread 10 processed https://weather.com/weather/today/l/26.9644,64.0903?unit=c
2024-05-04T12:17:05.207Z [LOG] Thread 10 now crawling https://weather.com/weather/today/l/36.1736,73.7667?unit=c
2024-05-04T12:17:05.516Z [INFO] Scraping completed
2024-05-04T12:17:05.612Z [LOG] Add/Update successful [object Object]
2024-05-04T12:17:05.612Z [LOG] Thread 4 processed https://weather.com/weather/today/l/31.8167,70.9167?unit=c
2024-05-04T12:17:05.613Z [LOG] Thread 4 now crawling https://weather.com/weather/today/l/30.9210,66.4597?unit=c
2024-05-04T12:17:05.896Z [INFO] Scraping completed
2024-05-04T12:17:05.961Z [INFO] Scraping completed
2024-05-04T12:17:06.226Z [INFO] Scraping completed
2024-05-04T12:17:06.291Z [INFO] Scraping completed
2024-05-04T12:17:06.532Z [LOG] Add/Update successful [object Object]
2024-05-04T12:17:06.566Z [LOG] Thread 7 processed https://weather.com/weather/today/l/27.9556,68.6382?unit=c
2024-05-04T12:17:06.567Z [LOG] Thread 7 now crawling https://weather.com/weather/today/l/33.8578,73.7604?unit=c
2024-05-04T12:17:06.799Z [LOG] Add/Update successful [object Object]
2024-05-04T12:17:06.800Z [LOG] Thread 6 processed https://weather.com/weather/today/l/34.0049,71.9989?unit=c
2024-05-04T12:17:06.800Z [LOG] Thread 6 now crawling https://weather.com/weather/today/l/33.1167,71.0833?unit=c
2024-05-04T12:17:06.912Z [LOG] Add/Update successful [object Object]
2024-05-04T12:17:06.915Z [LOG] Add/Update successful [object Object]
2024-05-04T12:17:07.062Z [LOG] Thread 1 processed https://weather.com/weather/today/l/33.6007,73.0679?unit=c
2024-05-04T12:17:07.063Z [LOG] Thread 1 now crawling https://weather.com/weather/today/l/34.0000,71.5000?unit=c
2024-05-04T12:17:07.062Z [LOG] Thread 8 processed https://weather.com/weather/today/l/25.1239,68.5389?unit=c
2024-05-04T12:17:07.116Z [LOG] Thread 8 now crawling https://weather.com/weather/today/l/32.9300,72.8500?unit=c
2024-05-04T12:17:07.129Z [INFO] Scraping completed
2024-05-04T12:17:07.716Z [LOG] Add/Update successful [object Object]
2024-05-04T12:17:07.716Z [LOG] Thread 9 processed https://weather.com/weather/today/l/35.2917,73.2906?unit=c
2024-05-04T12:17:07.716Z [LOG] Thread 9 now crawling https://weather.com/weather/today/l/34.5717,73.8972?unit=c
2024-05-04T12:17:08.992Z [INFO] Scraping completed
2024-05-04T12:17:09.115Z [LOG] Add/Update successful [object Object]
2024-05-04T12:17:09.115Z [LOG] Thread 3 processed https://weather.com/weather/today/l/28.6471,70.6620?unit=c
2024-05-04T12:17:09.116Z [LOG] Thread 3 now crawling https://weather.com/weather/today/l/31.1500,72.6833?unit=c
2024-05-04T12:17:09.550Z [INFO] Scraping completed
2024-05-04T12:17:09.588Z [INFO] Scraping completed
2024-05-04T12:17:09.677Z [LOG] Add/Update successful [object Object]
2024-05-04T12:17:09.677Z [LOG] Thread 5 processed https://weather.com/weather/today/l/32.2628,75.1583?unit=c
2024-05-04T12:17:09.677Z [LOG] Thread 5 now crawling https://weather.com/weather/today/l/30.7333,73.8167?unit=c
2024-05-04T12:17:09.713Z [LOG] Add/Update successful [object Object]
2024-05-04T12:17:09.714Z [LOG] Thread 2 processed https://weather.com/weather/today/l/32.5736,74.0789?unit=c
2024-05-04T12:17:09.714Z [LOG] Thread 2 now crawling https://weather.com/weather/today/l/31.1167,74.4500?unit=c
2024-05-04T12:17:09.948Z [INFO] Scraping completed
2024-05-04T12:17:10.065Z [LOG] Add/Update successful [object Object]
2024-05-04T12:17:10.066Z [LOG] Thread 10 processed https://weather.com/weather/today/l/36.1736,73.7667?unit=c
2024-05-04T12:17:10.066Z [LOG] Thread 10 now crawling https://weather.com/weather/today/l/30.7008,68.3598?unit=c
2024-05-04T12:17:10.074Z [INFO] Scraping completed
2024-05-04T12:17:10.122Z [INFO] Scraping completed
2024-05-04T12:17:10.202Z [LOG] Add/Update successful [object Object]
2024-05-04T12:17:10.202Z [LOG] Thread 4 processed https://weather.com/weather/today/l/30.9210,66.4597?unit=c
2024-05-04T12:17:10.203Z [LOG] Thread 4 now crawling https://weather.com/weather/today/l/34.1453,71.7308?unit=c
2024-05-04T12:17:10.292Z [LOG] Add/Update successful [object Object]
2024-05-04T12:17:10.292Z [LOG] Thread 7 processed https://weather.com/weather/today/l/33.8578,73.7604?unit=c
2024-05-04T12:17:10.293Z [LOG] Thread 7 now crawling https://weather.com/weather/today/l/32.0709,73.6880?unit=c
2024-05-04T12:17:10.738Z [INFO] Scraping completed
2024-05-04T12:17:10.831Z [LOG] Add/Update successful [object Object]
2024-05-04T12:17:10.831Z [LOG] Thread 1 processed https://weather.com/weather/today/l/34.0000,71.5000?unit=c
2024-05-04T12:17:10.831Z [LOG] Thread 1 now crawling https://weather.com/weather/today/l/34.7500,72.3572?unit=c
2024-05-04T12:17:10.846Z [INFO] Scraping completed
2024-05-04T12:17:10.946Z [LOG] Add/Update successful [object Object]
2024-05-04T12:17:10.947Z [LOG] Thread 8 processed https://weather.com/weather/today/l/32.9300,72.8500?unit=c
2024-05-04T12:17:10.947Z [LOG] Thread 8 now crawling https://weather.com/weather/today/l/32.2952,72.3502?unit=c
2024-05-04T12:17:11.588Z [INFO] Scraping completed
2024-05-04T12:17:11.685Z [LOG] Add/Update successful [object Object]
2024-05-04T12:17:11.686Z [LOG] Thread 6 processed https://weather.com/weather/today/l/33.1167,71.0833?unit=c
2024-05-04T12:17:11.686Z [LOG] Thread 6 now crawling https://weather.com/weather/today/l/32.4522,71.4718?unit=c
2024-05-04T12:17:12.084Z [INFO] Scraping completed
2024-05-04T12:17:12.219Z [LOG] Add/Update successful [object Object]
2024-05-04T12:17:12.219Z [LOG] Thread 9 processed https://weather.com/weather/today/l/34.5717,73.8972?unit=c
2024-05-04T12:17:12.219Z [LOG] Thread 9 now crawling https://weather.com/weather/today/l/30.3705,68.5979?unit=c
2024-05-04T12:17:12.751Z [INFO] Scraping completed
2024-05-04T12:17:12.867Z [LOG] Add/Update successful [object Object]
2024-05-04T12:17:12.868Z [LOG] Thread 3 processed https://weather.com/weather/today/l/31.1500,72.6833?unit=c
2024-05-04T12:17:12.868Z [LOG] Thread 3 now crawling https://weather.com/weather/today/l/32.5861,73.4917?unit=c
2024-05-04T12:17:13.191Z [INFO] Scraping completed
2024-05-04T12:17:13.278Z [LOG] Add/Update successful [object Object]
2024-05-04T12:17:13.278Z [LOG] Thread 4 processed https://weather.com/weather/today/l/34.1453,71.7308?unit=c
2024-05-04T12:17:13.278Z [LOG] Thread 4 now crawling https://weather.com/weather/today/l/28.4000,69.3000?unit=c
2024-05-04T12:17:13.976Z [INFO] Scraping completed
2024-05-04T12:17:14.112Z [LOG] Add/Update successful [object Object]
2024-05-04T12:17:14.113Z [LOG] Thread 2 processed https://weather.com/weather/today/l/31.1167,74.4500?unit=c
2024-05-04T12:17:14.113Z [LOG] Thread 2 now crawling https://weather.com/weather/today/l/34.1958,72.0447?unit=c
2024-05-04T12:17:14.177Z [INFO] Scraping completed
2024-05-04T12:17:14.289Z [LOG] Add/Update successful [object Object]
2024-05-04T12:17:14.289Z [LOG] Thread 10 processed https://weather.com/weather/today/l/30.7008,68.3598?unit=c
2024-05-04T12:17:14.290Z [LOG] Thread 10 now crawling https://weather.com/weather/today/l/28.5846,65.4150?unit=c
2024-05-04T12:17:14.424Z [INFO] Scraping completed
2024-05-04T12:17:14.549Z [LOG] Add/Update successful [object Object]
2024-05-04T12:17:14.549Z [LOG] Thread 5 processed https://weather.com/weather/today/l/30.7333,73.8167?unit=c
2024-05-04T12:17:14.549Z [LOG] Thread 5 now crawling https://weather.com/weather/today/l/30.4068,71.8667?unit=c
2024-05-04T12:17:14.634Z [INFO] Scraping completed
2024-05-04T12:17:14.661Z [INFO] Scraping completed
2024-05-04T12:17:14.667Z [INFO] Scraping completed
2024-05-04T12:17:14.778Z [LOG] Add/Update successful [object Object]
2024-05-04T12:17:14.778Z [LOG] Thread 1 processed https://weather.com/weather/today/l/34.7500,72.3572?unit=c
2024-05-04T12:17:14.779Z [LOG] Thread 1 now crawling https://weather.com/weather/today/l/30.1978,71.4711?unit=c
2024-05-04T12:17:14.798Z [LOG] Add/Update successful [object Object]
2024-05-04T12:17:14.799Z [LOG] Thread 7 processed https://weather.com/weather/today/l/32.0709,73.6880?unit=c
2024-05-04T12:17:14.800Z [LOG] Thread 7 now crawling https://weather.com/weather/today/l/29.5339,71.6324?unit=c
2024-05-04T12:17:14.830Z [LOG] Add/Update successful [object Object]
2024-05-04T12:17:14.831Z [LOG] Thread 8 processed https://weather.com/weather/today/l/32.2952,72.3502?unit=c
2024-05-04T12:17:14.832Z [LOG] Thread 8 now crawling https://weather.com/weather/today/l/24.6558,68.8383?unit=c
2024-05-04T12:17:15.372Z [INFO] Scraping completed
2024-05-04T12:17:15.493Z [LOG] Add/Update successful [object Object]
2024-05-04T12:17:15.493Z [LOG] Thread 6 processed https://weather.com/weather/today/l/32.4522,71.4718?unit=c
2024-05-04T12:17:15.494Z [LOG] Thread 6 now crawling https://weather.com/weather/today/l/25.3614,69.7361?unit=c
2024-05-04T12:17:15.562Z [INFO] Scraping completed
2024-05-04T12:17:15.658Z [LOG] Add/Update successful [object Object]
2024-05-04T12:17:15.658Z [LOG] Thread 9 processed https://weather.com/weather/today/l/30.3705,68.5979?unit=c
2024-05-04T12:17:15.658Z [LOG] Thread 9 now crawling https://weather.com/weather/today/l/29.8977,69.5256?unit=c
2024-05-04T12:17:16.191Z [INFO] Scraping completed
2024-05-04T12:17:16.311Z [LOG] Add/Update successful [object Object]
2024-05-04T12:17:16.311Z [LOG] Thread 3 processed https://weather.com/weather/today/l/32.5861,73.4917?unit=c
2024-05-04T12:17:16.312Z [LOG] Thread 3 now crawling https://weather.com/weather/today/l/34.1500,73.2167?unit=c
2024-05-04T12:17:16.873Z [INFO] Scraping completed
2024-05-04T12:17:17.020Z [LOG] Add/Update successful [object Object]
2024-05-04T12:17:17.020Z [LOG] Thread 4 processed https://weather.com/weather/today/l/28.4000,69.3000?unit=c
2024-05-04T12:17:17.020Z [LOG] Thread 4 now crawling https://weather.com/weather/today/l/29.6967,72.5542?unit=c
2024-05-04T12:17:17.720Z [INFO] Scraping completed
2024-05-04T12:17:17.768Z [INFO] Scraping completed
2024-05-04T12:17:17.822Z [LOG] Add/Update successful [object Object]
2024-05-04T12:17:17.822Z [LOG] Thread 5 processed https://weather.com/weather/today/l/30.4068,71.8667?unit=c
2024-05-04T12:17:17.822Z [LOG] Thread 5 now crawling https://weather.com/weather/today/l/34.3333,73.2000?unit=c
2024-05-04T12:17:17.864Z [LOG] Add/Update successful [object Object]
2024-05-04T12:17:17.865Z [LOG] Thread 2 processed https://weather.com/weather/today/l/34.1958,72.0447?unit=c
2024-05-04T12:17:17.865Z [LOG] Thread 2 now crawling https://weather.com/weather/today/l/34.7717,72.3600?unit=c
2024-05-04T12:17:18.157Z [INFO] Scraping completed
2024-05-04T12:17:18.217Z [INFO] Scraping completed
2024-05-04T12:17:18.257Z [LOG] Add/Update successful [object Object]
2024-05-04T12:17:18.258Z [LOG] Thread 10 processed https://weather.com/weather/today/l/28.5846,65.4150?unit=c
2024-05-04T12:17:18.258Z [LOG] Thread 10 now crawling https://weather.com/weather/today/l/36.3078,74.6178?unit=c
2024-05-04T12:17:18.300Z [LOG] Add/Update successful [object Object]
2024-05-04T12:17:18.301Z [LOG] Thread 7 processed https://weather.com/weather/today/l/29.5339,71.6324?unit=c
2024-05-04T12:17:18.301Z [LOG] Thread 7 now crawling https://weather.com/weather/today/l/34.5656,71.9304?unit=c
2024-05-04T12:17:18.597Z [INFO] Scraping completed
2024-05-04T12:17:18.713Z [LOG] Add/Update successful [object Object]
2024-05-04T12:17:18.720Z [LOG] Thread 1 processed https://weather.com/weather/today/l/30.1978,71.4711?unit=c
2024-05-04T12:17:18.720Z [LOG] Thread 1 now crawling https://weather.com/weather/today/l/32.1500,74.1833?unit=c
2024-05-04T12:17:18.898Z [INFO] Scraping completed
2024-05-04T12:17:19.008Z [INFO] Scraping completed
2024-05-04T12:17:19.046Z [LOG] Add/Update successful [object Object]
2024-05-04T12:17:19.047Z [LOG] Thread 8 processed https://weather.com/weather/today/l/24.6558,68.8383?unit=c
2024-05-04T12:17:19.047Z [LOG] Thread 8 now crawling https://weather.com/weather/today/l/32.6072,70.9123?unit=c
2024-05-04T12:17:19.142Z [LOG] Add/Update successful [object Object]
2024-05-04T12:17:19.142Z [LOG] Thread 6 processed https://weather.com/weather/today/l/25.3614,69.7361?unit=c
2024-05-04T12:17:19.143Z [LOG] Thread 6 now crawling https://weather.com/weather/today/l/35.8511,71.7889?unit=c
2024-05-04T12:17:19.387Z [INFO] Scraping completed
2024-05-04T12:17:19.525Z [LOG] Add/Update successful [object Object]
2024-05-04T12:17:19.525Z [LOG] Thread 9 processed https://weather.com/weather/today/l/29.8977,69.5256?unit=c
2024-05-04T12:17:19.526Z [LOG] Thread 9 now crawling https://weather.com/weather/today/l/30.8594,69.8221?unit=c
2024-05-04T12:17:19.658Z [INFO] Scraping completed
2024-05-04T12:17:19.760Z [LOG] Add/Update successful [object Object]
2024-05-04T12:17:19.760Z [LOG] Thread 3 processed https://weather.com/weather/today/l/34.1500,73.2167?unit=c
2024-05-04T12:17:19.760Z [LOG] Thread 3 now crawling https://weather.com/weather/today/l/26.7319,67.7750?unit=c
2024-05-04T12:17:20.590Z [INFO] Scraping completed
2024-05-04T12:17:20.694Z [LOG] Add/Update successful [object Object]
2024-05-04T12:17:20.695Z [LOG] Thread 4 processed https://weather.com/weather/today/l/29.6967,72.5542?unit=c
2024-05-04T12:17:20.695Z [LOG] Thread 4 now crawling https://weather.com/weather/today/l/34.3700,73.4711?unit=c
2024-05-04T12:17:21.466Z [INFO] Scraping completed
2024-05-04T12:17:21.589Z [INFO] Scraping completed
2024-05-04T12:17:21.611Z [LOG] Add/Update successful [object Object]
2024-05-04T12:17:21.611Z [LOG] Thread 2 processed https://weather.com/weather/today/l/34.7717,72.3600?unit=c
2024-05-04T12:17:21.611Z [LOG] Thread 2 now crawling https://weather.com/weather/today/l/30.0500,70.6333?unit=c
2024-05-04T12:17:21.711Z [LOG] Add/Update successful [object Object]
2024-05-04T12:17:21.711Z [LOG] Thread 5 processed https://weather.com/weather/today/l/34.3333,73.2000?unit=c
2024-05-04T12:17:21.712Z [LOG] Thread 5 now crawling https://weather.com/weather/today/l/32.7012,73.9605?unit=c
2024-05-04T12:17:21.984Z [INFO] Scraping completed
2024-05-04T12:17:22.128Z [LOG] Add/Update successful [object Object]
2024-05-04T12:17:22.129Z [LOG] Thread 7 processed https://weather.com/weather/today/l/34.5656,71.9304?unit=c
2024-05-04T12:17:22.129Z [LOG] Thread 7 now crawling https://weather.com/weather/today/l/33.7667,72.3598?unit=c
2024-05-04T12:17:22.176Z [INFO] Scraping completed
2024-05-04T12:17:22.224Z [INFO] Scraping completed
2024-05-04T12:17:22.313Z [LOG] Add/Update successful [object Object]
2024-05-04T12:17:22.313Z [LOG] Thread 10 processed https://weather.com/weather/today/l/36.3078,74.6178?unit=c
2024-05-04T12:17:22.313Z [LOG] Thread 10 now crawling https://weather.com/weather/today/l/26.4568,65.2314?unit=c
2024-05-04T12:17:22.363Z [LOG] Add/Update successful [object Object]
2024-05-04T12:17:22.363Z [LOG] Thread 1 processed https://weather.com/weather/today/l/32.1500,74.1833?unit=c
2024-05-04T12:17:22.364Z [LOG] Thread 1 now crawling https://weather.com/weather/today/l/33.6989,73.0369?unit=c
2024-05-04T12:17:22.692Z [INFO] Scraping completed
2024-05-04T12:17:22.793Z [INFO] Scraping completed
2024-05-04T12:17:22.814Z [LOG] Add/Update successful [object Object]
2024-05-04T12:17:22.815Z [LOG] Thread 9 processed https://weather.com/weather/today/l/30.8594,69.8221?unit=c
2024-05-04T12:17:22.815Z [LOG] Thread 9 now crawling https://weather.com/weather/today/l/30.3814,67.7258?unit=c
2024-05-04T12:17:22.894Z [LOG] Add/Update successful [object Object]
2024-05-04T12:17:22.894Z [LOG] Thread 6 processed https://weather.com/weather/today/l/35.8511,71.7889?unit=c
2024-05-04T12:17:22.894Z [LOG] Thread 6 now crawling https://weather.com/weather/today/l/35.9206,74.3783?unit=c
2024-05-04T12:17:23.266Z [INFO] Scraping completed
2024-05-04T12:17:23.377Z [LOG] Add/Update successful [object Object]
2024-05-04T12:17:23.378Z [LOG] Thread 3 processed https://weather.com/weather/today/l/26.7319,67.7750?unit=c
2024-05-04T12:17:23.378Z [LOG] Thread 3 now crawling https://weather.com/weather/today/l/27.8000,66.6167?unit=c
2024-05-04T12:17:23.758Z [INFO] Scraping completed
2024-05-04T12:17:23.866Z [LOG] Add/Update successful [object Object]
2024-05-04T12:17:23.866Z [LOG] Thread 4 processed https://weather.com/weather/today/l/34.3700,73.4711?unit=c
2024-05-04T12:17:23.866Z [LOG] Thread 4 now crawling https://weather.com/weather/today/l/32.5853,71.5436?unit=c
2024-05-04T12:17:24.366Z [INFO] Scraping completed
2024-05-04T12:17:24.469Z [LOG] Add/Update successful [object Object]
2024-05-04T12:17:24.469Z [LOG] Thread 8 processed https://weather.com/weather/today/l/32.6072,70.9123?unit=c
2024-05-04T12:17:24.470Z [LOG] Thread 8 now crawling https://weather.com/weather/today/l/29.1041,70.3297?unit=c
2024-05-04T12:17:24.622Z [INFO] Scraping completed
2024-05-04T12:17:24.767Z [LOG] Add/Update successful [object Object]
2024-05-04T12:17:24.768Z [LOG] Thread 2 processed https://weather.com/weather/today/l/30.0500,70.6333?unit=c
2024-05-04T12:17:24.768Z [LOG] Thread 2 now crawling https://weather.com/weather/today/l/26.2442,68.4100?unit=c
2024-05-04T12:17:25.242Z [INFO] Scraping completed
2024-05-04T12:17:25.295Z [INFO] Scraping completed
2024-05-04T12:17:25.362Z [LOG] Add/Update successful [object Object]
2024-05-04T12:17:25.363Z [LOG] Thread 5 processed https://weather.com/weather/today/l/32.7012,73.9605?unit=c
2024-05-04T12:17:25.363Z [LOG] Thread 5 now crawling https://weather.com/weather/today/l/31.4492,73.7124?unit=c
2024-05-04T12:17:25.442Z [LOG] Add/Update successful [object Object]
2024-05-04T12:17:25.442Z [LOG] Thread 7 processed https://weather.com/weather/today/l/33.7667,72.3598?unit=c
2024-05-04T12:17:25.442Z [LOG] Thread 7 now crawling https://weather.com/weather/today/l/34.6796,73.0263?unit=c
2024-05-04T12:17:25.816Z [INFO] Scraping completed
2024-05-04T12:17:25.941Z [LOG] Add/Update successful [object Object]
2024-05-04T12:17:25.941Z [LOG] Thread 1 processed https://weather.com/weather/today/l/33.6989,73.0369?unit=c
2024-05-04T12:17:25.942Z [LOG] Thread 1 now crawling https://weather.com/weather/today/l/30.1920,67.0070?unit=c
2024-05-04T12:17:25.969Z [INFO] Scraping completed
2024-05-04T12:17:26.091Z [LOG] Add/Update successful [object Object]
2024-05-04T12:17:26.091Z [LOG] Thread 10 processed https://weather.com/weather/today/l/26.4568,65.2314?unit=c
2024-05-04T12:17:26.091Z [LOG] Thread 10 now crawling https://weather.com/weather/today/l/28.8885,64.4062?unit=c
2024-05-04T12:17:26.164Z [INFO] Scraping completed
2024-05-04T12:17:26.290Z [LOG] Add/Update successful [object Object]
2024-05-04T12:17:26.290Z [LOG] Thread 9 processed https://weather.com/weather/today/l/30.3814,67.7258?unit=c
2024-05-04T12:17:26.290Z [LOG] Thread 9 now crawling https://weather.com/weather/today/l/28.6132,67.4856?unit=c
2024-05-04T12:17:26.655Z [INFO] Scraping completed
2024-05-04T12:17:26.766Z [LOG] Add/Update successful [object Object]
2024-05-04T12:17:26.767Z [LOG] Thread 6 processed https://weather.com/weather/today/l/35.9206,74.3783?unit=c
2024-05-04T12:17:26.767Z [LOG] Thread 6 now crawling https://weather.com/weather/today/l/31.9286,70.4592?unit=c
2024-05-04T12:17:26.910Z [INFO] Scraping completed
2024-05-04T12:17:27.024Z [LOG] Add/Update successful [object Object]
2024-05-04T12:17:27.024Z [LOG] Thread 3 processed https://weather.com/weather/today/l/27.8000,66.6167?unit=c
2024-05-04T12:17:27.025Z [LOG] Thread 3 now crawling https://weather.com/weather/today/l/30.3500,73.4000?unit=c
2024-05-04T12:17:27.072Z [INFO] Scraping completed
2024-05-04T12:17:27.190Z [LOG] Add/Update successful [object Object]
2024-05-04T12:17:27.190Z [LOG] Thread 4 processed https://weather.com/weather/today/l/32.5853,71.5436?unit=c
2024-05-04T12:17:27.191Z [LOG] Thread 4 now crawling https://weather.com/weather/today/l/32.7667,74.2167?unit=c
2024-05-04T12:17:27.749Z [INFO] Scraping completed
2024-05-04T12:17:27.882Z [LOG] Add/Update successful [object Object]
2024-05-04T12:17:27.883Z [LOG] Thread 8 processed https://weather.com/weather/today/l/29.1041,70.3297?unit=c
2024-05-04T12:17:27.883Z [LOG] Thread 8 now crawling https://weather.com/weather/today/l/28.4167,68.1667?unit=c
2024-05-04T12:17:28.091Z [INFO] Scraping completed
2024-05-04T12:17:28.189Z [LOG] Add/Update successful [object Object]
2024-05-04T12:17:28.189Z [LOG] Thread 2 processed https://weather.com/weather/today/l/26.2442,68.4100?unit=c
2024-05-04T12:17:28.189Z [LOG] Thread 2 now crawling https://weather.com/weather/today/l/30.6706,73.1064?unit=c
2024-05-04T12:17:28.653Z [INFO] Scraping completed
2024-05-04T12:17:28.759Z [LOG] Add/Update successful [object Object]
2024-05-04T12:17:28.760Z [LOG] Thread 5 processed https://weather.com/weather/today/l/31.4492,73.7124?unit=c
2024-05-04T12:17:28.760Z [LOG] Thread 5 now crawling https://weather.com/weather/today/l/32.9889,70.6056?unit=c
2024-05-04T12:17:28.873Z [INFO] Scraping completed
2024-05-04T12:17:29.016Z [LOG] Add/Update successful [object Object]
2024-05-04T12:17:29.017Z [LOG] Thread 7 processed https://weather.com/weather/today/l/34.6796,73.0263?unit=c
2024-05-04T12:17:29.017Z [LOG] Thread 7 now crawling https://weather.com/weather/today/l/25.5971,68.4467?unit=c
2024-05-04T12:17:29.313Z [INFO] Scraping completed
2024-05-04T12:17:29.444Z [INFO] Scraping completed
2024-05-04T12:17:29.470Z [LOG] Add/Update successful [object Object]
2024-05-04T12:17:29.470Z [LOG] Thread 1 processed https://weather.com/weather/today/l/30.1920,67.0070?unit=c
2024-05-04T12:17:29.471Z [LOG] Thread 1 now crawling https://weather.com/weather/today/l/29.3956,71.6722?unit=c
2024-05-04T12:17:29.557Z [LOG] Add/Update successful [object Object]
2024-05-04T12:17:29.557Z [LOG] Thread 10 processed https://weather.com/weather/today/l/28.8885,64.4062?unit=c
2024-05-04T12:17:29.558Z [LOG] Remaining URLs: 135
2024-05-04T12:17:29.862Z [INFO] Scraping completed
2024-05-04T12:17:29.975Z [INFO] Scraping completed
2024-05-04T12:17:29.980Z [LOG] Add/Update successful [object Object]
2024-05-04T12:17:29.981Z [LOG] Thread 6 processed https://weather.com/weather/today/l/31.9286,70.4592?unit=c
2024-05-04T12:17:29.981Z [LOG] Thread 6 now crawling https://weather.com/weather/today/l/33.5156,73.9019?unit=c
2024-05-04T12:17:30.079Z [LOG] Add/Update successful [object Object]
2024-05-04T12:17:30.079Z [LOG] Thread 4 processed https://weather.com/weather/today/l/32.7667,74.2167?unit=c
2024-05-04T12:17:30.079Z [LOG] Thread 4 now crawling https://weather.com/weather/today/l/31.6333,71.0667?unit=c
2024-05-04T12:17:30.413Z [INFO] Scraping completed
2024-05-04T12:17:30.503Z [LOG] Add/Update successful [object Object]
2024-05-04T12:17:30.504Z [LOG] Thread 3 processed https://weather.com/weather/today/l/30.3500,73.4000?unit=c
2024-05-04T12:17:30.504Z [LOG] Thread 3 now crawling https://weather.com/weather/today/l/25.4667,68.7167?unit=c
2024-05-04T12:17:31.012Z [INFO] Scraping completed
2024-05-04T12:17:31.051Z [INFO] Scraping completed
2024-05-04T12:17:31.118Z [LOG] Add/Update successful [object Object]
2024-05-04T12:17:31.118Z [LOG] Thread 8 processed https://weather.com/weather/today/l/28.4167,68.1667?unit=c
2024-05-04T12:17:31.119Z [LOG] Thread 8 now crawling https://weather.com/weather/today/l/27.8473,67.9068?unit=c
2024-05-04T12:17:31.155Z [LOG] Add/Update successful [object Object]
2024-05-04T12:17:31.155Z [LOG] Thread 9 processed https://weather.com/weather/today/l/28.6132,67.4856?unit=c
2024-05-04T12:17:31.155Z [LOG] Thread 9 now crawling https://weather.com/weather/today/l/29.5430,67.8773?unit=c
2024-05-04T12:17:31.227Z [INFO] Scraping completed
2024-05-04T12:17:31.376Z [LOG] Add/Update successful [object Object]
2024-05-04T12:17:31.376Z [LOG] Thread 2 processed https://weather.com/weather/today/l/30.6706,73.1064?unit=c
2024-05-04T12:17:31.376Z [LOG] Thread 2 now crawling https://weather.com/weather/today/l/25.5269,69.0111?unit=c
2024-05-04T12:17:31.847Z [INFO] Scraping completed
2024-05-04T12:17:31.938Z [LOG] Add/Update successful [object Object]
2024-05-04T12:17:31.939Z [LOG] Thread 5 processed https://weather.com/weather/today/l/32.9889,70.6056?unit=c
2024-05-04T12:17:31.939Z [LOG] Thread 5 now crawling https://weather.com/weather/today/l/34.8281,71.8408?unit=c
2024-05-04T12:17:32.204Z [INFO] Scraping completed
2024-05-04T12:17:32.301Z [LOG] Add/Update successful [object Object]
2024-05-04T12:17:32.301Z [LOG] Thread 7 processed https://weather.com/weather/today/l/25.5971,68.4467?unit=c
2024-05-04T12:17:32.302Z [LOG] Thread 7 now crawling https://weather.com/weather/today/l/28.0064,69.3150?unit=c
2024-05-04T12:17:32.338Z [INFO] Scraping completed
2024-05-04T12:17:32.440Z [LOG] Add/Update successful [object Object]
2024-05-04T12:17:32.441Z [LOG] Thread 1 processed https://weather.com/weather/today/l/29.3956,71.6722?unit=c
2024-05-04T12:17:32.441Z [LOG] Thread 1 now crawling https://weather.com/weather/today/l/32.0836,72.6711?unit=c
2024-05-04T12:17:33.125Z [INFO] Scraping completed
2024-05-04T12:17:33.165Z [INFO] Scraping completed
2024-05-04T12:17:33.232Z [LOG] Add/Update successful [object Object]
2024-05-04T12:17:33.233Z [LOG] Thread 4 processed https://weather.com/weather/today/l/31.6333,71.0667?unit=c
2024-05-04T12:17:33.233Z [LOG] Thread 4 now crawling https://weather.com/weather/today/l/31.3417,69.4486?unit=c
2024-05-04T12:17:33.301Z [LOG] Add/Update successful [object Object]
2024-05-04T12:17:33.301Z [LOG] Thread 6 processed https://weather.com/weather/today/l/33.5156,73.9019?unit=c
2024-05-04T12:17:33.301Z [LOG] Thread 6 now crawling https://weather.com/weather/today/l/35.9208,74.3144?unit=c
2024-05-04T12:17:33.677Z [INFO] Scraping completed
2024-05-04T12:17:33.807Z [LOG] Add/Update successful [object Object]
2024-05-04T12:17:33.808Z [LOG] Thread 3 processed https://weather.com/weather/today/l/25.4667,68.7167?unit=c
2024-05-04T12:17:33.808Z [LOG] Thread 3 now crawling https://weather.com/weather/today/l/30.0419,72.3528?unit=c
2024-05-04T12:17:34.114Z [INFO] Scraping completed
2024-05-04T12:17:34.194Z [LOG] Add/Update successful [object Object]
2024-05-04T12:17:34.195Z [LOG] Thread 9 processed https://weather.com/weather/today/l/29.5430,67.8773?unit=c
2024-05-04T12:17:34.195Z [LOG] Thread 9 now crawling https://weather.com/weather/today/l/29.0362,69.1585?unit=c
2024-05-04T12:17:34.528Z [INFO] Scraping completed
2024-05-04T12:17:34.624Z [LOG] Add/Update successful [object Object]
2024-05-04T12:17:34.624Z [LOG] Thread 8 processed https://weather.com/weather/today/l/27.8473,67.9068?unit=c
2024-05-04T12:17:34.624Z [LOG] Thread 8 now crawling https://weather.com/weather/today/l/30.5833,67.0000?unit=c
2024-05-04T12:17:35.211Z [INFO] Scraping completed
2024-05-04T12:17:35.259Z [INFO] Scraping completed
2024-05-04T12:17:35.300Z [INFO] Scraping completed
2024-05-04T12:17:35.313Z [LOG] Add/Update successful [object Object]
2024-05-04T12:17:35.313Z [LOG] Thread 5 processed https://weather.com/weather/today/l/34.8281,71.8408?unit=c
2024-05-04T12:17:35.314Z [LOG] Thread 5 now crawling https://weather.com/weather/today/l/33.8992,70.1008?unit=c
2024-05-04T12:17:35.352Z [LOG] Add/Update successful [object Object]
2024-05-04T12:17:35.352Z [LOG] Thread 2 processed https://weather.com/weather/today/l/25.5269,69.0111?unit=c
2024-05-04T12:17:35.352Z [LOG] Thread 2 now crawling https://weather.com/weather/today/l/30.8100,73.4597?unit=c
2024-05-04T12:17:35.402Z [LOG] Add/Update successful [object Object]
2024-05-04T12:17:35.403Z [LOG] Thread 7 processed https://weather.com/weather/today/l/28.0064,69.3150?unit=c
2024-05-04T12:17:35.403Z [LOG] Thread 7 now crawling https://weather.com/weather/today/l/26.8401,68.1227?unit=c
2024-05-04T12:17:35.878Z [INFO] Scraping completed
2024-05-04T12:17:36.008Z [LOG] Add/Update successful [object Object]
2024-05-04T12:17:36.009Z [LOG] Thread 1 processed https://weather.com/weather/today/l/32.0836,72.6711?unit=c
2024-05-04T12:17:36.009Z [LOG] Thread 1 now crawling https://weather.com/weather/today/l/33.1333,73.7500?unit=c
2024-05-04T12:17:36.474Z [INFO] Scraping completed
2024-05-04T12:17:36.522Z [INFO] Scraping completed
2024-05-04T12:17:36.591Z [LOG] Add/Update successful [object Object]
2024-05-04T12:17:36.592Z [LOG] Thread 4 processed https://weather.com/weather/today/l/31.3417,69.4486?unit=c
2024-05-04T12:17:36.592Z [LOG] Thread 4 now crawling https://weather.com/weather/today/l/32.8110,73.8650?unit=c
2024-05-04T12:17:36.618Z [LOG] Add/Update successful [object Object]
2024-05-04T12:17:36.618Z [LOG] Thread 6 processed https://weather.com/weather/today/l/35.9208,74.3144?unit=c
2024-05-04T12:17:36.618Z [LOG] Thread 6 now crawling https://weather.com/weather/today/l/25.3969,68.3772?unit=c
2024-05-04T12:17:37.272Z [INFO] Scraping completed
2024-05-04T12:17:37.355Z [LOG] Add/Update successful [object Object]
2024-05-04T12:17:37.355Z [LOG] Thread 3 processed https://weather.com/weather/today/l/30.0419,72.3528?unit=c
2024-05-04T12:17:37.355Z [LOG] Thread 3 now crawling https://weather.com/weather/today/l/31.3342,73.4194?unit=c
2024-05-04T12:17:37.718Z [INFO] Scraping completed
2024-05-04T12:17:37.785Z [INFO] Scraping completed
2024-05-04T12:17:37.814Z [LOG] Add/Update successful [object Object]
2024-05-04T12:17:37.814Z [LOG] Thread 9 processed https://weather.com/weather/today/l/29.0362,69.1585?unit=c
2024-05-04T12:17:37.815Z [LOG] Thread 9 now crawling https://weather.com/weather/today/l/35.3471,74.8563?unit=c
2024-05-04T12:17:37.884Z [LOG] Add/Update successful [object Object]
2024-05-04T12:17:37.884Z [LOG] Thread 8 processed https://weather.com/weather/today/l/30.5833,67.0000?unit=c
2024-05-04T12:17:37.884Z [LOG] Thread 8 now crawling https://weather.com/weather/today/l/26.0464,68.9481?unit=c
2024-05-04T12:17:38.475Z [INFO] Scraping completed
2024-05-04T12:17:38.505Z [INFO] Scraping completed
2024-05-04T12:17:38.586Z [LOG] Add/Update successful [object Object]
2024-05-04T12:17:38.586Z [LOG] Thread 7 processed https://weather.com/weather/today/l/26.8401,68.1227?unit=c
2024-05-04T12:17:38.586Z [LOG] Thread 7 now crawling https://weather.com/weather/today/l/34.9000,72.6556?unit=c
2024-05-04T12:17:38.614Z [LOG] Add/Update successful [object Object]
2024-05-04T12:17:38.615Z [LOG] Thread 2 processed https://weather.com/weather/today/l/30.8100,73.4597?unit=c
2024-05-04T12:17:38.615Z [LOG] Thread 2 now crawling https://weather.com/weather/today/l/30.1500,72.6833?unit=c
2024-05-04T12:17:38.810Z [INFO] Scraping completed
2024-05-04T12:17:38.915Z [LOG] Add/Update successful [object Object]
2024-05-04T12:17:38.916Z [LOG] Thread 5 processed https://weather.com/weather/today/l/33.8992,70.1008?unit=c
2024-05-04T12:17:38.916Z [LOG] Thread 5 now crawling https://weather.com/weather/today/l/25.1264,62.3225?unit=c
2024-05-04T12:17:39.414Z [INFO] Scraping completed
2024-05-04T12:17:39.531Z [LOG] Add/Update successful [object Object]
2024-05-04T12:17:39.531Z [LOG] Thread 1 processed https://weather.com/weather/today/l/33.1333,73.7500?unit=c
2024-05-04T12:17:39.531Z [LOG] Thread 1 now crawling https://weather.com/weather/today/l/31.7167,72.9833?unit=c
2024-05-04T12:17:40.265Z [INFO] Scraping completed
2024-05-04T12:17:40.379Z [INFO] Scraping completed
2024-05-04T12:17:40.381Z [LOG] Add/Update successful [object Object]
2024-05-04T12:17:40.381Z [LOG] Thread 6 processed https://weather.com/weather/today/l/25.3969,68.3772?unit=c
2024-05-04T12:17:40.382Z [LOG] Thread 6 now crawling https://weather.com/weather/today/l/32.1020,74.8730?unit=c
2024-05-04T12:17:40.474Z [LOG] Add/Update successful [object Object]
2024-05-04T12:17:40.474Z [LOG] Thread 4 processed https://weather.com/weather/today/l/32.8110,73.8650?unit=c
2024-05-04T12:17:40.475Z [LOG] Remaining URLs: 120
2024-05-04T12:17:40.946Z [INFO] Scraping completed
2024-05-04T12:17:40.989Z [INFO] Scraping completed
2024-05-04T12:17:41.058Z [LOG] Add/Update successful [object Object]
2024-05-04T12:17:41.059Z [LOG] Thread 8 processed https://weather.com/weather/today/l/26.0464,68.9481?unit=c
2024-05-04T12:17:41.059Z [LOG] Thread 8 now crawling https://weather.com/weather/today/l/35.2074,71.8768?unit=c
2024-05-04T12:17:41.083Z [LOG] Add/Update successful [object Object]
2024-05-04T12:17:41.084Z [LOG] Thread 9 processed https://weather.com/weather/today/l/35.3471,74.8563?unit=c
2024-05-04T12:17:41.084Z [LOG] Thread 9 now crawling https://weather.com/weather/today/l/26.0012,63.0485?unit=c
2024-05-04T12:17:41.103Z [INFO] Scraping completed
2024-05-04T12:17:41.204Z [LOG] Add/Update successful [object Object]
2024-05-04T12:17:41.204Z [LOG] Thread 3 processed https://weather.com/weather/today/l/31.3342,73.4194?unit=c
2024-05-04T12:17:41.205Z [LOG] Remaining URLs: 105
2024-05-04T12:17:41.475Z [INFO] Scraping completed
2024-05-04T12:17:41.572Z [LOG] Add/Update successful [object Object]
2024-05-04T12:17:41.572Z [LOG] Thread 7 processed https://weather.com/weather/today/l/34.9000,72.6556?unit=c
2024-05-04T12:17:41.573Z [LOG] Remaining URLs: 90
2024-05-04T12:17:41.574Z [INFO] Scraping completed
2024-05-04T12:17:41.674Z [LOG] Add/Update successful [object Object]
2024-05-04T12:17:41.674Z [LOG] Thread 2 processed https://weather.com/weather/today/l/30.1500,72.6833?unit=c
2024-05-04T12:17:41.674Z [LOG] Remaining URLs: 75
2024-05-04T12:17:42.010Z [INFO] Scraping completed
2024-05-04T12:17:42.097Z [LOG] Add/Update successful [object Object]
2024-05-04T12:17:42.098Z [LOG] Thread 5 processed https://weather.com/weather/today/l/25.1264,62.3225?unit=c
2024-05-04T12:17:42.099Z [LOG] Remaining URLs: 60
2024-05-04T12:17:42.390Z [INFO] Scraping completed
2024-05-04T12:17:42.499Z [LOG] Add/Update successful [object Object]
2024-05-04T12:17:42.500Z [LOG] Thread 1 processed https://weather.com/weather/today/l/31.7167,72.9833?unit=c
2024-05-04T12:17:42.500Z [LOG] Remaining URLs: 45
2024-05-04T12:17:42.871Z [INFO] Scraping completed
2024-05-04T12:17:42.959Z [LOG] Add/Update successful [object Object]
2024-05-04T12:17:42.960Z [LOG] Thread 6 processed https://weather.com/weather/today/l/32.1020,74.8730?unit=c
2024-05-04T12:17:42.960Z [LOG] Remaining URLs: 30
2024-05-04T12:17:43.625Z [INFO] Scraping completed
2024-05-04T12:17:43.699Z [INFO] Scraping completed
2024-05-04T12:17:43.718Z [LOG] Add/Update successful [object Object]
2024-05-04T12:17:43.718Z [LOG] Thread 9 processed https://weather.com/weather/today/l/26.0012,63.0485?unit=c
2024-05-04T12:17:43.719Z [LOG] Remaining URLs: 15
2024-05-04T12:17:43.789Z [LOG] Add/Update successful [object Object]
2024-05-04T12:17:43.789Z [LOG] Thread 8 processed https://weather.com/weather/today/l/35.2074,71.8768?unit=c
2024-05-04T12:17:43.790Z [LOG] Remaining URLs: 0
2024-05-04T12:17:43.790Z [LOG] All URLs processed.
