2024-11-01T00:18:32.754Z [LOG] Queue initialized successfully.
2024-11-01T00:18:32.770Z [LOG] Total URLs: 146
2024-11-01T00:18:33.196Z [LOG] Thread 4 now crawling https://weather.com/weather/today/l/30.7258,72.6447?unit=c
2024-11-01T00:18:33.215Z [LOG] Thread 3 now crawling https://weather.com/weather/today/l/28.2769,68.4514?unit=c
2024-11-01T00:18:33.208Z [LOG] Thread 5 now crawling https://weather.com/weather/today/l/30.4397,72.3544?unit=c
2024-11-01T00:18:33.258Z [LOG] Thread 8 now crawling https://weather.com/weather/today/l/33.9803,73.7747?unit=c
2024-11-01T00:18:33.270Z [LOG] Thread 7 now crawling https://weather.com/weather/today/l/27.5295,68.7592?unit=c
2024-11-01T00:18:33.253Z [LOG] Thread 2 now crawling https://weather.com/weather/today/l/27.6995,68.8673?unit=c
2024-11-01T00:18:33.282Z [LOG] Thread 10 now crawling https://weather.com/weather/today/l/25.8072,66.6219?unit=c
2024-11-01T00:18:33.295Z [LOG] Thread 1 now crawling https://weather.com/weather/today/l/24.8600,67.0100?unit=c
2024-11-01T00:18:33.332Z [LOG] Thread 9 now crawling https://weather.com/weather/today/l/24.7461,67.9243?unit=c
2024-11-01T00:18:33.379Z [LOG] Thread 6 now crawling https://weather.com/weather/today/l/30.5522,72.1278?unit=c
2024-11-01T00:18:37.863Z [INFO] Scraping completed
2024-11-01T00:18:37.981Z [INFO] Scraping completed
2024-11-01T00:18:38.053Z [LOG] Add/Update successful [object Object]
2024-11-01T00:18:38.053Z [LOG] Thread 6 processed https://weather.com/weather/today/l/30.5522,72.1278?unit=c
2024-11-01T00:18:38.054Z [LOG] Thread 6 now crawling https://weather.com/weather/today/l/33.8195,72.6890?unit=c
2024-11-01T00:18:38.124Z [LOG] Add/Update successful [object Object]
2024-11-01T00:18:38.124Z [LOG] Thread 5 processed https://weather.com/weather/today/l/30.4397,72.3544?unit=c
2024-11-01T00:18:38.125Z [LOG] Thread 5 now crawling https://weather.com/weather/today/l/25.4283,68.2822?unit=c
2024-11-01T00:18:38.376Z [INFO] Scraping completed
2024-11-01T00:18:38.532Z [LOG] Add/Update successful [object Object]
2024-11-01T00:18:38.533Z [LOG] Thread 8 processed https://weather.com/weather/today/l/33.9803,73.7747?unit=c
2024-11-01T00:18:38.533Z [LOG] Thread 8 now crawling https://weather.com/weather/today/l/34.5111,72.4844?unit=c
2024-11-01T00:18:38.754Z [INFO] Scraping completed
2024-11-01T00:18:38.758Z [INFO] Scraping completed
2024-11-01T00:18:39.023Z [LOG] Add/Update successful [object Object]
2024-11-01T00:18:39.023Z [LOG] Thread 7 processed https://weather.com/weather/today/l/27.5295,68.7592?unit=c
2024-11-01T00:18:39.024Z [LOG] Thread 7 now crawling https://weather.com/weather/today/l/30.3017,71.9321?unit=c
2024-11-01T00:18:39.071Z [LOG] Add/Update successful [object Object]
2024-11-01T00:18:39.072Z [LOG] Thread 1 processed https://weather.com/weather/today/l/24.8600,67.0100?unit=c
2024-11-01T00:18:39.072Z [LOG] Thread 1 now crawling https://weather.com/weather/today/l/31.5497,74.3436?unit=c
2024-11-01T00:18:39.108Z [INFO] Scraping completed
2024-11-01T00:18:39.211Z [INFO] Scraping completed
2024-11-01T00:18:39.334Z [INFO] Scraping completed
2024-11-01T00:18:39.346Z [LOG] Add/Update successful [object Object]
2024-11-01T00:18:39.355Z [LOG] Thread 3 processed https://weather.com/weather/today/l/28.2769,68.4514?unit=c
2024-11-01T00:18:39.356Z [LOG] Thread 3 now crawling https://weather.com/weather/today/l/28.3006,70.1302?unit=c
2024-11-01T00:18:39.351Z [INFO] Scraping completed
2024-11-01T00:18:39.471Z [INFO] Scraping completed
2024-11-01T00:18:39.527Z [LOG] Add/Update successful [object Object]
2024-11-01T00:18:39.528Z [LOG] Thread 4 processed https://weather.com/weather/today/l/30.7258,72.6447?unit=c
2024-11-01T00:18:39.528Z [LOG] Thread 4 now crawling https://weather.com/weather/today/l/30.4700,70.9644?unit=c
2024-11-01T00:18:39.585Z [LOG] Add/Update successful [object Object]
2024-11-01T00:18:39.586Z [LOG] Thread 9 processed https://weather.com/weather/today/l/24.7461,67.9243?unit=c
2024-11-01T00:18:39.586Z [LOG] Thread 9 now crawling https://weather.com/weather/today/l/28.5466,68.2231?unit=c
2024-11-01T00:18:39.659Z [LOG] Add/Update successful [object Object]
2024-11-01T00:18:39.659Z [LOG] Thread 2 processed https://weather.com/weather/today/l/27.6995,68.8673?unit=c
2024-11-01T00:18:39.659Z [LOG] Thread 2 now crawling https://weather.com/weather/today/l/27.5600,68.2264?unit=c
2024-11-01T00:18:39.712Z [LOG] Add/Update successful [object Object]
2024-11-01T00:18:39.713Z [LOG] Thread 10 processed https://weather.com/weather/today/l/25.8072,66.6219?unit=c
2024-11-01T00:18:39.713Z [LOG] Thread 10 now crawling https://weather.com/weather/today/l/27.7384,66.6434?unit=c
2024-11-01T00:18:41.762Z [INFO] Scraping completed
2024-11-01T00:18:41.858Z [LOG] Add/Update successful [object Object]
2024-11-01T00:18:41.859Z [LOG] Thread 6 processed https://weather.com/weather/today/l/33.8195,72.6890?unit=c
2024-11-01T00:18:41.859Z [LOG] Thread 6 now crawling https://weather.com/weather/today/l/32.2167,70.3833?unit=c
2024-11-01T00:18:42.093Z [INFO] Scraping completed
2024-11-01T00:18:42.186Z [LOG] Add/Update successful [object Object]
2024-11-01T00:18:42.186Z [LOG] Thread 8 processed https://weather.com/weather/today/l/34.5111,72.4844?unit=c
2024-11-01T00:18:42.186Z [LOG] Thread 8 now crawling https://weather.com/weather/today/l/29.9983,73.2527?unit=c
2024-11-01T00:18:42.211Z [INFO] Scraping completed
2024-11-01T00:18:42.358Z [LOG] Add/Update successful [object Object]
2024-11-01T00:18:42.358Z [LOG] Thread 5 processed https://weather.com/weather/today/l/25.4283,68.2822?unit=c
2024-11-01T00:18:42.358Z [LOG] Thread 5 now crawling https://weather.com/weather/today/l/31.0214,73.8528?unit=c
2024-11-01T00:18:42.748Z [INFO] Scraping completed
2024-11-01T00:18:42.843Z [INFO] Scraping completed
2024-11-01T00:18:43.129Z [INFO] Scraping completed
2024-11-01T00:18:43.377Z [LOG] Add/Update successful [object Object]
2024-11-01T00:18:43.378Z [LOG] Thread 10 processed https://weather.com/weather/today/l/27.7384,66.6434?unit=c
2024-11-01T00:18:43.378Z [LOG] Thread 10 now crawling https://weather.com/weather/today/l/35.4206,74.0967?unit=c
2024-11-01T00:18:43.390Z [LOG] Add/Update successful [object Object]
2024-11-01T00:18:43.396Z [LOG] Thread 1 processed https://weather.com/weather/today/l/31.5497,74.3436?unit=c
2024-11-01T00:18:43.397Z [LOG] Thread 1 now crawling https://weather.com/weather/today/l/32.5000,74.5333?unit=c
2024-11-01T00:18:43.460Z [LOG] Add/Update successful [object Object]
2024-11-01T00:18:43.685Z [LOG] Thread 2 processed https://weather.com/weather/today/l/27.5600,68.2264?unit=c
2024-11-01T00:18:43.686Z [LOG] Thread 2 now crawling https://weather.com/weather/today/l/31.7083,74.0000?unit=c
2024-11-01T00:18:43.924Z [INFO] Scraping completed
2024-11-01T00:18:44.265Z [INFO] Scraping completed
2024-11-01T00:18:44.274Z [LOG] Add/Update successful [object Object]
2024-11-01T00:18:44.429Z [LOG] Thread 4 processed https://weather.com/weather/today/l/30.4700,70.9644?unit=c
2024-11-01T00:18:44.429Z [LOG] Thread 4 now crawling https://weather.com/weather/today/l/34.0153,71.9747?unit=c
2024-11-01T00:18:44.628Z [LOG] Add/Update successful [object Object]
2024-11-01T00:18:44.676Z [LOG] Thread 9 processed https://weather.com/weather/today/l/28.5466,68.2231?unit=c
2024-11-01T00:18:44.677Z [LOG] Thread 9 now crawling https://weather.com/weather/today/l/29.8965,69.2532?unit=c
2024-11-01T00:18:44.749Z [INFO] Scraping completed
2024-11-01T00:18:44.839Z [INFO] Scraping completed
2024-11-01T00:18:45.126Z [LOG] Add/Update successful [object Object]
2024-11-01T00:18:45.127Z [LOG] Thread 7 processed https://weather.com/weather/today/l/30.3017,71.9321?unit=c
2024-11-01T00:18:45.127Z [LOG] Thread 7 now crawling https://weather.com/weather/today/l/32.9333,73.7333?unit=c
2024-11-01T00:18:45.130Z [LOG] Add/Update successful [object Object]
2024-11-01T00:18:45.130Z [LOG] Thread 3 processed https://weather.com/weather/today/l/28.3006,70.1302?unit=c
2024-11-01T00:18:45.131Z [LOG] Thread 3 now crawling https://weather.com/weather/today/l/33.5869,71.4414?unit=c
2024-11-01T00:18:46.291Z [INFO] Scraping completed
2024-11-01T00:18:46.353Z [LOG] Add/Update successful [object Object]
2024-11-01T00:18:46.354Z [LOG] Thread 6 processed https://weather.com/weather/today/l/32.2167,70.3833?unit=c
2024-11-01T00:18:46.354Z [LOG] Thread 6 now crawling https://weather.com/weather/today/l/33.5281,71.0572?unit=c
2024-11-01T00:18:47.329Z [INFO] Scraping completed
2024-11-01T00:18:47.422Z [LOG] Add/Update successful [object Object]
2024-11-01T00:18:47.423Z [LOG] Thread 8 processed https://weather.com/weather/today/l/29.9983,73.2527?unit=c
2024-11-01T00:18:47.423Z [LOG] Thread 8 now crawling https://weather.com/weather/today/l/30.9646,70.9444?unit=c
2024-11-01T00:18:47.538Z [INFO] Scraping completed
2024-11-01T00:18:47.628Z [INFO] Scraping completed
2024-11-01T00:18:47.662Z [LOG] Add/Update successful [object Object]
2024-11-01T00:18:47.662Z [LOG] Thread 5 processed https://weather.com/weather/today/l/31.0214,73.8528?unit=c
2024-11-01T00:18:47.663Z [LOG] Thread 5 now crawling https://weather.com/weather/today/l/29.6100,73.1361?unit=c
2024-11-01T00:18:47.732Z [INFO] Scraping completed
2024-11-01T00:18:47.763Z [LOG] Add/Update successful [object Object]
2024-11-01T00:18:47.763Z [LOG] Thread 2 processed https://weather.com/weather/today/l/31.7083,74.0000?unit=c
2024-11-01T00:18:47.764Z [LOG] Thread 2 now crawling https://weather.com/weather/today/l/31.2681,72.3181?unit=c
2024-11-01T00:18:47.815Z [LOG] Add/Update successful [object Object]
2024-11-01T00:18:47.815Z [LOG] Thread 1 processed https://weather.com/weather/today/l/32.5000,74.5333?unit=c
2024-11-01T00:18:47.816Z [LOG] Thread 1 now crawling https://weather.com/weather/today/l/31.4180,73.0790?unit=c
2024-11-01T00:18:48.504Z [INFO] Scraping completed
2024-11-01T00:18:48.584Z [INFO] Scraping completed
2024-11-01T00:18:48.589Z [LOG] Add/Update successful [object Object]
2024-11-01T00:18:48.590Z [LOG] Thread 4 processed https://weather.com/weather/today/l/34.0153,71.9747?unit=c
2024-11-01T00:18:48.590Z [LOG] Thread 4 now crawling https://weather.com/weather/today/l/34.1167,72.4667?unit=c
2024-11-01T00:18:48.657Z [LOG] Add/Update successful [object Object]
2024-11-01T00:18:48.658Z [LOG] Thread 10 processed https://weather.com/weather/today/l/35.4206,74.0967?unit=c
2024-11-01T00:18:48.658Z [LOG] Thread 10 now crawling https://weather.com/weather/today/l/29.0266,66.5936?unit=c
2024-11-01T00:18:49.164Z [INFO] Scraping completed
2024-11-01T00:18:49.249Z [LOG] Add/Update successful [object Object]
2024-11-01T00:18:49.250Z [LOG] Thread 7 processed https://weather.com/weather/today/l/32.9333,73.7333?unit=c
2024-11-01T00:18:49.250Z [LOG] Thread 7 now crawling https://weather.com/weather/today/l/33.9942,72.9333?unit=c
2024-11-01T00:18:49.635Z [INFO] Scraping completed
2024-11-01T00:18:49.689Z [LOG] Add/Update successful [object Object]
2024-11-01T00:18:49.689Z [LOG] Thread 9 processed https://weather.com/weather/today/l/29.8965,69.2532?unit=c
2024-11-01T00:18:49.690Z [LOG] Thread 9 now crawling https://weather.com/weather/today/l/29.7997,66.8455?unit=c
2024-11-01T00:18:50.297Z [INFO] Scraping completed
2024-11-01T00:18:50.308Z [INFO] Scraping completed
2024-11-01T00:18:50.377Z [LOG] Add/Update successful [object Object]
2024-11-01T00:18:50.377Z [LOG] Thread 6 processed https://weather.com/weather/today/l/33.5281,71.0572?unit=c
2024-11-01T00:18:50.378Z [LOG] Thread 6 now crawling https://weather.com/weather/today/l/34.0049,71.9989?unit=c
2024-11-01T00:18:50.396Z [LOG] Add/Update successful [object Object]
2024-11-01T00:18:50.397Z [LOG] Thread 3 processed https://weather.com/weather/today/l/33.5869,71.4414?unit=c
2024-11-01T00:18:50.397Z [LOG] Thread 3 now crawling https://weather.com/weather/today/l/31.8020,74.2550?unit=c
2024-11-01T00:18:50.729Z [INFO] Scraping completed
2024-11-01T00:18:50.808Z [LOG] Add/Update successful [object Object]
2024-11-01T00:18:50.809Z [LOG] Thread 8 processed https://weather.com/weather/today/l/30.9646,70.9444?unit=c
2024-11-01T00:18:50.809Z [LOG] Thread 8 now crawling https://weather.com/weather/today/l/25.1239,68.5389?unit=c
2024-11-01T00:18:51.298Z [INFO] Scraping completed
2024-11-01T00:18:51.393Z [LOG] Add/Update successful [object Object]
2024-11-01T00:18:51.393Z [LOG] Thread 5 processed https://weather.com/weather/today/l/29.6100,73.1361?unit=c
2024-11-01T00:18:51.394Z [LOG] Thread 5 now crawling https://weather.com/weather/today/l/30.9667,72.4833?unit=c
2024-11-01T00:18:51.791Z [INFO] Scraping completed
2024-11-01T00:18:51.877Z [LOG] Add/Update successful [object Object]
2024-11-01T00:18:51.877Z [LOG] Thread 2 processed https://weather.com/weather/today/l/31.2681,72.3181?unit=c
2024-11-01T00:18:51.878Z [LOG] Thread 2 now crawling https://weather.com/weather/today/l/28.4202,70.2952?unit=c
2024-11-01T00:18:52.074Z [INFO] Scraping completed
2024-11-01T00:18:52.154Z [LOG] Add/Update successful [object Object]
2024-11-01T00:18:52.154Z [LOG] Thread 4 processed https://weather.com/weather/today/l/34.1167,72.4667?unit=c
2024-11-01T00:18:52.154Z [LOG] Thread 4 now crawling https://weather.com/weather/today/l/31.8167,70.9167?unit=c
2024-11-01T00:18:52.731Z [INFO] Scraping completed
2024-11-01T00:18:52.801Z [LOG] Add/Update successful [object Object]
2024-11-01T00:18:52.801Z [LOG] Thread 10 processed https://weather.com/weather/today/l/29.0266,66.5936?unit=c
2024-11-01T00:18:52.801Z [LOG] Thread 10 now crawling https://weather.com/weather/today/l/26.9644,64.0903?unit=c
2024-11-01T00:18:52.841Z [INFO] Scraping completed
2024-11-01T00:18:52.911Z [LOG] Add/Update successful [object Object]
2024-11-01T00:18:52.911Z [LOG] Thread 1 processed https://weather.com/weather/today/l/31.4180,73.0790?unit=c
2024-11-01T00:18:52.911Z [LOG] Thread 1 now crawling https://weather.com/weather/today/l/33.6007,73.0679?unit=c
2024-11-01T00:18:53.249Z [INFO] Scraping completed
2024-11-01T00:18:53.329Z [INFO] Scraping completed
2024-11-01T00:18:53.330Z [LOG] Add/Update successful [object Object]
2024-11-01T00:18:53.333Z [LOG] Thread 7 processed https://weather.com/weather/today/l/33.9942,72.9333?unit=c
2024-11-01T00:18:53.334Z [LOG] Thread 7 now crawling https://weather.com/weather/today/l/27.9556,68.6382?unit=c
2024-11-01T00:18:53.410Z [LOG] Add/Update successful [object Object]
2024-11-01T00:18:53.410Z [LOG] Thread 9 processed https://weather.com/weather/today/l/29.7997,66.8455?unit=c
2024-11-01T00:18:53.410Z [LOG] Thread 9 now crawling https://weather.com/weather/today/l/35.2917,73.2906?unit=c
2024-11-01T00:18:54.251Z [INFO] Scraping completed
2024-11-01T00:18:54.322Z [LOG] Add/Update successful [object Object]
2024-11-01T00:18:54.322Z [LOG] Thread 3 processed https://weather.com/weather/today/l/31.8020,74.2550?unit=c
2024-11-01T00:18:54.322Z [LOG] Thread 3 now crawling https://weather.com/weather/today/l/30.0703,71.1933?unit=c
2024-11-01T00:18:54.372Z [INFO] Scraping completed
2024-11-01T00:18:54.442Z [LOG] Add/Update successful [object Object]
2024-11-01T00:18:54.443Z [LOG] Thread 8 processed https://weather.com/weather/today/l/25.1239,68.5389?unit=c
2024-11-01T00:18:54.443Z [LOG] Thread 8 now crawling https://weather.com/weather/today/l/32.9300,72.8500?unit=c
2024-11-01T00:18:54.915Z [INFO] Scraping completed
2024-11-01T00:18:54.978Z [LOG] Add/Update successful [object Object]
2024-11-01T00:18:54.978Z [LOG] Thread 2 processed https://weather.com/weather/today/l/28.4202,70.2952?unit=c
2024-11-01T00:18:54.978Z [LOG] Thread 2 now crawling https://weather.com/weather/today/l/32.5736,74.0789?unit=c
2024-11-01T00:18:55.402Z [INFO] Scraping completed
2024-11-01T00:18:55.482Z [LOG] Add/Update successful [object Object]
2024-11-01T00:18:55.483Z [LOG] Thread 5 processed https://weather.com/weather/today/l/30.9667,72.4833?unit=c
2024-11-01T00:18:55.483Z [LOG] Thread 5 now crawling https://weather.com/weather/today/l/32.2628,75.1583?unit=c
2024-11-01T00:18:55.574Z [INFO] Scraping completed
2024-11-01T00:18:55.581Z [INFO] Scraping completed
2024-11-01T00:18:55.654Z [LOG] Add/Update successful [object Object]
2024-11-01T00:18:55.655Z [LOG] Thread 4 processed https://weather.com/weather/today/l/31.8167,70.9167?unit=c
2024-11-01T00:18:55.655Z [LOG] Thread 4 now crawling https://weather.com/weather/today/l/30.9210,66.4597?unit=c
2024-11-01T00:18:55.662Z [LOG] Add/Update successful [object Object]
2024-11-01T00:18:55.662Z [LOG] Thread 6 processed https://weather.com/weather/today/l/34.0049,71.9989?unit=c
2024-11-01T00:18:55.663Z [LOG] Thread 6 now crawling https://weather.com/weather/today/l/33.1167,71.0833?unit=c
2024-11-01T00:18:56.050Z [INFO] Scraping completed
2024-11-01T00:18:56.118Z [LOG] Add/Update successful [object Object]
2024-11-01T00:18:56.118Z [LOG] Thread 1 processed https://weather.com/weather/today/l/33.6007,73.0679?unit=c
2024-11-01T00:18:56.118Z [LOG] Thread 1 now crawling https://weather.com/weather/today/l/34.0000,71.5000?unit=c
2024-11-01T00:18:56.499Z [INFO] Scraping completed
2024-11-01T00:18:56.571Z [LOG] Add/Update successful [object Object]
2024-11-01T00:18:56.572Z [LOG] Thread 10 processed https://weather.com/weather/today/l/26.9644,64.0903?unit=c
2024-11-01T00:18:56.572Z [LOG] Thread 10 now crawling https://weather.com/weather/today/l/36.1736,73.7667?unit=c
2024-11-01T00:18:56.822Z [INFO] Scraping completed
2024-11-01T00:18:56.913Z [LOG] Add/Update successful [object Object]
2024-11-01T00:18:56.914Z [LOG] Thread 7 processed https://weather.com/weather/today/l/27.9556,68.6382?unit=c
2024-11-01T00:18:56.914Z [LOG] Thread 7 now crawling https://weather.com/weather/today/l/33.8578,73.7604?unit=c
2024-11-01T00:18:57.895Z [INFO] Scraping completed
2024-11-01T00:18:57.995Z [LOG] Add/Update successful [object Object]
2024-11-01T00:18:57.996Z [LOG] Thread 8 processed https://weather.com/weather/today/l/32.9300,72.8500?unit=c
2024-11-01T00:18:57.996Z [LOG] Thread 8 now crawling https://weather.com/weather/today/l/32.2952,72.3502?unit=c
2024-11-01T00:18:58.210Z [INFO] Scraping completed
2024-11-01T00:18:58.311Z [LOG] Add/Update successful [object Object]
2024-11-01T00:18:58.312Z [LOG] Thread 3 processed https://weather.com/weather/today/l/30.0703,71.1933?unit=c
2024-11-01T00:18:58.312Z [LOG] Thread 3 now crawling https://weather.com/weather/today/l/28.6471,70.6620?unit=c
2024-11-01T00:18:58.809Z [INFO] Scraping completed
2024-11-01T00:18:58.858Z [INFO] Scraping completed
2024-11-01T00:18:58.885Z [LOG] Add/Update successful [object Object]
2024-11-01T00:18:58.886Z [LOG] Thread 5 processed https://weather.com/weather/today/l/32.2628,75.1583?unit=c
2024-11-01T00:18:58.886Z [LOG] Thread 5 now crawling https://weather.com/weather/today/l/30.7333,73.8167?unit=c
2024-11-01T00:18:58.928Z [LOG] Add/Update successful [object Object]
2024-11-01T00:18:58.929Z [LOG] Thread 2 processed https://weather.com/weather/today/l/32.5736,74.0789?unit=c
2024-11-01T00:18:58.929Z [LOG] Thread 2 now crawling https://weather.com/weather/today/l/31.1167,74.4500?unit=c
2024-11-01T00:18:59.285Z [INFO] Scraping completed
2024-11-01T00:18:59.308Z [INFO] Scraping completed
2024-11-01T00:18:59.354Z [LOG] Add/Update successful [object Object]
2024-11-01T00:18:59.355Z [LOG] Thread 9 processed https://weather.com/weather/today/l/35.2917,73.2906?unit=c
2024-11-01T00:18:59.355Z [LOG] Thread 9 now crawling https://weather.com/weather/today/l/34.5717,73.8972?unit=c
2024-11-01T00:18:59.368Z [LOG] Add/Update successful [object Object]
2024-11-01T00:18:59.369Z [LOG] Thread 6 processed https://weather.com/weather/today/l/33.1167,71.0833?unit=c
2024-11-01T00:18:59.369Z [LOG] Thread 6 now crawling https://weather.com/weather/today/l/32.4522,71.4718?unit=c
2024-11-01T00:18:59.695Z [INFO] Scraping completed
2024-11-01T00:18:59.713Z [INFO] Scraping completed
2024-11-01T00:18:59.773Z [LOG] Add/Update successful [object Object]
2024-11-01T00:18:59.773Z [LOG] Thread 4 processed https://weather.com/weather/today/l/30.9210,66.4597?unit=c
2024-11-01T00:18:59.773Z [LOG] Thread 4 now crawling https://weather.com/weather/today/l/34.1453,71.7308?unit=c
2024-11-01T00:18:59.785Z [LOG] Add/Update successful [object Object]
2024-11-01T00:18:59.785Z [LOG] Thread 1 processed https://weather.com/weather/today/l/34.0000,71.5000?unit=c
2024-11-01T00:18:59.785Z [LOG] Thread 1 now crawling https://weather.com/weather/today/l/34.7500,72.3572?unit=c
2024-11-01T00:19:00.090Z [INFO] Scraping completed
2024-11-01T00:19:00.173Z [LOG] Add/Update successful [object Object]
2024-11-01T00:19:00.173Z [LOG] Thread 10 processed https://weather.com/weather/today/l/36.1736,73.7667?unit=c
2024-11-01T00:19:00.174Z [LOG] Thread 10 now crawling https://weather.com/weather/today/l/30.7008,68.3598?unit=c
2024-11-01T00:19:00.502Z [INFO] Scraping completed
2024-11-01T00:19:00.586Z [LOG] Add/Update successful [object Object]
2024-11-01T00:19:00.586Z [LOG] Thread 7 processed https://weather.com/weather/today/l/33.8578,73.7604?unit=c
2024-11-01T00:19:00.586Z [LOG] Thread 7 now crawling https://weather.com/weather/today/l/32.0709,73.6880?unit=c
2024-11-01T00:19:01.662Z [INFO] Scraping completed
2024-11-01T00:19:01.738Z [LOG] Add/Update successful [object Object]
2024-11-01T00:19:01.738Z [LOG] Thread 3 processed https://weather.com/weather/today/l/28.6471,70.6620?unit=c
2024-11-01T00:19:01.738Z [LOG] Thread 3 now crawling https://weather.com/weather/today/l/31.1500,72.6833?unit=c
2024-11-01T00:19:01.965Z [INFO] Scraping completed
2024-11-01T00:19:02.025Z [LOG] Add/Update successful [object Object]
2024-11-01T00:19:02.025Z [LOG] Thread 8 processed https://weather.com/weather/today/l/32.2952,72.3502?unit=c
2024-11-01T00:19:02.026Z [LOG] Thread 8 now crawling https://weather.com/weather/today/l/24.6558,68.8383?unit=c
2024-11-01T00:19:02.399Z [INFO] Scraping completed
2024-11-01T00:19:02.484Z [LOG] Add/Update successful [object Object]
2024-11-01T00:19:02.486Z [LOG] Thread 5 processed https://weather.com/weather/today/l/30.7333,73.8167?unit=c
2024-11-01T00:19:02.486Z [LOG] Thread 5 now crawling https://weather.com/weather/today/l/30.4068,71.8667?unit=c
2024-11-01T00:19:02.597Z [INFO] Scraping completed
2024-11-01T00:19:02.691Z [LOG] Add/Update successful [object Object]
2024-11-01T00:19:02.692Z [LOG] Thread 2 processed https://weather.com/weather/today/l/31.1167,74.4500?unit=c
2024-11-01T00:19:02.692Z [LOG] Thread 2 now crawling https://weather.com/weather/today/l/34.1958,72.0447?unit=c
2024-11-01T00:19:03.109Z [INFO] Scraping completed
2024-11-01T00:19:03.165Z [INFO] Scraping completed
2024-11-01T00:19:03.207Z [LOG] Add/Update successful [object Object]
2024-11-01T00:19:03.208Z [LOG] Thread 4 processed https://weather.com/weather/today/l/34.1453,71.7308?unit=c
2024-11-01T00:19:03.208Z [LOG] Thread 4 now crawling https://weather.com/weather/today/l/28.4000,69.3000?unit=c
2024-11-01T00:19:03.298Z [LOG] Add/Update successful [object Object]
2024-11-01T00:19:03.298Z [LOG] Thread 9 processed https://weather.com/weather/today/l/34.5717,73.8972?unit=c
2024-11-01T00:19:03.298Z [LOG] Thread 9 now crawling https://weather.com/weather/today/l/30.3705,68.5979?unit=c
2024-11-01T00:19:03.733Z [INFO] Scraping completed
2024-11-01T00:19:03.822Z [LOG] Add/Update successful [object Object]
2024-11-01T00:19:03.823Z [LOG] Thread 10 processed https://weather.com/weather/today/l/30.7008,68.3598?unit=c
2024-11-01T00:19:03.823Z [LOG] Thread 10 now crawling https://weather.com/weather/today/l/28.5846,65.4150?unit=c
2024-11-01T00:19:04.079Z [INFO] Scraping completed
2024-11-01T00:19:04.133Z [LOG] Add/Update successful [object Object]
2024-11-01T00:19:04.134Z [LOG] Thread 6 processed https://weather.com/weather/today/l/32.4522,71.4718?unit=c
2024-11-01T00:19:04.134Z [LOG] Thread 6 now crawling https://weather.com/weather/today/l/25.3614,69.7361?unit=c
2024-11-01T00:19:04.364Z [INFO] Scraping completed
2024-11-01T00:19:04.415Z [LOG] Add/Update successful [object Object]
2024-11-01T00:19:04.415Z [LOG] Thread 7 processed https://weather.com/weather/today/l/32.0709,73.6880?unit=c
2024-11-01T00:19:04.415Z [LOG] Thread 7 now crawling https://weather.com/weather/today/l/29.5339,71.6324?unit=c
2024-11-01T00:19:04.588Z [INFO] Scraping completed
2024-11-01T00:19:04.638Z [LOG] Add/Update successful [object Object]
2024-11-01T00:19:04.638Z [LOG] Thread 1 processed https://weather.com/weather/today/l/34.7500,72.3572?unit=c
2024-11-01T00:19:04.638Z [LOG] Thread 1 now crawling https://weather.com/weather/today/l/30.1978,71.4711?unit=c
2024-11-01T00:19:05.216Z [INFO] Scraping completed
2024-11-01T00:19:05.299Z [LOG] Add/Update successful [object Object]
2024-11-01T00:19:05.299Z [LOG] Thread 3 processed https://weather.com/weather/today/l/31.1500,72.6833?unit=c
2024-11-01T00:19:05.299Z [LOG] Thread 3 now crawling https://weather.com/weather/today/l/32.5861,73.4917?unit=c
2024-11-01T00:19:05.390Z [INFO] Scraping completed
2024-11-01T00:19:05.491Z [LOG] Add/Update successful [object Object]
2024-11-01T00:19:05.491Z [LOG] Thread 8 processed https://weather.com/weather/today/l/24.6558,68.8383?unit=c
2024-11-01T00:19:05.492Z [LOG] Thread 8 now crawling https://weather.com/weather/today/l/32.6072,70.9123?unit=c
2024-11-01T00:19:06.623Z [INFO] Scraping completed
2024-11-01T00:19:06.708Z [LOG] Add/Update successful [object Object]
2024-11-01T00:19:06.708Z [LOG] Thread 9 processed https://weather.com/weather/today/l/30.3705,68.5979?unit=c
2024-11-01T00:19:06.708Z [LOG] Thread 9 now crawling https://weather.com/weather/today/l/29.8977,69.5256?unit=c
2024-11-01T00:19:07.016Z [INFO] Scraping completed
2024-11-01T00:19:07.074Z [LOG] Add/Update successful [object Object]
2024-11-01T00:19:07.075Z [LOG] Thread 4 processed https://weather.com/weather/today/l/28.4000,69.3000?unit=c
2024-11-01T00:19:07.075Z [LOG] Thread 4 now crawling https://weather.com/weather/today/l/29.6967,72.5542?unit=c
2024-11-01T00:19:07.359Z [INFO] Scraping completed
2024-11-01T00:19:07.378Z [INFO] Scraping completed
2024-11-01T00:19:07.450Z [LOG] Add/Update successful [object Object]
2024-11-01T00:19:07.450Z [LOG] Thread 2 processed https://weather.com/weather/today/l/34.1958,72.0447?unit=c
2024-11-01T00:19:07.450Z [LOG] Thread 2 now crawling https://weather.com/weather/today/l/34.7717,72.3600?unit=c
2024-11-01T00:19:07.456Z [LOG] Add/Update successful [object Object]
2024-11-01T00:19:07.456Z [LOG] Thread 10 processed https://weather.com/weather/today/l/28.5846,65.4150?unit=c
2024-11-01T00:19:07.457Z [LOG] Thread 10 now crawling https://weather.com/weather/today/l/36.3078,74.6178?unit=c
2024-11-01T00:19:07.747Z [INFO] Scraping completed
2024-11-01T00:19:07.840Z [LOG] Add/Update successful [object Object]
2024-11-01T00:19:07.840Z [LOG] Thread 6 processed https://weather.com/weather/today/l/25.3614,69.7361?unit=c
2024-11-01T00:19:07.841Z [LOG] Thread 6 now crawling https://weather.com/weather/today/l/35.8511,71.7889?unit=c
2024-11-01T00:19:08.173Z [INFO] Scraping completed
2024-11-01T00:19:08.263Z [LOG] Add/Update successful [object Object]
2024-11-01T00:19:08.264Z [LOG] Thread 5 processed https://weather.com/weather/today/l/30.4068,71.8667?unit=c
2024-11-01T00:19:08.264Z [LOG] Thread 5 now crawling https://weather.com/weather/today/l/34.3333,73.2000?unit=c
2024-11-01T00:19:08.448Z [INFO] Scraping completed
2024-11-01T00:19:08.470Z [INFO] Scraping completed
2024-11-01T00:19:08.540Z [LOG] Add/Update successful [object Object]
2024-11-01T00:19:08.540Z [LOG] Thread 1 processed https://weather.com/weather/today/l/30.1978,71.4711?unit=c
2024-11-01T00:19:08.540Z [LOG] Thread 1 now crawling https://weather.com/weather/today/l/32.1500,74.1833?unit=c
2024-11-01T00:19:08.575Z [LOG] Add/Update successful [object Object]
2024-11-01T00:19:08.577Z [LOG] Thread 7 processed https://weather.com/weather/today/l/29.5339,71.6324?unit=c
2024-11-01T00:19:08.579Z [LOG] Thread 7 now crawling https://weather.com/weather/today/l/34.5656,71.9304?unit=c
2024-11-01T00:19:09.598Z [INFO] Scraping completed
2024-11-01T00:19:09.687Z [LOG] Add/Update successful [object Object]
2024-11-01T00:19:09.688Z [LOG] Thread 8 processed https://weather.com/weather/today/l/32.6072,70.9123?unit=c
2024-11-01T00:19:09.688Z [LOG] Thread 8 now crawling https://weather.com/weather/today/l/29.1041,70.3297?unit=c
2024-11-01T00:19:09.770Z [INFO] Scraping completed
2024-11-01T00:19:09.850Z [LOG] Add/Update successful [object Object]
2024-11-01T00:19:09.850Z [LOG] Thread 3 processed https://weather.com/weather/today/l/32.5861,73.4917?unit=c
2024-11-01T00:19:09.851Z [LOG] Thread 3 now crawling https://weather.com/weather/today/l/34.1500,73.2167?unit=c
2024-11-01T00:19:10.440Z [INFO] Scraping completed
2024-11-01T00:19:10.529Z [LOG] Add/Update successful [object Object]
2024-11-01T00:19:10.530Z [LOG] Thread 9 processed https://weather.com/weather/today/l/29.8977,69.5256?unit=c
2024-11-01T00:19:10.530Z [LOG] Thread 9 now crawling https://weather.com/weather/today/l/30.8594,69.8221?unit=c
2024-11-01T00:19:10.793Z [INFO] Scraping completed
2024-11-01T00:19:10.883Z [LOG] Add/Update successful [object Object]
2024-11-01T00:19:10.883Z [LOG] Thread 2 processed https://weather.com/weather/today/l/34.7717,72.3600?unit=c
2024-11-01T00:19:10.883Z [LOG] Thread 2 now crawling https://weather.com/weather/today/l/30.0500,70.6333?unit=c
2024-11-01T00:19:11.258Z [INFO] Scraping completed
2024-11-01T00:19:11.353Z [LOG] Add/Update successful [object Object]
2024-11-01T00:19:11.353Z [LOG] Thread 6 processed https://weather.com/weather/today/l/35.8511,71.7889?unit=c
2024-11-01T00:19:11.354Z [LOG] Thread 6 now crawling https://weather.com/weather/today/l/35.9206,74.3783?unit=c
2024-11-01T00:19:11.695Z [INFO] Scraping completed
2024-11-01T00:19:11.776Z [LOG] Add/Update successful [object Object]
2024-11-01T00:19:11.777Z [LOG] Thread 5 processed https://weather.com/weather/today/l/34.3333,73.2000?unit=c
2024-11-01T00:19:11.777Z [LOG] Thread 5 now crawling https://weather.com/weather/today/l/32.7012,73.9605?unit=c
2024-11-01T00:19:11.973Z [INFO] Scraping completed
2024-11-01T00:19:12.039Z [LOG] Add/Update successful [object Object]
2024-11-01T00:19:12.039Z [LOG] Thread 10 processed https://weather.com/weather/today/l/36.3078,74.6178?unit=c
2024-11-01T00:19:12.039Z [LOG] Thread 10 now crawling https://weather.com/weather/today/l/26.4568,65.2314?unit=c
2024-11-01T00:19:12.139Z [INFO] Scraping completed
2024-11-01T00:19:12.213Z [LOG] Add/Update successful [object Object]
2024-11-01T00:19:12.213Z [LOG] Thread 1 processed https://weather.com/weather/today/l/32.1500,74.1833?unit=c
2024-11-01T00:19:12.214Z [LOG] Thread 1 now crawling https://weather.com/weather/today/l/33.6989,73.0369?unit=c
2024-11-01T00:19:12.484Z [INFO] Scraping completed
2024-11-01T00:19:12.547Z [LOG] Add/Update successful [object Object]
2024-11-01T00:19:12.548Z [LOG] Thread 4 processed https://weather.com/weather/today/l/29.6967,72.5542?unit=c
2024-11-01T00:19:12.548Z [LOG] Thread 4 now crawling https://weather.com/weather/today/l/34.3700,73.4711?unit=c
2024-11-01T00:19:12.661Z [INFO] Scraping completed
2024-11-01T00:19:12.742Z [LOG] Add/Update successful [object Object]
2024-11-01T00:19:12.742Z [LOG] Thread 7 processed https://weather.com/weather/today/l/34.5656,71.9304?unit=c
2024-11-01T00:19:12.742Z [LOG] Thread 7 now crawling https://weather.com/weather/today/l/33.7667,72.3598?unit=c
2024-11-01T00:19:12.946Z [INFO] Scraping completed
2024-11-01T00:19:13.021Z [LOG] Add/Update successful [object Object]
2024-11-01T00:19:13.022Z [LOG] Thread 8 processed https://weather.com/weather/today/l/29.1041,70.3297?unit=c
2024-11-01T00:19:13.022Z [LOG] Thread 8 now crawling https://weather.com/weather/today/l/28.4167,68.1667?unit=c
2024-11-01T00:19:13.253Z [INFO] Scraping completed
2024-11-01T00:19:13.314Z [LOG] Add/Update successful [object Object]
2024-11-01T00:19:13.315Z [LOG] Thread 3 processed https://weather.com/weather/today/l/34.1500,73.2167?unit=c
2024-11-01T00:19:13.315Z [LOG] Thread 3 now crawling https://weather.com/weather/today/l/26.7319,67.7750?unit=c
2024-11-01T00:19:14.061Z [INFO] Scraping completed
2024-11-01T00:19:14.119Z [LOG] Add/Update successful [object Object]
2024-11-01T00:19:14.120Z [LOG] Thread 9 processed https://weather.com/weather/today/l/30.8594,69.8221?unit=c
2024-11-01T00:19:14.120Z [LOG] Thread 9 now crawling https://weather.com/weather/today/l/30.3814,67.7258?unit=c
2024-11-01T00:19:14.846Z [INFO] Scraping completed
2024-11-01T00:19:14.920Z [LOG] Add/Update successful [object Object]
2024-11-01T00:19:14.921Z [LOG] Thread 5 processed https://weather.com/weather/today/l/32.7012,73.9605?unit=c
2024-11-01T00:19:14.921Z [LOG] Thread 5 now crawling https://weather.com/weather/today/l/31.4492,73.7124?unit=c
2024-11-01T00:19:15.325Z [INFO] Scraping completed
2024-11-01T00:19:15.344Z [INFO] Scraping completed
2024-11-01T00:19:15.386Z [LOG] Add/Update successful [object Object]
2024-11-01T00:19:15.387Z [LOG] Thread 1 processed https://weather.com/weather/today/l/33.6989,73.0369?unit=c
2024-11-01T00:19:15.387Z [LOG] Thread 1 now crawling https://weather.com/weather/today/l/30.1920,67.0070?unit=c
2024-11-01T00:19:15.405Z [LOG] Add/Update successful [object Object]
2024-11-01T00:19:15.405Z [LOG] Thread 10 processed https://weather.com/weather/today/l/26.4568,65.2314?unit=c
2024-11-01T00:19:15.405Z [LOG] Thread 10 now crawling https://weather.com/weather/today/l/28.8885,64.4062?unit=c
2024-11-01T00:19:15.936Z [INFO] Scraping completed
2024-11-01T00:19:16.065Z [LOG] Add/Update successful [object Object]
2024-11-01T00:19:16.065Z [LOG] Thread 7 processed https://weather.com/weather/today/l/33.7667,72.3598?unit=c
2024-11-01T00:19:16.066Z [LOG] Thread 7 now crawling https://weather.com/weather/today/l/34.6796,73.0263?unit=c
2024-11-01T00:19:16.330Z [INFO] Scraping completed
2024-11-01T00:19:16.491Z [LOG] Add/Update successful [object Object]
2024-11-01T00:19:16.491Z [LOG] Thread 6 processed https://weather.com/weather/today/l/35.9206,74.3783?unit=c
2024-11-01T00:19:16.491Z [LOG] Thread 6 now crawling https://weather.com/weather/today/l/31.9286,70.4592?unit=c
2024-11-01T00:19:16.616Z [INFO] Scraping completed
2024-11-01T00:19:16.740Z [LOG] Add/Update successful [object Object]
2024-11-01T00:19:16.757Z [LOG] Thread 3 processed https://weather.com/weather/today/l/26.7319,67.7750?unit=c
2024-11-01T00:19:16.757Z [LOG] Thread 3 now crawling https://weather.com/weather/today/l/27.8000,66.6167?unit=c
2024-11-01T00:19:16.796Z [INFO] Scraping completed
2024-11-01T00:19:16.868Z [LOG] Add/Update successful [object Object]
2024-11-01T00:19:16.869Z [LOG] Thread 8 processed https://weather.com/weather/today/l/28.4167,68.1667?unit=c
2024-11-01T00:19:16.869Z [LOG] Thread 8 now crawling https://weather.com/weather/today/l/27.8473,67.9068?unit=c
2024-11-01T00:19:17.320Z [INFO] Scraping completed
2024-11-01T00:19:17.373Z [LOG] Add/Update successful [object Object]
2024-11-01T00:19:17.373Z [LOG] Thread 9 processed https://weather.com/weather/today/l/30.3814,67.7258?unit=c
2024-11-01T00:19:17.374Z [LOG] Thread 9 now crawling https://weather.com/weather/today/l/28.6132,67.4856?unit=c
2024-11-01T00:19:17.740Z [INFO] Scraping completed
2024-11-01T00:19:17.802Z [LOG] Add/Update successful [object Object]
2024-11-01T00:19:17.803Z [LOG] Thread 2 processed https://weather.com/weather/today/l/30.0500,70.6333?unit=c
2024-11-01T00:19:17.803Z [LOG] Thread 2 now crawling https://weather.com/weather/today/l/26.2442,68.4100?unit=c
2024-11-01T00:19:18.058Z [INFO] Scraping completed
2024-11-01T00:19:18.116Z [LOG] Add/Update successful [object Object]
2024-11-01T00:19:18.117Z [LOG] Thread 4 processed https://weather.com/weather/today/l/34.3700,73.4711?unit=c
2024-11-01T00:19:18.117Z [LOG] Thread 4 now crawling https://weather.com/weather/today/l/32.5853,71.5436?unit=c
2024-11-01T00:19:18.218Z [INFO] Scraping completed
2024-11-01T00:19:18.281Z [LOG] Add/Update successful [object Object]
2024-11-01T00:19:18.281Z [LOG] Thread 5 processed https://weather.com/weather/today/l/31.4492,73.7124?unit=c
2024-11-01T00:19:18.281Z [LOG] Thread 5 now crawling https://weather.com/weather/today/l/32.9889,70.6056?unit=c
2024-11-01T00:19:18.667Z [INFO] Scraping completed
2024-11-01T00:19:18.761Z [LOG] Add/Update successful [object Object]
2024-11-01T00:19:18.762Z [LOG] Thread 10 processed https://weather.com/weather/today/l/28.8885,64.4062?unit=c
2024-11-01T00:19:18.763Z [LOG] Remaining URLs: 135
2024-11-01T00:19:19.350Z [INFO] Scraping completed
2024-11-01T00:19:19.461Z [LOG] Add/Update successful [object Object]
2024-11-01T00:19:19.462Z [LOG] Thread 7 processed https://weather.com/weather/today/l/34.6796,73.0263?unit=c
2024-11-01T00:19:19.462Z [LOG] Thread 7 now crawling https://weather.com/weather/today/l/25.5971,68.4467?unit=c
2024-11-01T00:19:20.249Z [INFO] Scraping completed
2024-11-01T00:19:20.313Z [LOG] Add/Update successful [object Object]
2024-11-01T00:19:20.314Z [LOG] Thread 8 processed https://weather.com/weather/today/l/27.8473,67.9068?unit=c
2024-11-01T00:19:20.314Z [LOG] Thread 8 now crawling https://weather.com/weather/today/l/30.5833,67.0000?unit=c
2024-11-01T00:19:20.337Z [INFO] Scraping completed
2024-11-01T00:19:20.399Z [LOG] Add/Update successful [object Object]
2024-11-01T00:19:20.400Z [LOG] Thread 3 processed https://weather.com/weather/today/l/27.8000,66.6167?unit=c
2024-11-01T00:19:20.400Z [LOG] Thread 3 now crawling https://weather.com/weather/today/l/30.3500,73.4000?unit=c
2024-11-01T00:19:20.734Z [INFO] Scraping completed
2024-11-01T00:19:20.765Z [INFO] Scraping completed
2024-11-01T00:19:20.794Z [LOG] Add/Update successful [object Object]
2024-11-01T00:19:20.795Z [LOG] Thread 6 processed https://weather.com/weather/today/l/31.9286,70.4592?unit=c
2024-11-01T00:19:20.795Z [LOG] Thread 6 now crawling https://weather.com/weather/today/l/33.5156,73.9019?unit=c
2024-11-01T00:19:20.820Z [LOG] Add/Update successful [object Object]
2024-11-01T00:19:20.821Z [LOG] Thread 1 processed https://weather.com/weather/today/l/30.1920,67.0070?unit=c
2024-11-01T00:19:20.821Z [LOG] Thread 1 now crawling https://weather.com/weather/today/l/29.3956,71.6722?unit=c
2024-11-01T00:19:21.029Z [INFO] Scraping completed
2024-11-01T00:19:21.113Z [LOG] Add/Update successful [object Object]
2024-11-01T00:19:21.114Z [LOG] Thread 9 processed https://weather.com/weather/today/l/28.6132,67.4856?unit=c
2024-11-01T00:19:21.114Z [LOG] Thread 9 now crawling https://weather.com/weather/today/l/29.5430,67.8773?unit=c
2024-11-01T00:19:21.212Z [INFO] Scraping completed
2024-11-01T00:19:21.296Z [LOG] Add/Update successful [object Object]
2024-11-01T00:19:21.296Z [LOG] Thread 4 processed https://weather.com/weather/today/l/32.5853,71.5436?unit=c
2024-11-01T00:19:21.296Z [LOG] Thread 4 now crawling https://weather.com/weather/today/l/32.7667,74.2167?unit=c
2024-11-01T00:19:21.359Z [INFO] Scraping completed
2024-11-01T00:19:21.445Z [LOG] Add/Update successful [object Object]
2024-11-01T00:19:21.446Z [LOG] Thread 2 processed https://weather.com/weather/today/l/26.2442,68.4100?unit=c
2024-11-01T00:19:21.446Z [LOG] Thread 2 now crawling https://weather.com/weather/today/l/30.6706,73.1064?unit=c
2024-11-01T00:19:21.728Z [INFO] Scraping completed
2024-11-01T00:19:21.789Z [LOG] Add/Update successful [object Object]
2024-11-01T00:19:21.790Z [LOG] Thread 5 processed https://weather.com/weather/today/l/32.9889,70.6056?unit=c
2024-11-01T00:19:21.790Z [LOG] Thread 5 now crawling https://weather.com/weather/today/l/34.8281,71.8408?unit=c
2024-11-01T00:19:23.251Z [INFO] Scraping completed
2024-11-01T00:19:23.316Z [LOG] Add/Update successful [object Object]
2024-11-01T00:19:23.316Z [LOG] Thread 7 processed https://weather.com/weather/today/l/25.5971,68.4467?unit=c
2024-11-01T00:19:23.316Z [LOG] Thread 7 now crawling https://weather.com/weather/today/l/28.0064,69.3150?unit=c
2024-11-01T00:19:23.824Z [INFO] Scraping completed
2024-11-01T00:19:23.884Z [LOG] Add/Update successful [object Object]
2024-11-01T00:19:23.884Z [LOG] Thread 3 processed https://weather.com/weather/today/l/30.3500,73.4000?unit=c
2024-11-01T00:19:23.884Z [LOG] Thread 3 now crawling https://weather.com/weather/today/l/25.4667,68.7167?unit=c
2024-11-01T00:19:24.124Z [INFO] Scraping completed
2024-11-01T00:19:24.199Z [LOG] Add/Update successful [object Object]
2024-11-01T00:19:24.199Z [LOG] Thread 9 processed https://weather.com/weather/today/l/29.5430,67.8773?unit=c
2024-11-01T00:19:24.199Z [LOG] Thread 9 now crawling https://weather.com/weather/today/l/29.0362,69.1585?unit=c
2024-11-01T00:19:24.399Z [INFO] Scraping completed
2024-11-01T00:19:24.479Z [LOG] Add/Update successful [object Object]
2024-11-01T00:19:24.479Z [LOG] Thread 2 processed https://weather.com/weather/today/l/30.6706,73.1064?unit=c
2024-11-01T00:19:24.479Z [LOG] Thread 2 now crawling https://weather.com/weather/today/l/25.5269,69.0111?unit=c
2024-11-01T00:19:24.877Z [INFO] Scraping completed
2024-11-01T00:19:24.920Z [INFO] Scraping completed
2024-11-01T00:19:24.973Z [LOG] Add/Update successful [object Object]
2024-11-01T00:19:24.973Z [LOG] Thread 6 processed https://weather.com/weather/today/l/33.5156,73.9019?unit=c
2024-11-01T00:19:24.974Z [LOG] Thread 6 now crawling https://weather.com/weather/today/l/35.9208,74.3144?unit=c
2024-11-01T00:19:24.987Z [LOG] Add/Update successful [object Object]
2024-11-01T00:19:24.987Z [LOG] Thread 8 processed https://weather.com/weather/today/l/30.5833,67.0000?unit=c
2024-11-01T00:19:24.987Z [LOG] Thread 8 now crawling https://weather.com/weather/today/l/26.0464,68.9481?unit=c
2024-11-01T00:19:25.361Z [INFO] Scraping completed
2024-11-01T00:19:25.411Z [LOG] Add/Update successful [object Object]
2024-11-01T00:19:25.411Z [LOG] Thread 5 processed https://weather.com/weather/today/l/34.8281,71.8408?unit=c
2024-11-01T00:19:25.411Z [LOG] Thread 5 now crawling https://weather.com/weather/today/l/33.8992,70.1008?unit=c
2024-11-01T00:19:25.987Z [INFO] Scraping completed
2024-11-01T00:19:26.072Z [LOG] Add/Update successful [object Object]
2024-11-01T00:19:26.072Z [LOG] Thread 1 processed https://weather.com/weather/today/l/29.3956,71.6722?unit=c
2024-11-01T00:19:26.073Z [LOG] Thread 1 now crawling https://weather.com/weather/today/l/32.0836,72.6711?unit=c
2024-11-01T00:19:26.293Z [INFO] Scraping completed
2024-11-01T00:19:26.382Z [LOG] Add/Update successful [object Object]
2024-11-01T00:19:26.383Z [LOG] Thread 4 processed https://weather.com/weather/today/l/32.7667,74.2167?unit=c
2024-11-01T00:19:26.383Z [LOG] Thread 4 now crawling https://weather.com/weather/today/l/31.6333,71.0667?unit=c
2024-11-01T00:19:27.052Z [INFO] Scraping completed
2024-11-01T00:19:27.142Z [LOG] Add/Update successful [object Object]
2024-11-01T00:19:27.142Z [LOG] Thread 7 processed https://weather.com/weather/today/l/28.0064,69.3150?unit=c
2024-11-01T00:19:27.142Z [LOG] Thread 7 now crawling https://weather.com/weather/today/l/26.8401,68.1227?unit=c
2024-11-01T00:19:27.739Z [INFO] Scraping completed
2024-11-01T00:19:27.803Z [LOG] Add/Update successful [object Object]
2024-11-01T00:19:27.803Z [LOG] Thread 3 processed https://weather.com/weather/today/l/25.4667,68.7167?unit=c
2024-11-01T00:19:27.803Z [LOG] Thread 3 now crawling https://weather.com/weather/today/l/30.0419,72.3528?unit=c
2024-11-01T00:19:28.460Z [INFO] Scraping completed
2024-11-01T00:19:28.539Z [LOG] Add/Update successful [object Object]
2024-11-01T00:19:28.539Z [LOG] Thread 2 processed https://weather.com/weather/today/l/25.5269,69.0111?unit=c
2024-11-01T00:19:28.539Z [LOG] Thread 2 now crawling https://weather.com/weather/today/l/30.8100,73.4597?unit=c
2024-11-01T00:19:28.576Z [INFO] Scraping completed
2024-11-01T00:19:28.642Z [LOG] Add/Update successful [object Object]
2024-11-01T00:19:28.642Z [LOG] Thread 9 processed https://weather.com/weather/today/l/29.0362,69.1585?unit=c
2024-11-01T00:19:28.642Z [LOG] Thread 9 now crawling https://weather.com/weather/today/l/35.3471,74.8563?unit=c
2024-11-01T00:19:28.682Z [INFO] Scraping completed
2024-11-01T00:19:28.755Z [LOG] Add/Update successful [object Object]
2024-11-01T00:19:28.755Z [LOG] Thread 8 processed https://weather.com/weather/today/l/26.0464,68.9481?unit=c
2024-11-01T00:19:28.756Z [LOG] Thread 8 now crawling https://weather.com/weather/today/l/35.2074,71.8768?unit=c
2024-11-01T00:19:28.984Z [INFO] Scraping completed
2024-11-01T00:19:29.048Z [INFO] Scraping completed
2024-11-01T00:19:29.066Z [LOG] Add/Update successful [object Object]
2024-11-01T00:19:29.066Z [LOG] Thread 5 processed https://weather.com/weather/today/l/33.8992,70.1008?unit=c
2024-11-01T00:19:29.067Z [LOG] Thread 5 now crawling https://weather.com/weather/today/l/25.1264,62.3225?unit=c
2024-11-01T00:19:29.119Z [LOG] Add/Update successful [object Object]
2024-11-01T00:19:29.119Z [LOG] Thread 6 processed https://weather.com/weather/today/l/35.9208,74.3144?unit=c
2024-11-01T00:19:29.119Z [LOG] Thread 6 now crawling https://weather.com/weather/today/l/25.3969,68.3772?unit=c
2024-11-01T00:19:29.279Z [INFO] Scraping completed
2024-11-01T00:19:29.361Z [LOG] Add/Update successful [object Object]
2024-11-01T00:19:29.361Z [LOG] Thread 1 processed https://weather.com/weather/today/l/32.0836,72.6711?unit=c
2024-11-01T00:19:29.361Z [LOG] Thread 1 now crawling https://weather.com/weather/today/l/33.1333,73.7500?unit=c
2024-11-01T00:19:29.814Z [INFO] Scraping completed
2024-11-01T00:19:29.863Z [LOG] Add/Update successful [object Object]
2024-11-01T00:19:29.863Z [LOG] Thread 4 processed https://weather.com/weather/today/l/31.6333,71.0667?unit=c
2024-11-01T00:19:29.864Z [LOG] Thread 4 now crawling https://weather.com/weather/today/l/31.3417,69.4486?unit=c
2024-11-01T00:19:31.040Z [INFO] Scraping completed
2024-11-01T00:19:31.120Z [LOG] Add/Update successful [object Object]
2024-11-01T00:19:31.120Z [LOG] Thread 7 processed https://weather.com/weather/today/l/26.8401,68.1227?unit=c
2024-11-01T00:19:31.121Z [LOG] Thread 7 now crawling https://weather.com/weather/today/l/34.9000,72.6556?unit=c
2024-11-01T00:19:31.994Z [INFO] Scraping completed
2024-11-01T00:19:32.066Z [LOG] Add/Update successful [object Object]
2024-11-01T00:19:32.067Z [LOG] Thread 5 processed https://weather.com/weather/today/l/25.1264,62.3225?unit=c
2024-11-01T00:19:32.067Z [LOG] Remaining URLs: 120
2024-11-01T00:19:32.072Z [INFO] Scraping completed
2024-11-01T00:19:32.135Z [LOG] Add/Update successful [object Object]
2024-11-01T00:19:32.135Z [LOG] Thread 6 processed https://weather.com/weather/today/l/25.3969,68.3772?unit=c
2024-11-01T00:19:32.135Z [LOG] Thread 6 now crawling https://weather.com/weather/today/l/32.1020,74.8730?unit=c
2024-11-01T00:19:32.377Z [INFO] Scraping completed
2024-11-01T00:19:32.429Z [LOG] Add/Update successful [object Object]
2024-11-01T00:19:32.429Z [LOG] Thread 3 processed https://weather.com/weather/today/l/30.0419,72.3528?unit=c
2024-11-01T00:19:32.429Z [LOG] Thread 3 now crawling https://weather.com/weather/today/l/31.3342,73.4194?unit=c
2024-11-01T00:19:32.729Z [INFO] Scraping completed
2024-11-01T00:19:32.783Z [LOG] Add/Update successful [object Object]
2024-11-01T00:19:32.783Z [LOG] Thread 8 processed https://weather.com/weather/today/l/35.2074,71.8768?unit=c
2024-11-01T00:19:32.783Z [LOG] Remaining URLs: 105
2024-11-01T00:19:32.870Z [INFO] Scraping completed
2024-11-01T00:19:32.921Z [LOG] Add/Update successful [object Object]
2024-11-01T00:19:32.922Z [LOG] Thread 2 processed https://weather.com/weather/today/l/30.8100,73.4597?unit=c
2024-11-01T00:19:32.922Z [LOG] Thread 2 now crawling https://weather.com/weather/today/l/30.1500,72.6833?unit=c
2024-11-01T00:19:33.173Z [INFO] Scraping completed
2024-11-01T00:19:33.231Z [LOG] Add/Update successful [object Object]
2024-11-01T00:19:33.231Z [INFO] Scraping completed
2024-11-01T00:19:33.232Z [LOG] Thread 9 processed https://weather.com/weather/today/l/35.3471,74.8563?unit=c
2024-11-01T00:19:33.232Z [LOG] Thread 9 now crawling https://weather.com/weather/today/l/26.0012,63.0485?unit=c
2024-11-01T00:19:33.287Z [LOG] Add/Update successful [object Object]
2024-11-01T00:19:33.287Z [LOG] Thread 1 processed https://weather.com/weather/today/l/33.1333,73.7500?unit=c
2024-11-01T00:19:33.287Z [LOG] Thread 1 now crawling https://weather.com/weather/today/l/31.7167,72.9833?unit=c
2024-11-01T00:19:33.524Z [INFO] Scraping completed
2024-11-01T00:19:33.585Z [LOG] Add/Update successful [object Object]
2024-11-01T00:19:33.585Z [LOG] Thread 4 processed https://weather.com/weather/today/l/31.3417,69.4486?unit=c
2024-11-01T00:19:33.585Z [LOG] Thread 4 now crawling https://weather.com/weather/today/l/32.8110,73.8650?unit=c
2024-11-01T00:19:35.210Z [INFO] Scraping completed
2024-11-01T00:19:35.259Z [LOG] Add/Update successful [object Object]
2024-11-01T00:19:35.260Z [LOG] Thread 6 processed https://weather.com/weather/today/l/32.1020,74.8730?unit=c
2024-11-01T00:19:35.260Z [LOG] Remaining URLs: 90
2024-11-01T00:19:35.430Z [INFO] Scraping completed
2024-11-01T00:19:35.480Z [LOG] Add/Update successful [object Object]
2024-11-01T00:19:35.480Z [LOG] Thread 3 processed https://weather.com/weather/today/l/31.3342,73.4194?unit=c
2024-11-01T00:19:35.481Z [LOG] Remaining URLs: 75
2024-11-01T00:19:35.751Z [INFO] Scraping completed
2024-11-01T00:19:35.813Z [LOG] Add/Update successful [object Object]
2024-11-01T00:19:35.814Z [LOG] Thread 7 processed https://weather.com/weather/today/l/34.9000,72.6556?unit=c
2024-11-01T00:19:35.814Z [LOG] Remaining URLs: 60
2024-11-01T00:19:36.074Z [INFO] Scraping completed
2024-11-01T00:19:36.129Z [INFO] Scraping completed
2024-11-01T00:19:36.158Z [LOG] Add/Update successful [object Object]
2024-11-01T00:19:36.159Z [LOG] Thread 2 processed https://weather.com/weather/today/l/30.1500,72.6833?unit=c
2024-11-01T00:19:36.159Z [LOG] Remaining URLs: 45
2024-11-01T00:19:36.203Z [LOG] Add/Update successful [object Object]
2024-11-01T00:19:36.204Z [LOG] Thread 1 processed https://weather.com/weather/today/l/31.7167,72.9833?unit=c
2024-11-01T00:19:36.204Z [LOG] Remaining URLs: 30
2024-11-01T00:19:37.424Z [INFO] Scraping completed
2024-11-01T00:19:37.480Z [LOG] Add/Update successful [object Object]
2024-11-01T00:19:37.480Z [LOG] Thread 9 processed https://weather.com/weather/today/l/26.0012,63.0485?unit=c
2024-11-01T00:19:37.480Z [LOG] Remaining URLs: 15
2024-11-01T00:19:37.592Z [INFO] Scraping completed
2024-11-01T00:19:37.657Z [LOG] Add/Update successful [object Object]
2024-11-01T00:19:37.657Z [LOG] Thread 4 processed https://weather.com/weather/today/l/32.8110,73.8650?unit=c
2024-11-01T00:19:37.657Z [LOG] Remaining URLs: 0
2024-11-01T00:19:37.658Z [LOG] All URLs processed.
