2024-09-01T00:03:27.149Z [LOG] Queue initialized successfully.
2024-09-01T00:03:27.194Z [LOG] Total URLs: 146
2024-09-01T00:03:27.695Z [LOG] Thread 1 now crawling https://weather.com/weather/today/l/24.8600,67.0100?unit=c
2024-09-01T00:03:27.711Z [LOG] Thread 9 now crawling https://weather.com/weather/today/l/24.7461,67.9243?unit=c
2024-09-01T00:03:27.722Z [LOG] Thread 5 now crawling https://weather.com/weather/today/l/30.4397,72.3544?unit=c
2024-09-01T00:03:27.735Z [LOG] Thread 10 now crawling https://weather.com/weather/today/l/25.8072,66.6219?unit=c
2024-09-01T00:03:27.739Z [LOG] Thread 3 now crawling https://weather.com/weather/today/l/28.2769,68.4514?unit=c
2024-09-01T00:03:27.757Z [LOG] Thread 6 now crawling https://weather.com/weather/today/l/30.5522,72.1278?unit=c
2024-09-01T00:03:27.745Z [LOG] Thread 2 now crawling https://weather.com/weather/today/l/27.6995,68.8673?unit=c
2024-09-01T00:03:27.824Z [LOG] Thread 8 now crawling https://weather.com/weather/today/l/33.9803,73.7747?unit=c
2024-09-01T00:03:27.846Z [LOG] Thread 7 now crawling https://weather.com/weather/today/l/27.5295,68.7592?unit=c
2024-09-01T00:03:27.860Z [LOG] Thread 4 now crawling https://weather.com/weather/today/l/30.7258,72.6447?unit=c
2024-09-01T00:03:32.448Z [INFO] Scraping completed
2024-09-01T00:03:32.582Z [LOG] Add/Update successful [object Object]
2024-09-01T00:03:32.582Z [LOG] Thread 9 processed https://weather.com/weather/today/l/24.7461,67.9243?unit=c
2024-09-01T00:03:32.583Z [LOG] Thread 9 now crawling https://weather.com/weather/today/l/28.5466,68.2231?unit=c
2024-09-01T00:03:33.087Z [INFO] Scraping completed
2024-09-01T00:03:33.121Z [INFO] Scraping completed
2024-09-01T00:03:33.311Z [INFO] Scraping completed
2024-09-01T00:03:33.378Z [INFO] Scraping completed
2024-09-01T00:03:33.393Z [LOG] Add/Update successful [object Object]
2024-09-01T00:03:33.394Z [LOG] Thread 10 processed https://weather.com/weather/today/l/25.8072,66.6219?unit=c
2024-09-01T00:03:33.395Z [LOG] Thread 10 now crawling https://weather.com/weather/today/l/27.7384,66.6434?unit=c
2024-09-01T00:03:33.423Z [LOG] Add/Update successful [object Object]
2024-09-01T00:03:33.426Z [LOG] Thread 2 processed https://weather.com/weather/today/l/27.6995,68.8673?unit=c
2024-09-01T00:03:33.426Z [LOG] Thread 2 now crawling https://weather.com/weather/today/l/27.5600,68.2264?unit=c
2024-09-01T00:03:33.533Z [LOG] Add/Update successful [object Object]
2024-09-01T00:03:33.535Z [LOG] Thread 3 processed https://weather.com/weather/today/l/28.2769,68.4514?unit=c
2024-09-01T00:03:33.535Z [LOG] Thread 3 now crawling https://weather.com/weather/today/l/28.3006,70.1302?unit=c
2024-09-01T00:03:33.550Z [LOG] Add/Update successful [object Object]
2024-09-01T00:03:33.550Z [LOG] Thread 6 processed https://weather.com/weather/today/l/30.5522,72.1278?unit=c
2024-09-01T00:03:33.550Z [LOG] Thread 6 now crawling https://weather.com/weather/today/l/33.8195,72.6890?unit=c
2024-09-01T00:03:33.729Z [INFO] Scraping completed
2024-09-01T00:03:33.774Z [INFO] Scraping completed
2024-09-01T00:03:33.841Z [INFO] Scraping completed
2024-09-01T00:03:33.976Z [LOG] Add/Update successful [object Object]
2024-09-01T00:03:33.976Z [LOG] Thread 8 processed https://weather.com/weather/today/l/33.9803,73.7747?unit=c
2024-09-01T00:03:33.977Z [LOG] Thread 8 now crawling https://weather.com/weather/today/l/34.5111,72.4844?unit=c
2024-09-01T00:03:34.052Z [INFO] Scraping completed
2024-09-01T00:03:34.121Z [INFO] Scraping completed
2024-09-01T00:03:34.196Z [LOG] Add/Update successful [object Object]
2024-09-01T00:03:34.196Z [LOG] Thread 5 processed https://weather.com/weather/today/l/30.4397,72.3544?unit=c
2024-09-01T00:03:34.196Z [LOG] Thread 5 now crawling https://weather.com/weather/today/l/25.4283,68.2822?unit=c
2024-09-01T00:03:34.228Z [LOG] Add/Update successful [object Object]
2024-09-01T00:03:34.229Z [LOG] Thread 4 processed https://weather.com/weather/today/l/30.7258,72.6447?unit=c
2024-09-01T00:03:34.229Z [LOG] Thread 4 now crawling https://weather.com/weather/today/l/30.4700,70.9644?unit=c
2024-09-01T00:03:34.326Z [LOG] Add/Update successful [object Object]
2024-09-01T00:03:34.326Z [LOG] Thread 7 processed https://weather.com/weather/today/l/27.5295,68.7592?unit=c
2024-09-01T00:03:34.326Z [LOG] Thread 7 now crawling https://weather.com/weather/today/l/30.3017,71.9321?unit=c
2024-09-01T00:03:34.332Z [LOG] Add/Update successful [object Object]
2024-09-01T00:03:34.334Z [LOG] Thread 1 processed https://weather.com/weather/today/l/24.8600,67.0100?unit=c
2024-09-01T00:03:34.335Z [LOG] Thread 1 now crawling https://weather.com/weather/today/l/31.5497,74.3436?unit=c
2024-09-01T00:03:36.253Z [INFO] Scraping completed
2024-09-01T00:03:36.313Z [LOG] Add/Update successful [object Object]
2024-09-01T00:03:36.314Z [LOG] Thread 9 processed https://weather.com/weather/today/l/28.5466,68.2231?unit=c
2024-09-01T00:03:36.314Z [LOG] Thread 9 now crawling https://weather.com/weather/today/l/29.8965,69.2532?unit=c
2024-09-01T00:03:36.696Z [INFO] Scraping completed
2024-09-01T00:03:36.753Z [LOG] Add/Update successful [object Object]
2024-09-01T00:03:36.753Z [LOG] Thread 10 processed https://weather.com/weather/today/l/27.7384,66.6434?unit=c
2024-09-01T00:03:36.753Z [LOG] Thread 10 now crawling https://weather.com/weather/today/l/35.4206,74.0967?unit=c
2024-09-01T00:03:36.767Z [INFO] Scraping completed
2024-09-01T00:03:36.830Z [LOG] Add/Update successful [object Object]
2024-09-01T00:03:36.830Z [LOG] Thread 2 processed https://weather.com/weather/today/l/27.5600,68.2264?unit=c
2024-09-01T00:03:36.831Z [LOG] Thread 2 now crawling https://weather.com/weather/today/l/31.7083,74.0000?unit=c
2024-09-01T00:03:36.853Z [INFO] Scraping completed
2024-09-01T00:03:36.916Z [LOG] Add/Update successful [object Object]
2024-09-01T00:03:36.916Z [LOG] Thread 6 processed https://weather.com/weather/today/l/33.8195,72.6890?unit=c
2024-09-01T00:03:36.916Z [LOG] Thread 6 now crawling https://weather.com/weather/today/l/32.2167,70.3833?unit=c
2024-09-01T00:03:36.995Z [INFO] Scraping completed
2024-09-01T00:03:37.104Z [LOG] Add/Update successful [object Object]
2024-09-01T00:03:37.106Z [LOG] Thread 3 processed https://weather.com/weather/today/l/28.3006,70.1302?unit=c
2024-09-01T00:03:37.107Z [LOG] Thread 3 now crawling https://weather.com/weather/today/l/33.5869,71.4414?unit=c
2024-09-01T00:03:37.461Z [INFO] Scraping completed
2024-09-01T00:03:37.523Z [INFO] Scraping completed
2024-09-01T00:03:37.688Z [INFO] Scraping completed
2024-09-01T00:03:37.995Z [LOG] Add/Update successful [object Object]
2024-09-01T00:03:37.996Z [LOG] Thread 1 processed https://weather.com/weather/today/l/31.5497,74.3436?unit=c
2024-09-01T00:03:37.996Z [LOG] Thread 1 now crawling https://weather.com/weather/today/l/32.5000,74.5333?unit=c
2024-09-01T00:03:38.013Z [INFO] Scraping completed
2024-09-01T00:03:38.084Z [LOG] Add/Update successful [object Object]
2024-09-01T00:03:38.085Z [LOG] Thread 5 processed https://weather.com/weather/today/l/25.4283,68.2822?unit=c
2024-09-01T00:03:38.085Z [LOG] Thread 5 now crawling https://weather.com/weather/today/l/31.0214,73.8528?unit=c
2024-09-01T00:03:38.147Z [LOG] Add/Update successful [object Object]
2024-09-01T00:03:38.147Z [LOG] Add/Update successful [object Object]
2024-09-01T00:03:38.147Z [LOG] Thread 8 processed https://weather.com/weather/today/l/34.5111,72.4844?unit=c
2024-09-01T00:03:38.147Z [LOG] Thread 7 processed https://weather.com/weather/today/l/30.3017,71.9321?unit=c
2024-09-01T00:03:38.148Z [LOG] Thread 8 now crawling https://weather.com/weather/today/l/29.9983,73.2527?unit=c
2024-09-01T00:03:38.148Z [LOG] Thread 7 now crawling https://weather.com/weather/today/l/32.9333,73.7333?unit=c
2024-09-01T00:03:41.229Z [INFO] Scraping completed
2024-09-01T00:03:41.302Z [LOG] Add/Update successful [object Object]
2024-09-01T00:03:41.304Z [LOG] Thread 9 processed https://weather.com/weather/today/l/29.8965,69.2532?unit=c
2024-09-01T00:03:41.304Z [LOG] Thread 9 now crawling https://weather.com/weather/today/l/29.7997,66.8455?unit=c
2024-09-01T00:03:41.611Z [INFO] Scraping completed
2024-09-01T00:03:41.619Z [INFO] Scraping completed
2024-09-01T00:03:41.701Z [LOG] Add/Update successful [object Object]
2024-09-01T00:03:41.701Z [LOG] Thread 2 processed https://weather.com/weather/today/l/31.7083,74.0000?unit=c
2024-09-01T00:03:41.702Z [LOG] Thread 2 now crawling https://weather.com/weather/today/l/31.2681,72.3181?unit=c
2024-09-01T00:03:41.741Z [LOG] Add/Update successful [object Object]
2024-09-01T00:03:41.741Z [LOG] Thread 10 processed https://weather.com/weather/today/l/35.4206,74.0967?unit=c
2024-09-01T00:03:41.742Z [LOG] Thread 10 now crawling https://weather.com/weather/today/l/29.0266,66.5936?unit=c
2024-09-01T00:03:41.799Z [INFO] Scraping completed
2024-09-01T00:03:41.883Z [INFO] Scraping completed
2024-09-01T00:03:41.883Z [LOG] Add/Update successful [object Object]
2024-09-01T00:03:41.903Z [LOG] Thread 6 processed https://weather.com/weather/today/l/32.2167,70.3833?unit=c
2024-09-01T00:03:41.903Z [LOG] Thread 6 now crawling https://weather.com/weather/today/l/33.5281,71.0572?unit=c
2024-09-01T00:03:41.992Z [LOG] Add/Update successful [object Object]
2024-09-01T00:03:41.993Z [LOG] Thread 3 processed https://weather.com/weather/today/l/33.5869,71.4414?unit=c
2024-09-01T00:03:41.993Z [LOG] Thread 3 now crawling https://weather.com/weather/today/l/31.8020,74.2550?unit=c
2024-09-01T00:03:42.053Z [INFO] Scraping completed
2024-09-01T00:03:42.137Z [LOG] Add/Update successful [object Object]
2024-09-01T00:03:42.138Z [LOG] Thread 4 processed https://weather.com/weather/today/l/30.4700,70.9644?unit=c
2024-09-01T00:03:42.138Z [LOG] Thread 4 now crawling https://weather.com/weather/today/l/34.0153,71.9747?unit=c
2024-09-01T00:03:42.630Z [INFO] Scraping completed
2024-09-01T00:03:42.694Z [LOG] Add/Update successful [object Object]
2024-09-01T00:03:42.694Z [LOG] Thread 8 processed https://weather.com/weather/today/l/29.9983,73.2527?unit=c
2024-09-01T00:03:42.694Z [LOG] Thread 8 now crawling https://weather.com/weather/today/l/30.9646,70.9444?unit=c
2024-09-01T00:03:42.798Z [INFO] Scraping completed
2024-09-01T00:03:42.857Z [LOG] Add/Update successful [object Object]
2024-09-01T00:03:42.858Z [LOG] Thread 5 processed https://weather.com/weather/today/l/31.0214,73.8528?unit=c
2024-09-01T00:03:42.858Z [LOG] Thread 5 now crawling https://weather.com/weather/today/l/29.6100,73.1361?unit=c
2024-09-01T00:03:43.855Z [INFO] Scraping completed
2024-09-01T00:03:43.919Z [LOG] Add/Update successful [object Object]
2024-09-01T00:03:43.919Z [LOG] Thread 7 processed https://weather.com/weather/today/l/32.9333,73.7333?unit=c
2024-09-01T00:03:43.919Z [LOG] Thread 7 now crawling https://weather.com/weather/today/l/33.9942,72.9333?unit=c
2024-09-01T00:03:43.947Z [INFO] Scraping completed
2024-09-01T00:03:44.009Z [LOG] Add/Update successful [object Object]
2024-09-01T00:03:44.010Z [LOG] Thread 1 processed https://weather.com/weather/today/l/32.5000,74.5333?unit=c
2024-09-01T00:03:44.010Z [LOG] Thread 1 now crawling https://weather.com/weather/today/l/31.4180,73.0790?unit=c
2024-09-01T00:03:44.916Z [INFO] Scraping completed
2024-09-01T00:03:45.000Z [LOG] Add/Update successful [object Object]
2024-09-01T00:03:45.000Z [LOG] Thread 9 processed https://weather.com/weather/today/l/29.7997,66.8455?unit=c
2024-09-01T00:03:45.001Z [LOG] Thread 9 now crawling https://weather.com/weather/today/l/35.2917,73.2906?unit=c
2024-09-01T00:03:45.163Z [INFO] Scraping completed
2024-09-01T00:03:45.261Z [LOG] Add/Update successful [object Object]
2024-09-01T00:03:45.262Z [LOG] Thread 2 processed https://weather.com/weather/today/l/31.2681,72.3181?unit=c
2024-09-01T00:03:45.262Z [LOG] Thread 2 now crawling https://weather.com/weather/today/l/28.4202,70.2952?unit=c
2024-09-01T00:03:45.275Z [INFO] Scraping completed
2024-09-01T00:03:45.355Z [LOG] Add/Update successful [object Object]
2024-09-01T00:03:45.356Z [LOG] Thread 3 processed https://weather.com/weather/today/l/31.8020,74.2550?unit=c
2024-09-01T00:03:45.356Z [LOG] Thread 3 now crawling https://weather.com/weather/today/l/30.0703,71.1933?unit=c
2024-09-01T00:03:45.915Z [INFO] Scraping completed
2024-09-01T00:03:45.955Z [LOG] Add/Update successful [object Object]
2024-09-01T00:03:45.956Z [LOG] Thread 10 processed https://weather.com/weather/today/l/29.0266,66.5936?unit=c
2024-09-01T00:03:45.956Z [LOG] Thread 10 now crawling https://weather.com/weather/today/l/26.9644,64.0903?unit=c
2024-09-01T00:03:46.222Z [INFO] Scraping completed
2024-09-01T00:03:46.274Z [LOG] Add/Update successful [object Object]
2024-09-01T00:03:46.274Z [LOG] Thread 5 processed https://weather.com/weather/today/l/29.6100,73.1361?unit=c
2024-09-01T00:03:46.274Z [LOG] Thread 5 now crawling https://weather.com/weather/today/l/30.9667,72.4833?unit=c
2024-09-01T00:03:46.377Z [INFO] Scraping completed
2024-09-01T00:03:46.445Z [LOG] Add/Update successful [object Object]
2024-09-01T00:03:46.446Z [LOG] Thread 4 processed https://weather.com/weather/today/l/34.0153,71.9747?unit=c
2024-09-01T00:03:46.446Z [LOG] Thread 4 now crawling https://weather.com/weather/today/l/34.1167,72.4667?unit=c
2024-09-01T00:03:46.815Z [INFO] Scraping completed
2024-09-01T00:03:46.950Z [LOG] Add/Update successful [object Object]
2024-09-01T00:03:46.950Z [LOG] Thread 8 processed https://weather.com/weather/today/l/30.9646,70.9444?unit=c
2024-09-01T00:03:46.950Z [LOG] Thread 8 now crawling https://weather.com/weather/today/l/25.1239,68.5389?unit=c
2024-09-01T00:03:47.129Z [INFO] Scraping completed
2024-09-01T00:03:47.191Z [LOG] Add/Update successful [object Object]
2024-09-01T00:03:47.191Z [LOG] Thread 6 processed https://weather.com/weather/today/l/33.5281,71.0572?unit=c
2024-09-01T00:03:47.192Z [LOG] Thread 6 now crawling https://weather.com/weather/today/l/34.0049,71.9989?unit=c
2024-09-01T00:03:47.485Z [INFO] Scraping completed
2024-09-01T00:03:47.568Z [LOG] Add/Update successful [object Object]
2024-09-01T00:03:47.568Z [LOG] Thread 1 processed https://weather.com/weather/today/l/31.4180,73.0790?unit=c
2024-09-01T00:03:47.568Z [LOG] Thread 1 now crawling https://weather.com/weather/today/l/33.6007,73.0679?unit=c
2024-09-01T00:03:47.775Z [INFO] Scraping completed
2024-09-01T00:03:47.858Z [LOG] Add/Update successful [object Object]
2024-09-01T00:03:47.860Z [LOG] Thread 7 processed https://weather.com/weather/today/l/33.9942,72.9333?unit=c
2024-09-01T00:03:47.860Z [LOG] Thread 7 now crawling https://weather.com/weather/today/l/27.9556,68.6382?unit=c
2024-09-01T00:03:48.617Z [INFO] Scraping completed
2024-09-01T00:03:48.682Z [LOG] Add/Update successful [object Object]
2024-09-01T00:03:48.682Z [LOG] Thread 9 processed https://weather.com/weather/today/l/35.2917,73.2906?unit=c
2024-09-01T00:03:48.683Z [LOG] Thread 9 now crawling https://weather.com/weather/today/l/34.5717,73.8972?unit=c
2024-09-01T00:03:49.257Z [INFO] Scraping completed
2024-09-01T00:03:49.264Z [INFO] Scraping completed
2024-09-01T00:03:49.349Z [LOG] Add/Update successful [object Object]
2024-09-01T00:03:49.350Z [LOG] Thread 3 processed https://weather.com/weather/today/l/30.0703,71.1933?unit=c
2024-09-01T00:03:49.351Z [LOG] Thread 3 now crawling https://weather.com/weather/today/l/28.6471,70.6620?unit=c
2024-09-01T00:03:49.374Z [LOG] Add/Update successful [object Object]
2024-09-01T00:03:49.374Z [LOG] Thread 2 processed https://weather.com/weather/today/l/28.4202,70.2952?unit=c
2024-09-01T00:03:49.375Z [LOG] Thread 2 now crawling https://weather.com/weather/today/l/32.5736,74.0789?unit=c
2024-09-01T00:03:49.523Z [INFO] Scraping completed
2024-09-01T00:03:49.632Z [LOG] Add/Update successful [object Object]
2024-09-01T00:03:49.633Z [LOG] Thread 10 processed https://weather.com/weather/today/l/26.9644,64.0903?unit=c
2024-09-01T00:03:49.633Z [LOG] Thread 10 now crawling https://weather.com/weather/today/l/36.1736,73.7667?unit=c
2024-09-01T00:03:50.157Z [INFO] Scraping completed
2024-09-01T00:03:50.236Z [LOG] Add/Update successful [object Object]
2024-09-01T00:03:50.237Z [LOG] Thread 4 processed https://weather.com/weather/today/l/34.1167,72.4667?unit=c
2024-09-01T00:03:50.237Z [LOG] Thread 4 now crawling https://weather.com/weather/today/l/31.8167,70.9167?unit=c
2024-09-01T00:03:50.237Z [INFO] Scraping completed
2024-09-01T00:03:50.297Z [LOG] Add/Update successful [object Object]
2024-09-01T00:03:50.298Z [LOG] Thread 5 processed https://weather.com/weather/today/l/30.9667,72.4833?unit=c
2024-09-01T00:03:50.298Z [LOG] Thread 5 now crawling https://weather.com/weather/today/l/32.2628,75.1583?unit=c
2024-09-01T00:03:50.479Z [INFO] Scraping completed
2024-09-01T00:03:50.555Z [LOG] Add/Update successful [object Object]
2024-09-01T00:03:50.556Z [LOG] Thread 8 processed https://weather.com/weather/today/l/25.1239,68.5389?unit=c
2024-09-01T00:03:50.556Z [LOG] Thread 8 now crawling https://weather.com/weather/today/l/32.9300,72.8500?unit=c
2024-09-01T00:03:51.065Z [INFO] Scraping completed
2024-09-01T00:03:51.126Z [LOG] Add/Update successful [object Object]
2024-09-01T00:03:51.127Z [LOG] Thread 6 processed https://weather.com/weather/today/l/34.0049,71.9989?unit=c
2024-09-01T00:03:51.127Z [LOG] Thread 6 now crawling https://weather.com/weather/today/l/33.1167,71.0833?unit=c
2024-09-01T00:03:51.555Z [INFO] Scraping completed
2024-09-01T00:03:51.558Z [INFO] Scraping completed
2024-09-01T00:03:51.640Z [LOG] Add/Update successful [object Object]
2024-09-01T00:03:51.641Z [LOG] Thread 1 processed https://weather.com/weather/today/l/33.6007,73.0679?unit=c
2024-09-01T00:03:51.641Z [LOG] Thread 1 now crawling https://weather.com/weather/today/l/34.0000,71.5000?unit=c
2024-09-01T00:03:51.642Z [LOG] Add/Update successful [object Object]
2024-09-01T00:03:51.650Z [LOG] Thread 7 processed https://weather.com/weather/today/l/27.9556,68.6382?unit=c
2024-09-01T00:03:51.650Z [LOG] Thread 7 now crawling https://weather.com/weather/today/l/33.8578,73.7604?unit=c
2024-09-01T00:03:52.259Z [INFO] Scraping completed
2024-09-01T00:03:52.327Z [LOG] Add/Update successful [object Object]
2024-09-01T00:03:52.328Z [LOG] Thread 9 processed https://weather.com/weather/today/l/34.5717,73.8972?unit=c
2024-09-01T00:03:52.328Z [LOG] Thread 9 now crawling https://weather.com/weather/today/l/30.3705,68.5979?unit=c
2024-09-01T00:03:52.565Z [INFO] Scraping completed
2024-09-01T00:03:52.606Z [LOG] Add/Update successful [object Object]
2024-09-01T00:03:52.607Z [LOG] Thread 3 processed https://weather.com/weather/today/l/28.6471,70.6620?unit=c
2024-09-01T00:03:52.607Z [LOG] Thread 3 now crawling https://weather.com/weather/today/l/31.1500,72.6833?unit=c
2024-09-01T00:03:52.807Z [INFO] Scraping completed
2024-09-01T00:03:52.848Z [LOG] Add/Update successful [object Object]
2024-09-01T00:03:52.848Z [LOG] Thread 2 processed https://weather.com/weather/today/l/32.5736,74.0789?unit=c
2024-09-01T00:03:52.848Z [LOG] Thread 2 now crawling https://weather.com/weather/today/l/31.1167,74.4500?unit=c
2024-09-01T00:03:52.999Z [INFO] Scraping completed
2024-09-01T00:03:53.059Z [LOG] Add/Update successful [object Object]
2024-09-01T00:03:53.059Z [LOG] Thread 10 processed https://weather.com/weather/today/l/36.1736,73.7667?unit=c
2024-09-01T00:03:53.060Z [LOG] Thread 10 now crawling https://weather.com/weather/today/l/30.7008,68.3598?unit=c
2024-09-01T00:03:53.455Z [INFO] Scraping completed
2024-09-01T00:03:53.523Z [LOG] Add/Update successful [object Object]
2024-09-01T00:03:53.529Z [LOG] Thread 8 processed https://weather.com/weather/today/l/32.9300,72.8500?unit=c
2024-09-01T00:03:53.529Z [LOG] Thread 8 now crawling https://weather.com/weather/today/l/32.2952,72.3502?unit=c
2024-09-01T00:03:54.080Z [INFO] Scraping completed
2024-09-01T00:03:54.141Z [INFO] Scraping completed
2024-09-01T00:03:54.145Z [LOG] Add/Update successful [object Object]
2024-09-01T00:03:54.145Z [LOG] Thread 4 processed https://weather.com/weather/today/l/31.8167,70.9167?unit=c
2024-09-01T00:03:54.145Z [LOG] Thread 4 now crawling https://weather.com/weather/today/l/30.9210,66.4597?unit=c
2024-09-01T00:03:54.205Z [LOG] Add/Update successful [object Object]
2024-09-01T00:03:54.205Z [LOG] Thread 5 processed https://weather.com/weather/today/l/32.2628,75.1583?unit=c
2024-09-01T00:03:54.205Z [LOG] Thread 5 now crawling https://weather.com/weather/today/l/30.7333,73.8167?unit=c
2024-09-01T00:03:54.848Z [INFO] Scraping completed
2024-09-01T00:03:54.922Z [LOG] Add/Update successful [object Object]
2024-09-01T00:03:54.922Z [LOG] Thread 7 processed https://weather.com/weather/today/l/33.8578,73.7604?unit=c
2024-09-01T00:03:54.923Z [LOG] Thread 7 now crawling https://weather.com/weather/today/l/32.0709,73.6880?unit=c
2024-09-01T00:03:55.149Z [INFO] Scraping completed
2024-09-01T00:03:55.210Z [LOG] Add/Update successful [object Object]
2024-09-01T00:03:55.212Z [LOG] Thread 6 processed https://weather.com/weather/today/l/33.1167,71.0833?unit=c
2024-09-01T00:03:55.212Z [LOG] Thread 6 now crawling https://weather.com/weather/today/l/32.4522,71.4718?unit=c
2024-09-01T00:03:55.355Z [INFO] Scraping completed
2024-09-01T00:03:55.401Z [LOG] Add/Update successful [object Object]
2024-09-01T00:03:55.401Z [LOG] Thread 1 processed https://weather.com/weather/today/l/34.0000,71.5000?unit=c
2024-09-01T00:03:55.401Z [LOG] Thread 1 now crawling https://weather.com/weather/today/l/34.7500,72.3572?unit=c
2024-09-01T00:03:55.808Z [INFO] Scraping completed
2024-09-01T00:03:55.872Z [LOG] Add/Update successful [object Object]
2024-09-01T00:03:55.872Z [LOG] Thread 2 processed https://weather.com/weather/today/l/31.1167,74.4500?unit=c
2024-09-01T00:03:55.873Z [LOG] Thread 2 now crawling https://weather.com/weather/today/l/34.1958,72.0447?unit=c
2024-09-01T00:03:56.047Z [INFO] Scraping completed
2024-09-01T00:03:56.137Z [LOG] Add/Update successful [object Object]
2024-09-01T00:03:56.137Z [LOG] Thread 3 processed https://weather.com/weather/today/l/31.1500,72.6833?unit=c
2024-09-01T00:03:56.138Z [LOG] Thread 3 now crawling https://weather.com/weather/today/l/32.5861,73.4917?unit=c
2024-09-01T00:03:56.271Z [INFO] Scraping completed
2024-09-01T00:03:56.332Z [LOG] Add/Update successful [object Object]
2024-09-01T00:03:56.333Z [LOG] Thread 10 processed https://weather.com/weather/today/l/30.7008,68.3598?unit=c
2024-09-01T00:03:56.333Z [LOG] Thread 10 now crawling https://weather.com/weather/today/l/28.5846,65.4150?unit=c
2024-09-01T00:03:56.750Z [INFO] Scraping completed
2024-09-01T00:03:56.801Z [LOG] Add/Update successful [object Object]
2024-09-01T00:03:56.801Z [LOG] Thread 9 processed https://weather.com/weather/today/l/30.3705,68.5979?unit=c
2024-09-01T00:03:56.801Z [LOG] Thread 9 now crawling https://weather.com/weather/today/l/29.8977,69.5256?unit=c
2024-09-01T00:03:56.849Z [INFO] Scraping completed
2024-09-01T00:03:56.932Z [LOG] Add/Update successful [object Object]
2024-09-01T00:03:56.932Z [LOG] Thread 8 processed https://weather.com/weather/today/l/32.2952,72.3502?unit=c
2024-09-01T00:03:56.932Z [LOG] Thread 8 now crawling https://weather.com/weather/today/l/24.6558,68.8383?unit=c
2024-09-01T00:03:57.406Z [INFO] Scraping completed
2024-09-01T00:03:57.479Z [LOG] Add/Update successful [object Object]
2024-09-01T00:03:57.480Z [LOG] Thread 4 processed https://weather.com/weather/today/l/30.9210,66.4597?unit=c
2024-09-01T00:03:57.481Z [LOG] Thread 4 now crawling https://weather.com/weather/today/l/34.1453,71.7308?unit=c
2024-09-01T00:03:57.801Z [INFO] Scraping completed
2024-09-01T00:03:57.850Z [LOG] Add/Update successful [object Object]
2024-09-01T00:03:57.851Z [LOG] Thread 5 processed https://weather.com/weather/today/l/30.7333,73.8167?unit=c
2024-09-01T00:03:57.851Z [LOG] Thread 5 now crawling https://weather.com/weather/today/l/30.4068,71.8667?unit=c
2024-09-01T00:03:58.273Z [INFO] Scraping completed
2024-09-01T00:03:58.314Z [LOG] Add/Update successful [object Object]
2024-09-01T00:03:58.315Z [LOG] Thread 7 processed https://weather.com/weather/today/l/32.0709,73.6880?unit=c
2024-09-01T00:03:58.315Z [LOG] Thread 7 now crawling https://weather.com/weather/today/l/29.5339,71.6324?unit=c
2024-09-01T00:03:58.685Z [INFO] Scraping completed
2024-09-01T00:03:58.731Z [LOG] Add/Update successful [object Object]
2024-09-01T00:03:58.731Z [LOG] Thread 1 processed https://weather.com/weather/today/l/34.7500,72.3572?unit=c
2024-09-01T00:03:58.731Z [LOG] Thread 1 now crawling https://weather.com/weather/today/l/30.1978,71.4711?unit=c
2024-09-01T00:03:59.146Z [INFO] Scraping completed
2024-09-01T00:03:59.161Z [INFO] Scraping completed
2024-09-01T00:03:59.194Z [LOG] Add/Update successful [object Object]
2024-09-01T00:03:59.195Z [LOG] Thread 6 processed https://weather.com/weather/today/l/32.4522,71.4718?unit=c
2024-09-01T00:03:59.195Z [LOG] Thread 6 now crawling https://weather.com/weather/today/l/25.3614,69.7361?unit=c
2024-09-01T00:03:59.213Z [LOG] Add/Update successful [object Object]
2024-09-01T00:03:59.213Z [LOG] Thread 2 processed https://weather.com/weather/today/l/34.1958,72.0447?unit=c
2024-09-01T00:03:59.213Z [LOG] Thread 2 now crawling https://weather.com/weather/today/l/34.7717,72.3600?unit=c
2024-09-01T00:03:59.753Z [INFO] Scraping completed
2024-09-01T00:03:59.779Z [INFO] Scraping completed
2024-09-01T00:03:59.861Z [LOG] Add/Update successful [object Object]
2024-09-01T00:03:59.862Z [LOG] Thread 10 processed https://weather.com/weather/today/l/28.5846,65.4150?unit=c
2024-09-01T00:03:59.862Z [LOG] Thread 10 now crawling https://weather.com/weather/today/l/36.3078,74.6178?unit=c
2024-09-01T00:03:59.881Z [LOG] Add/Update successful [object Object]
2024-09-01T00:03:59.881Z [LOG] Thread 3 processed https://weather.com/weather/today/l/32.5861,73.4917?unit=c
2024-09-01T00:03:59.882Z [LOG] Thread 3 now crawling https://weather.com/weather/today/l/34.1500,73.2167?unit=c
2024-09-01T00:04:00.386Z [INFO] Scraping completed
2024-09-01T00:04:00.459Z [LOG] Add/Update successful [object Object]
2024-09-01T00:04:00.459Z [LOG] Thread 8 processed https://weather.com/weather/today/l/24.6558,68.8383?unit=c
2024-09-01T00:04:00.460Z [LOG] Thread 8 now crawling https://weather.com/weather/today/l/32.6072,70.9123?unit=c
2024-09-01T00:04:00.576Z [INFO] Scraping completed
2024-09-01T00:04:00.651Z [LOG] Add/Update successful [object Object]
2024-09-01T00:04:00.651Z [LOG] Thread 9 processed https://weather.com/weather/today/l/29.8977,69.5256?unit=c
2024-09-01T00:04:00.651Z [LOG] Thread 9 now crawling https://weather.com/weather/today/l/30.8594,69.8221?unit=c
2024-09-01T00:04:01.864Z [INFO] Scraping completed
2024-09-01T00:04:01.953Z [LOG] Add/Update successful [object Object]
2024-09-01T00:04:01.953Z [LOG] Thread 4 processed https://weather.com/weather/today/l/34.1453,71.7308?unit=c
2024-09-01T00:04:01.953Z [LOG] Thread 4 now crawling https://weather.com/weather/today/l/28.4000,69.3000?unit=c
2024-09-01T00:04:01.996Z [INFO] Scraping completed
2024-09-01T00:04:02.061Z [LOG] Add/Update successful [object Object]
2024-09-01T00:04:02.063Z [LOG] Thread 5 processed https://weather.com/weather/today/l/30.4068,71.8667?unit=c
2024-09-01T00:04:02.063Z [LOG] Thread 5 now crawling https://weather.com/weather/today/l/34.3333,73.2000?unit=c
2024-09-01T00:04:02.086Z [INFO] Scraping completed
2024-09-01T00:04:02.201Z [LOG] Add/Update successful [object Object]
2024-09-01T00:04:02.201Z [LOG] Thread 7 processed https://weather.com/weather/today/l/29.5339,71.6324?unit=c
2024-09-01T00:04:02.201Z [LOG] Thread 7 now crawling https://weather.com/weather/today/l/34.5656,71.9304?unit=c
2024-09-01T00:04:02.517Z [INFO] Scraping completed
2024-09-01T00:04:02.565Z [INFO] Scraping completed
2024-09-01T00:04:02.618Z [LOG] Add/Update successful [object Object]
2024-09-01T00:04:02.618Z [LOG] Thread 1 processed https://weather.com/weather/today/l/30.1978,71.4711?unit=c
2024-09-01T00:04:02.619Z [LOG] Thread 1 now crawling https://weather.com/weather/today/l/32.1500,74.1833?unit=c
2024-09-01T00:04:02.635Z [LOG] Add/Update successful [object Object]
2024-09-01T00:04:02.636Z [LOG] Thread 2 processed https://weather.com/weather/today/l/34.7717,72.3600?unit=c
2024-09-01T00:04:02.637Z [LOG] Thread 2 now crawling https://weather.com/weather/today/l/30.0500,70.6333?unit=c
2024-09-01T00:04:02.932Z [INFO] Scraping completed
2024-09-01T00:04:03.035Z [LOG] Add/Update successful [object Object]
2024-09-01T00:04:03.036Z [LOG] Thread 6 processed https://weather.com/weather/today/l/25.3614,69.7361?unit=c
2024-09-01T00:04:03.037Z [LOG] Thread 6 now crawling https://weather.com/weather/today/l/35.8511,71.7889?unit=c
2024-09-01T00:04:03.388Z [INFO] Scraping completed
2024-09-01T00:04:03.428Z [INFO] Scraping completed
2024-09-01T00:04:03.433Z [LOG] Add/Update successful [object Object]
2024-09-01T00:04:03.434Z [LOG] Thread 3 processed https://weather.com/weather/today/l/34.1500,73.2167?unit=c
2024-09-01T00:04:03.434Z [LOG] Thread 3 now crawling https://weather.com/weather/today/l/26.7319,67.7750?unit=c
2024-09-01T00:04:03.466Z [LOG] Add/Update successful [object Object]
2024-09-01T00:04:03.466Z [LOG] Thread 10 processed https://weather.com/weather/today/l/36.3078,74.6178?unit=c
2024-09-01T00:04:03.467Z [LOG] Thread 10 now crawling https://weather.com/weather/today/l/26.4568,65.2314?unit=c
2024-09-01T00:04:04.728Z [INFO] Scraping completed
2024-09-01T00:04:04.810Z [LOG] Add/Update successful [object Object]
2024-09-01T00:04:04.810Z [LOG] Thread 9 processed https://weather.com/weather/today/l/30.8594,69.8221?unit=c
2024-09-01T00:04:04.810Z [LOG] Thread 9 now crawling https://weather.com/weather/today/l/30.3814,67.7258?unit=c
2024-09-01T00:04:04.822Z [INFO] Scraping completed
2024-09-01T00:04:04.911Z [LOG] Add/Update successful [object Object]
2024-09-01T00:04:04.912Z [LOG] Thread 8 processed https://weather.com/weather/today/l/32.6072,70.9123?unit=c
2024-09-01T00:04:04.912Z [LOG] Thread 8 now crawling https://weather.com/weather/today/l/29.1041,70.3297?unit=c
2024-09-01T00:04:05.748Z [INFO] Scraping completed
2024-09-01T00:04:05.802Z [LOG] Add/Update successful [object Object]
2024-09-01T00:04:05.802Z [LOG] Thread 5 processed https://weather.com/weather/today/l/34.3333,73.2000?unit=c
2024-09-01T00:04:05.802Z [LOG] Thread 5 now crawling https://weather.com/weather/today/l/32.7012,73.9605?unit=c
2024-09-01T00:04:05.989Z [INFO] Scraping completed
2024-09-01T00:04:06.028Z [LOG] Add/Update successful [object Object]
2024-09-01T00:04:06.028Z [LOG] Thread 1 processed https://weather.com/weather/today/l/32.1500,74.1833?unit=c
2024-09-01T00:04:06.028Z [LOG] Thread 1 now crawling https://weather.com/weather/today/l/33.6989,73.0369?unit=c
2024-09-01T00:04:06.438Z [INFO] Scraping completed
2024-09-01T00:04:06.480Z [LOG] Add/Update successful [object Object]
2024-09-01T00:04:06.480Z [LOG] Thread 2 processed https://weather.com/weather/today/l/30.0500,70.6333?unit=c
2024-09-01T00:04:06.480Z [LOG] Thread 2 now crawling https://weather.com/weather/today/l/26.2442,68.4100?unit=c
2024-09-01T00:04:06.552Z [INFO] Scraping completed
2024-09-01T00:04:06.615Z [LOG] Add/Update successful [object Object]
2024-09-01T00:04:06.616Z [LOG] Thread 6 processed https://weather.com/weather/today/l/35.8511,71.7889?unit=c
2024-09-01T00:04:06.623Z [LOG] Thread 6 now crawling https://weather.com/weather/today/l/35.9206,74.3783?unit=c
2024-09-01T00:04:07.127Z [INFO] Scraping completed
2024-09-01T00:04:07.222Z [LOG] Add/Update successful [object Object]
2024-09-01T00:04:07.223Z [LOG] Thread 10 processed https://weather.com/weather/today/l/26.4568,65.2314?unit=c
2024-09-01T00:04:07.223Z [LOG] Thread 10 now crawling https://weather.com/weather/today/l/28.8885,64.4062?unit=c
2024-09-01T00:04:07.310Z [INFO] Scraping completed
2024-09-01T00:04:07.403Z [LOG] Add/Update successful [object Object]
2024-09-01T00:04:07.404Z [LOG] Thread 7 processed https://weather.com/weather/today/l/34.5656,71.9304?unit=c
2024-09-01T00:04:07.405Z [LOG] Thread 7 now crawling https://weather.com/weather/today/l/33.7667,72.3598?unit=c
2024-09-01T00:04:07.431Z [INFO] Scraping completed
2024-09-01T00:04:07.505Z [LOG] Add/Update successful [object Object]
2024-09-01T00:04:07.506Z [LOG] Thread 4 processed https://weather.com/weather/today/l/28.4000,69.3000?unit=c
2024-09-01T00:04:07.506Z [LOG] Thread 4 now crawling https://weather.com/weather/today/l/29.6967,72.5542?unit=c
2024-09-01T00:04:07.740Z [INFO] Scraping completed
2024-09-01T00:04:07.863Z [LOG] Add/Update successful [object Object]
2024-09-01T00:04:07.863Z [LOG] Thread 3 processed https://weather.com/weather/today/l/26.7319,67.7750?unit=c
2024-09-01T00:04:07.864Z [LOG] Thread 3 now crawling https://weather.com/weather/today/l/27.8000,66.6167?unit=c
2024-09-01T00:04:08.635Z [INFO] Scraping completed
2024-09-01T00:04:08.669Z [LOG] Add/Update successful [object Object]
2024-09-01T00:04:08.669Z [LOG] Thread 8 processed https://weather.com/weather/today/l/29.1041,70.3297?unit=c
2024-09-01T00:04:08.669Z [LOG] Thread 8 now crawling https://weather.com/weather/today/l/28.4167,68.1667?unit=c
2024-09-01T00:04:09.076Z [INFO] Scraping completed
2024-09-01T00:04:09.136Z [LOG] Add/Update successful [object Object]
2024-09-01T00:04:09.136Z [LOG] Thread 9 processed https://weather.com/weather/today/l/30.3814,67.7258?unit=c
2024-09-01T00:04:09.136Z [LOG] Thread 9 now crawling https://weather.com/weather/today/l/28.6132,67.4856?unit=c
2024-09-01T00:04:09.692Z [INFO] Scraping completed
2024-09-01T00:04:09.764Z [LOG] Add/Update successful [object Object]
2024-09-01T00:04:09.765Z [LOG] Thread 2 processed https://weather.com/weather/today/l/26.2442,68.4100?unit=c
2024-09-01T00:04:09.765Z [LOG] Thread 2 now crawling https://weather.com/weather/today/l/30.6706,73.1064?unit=c
2024-09-01T00:04:09.840Z [INFO] Scraping completed
2024-09-01T00:04:09.893Z [LOG] Add/Update successful [object Object]
2024-09-01T00:04:09.894Z [LOG] Thread 1 processed https://weather.com/weather/today/l/33.6989,73.0369?unit=c
2024-09-01T00:04:09.894Z [LOG] Thread 1 now crawling https://weather.com/weather/today/l/30.1920,67.0070?unit=c
2024-09-01T00:04:09.996Z [INFO] Scraping completed
2024-09-01T00:04:10.061Z [LOG] Add/Update successful [object Object]
2024-09-01T00:04:10.061Z [LOG] Thread 5 processed https://weather.com/weather/today/l/32.7012,73.9605?unit=c
2024-09-01T00:04:10.061Z [LOG] Thread 5 now crawling https://weather.com/weather/today/l/31.4492,73.7124?unit=c
2024-09-01T00:04:10.365Z [INFO] Scraping completed
2024-09-01T00:04:10.477Z [LOG] Add/Update successful [object Object]
2024-09-01T00:04:10.477Z [LOG] Thread 6 processed https://weather.com/weather/today/l/35.9206,74.3783?unit=c
2024-09-01T00:04:10.477Z [LOG] Thread 6 now crawling https://weather.com/weather/today/l/31.9286,70.4592?unit=c
2024-09-01T00:04:10.995Z [INFO] Scraping completed
2024-09-01T00:04:11.049Z [LOG] Add/Update successful [object Object]
2024-09-01T00:04:11.050Z [LOG] Thread 7 processed https://weather.com/weather/today/l/33.7667,72.3598?unit=c
2024-09-01T00:04:11.050Z [LOG] Thread 7 now crawling https://weather.com/weather/today/l/34.6796,73.0263?unit=c
2024-09-01T00:04:11.081Z [INFO] Scraping completed
2024-09-01T00:04:11.128Z [LOG] Add/Update successful [object Object]
2024-09-01T00:04:11.128Z [LOG] Thread 10 processed https://weather.com/weather/today/l/28.8885,64.4062?unit=c
2024-09-01T00:04:11.128Z [LOG] Remaining URLs: 135
2024-09-01T00:04:11.736Z [INFO] Scraping completed
2024-09-01T00:04:11.837Z [LOG] Add/Update successful [object Object]
2024-09-01T00:04:11.837Z [LOG] Thread 8 processed https://weather.com/weather/today/l/28.4167,68.1667?unit=c
2024-09-01T00:04:11.838Z [LOG] Thread 8 now crawling https://weather.com/weather/today/l/27.8473,67.9068?unit=c
2024-09-01T00:04:12.061Z [INFO] Scraping completed
2024-09-01T00:04:12.122Z [LOG] Add/Update successful [object Object]
2024-09-01T00:04:12.122Z [LOG] Thread 4 processed https://weather.com/weather/today/l/29.6967,72.5542?unit=c
2024-09-01T00:04:12.122Z [LOG] Thread 4 now crawling https://weather.com/weather/today/l/34.3700,73.4711?unit=c
2024-09-01T00:04:12.258Z [INFO] Scraping completed
2024-09-01T00:04:12.319Z [LOG] Add/Update successful [object Object]
2024-09-01T00:04:12.319Z [LOG] Thread 3 processed https://weather.com/weather/today/l/27.8000,66.6167?unit=c
2024-09-01T00:04:12.320Z [LOG] Thread 3 now crawling https://weather.com/weather/today/l/30.3500,73.4000?unit=c
2024-09-01T00:04:12.780Z [INFO] Scraping completed
2024-09-01T00:04:12.845Z [LOG] Add/Update successful [object Object]
2024-09-01T00:04:12.845Z [LOG] Thread 9 processed https://weather.com/weather/today/l/28.6132,67.4856?unit=c
2024-09-01T00:04:12.845Z [LOG] Thread 9 now crawling https://weather.com/weather/today/l/29.5430,67.8773?unit=c
2024-09-01T00:04:13.155Z [INFO] Scraping completed
2024-09-01T00:04:13.189Z [LOG] Add/Update successful [object Object]
2024-09-01T00:04:13.189Z [LOG] Thread 1 processed https://weather.com/weather/today/l/30.1920,67.0070?unit=c
2024-09-01T00:04:13.189Z [LOG] Thread 1 now crawling https://weather.com/weather/today/l/29.3956,71.6722?unit=c
2024-09-01T00:04:13.692Z [INFO] Scraping completed
2024-09-01T00:04:13.727Z [LOG] Add/Update successful [object Object]
2024-09-01T00:04:13.727Z [LOG] Thread 2 processed https://weather.com/weather/today/l/30.6706,73.1064?unit=c
2024-09-01T00:04:13.727Z [LOG] Thread 2 now crawling https://weather.com/weather/today/l/25.5269,69.0111?unit=c
2024-09-01T00:04:13.961Z [INFO] Scraping completed
2024-09-01T00:04:14.036Z [LOG] Add/Update successful [object Object]
2024-09-01T00:04:14.036Z [LOG] Thread 6 processed https://weather.com/weather/today/l/31.9286,70.4592?unit=c
2024-09-01T00:04:14.036Z [LOG] Thread 6 now crawling https://weather.com/weather/today/l/33.5156,73.9019?unit=c
2024-09-01T00:04:14.387Z [INFO] Scraping completed
2024-09-01T00:04:14.485Z [LOG] Add/Update successful [object Object]
2024-09-01T00:04:14.485Z [LOG] Thread 5 processed https://weather.com/weather/today/l/31.4492,73.7124?unit=c
2024-09-01T00:04:14.485Z [LOG] Thread 5 now crawling https://weather.com/weather/today/l/32.9889,70.6056?unit=c
2024-09-01T00:04:14.548Z [INFO] Scraping completed
2024-09-01T00:04:14.659Z [LOG] Add/Update successful [object Object]
2024-09-01T00:04:14.659Z [LOG] Thread 7 processed https://weather.com/weather/today/l/34.6796,73.0263?unit=c
2024-09-01T00:04:14.660Z [LOG] Thread 7 now crawling https://weather.com/weather/today/l/25.5971,68.4467?unit=c
2024-09-01T00:04:15.214Z [INFO] Scraping completed
2024-09-01T00:04:15.265Z [LOG] Add/Update successful [object Object]
2024-09-01T00:04:15.265Z [LOG] Thread 8 processed https://weather.com/weather/today/l/27.8473,67.9068?unit=c
2024-09-01T00:04:15.265Z [LOG] Thread 8 now crawling https://weather.com/weather/today/l/30.5833,67.0000?unit=c
2024-09-01T00:04:16.055Z [INFO] Scraping completed
2024-09-01T00:04:16.099Z [LOG] Add/Update successful [object Object]
2024-09-01T00:04:16.100Z [LOG] Thread 3 processed https://weather.com/weather/today/l/30.3500,73.4000?unit=c
2024-09-01T00:04:16.100Z [LOG] Thread 3 now crawling https://weather.com/weather/today/l/25.4667,68.7167?unit=c
2024-09-01T00:04:16.340Z [INFO] Scraping completed
2024-09-01T00:04:16.436Z [LOG] Add/Update successful [object Object]
2024-09-01T00:04:16.436Z [LOG] Thread 4 processed https://weather.com/weather/today/l/34.3700,73.4711?unit=c
2024-09-01T00:04:16.437Z [LOG] Thread 4 now crawling https://weather.com/weather/today/l/32.5853,71.5436?unit=c
2024-09-01T00:04:16.537Z [INFO] Scraping completed
2024-09-01T00:04:16.614Z [LOG] Add/Update successful [object Object]
2024-09-01T00:04:16.615Z [LOG] Thread 9 processed https://weather.com/weather/today/l/29.5430,67.8773?unit=c
2024-09-01T00:04:16.615Z [LOG] Thread 9 now crawling https://weather.com/weather/today/l/29.0362,69.1585?unit=c
2024-09-01T00:04:16.978Z [INFO] Scraping completed
2024-09-01T00:04:17.098Z [LOG] Add/Update successful [object Object]
2024-09-01T00:04:17.099Z [LOG] Thread 1 processed https://weather.com/weather/today/l/29.3956,71.6722?unit=c
2024-09-01T00:04:17.099Z [LOG] Thread 1 now crawling https://weather.com/weather/today/l/32.0836,72.6711?unit=c
2024-09-01T00:04:17.263Z [INFO] Scraping completed
2024-09-01T00:04:17.324Z [LOG] Add/Update successful [object Object]
2024-09-01T00:04:17.325Z [LOG] Thread 2 processed https://weather.com/weather/today/l/25.5269,69.0111?unit=c
2024-09-01T00:04:17.325Z [LOG] Thread 2 now crawling https://weather.com/weather/today/l/30.8100,73.4597?unit=c
2024-09-01T00:04:18.459Z [INFO] Scraping completed
2024-09-01T00:04:18.464Z [INFO] Scraping completed
2024-09-01T00:04:18.549Z [LOG] Add/Update successful [object Object]
2024-09-01T00:04:18.549Z [LOG] Thread 6 processed https://weather.com/weather/today/l/33.5156,73.9019?unit=c
2024-09-01T00:04:18.549Z [LOG] Thread 6 now crawling https://weather.com/weather/today/l/35.9208,74.3144?unit=c
2024-09-01T00:04:18.551Z [LOG] Add/Update successful [object Object]
2024-09-01T00:04:18.551Z [LOG] Thread 5 processed https://weather.com/weather/today/l/32.9889,70.6056?unit=c
2024-09-01T00:04:18.551Z [LOG] Thread 5 now crawling https://weather.com/weather/today/l/34.8281,71.8408?unit=c
2024-09-01T00:04:18.855Z [INFO] Scraping completed
2024-09-01T00:04:18.953Z [LOG] Add/Update successful [object Object]
2024-09-01T00:04:18.953Z [LOG] Thread 7 processed https://weather.com/weather/today/l/25.5971,68.4467?unit=c
2024-09-01T00:04:18.954Z [LOG] Thread 7 now crawling https://weather.com/weather/today/l/28.0064,69.3150?unit=c
2024-09-01T00:04:19.039Z [INFO] Scraping completed
2024-09-01T00:04:19.101Z [LOG] Add/Update successful [object Object]
2024-09-01T00:04:19.101Z [LOG] Thread 8 processed https://weather.com/weather/today/l/30.5833,67.0000?unit=c
2024-09-01T00:04:19.102Z [LOG] Thread 8 now crawling https://weather.com/weather/today/l/26.0464,68.9481?unit=c
2024-09-01T00:04:19.571Z [INFO] Scraping completed
2024-09-01T00:04:19.639Z [LOG] Add/Update successful [object Object]
2024-09-01T00:04:19.640Z [LOG] Thread 3 processed https://weather.com/weather/today/l/25.4667,68.7167?unit=c
2024-09-01T00:04:19.640Z [LOG] Thread 3 now crawling https://weather.com/weather/today/l/30.0419,72.3528?unit=c
2024-09-01T00:04:20.550Z [INFO] Scraping completed
2024-09-01T00:04:20.661Z [LOG] Add/Update successful [object Object]
2024-09-01T00:04:20.661Z [LOG] Thread 1 processed https://weather.com/weather/today/l/32.0836,72.6711?unit=c
2024-09-01T00:04:20.661Z [LOG] Thread 1 now crawling https://weather.com/weather/today/l/33.1333,73.7500?unit=c
2024-09-01T00:04:21.168Z [INFO] Scraping completed
2024-09-01T00:04:21.235Z [LOG] Add/Update successful [object Object]
2024-09-01T00:04:21.235Z [LOG] Thread 4 processed https://weather.com/weather/today/l/32.5853,71.5436?unit=c
2024-09-01T00:04:21.236Z [LOG] Thread 4 now crawling https://weather.com/weather/today/l/32.7667,74.2167?unit=c
2024-09-01T00:04:21.380Z [INFO] Scraping completed
2024-09-01T00:04:21.450Z [LOG] Add/Update successful [object Object]
2024-09-01T00:04:21.452Z [LOG] Thread 2 processed https://weather.com/weather/today/l/30.8100,73.4597?unit=c
2024-09-01T00:04:21.452Z [LOG] Thread 2 now crawling https://weather.com/weather/today/l/30.1500,72.6833?unit=c
2024-09-01T00:04:21.812Z [INFO] Scraping completed
2024-09-01T00:04:21.856Z [LOG] Add/Update successful [object Object]
2024-09-01T00:04:21.857Z [LOG] Thread 9 processed https://weather.com/weather/today/l/29.0362,69.1585?unit=c
2024-09-01T00:04:21.857Z [LOG] Thread 9 now crawling https://weather.com/weather/today/l/35.3471,74.8563?unit=c
2024-09-01T00:04:22.190Z [INFO] Scraping completed
2024-09-01T00:04:22.223Z [LOG] Add/Update successful [object Object]
2024-09-01T00:04:22.223Z [LOG] Thread 5 processed https://weather.com/weather/today/l/34.8281,71.8408?unit=c
2024-09-01T00:04:22.223Z [LOG] Thread 5 now crawling https://weather.com/weather/today/l/33.8992,70.1008?unit=c
2024-09-01T00:04:22.646Z [INFO] Scraping completed
2024-09-01T00:04:22.717Z [LOG] Add/Update successful [object Object]
2024-09-01T00:04:22.718Z [LOG] Thread 7 processed https://weather.com/weather/today/l/28.0064,69.3150?unit=c
2024-09-01T00:04:22.718Z [LOG] Thread 7 now crawling https://weather.com/weather/today/l/26.8401,68.1227?unit=c
2024-09-01T00:04:23.110Z [INFO] Scraping completed
2024-09-01T00:04:23.184Z [LOG] Add/Update successful [object Object]
2024-09-01T00:04:23.185Z [LOG] Thread 8 processed https://weather.com/weather/today/l/26.0464,68.9481?unit=c
2024-09-01T00:04:23.185Z [LOG] Thread 8 now crawling https://weather.com/weather/today/l/35.2074,71.8768?unit=c
2024-09-01T00:04:23.323Z [INFO] Scraping completed
2024-09-01T00:04:23.366Z [INFO] Scraping completed
2024-09-01T00:04:23.383Z [LOG] Add/Update successful [object Object]
2024-09-01T00:04:23.384Z [LOG] Thread 3 processed https://weather.com/weather/today/l/30.0419,72.3528?unit=c
2024-09-01T00:04:23.384Z [LOG] Thread 3 now crawling https://weather.com/weather/today/l/31.3342,73.4194?unit=c
2024-09-01T00:04:23.432Z [LOG] Add/Update successful [object Object]
2024-09-01T00:04:23.432Z [LOG] Thread 6 processed https://weather.com/weather/today/l/35.9208,74.3144?unit=c
2024-09-01T00:04:23.433Z [LOG] Thread 6 now crawling https://weather.com/weather/today/l/25.3969,68.3772?unit=c
2024-09-01T00:04:24.047Z [INFO] Scraping completed
2024-09-01T00:04:24.115Z [LOG] Add/Update successful [object Object]
2024-09-01T00:04:24.115Z [LOG] Thread 1 processed https://weather.com/weather/today/l/33.1333,73.7500?unit=c
2024-09-01T00:04:24.115Z [LOG] Thread 1 now crawling https://weather.com/weather/today/l/31.7167,72.9833?unit=c
2024-09-01T00:04:24.626Z [INFO] Scraping completed
2024-09-01T00:04:24.673Z [LOG] Add/Update successful [object Object]
2024-09-01T00:04:24.673Z [LOG] Thread 4 processed https://weather.com/weather/today/l/32.7667,74.2167?unit=c
2024-09-01T00:04:24.673Z [LOG] Thread 4 now crawling https://weather.com/weather/today/l/31.6333,71.0667?unit=c
2024-09-01T00:04:25.113Z [INFO] Scraping completed
2024-09-01T00:04:25.172Z [LOG] Add/Update successful [object Object]
2024-09-01T00:04:25.172Z [LOG] Thread 9 processed https://weather.com/weather/today/l/35.3471,74.8563?unit=c
2024-09-01T00:04:25.172Z [LOG] Thread 9 now crawling https://weather.com/weather/today/l/26.0012,63.0485?unit=c
2024-09-01T00:04:25.217Z [INFO] Scraping completed
2024-09-01T00:04:25.286Z [LOG] Add/Update successful [object Object]
2024-09-01T00:04:25.288Z [LOG] Thread 2 processed https://weather.com/weather/today/l/30.1500,72.6833?unit=c
2024-09-01T00:04:25.288Z [LOG] Remaining URLs: 120
2024-09-01T00:04:25.430Z [INFO] Scraping completed
2024-09-01T00:04:25.513Z [LOG] Add/Update successful [object Object]
2024-09-01T00:04:25.513Z [LOG] Thread 5 processed https://weather.com/weather/today/l/33.8992,70.1008?unit=c
2024-09-01T00:04:25.513Z [LOG] Thread 5 now crawling https://weather.com/weather/today/l/25.1264,62.3225?unit=c
2024-09-01T00:04:25.746Z [INFO] Scraping completed
2024-09-01T00:04:25.841Z [LOG] Add/Update successful [object Object]
2024-09-01T00:04:25.841Z [LOG] Thread 7 processed https://weather.com/weather/today/l/26.8401,68.1227?unit=c
2024-09-01T00:04:25.841Z [LOG] Thread 7 now crawling https://weather.com/weather/today/l/34.9000,72.6556?unit=c
2024-09-01T00:04:26.213Z [INFO] Scraping completed
2024-09-01T00:04:26.258Z [LOG] Add/Update successful [object Object]
2024-09-01T00:04:26.258Z [LOG] Thread 8 processed https://weather.com/weather/today/l/35.2074,71.8768?unit=c
2024-09-01T00:04:26.259Z [LOG] Remaining URLs: 105
2024-09-01T00:04:26.547Z [INFO] Scraping completed
2024-09-01T00:04:26.591Z [LOG] Add/Update successful [object Object]
2024-09-01T00:04:26.592Z [LOG] Thread 3 processed https://weather.com/weather/today/l/31.3342,73.4194?unit=c
2024-09-01T00:04:26.592Z [LOG] Remaining URLs: 90
2024-09-01T00:04:27.111Z [INFO] Scraping completed
2024-09-01T00:04:27.142Z [INFO] Scraping completed
2024-09-01T00:04:27.182Z [LOG] Add/Update successful [object Object]
2024-09-01T00:04:27.182Z [LOG] Thread 6 processed https://weather.com/weather/today/l/25.3969,68.3772?unit=c
2024-09-01T00:04:27.182Z [LOG] Thread 6 now crawling https://weather.com/weather/today/l/32.1020,74.8730?unit=c
2024-09-01T00:04:27.210Z [LOG] Add/Update successful [object Object]
2024-09-01T00:04:27.211Z [LOG] Thread 1 processed https://weather.com/weather/today/l/31.7167,72.9833?unit=c
2024-09-01T00:04:27.211Z [LOG] Remaining URLs: 75
2024-09-01T00:04:27.646Z [INFO] Scraping completed
2024-09-01T00:04:27.681Z [LOG] Add/Update successful [object Object]
2024-09-01T00:04:27.682Z [LOG] Thread 4 processed https://weather.com/weather/today/l/31.6333,71.0667?unit=c
2024-09-01T00:04:27.682Z [LOG] Thread 4 now crawling https://weather.com/weather/today/l/31.3417,69.4486?unit=c
2024-09-01T00:04:27.949Z [INFO] Scraping completed
2024-09-01T00:04:27.985Z [LOG] Add/Update successful [object Object]
2024-09-01T00:04:27.985Z [LOG] Thread 9 processed https://weather.com/weather/today/l/26.0012,63.0485?unit=c
2024-09-01T00:04:27.985Z [LOG] Remaining URLs: 60
2024-09-01T00:04:28.696Z [INFO] Scraping completed
2024-09-01T00:04:28.739Z [LOG] Add/Update successful [object Object]
2024-09-01T00:04:28.740Z [LOG] Thread 5 processed https://weather.com/weather/today/l/25.1264,62.3225?unit=c
2024-09-01T00:04:28.740Z [LOG] Remaining URLs: 45
2024-09-01T00:04:28.827Z [INFO] Scraping completed
2024-09-01T00:04:28.870Z [LOG] Add/Update successful [object Object]
2024-09-01T00:04:28.870Z [LOG] Thread 7 processed https://weather.com/weather/today/l/34.9000,72.6556?unit=c
2024-09-01T00:04:28.871Z [LOG] Remaining URLs: 30
2024-09-01T00:04:30.300Z [INFO] Scraping completed
2024-09-01T00:04:30.341Z [LOG] Add/Update successful [object Object]
2024-09-01T00:04:30.342Z [LOG] Thread 6 processed https://weather.com/weather/today/l/32.1020,74.8730?unit=c
2024-09-01T00:04:30.342Z [LOG] Remaining URLs: 15
2024-09-01T00:04:30.384Z [INFO] Scraping completed
2024-09-01T00:04:30.440Z [LOG] Add/Update successful [object Object]
2024-09-01T00:04:30.441Z [LOG] Thread 4 processed https://weather.com/weather/today/l/31.3417,69.4486?unit=c
2024-09-01T00:04:30.441Z [LOG] Thread 4 now crawling https://weather.com/weather/today/l/32.8110,73.8650?unit=c
2024-09-01T00:04:32.750Z [INFO] Scraping completed
2024-09-01T00:04:32.785Z [LOG] Add/Update successful [object Object]
2024-09-01T00:04:32.786Z [LOG] Thread 4 processed https://weather.com/weather/today/l/32.8110,73.8650?unit=c
2024-09-01T00:04:32.786Z [LOG] Remaining URLs: 0
2024-09-01T00:04:32.786Z [LOG] All URLs processed.
